[0.016s] Invoking command in '/workspace/ur5_ws/build/ur_controllers': AMENT_PREFIX_PATH=/workspace/ur5_ws/install/ur_dashboard_msgs:${AMENT_PREFIX_PATH} CMAKE_PREFIX_PATH=/workspace/ur5_ws/install/ur_dashboard_msgs:/workspace/ur5_ws/install/ur5_motion_planning:/workspace/ur5_ws/install/ur5_kdl_ik:/workspace/ur5_ws/install/ur_moveit_config:/workspace/ur5_ws/install/ur_description:/workspace/ur5_ws/install/ur5_minimal_moveit:/opt/ros/humble LD_LIBRARY_PATH=/workspace/ur5_ws/install/ur_dashboard_msgs/lib:${LD_LIBRARY_PATH} PYTHONPATH=/workspace/ur5_ws/install/ur_dashboard_msgs/local/lib/python3.10/dist-packages:${PYTHONPATH} /usr/bin/cmake /workspace/ur5_ws/src/Universal_Robots_ROS2_Driver/ur_controllers -DAMENT_CMAKE_SYMLINK_INSTALL=1 -DCMAKE_INSTALL_PREFIX=/workspace/ur5_ws/install/ur_controllers
[0.076s] -- The C compiler identification is GNU 11.4.0
[0.123s] -- The CXX compiler identification is GNU 11.4.0
[0.130s] -- Detecting C compiler ABI info
[0.219s] -- Detecting C compiler ABI info - done
[0.226s] -- Check for working C compiler: /usr/bin/cc - skipped
[0.226s] -- Detecting C compile features
[0.227s] -- Detecting C compile features - done
[0.230s] -- Detecting CXX compiler ABI info
[0.321s] -- Detecting CXX compiler ABI info - done
[0.329s] -- Check for working CXX compiler: /usr/bin/c++ - skipped
[0.329s] -- Detecting CXX compile features
[0.330s] -- Detecting CXX compile features - done
[0.344s] -- Found ament_cmake: 1.3.12 (/opt/ros/humble/share/ament_cmake/cmake)
[0.464s] -- Found Python3: /usr/bin/python3 (found version "3.10.12") found components: Interpreter 
[0.511s] -- Override CMake install command with custom implementation using symlinks instead of copying resources
[0.718s] -- Found angles: 1.15.0 (/opt/ros/humble/share/angles/cmake)
[0.736s] [31mCMake Error at CMakeLists.txt:11 (find_package):
[0.736s]   By not providing "Findcontroller_interface.cmake" in CMAKE_MODULE_PATH this
[0.736s]   project has asked CMake to find a package configuration file provided by
[0.737s]   "controller_interface", but CMake did not find one.
[0.737s] 
[0.738s]   Could not find a package configuration file provided by
[0.741s]   "controller_interface" with any of the following names:
[0.742s] 
[0.743s]     controller_interfaceConfig.cmake
[0.745s]     controller_interface-config.cmake
[0.746s] 
[0.746s]   Add the installation prefix of "controller_interface" to CMAKE_PREFIX_PATH
[0.746s]   or set "controller_interface_DIR" to a directory containing one of the
[0.746s]   above files.  If "controller_interface" provides a separate development
[0.747s]   package or SDK, be sure it has been installed.
[0.747s] 
[0.747s] [0m
[0.747s] -- Configuring incomplete, errors occurred!
[0.747s] See also "/workspace/ur5_ws/build/ur_controllers/CMakeFiles/CMakeOutput.log".
[0.748s] Invoked command in '/workspace/ur5_ws/build/ur_controllers' returned '1': AMENT_PREFIX_PATH=/workspace/ur5_ws/install/ur_dashboard_msgs:${AMENT_PREFIX_PATH} CMAKE_PREFIX_PATH=/workspace/ur5_ws/install/ur_dashboard_msgs:/workspace/ur5_ws/install/ur5_motion_planning:/workspace/ur5_ws/install/ur5_kdl_ik:/workspace/ur5_ws/install/ur_moveit_config:/workspace/ur5_ws/install/ur_description:/workspace/ur5_ws/install/ur5_minimal_moveit:/opt/ros/humble LD_LIBRARY_PATH=/workspace/ur5_ws/install/ur_dashboard_msgs/lib:${LD_LIBRARY_PATH} PYTHONPATH=/workspace/ur5_ws/install/ur_dashboard_msgs/local/lib/python3.10/dist-packages:${PYTHONPATH} /usr/bin/cmake /workspace/ur5_ws/src/Universal_Robots_ROS2_Driver/ur_controllers -DAMENT_CMAKE_SYMLINK_INSTALL=1 -DCMAKE_INSTALL_PREFIX=/workspace/ur5_ws/install/ur_controllers
