[ 50%] Building CXX object CMakeFiles/ur5_kdl_ik_baseline.dir/src/ur5_kdl_ik_node.cpp.o
[100%] Linking CXX executable ur5_kdl_ik_baseline
[100%] Built target ur5_kdl_ik_baseline
-- Install configuration: ""
-- Execute custom install script
-- Symlinking: /workspace/ur5_ws/install/ur5_kdl_ik/lib/ur5_kdl_ik/ur5_kdl_ik_baseline
-- Symlinking: /workspace/ur5_ws/install/ur5_kdl_ik/share/ur5_kdl_ik/launch/run_ik_baseline.launch.py
-- Symlinking: /workspace/ur5_ws/install/ur5_kdl_ik/share/ament_index/resource_index/package_run_dependencies/ur5_kdl_ik
-- Symlinking: /workspace/ur5_ws/install/ur5_kdl_ik/share/ament_index/resource_index/parent_prefix_path/ur5_kdl_ik
-- Symlinking: /workspace/ur5_ws/install/ur5_kdl_ik/share/ur5_kdl_ik/environment/ament_prefix_path.sh
-- Symlinking: /workspace/ur5_ws/install/ur5_kdl_ik/share/ur5_kdl_ik/environment/ament_prefix_path.dsv
-- Symlinking: /workspace/ur5_ws/install/ur5_kdl_ik/share/ur5_kdl_ik/environment/path.sh
-- Symlinking: /workspace/ur5_ws/install/ur5_kdl_ik/share/ur5_kdl_ik/environment/path.dsv
-- Symlinking: /workspace/ur5_ws/install/ur5_kdl_ik/share/ur5_kdl_ik/local_setup.bash
-- Symlinking: /workspace/ur5_ws/install/ur5_kdl_ik/share/ur5_kdl_ik/local_setup.sh
-- Symlinking: /workspace/ur5_ws/install/ur5_kdl_ik/share/ur5_kdl_ik/local_setup.zsh
-- Symlinking: /workspace/ur5_ws/install/ur5_kdl_ik/share/ur5_kdl_ik/local_setup.dsv
-- Symlinking: /workspace/ur5_ws/install/ur5_kdl_ik/share/ur5_kdl_ik/package.dsv
-- Symlinking: /workspace/ur5_ws/install/ur5_kdl_ik/share/ament_index/resource_index/packages/ur5_kdl_ik
-- Symlinking: /workspace/ur5_ws/install/ur5_kdl_ik/share/ur5_kdl_ik/cmake/ur5_kdl_ikConfig.cmake
-- Symlinking: /workspace/ur5_ws/install/ur5_kdl_ik/share/ur5_kdl_ik/cmake/ur5_kdl_ikConfig-version.cmake
-- Symlinking: /workspace/ur5_ws/install/ur5_kdl_ik/share/ur5_kdl_ik/package.xml
