[0.081s] DEBUG:colcon:Command line arguments: ['/usr/bin/colcon', 'build', '--packages-select', 'ur5_minimal_moveit', 'ur5_motion_planning', '--symlink-install']
[0.081s] DEBUG:colcon:Parsed command line arguments: Namespace(log_base=None, log_level=None, verb_name='build', build_base='build', install_base='install', merge_install=False, symlink_install=True, test_result_base=None, continue_on_error=False, executor='parallel', parallel_workers=11, event_handlers=None, ignore_user_meta=False, metas=['./colcon.meta'], base_paths=['.'], packages_ignore=None, packages_ignore_regex=None, paths=None, packages_up_to=None, packages_up_to_regex=None, packages_above=None, packages_above_and_dependencies=None, packages_above_depth=None, packages_select_by_dep=None, packages_skip_by_dep=None, packages_skip_up_to=None, packages_select_build_failed=False, packages_skip_build_finished=False, packages_select_test_failures=False, packages_skip_test_passed=False, packages_select=['ur5_minimal_moveit', 'ur5_motion_planning'], packages_skip=None, packages_select_regex=None, packages_skip_regex=None, packages_start=None, packages_end=None, cmake_args=None, cmake_target=None, cmake_target_skip_unavailable=False, cmake_clean_cache=False, cmake_clean_first=False, cmake_force_configure=False, ament_cmake_args=None, catkin_cmake_args=None, catkin_skip_building_tests=False, mixin_files=None, mixin=None, verb_parser=<colcon_mixin.mixin.mixin_argument.MixinArgumentDecorator object at 0xffffa85ae080>, verb_extension=<colcon_core.verb.build.BuildVerb object at 0xffffa85ad660>, main=<bound method BuildVerb.main of <colcon_core.verb.build.BuildVerb object at 0xffffa85ad660>>, mixin_verb=('build',))
[0.153s] Level 1:colcon.colcon_core.package_discovery:discover_packages(colcon_meta) check parameters
[0.154s] INFO:colcon.colcon_metadata.package_discovery.colcon_meta:Using configuration from '/root/.colcon/metadata/default/Gazebo.meta'
[0.154s] INFO:colcon.colcon_metadata.package_discovery.colcon_meta:Using configuration from '/root/.colcon/metadata/default/fastdds.meta'
[0.155s] INFO:colcon.colcon_metadata.package_discovery.colcon_meta:Using configuration from '/root/.colcon/metadata/default/fastrtps.meta'
[0.155s] Level 1:colcon.colcon_core.package_discovery:discover_packages(recursive) check parameters
[0.155s] Level 1:colcon.colcon_core.package_discovery:discover_packages(ignore) check parameters
[0.155s] Level 1:colcon.colcon_core.package_discovery:discover_packages(path) check parameters
[0.155s] Level 1:colcon.colcon_core.package_discovery:discover_packages(colcon_meta) discover
[0.155s] Level 1:colcon.colcon_core.package_discovery:discover_packages(recursive) discover
[0.155s] INFO:colcon.colcon_core.package_discovery:Crawling recursively for packages in '/workspace/ur5_ws'
[0.156s] Level 1:colcon.colcon_core.package_identification:_identify(.) by extensions ['ignore', 'ignore_ament_install']
[0.156s] Level 1:colcon.colcon_core.package_identification:_identify(.) by extension 'ignore'
[0.156s] Level 1:colcon.colcon_core.package_identification:_identify(.) by extension 'ignore_ament_install'
[0.156s] Level 1:colcon.colcon_core.package_identification:_identify(.) by extensions ['colcon_pkg']
[0.157s] Level 1:colcon.colcon_core.package_identification:_identify(.) by extension 'colcon_pkg'
[0.157s] Level 1:colcon.colcon_core.package_identification:_identify(.) by extensions ['colcon_meta']
[0.157s] Level 1:colcon.colcon_core.package_identification:_identify(.) by extension 'colcon_meta'
[0.157s] Level 1:colcon.colcon_core.package_identification:_identify(.) by extensions ['ros']
[0.157s] Level 1:colcon.colcon_core.package_identification:_identify(.) by extension 'ros'
[0.165s] Level 1:colcon.colcon_core.package_identification:_identify(.) by extensions ['cmake', 'python']
[0.165s] Level 1:colcon.colcon_core.package_identification:_identify(.) by extension 'cmake'
[0.165s] Level 1:colcon.colcon_core.package_identification:_identify(.) by extension 'python'
[0.165s] Level 1:colcon.colcon_core.package_identification:_identify(.) by extensions ['python_setup_py']
[0.165s] Level 1:colcon.colcon_core.package_identification:_identify(.) by extension 'python_setup_py'
[0.166s] Level 1:colcon.colcon_core.package_identification:_identify(build) by extensions ['ignore', 'ignore_ament_install']
[0.166s] Level 1:colcon.colcon_core.package_identification:_identify(build) by extension 'ignore'
[0.166s] Level 1:colcon.colcon_core.package_identification:_identify(build) ignored
[0.168s] Level 1:colcon.colcon_core.package_identification:_identify(install) by extensions ['ignore', 'ignore_ament_install']
[0.168s] Level 1:colcon.colcon_core.package_identification:_identify(install) by extension 'ignore'
[0.168s] Level 1:colcon.colcon_core.package_identification:_identify(install) ignored
[0.169s] Level 1:colcon.colcon_core.package_identification:_identify(log) by extensions ['ignore', 'ignore_ament_install']
[0.169s] Level 1:colcon.colcon_core.package_identification:_identify(log) by extension 'ignore'
[0.169s] Level 1:colcon.colcon_core.package_identification:_identify(log) ignored
[0.169s] Level 1:colcon.colcon_core.package_identification:_identify(src) by extensions ['ignore', 'ignore_ament_install']
[0.170s] Level 1:colcon.colcon_core.package_identification:_identify(src) by extension 'ignore'
[0.170s] Level 1:colcon.colcon_core.package_identification:_identify(src) by extension 'ignore_ament_install'
[0.170s] Level 1:colcon.colcon_core.package_identification:_identify(src) by extensions ['colcon_pkg']
[0.170s] Level 1:colcon.colcon_core.package_identification:_identify(src) by extension 'colcon_pkg'
[0.170s] Level 1:colcon.colcon_core.package_identification:_identify(src) by extensions ['colcon_meta']
[0.170s] Level 1:colcon.colcon_core.package_identification:_identify(src) by extension 'colcon_meta'
[0.170s] Level 1:colcon.colcon_core.package_identification:_identify(src) by extensions ['ros']
[0.170s] Level 1:colcon.colcon_core.package_identification:_identify(src) by extension 'ros'
[0.171s] Level 1:colcon.colcon_core.package_identification:_identify(src) by extensions ['cmake', 'python']
[0.171s] Level 1:colcon.colcon_core.package_identification:_identify(src) by extension 'cmake'
[0.171s] Level 1:colcon.colcon_core.package_identification:_identify(src) by extension 'python'
[0.171s] Level 1:colcon.colcon_core.package_identification:_identify(src) by extensions ['python_setup_py']
[0.171s] Level 1:colcon.colcon_core.package_identification:_identify(src) by extension 'python_setup_py'
[0.172s] Level 1:colcon.colcon_core.package_identification:_identify(src/Universal_Robots_ROS2_Description) by extensions ['ignore', 'ignore_ament_install']
[0.172s] Level 1:colcon.colcon_core.package_identification:_identify(src/Universal_Robots_ROS2_Description) by extension 'ignore'
[0.172s] Level 1:colcon.colcon_core.package_identification:_identify(src/Universal_Robots_ROS2_Description) by extension 'ignore_ament_install'
[0.172s] Level 1:colcon.colcon_core.package_identification:_identify(src/Universal_Robots_ROS2_Description) by extensions ['colcon_pkg']
[0.173s] Level 1:colcon.colcon_core.package_identification:_identify(src/Universal_Robots_ROS2_Description) by extension 'colcon_pkg'
[0.173s] Level 1:colcon.colcon_core.package_identification:_identify(src/Universal_Robots_ROS2_Description) by extensions ['colcon_meta']
[0.173s] Level 1:colcon.colcon_core.package_identification:_identify(src/Universal_Robots_ROS2_Description) by extension 'colcon_meta'
[0.173s] Level 1:colcon.colcon_core.package_identification:_identify(src/Universal_Robots_ROS2_Description) by extensions ['ros']
[0.173s] Level 1:colcon.colcon_core.package_identification:_identify(src/Universal_Robots_ROS2_Description) by extension 'ros'
[0.175s] DEBUG:colcon.colcon_core.package_identification:Package 'src/Universal_Robots_ROS2_Description' with type 'ros.ament_cmake' and name 'ur_description'
[0.176s] Level 1:colcon.colcon_core.package_identification:_identify(src/Universal_Robots_ROS2_Driver) by extensions ['ignore', 'ignore_ament_install']
[0.176s] Level 1:colcon.colcon_core.package_identification:_identify(src/Universal_Robots_ROS2_Driver) by extension 'ignore'
[0.176s] Level 1:colcon.colcon_core.package_identification:_identify(src/Universal_Robots_ROS2_Driver) by extension 'ignore_ament_install'
[0.176s] Level 1:colcon.colcon_core.package_identification:_identify(src/Universal_Robots_ROS2_Driver) by extensions ['colcon_pkg']
[0.176s] Level 1:colcon.colcon_core.package_identification:_identify(src/Universal_Robots_ROS2_Driver) by extension 'colcon_pkg'
[0.176s] Level 1:colcon.colcon_core.package_identification:_identify(src/Universal_Robots_ROS2_Driver) by extensions ['colcon_meta']
[0.176s] Level 1:colcon.colcon_core.package_identification:_identify(src/Universal_Robots_ROS2_Driver) by extension 'colcon_meta'
[0.176s] Level 1:colcon.colcon_core.package_identification:_identify(src/Universal_Robots_ROS2_Driver) by extensions ['ros']
[0.176s] Level 1:colcon.colcon_core.package_identification:_identify(src/Universal_Robots_ROS2_Driver) by extension 'ros'
[0.177s] Level 1:colcon.colcon_core.package_identification:_identify(src/Universal_Robots_ROS2_Driver) by extensions ['cmake', 'python']
[0.177s] Level 1:colcon.colcon_core.package_identification:_identify(src/Universal_Robots_ROS2_Driver) by extension 'cmake'
[0.177s] Level 1:colcon.colcon_core.package_identification:_identify(src/Universal_Robots_ROS2_Driver) by extension 'python'
[0.177s] Level 1:colcon.colcon_core.package_identification:_identify(src/Universal_Robots_ROS2_Driver) by extensions ['python_setup_py']
[0.177s] Level 1:colcon.colcon_core.package_identification:_identify(src/Universal_Robots_ROS2_Driver) by extension 'python_setup_py'
[0.177s] Level 1:colcon.colcon_core.package_identification:_identify(src/Universal_Robots_ROS2_Driver/ur) by extensions ['ignore', 'ignore_ament_install']
[0.178s] Level 1:colcon.colcon_core.package_identification:_identify(src/Universal_Robots_ROS2_Driver/ur) by extension 'ignore'
[0.178s] Level 1:colcon.colcon_core.package_identification:_identify(src/Universal_Robots_ROS2_Driver/ur) by extension 'ignore_ament_install'
[0.178s] Level 1:colcon.colcon_core.package_identification:_identify(src/Universal_Robots_ROS2_Driver/ur) by extensions ['colcon_pkg']
[0.178s] Level 1:colcon.colcon_core.package_identification:_identify(src/Universal_Robots_ROS2_Driver/ur) by extension 'colcon_pkg'
[0.178s] Level 1:colcon.colcon_core.package_identification:_identify(src/Universal_Robots_ROS2_Driver/ur) by extensions ['colcon_meta']
[0.178s] Level 1:colcon.colcon_core.package_identification:_identify(src/Universal_Robots_ROS2_Driver/ur) by extension 'colcon_meta'
[0.178s] Level 1:colcon.colcon_core.package_identification:_identify(src/Universal_Robots_ROS2_Driver/ur) by extensions ['ros']
[0.178s] Level 1:colcon.colcon_core.package_identification:_identify(src/Universal_Robots_ROS2_Driver/ur) by extension 'ros'
[0.179s] DEBUG:colcon.colcon_core.package_identification:Package 'src/Universal_Robots_ROS2_Driver/ur' with type 'ros.ament_cmake' and name 'ur'
[0.179s] Level 1:colcon.colcon_core.package_identification:_identify(src/Universal_Robots_ROS2_Driver/ur_calibration) by extensions ['ignore', 'ignore_ament_install']
[0.179s] Level 1:colcon.colcon_core.package_identification:_identify(src/Universal_Robots_ROS2_Driver/ur_calibration) by extension 'ignore'
[0.180s] Level 1:colcon.colcon_core.package_identification:_identify(src/Universal_Robots_ROS2_Driver/ur_calibration) by extension 'ignore_ament_install'
[0.180s] Level 1:colcon.colcon_core.package_identification:_identify(src/Universal_Robots_ROS2_Driver/ur_calibration) by extensions ['colcon_pkg']
[0.180s] Level 1:colcon.colcon_core.package_identification:_identify(src/Universal_Robots_ROS2_Driver/ur_calibration) by extension 'colcon_pkg'
[0.180s] Level 1:colcon.colcon_core.package_identification:_identify(src/Universal_Robots_ROS2_Driver/ur_calibration) by extensions ['colcon_meta']
[0.180s] Level 1:colcon.colcon_core.package_identification:_identify(src/Universal_Robots_ROS2_Driver/ur_calibration) by extension 'colcon_meta'
[0.180s] Level 1:colcon.colcon_core.package_identification:_identify(src/Universal_Robots_ROS2_Driver/ur_calibration) by extensions ['ros']
[0.180s] Level 1:colcon.colcon_core.package_identification:_identify(src/Universal_Robots_ROS2_Driver/ur_calibration) by extension 'ros'
[0.181s] DEBUG:colcon.colcon_core.package_identification:Package 'src/Universal_Robots_ROS2_Driver/ur_calibration' with type 'ros.ament_cmake' and name 'ur_calibration'
[0.182s] Level 1:colcon.colcon_core.package_identification:_identify(src/Universal_Robots_ROS2_Driver/ur_controllers) by extensions ['ignore', 'ignore_ament_install']
[0.182s] Level 1:colcon.colcon_core.package_identification:_identify(src/Universal_Robots_ROS2_Driver/ur_controllers) by extension 'ignore'
[0.182s] Level 1:colcon.colcon_core.package_identification:_identify(src/Universal_Robots_ROS2_Driver/ur_controllers) by extension 'ignore_ament_install'
[0.182s] Level 1:colcon.colcon_core.package_identification:_identify(src/Universal_Robots_ROS2_Driver/ur_controllers) by extensions ['colcon_pkg']
[0.182s] Level 1:colcon.colcon_core.package_identification:_identify(src/Universal_Robots_ROS2_Driver/ur_controllers) by extension 'colcon_pkg'
[0.182s] Level 1:colcon.colcon_core.package_identification:_identify(src/Universal_Robots_ROS2_Driver/ur_controllers) by extensions ['colcon_meta']
[0.182s] Level 1:colcon.colcon_core.package_identification:_identify(src/Universal_Robots_ROS2_Driver/ur_controllers) by extension 'colcon_meta'
[0.182s] Level 1:colcon.colcon_core.package_identification:_identify(src/Universal_Robots_ROS2_Driver/ur_controllers) by extensions ['ros']
[0.182s] Level 1:colcon.colcon_core.package_identification:_identify(src/Universal_Robots_ROS2_Driver/ur_controllers) by extension 'ros'
[0.184s] DEBUG:colcon.colcon_core.package_identification:Package 'src/Universal_Robots_ROS2_Driver/ur_controllers' with type 'ros.ament_cmake' and name 'ur_controllers'
[0.185s] Level 1:colcon.colcon_core.package_identification:_identify(src/Universal_Robots_ROS2_Driver/ur_dashboard_msgs) by extensions ['ignore', 'ignore_ament_install']
[0.185s] Level 1:colcon.colcon_core.package_identification:_identify(src/Universal_Robots_ROS2_Driver/ur_dashboard_msgs) by extension 'ignore'
[0.185s] Level 1:colcon.colcon_core.package_identification:_identify(src/Universal_Robots_ROS2_Driver/ur_dashboard_msgs) by extension 'ignore_ament_install'
[0.185s] Level 1:colcon.colcon_core.package_identification:_identify(src/Universal_Robots_ROS2_Driver/ur_dashboard_msgs) by extensions ['colcon_pkg']
[0.185s] Level 1:colcon.colcon_core.package_identification:_identify(src/Universal_Robots_ROS2_Driver/ur_dashboard_msgs) by extension 'colcon_pkg'
[0.185s] Level 1:colcon.colcon_core.package_identification:_identify(src/Universal_Robots_ROS2_Driver/ur_dashboard_msgs) by extensions ['colcon_meta']
[0.185s] Level 1:colcon.colcon_core.package_identification:_identify(src/Universal_Robots_ROS2_Driver/ur_dashboard_msgs) by extension 'colcon_meta'
[0.185s] Level 1:colcon.colcon_core.package_identification:_identify(src/Universal_Robots_ROS2_Driver/ur_dashboard_msgs) by extensions ['ros']
[0.185s] Level 1:colcon.colcon_core.package_identification:_identify(src/Universal_Robots_ROS2_Driver/ur_dashboard_msgs) by extension 'ros'
[0.186s] DEBUG:colcon.colcon_core.package_identification:Package 'src/Universal_Robots_ROS2_Driver/ur_dashboard_msgs' with type 'ros.ament_cmake' and name 'ur_dashboard_msgs'
[0.187s] Level 1:colcon.colcon_core.package_identification:_identify(src/Universal_Robots_ROS2_Driver/ur_moveit_config) by extensions ['ignore', 'ignore_ament_install']
[0.187s] Level 1:colcon.colcon_core.package_identification:_identify(src/Universal_Robots_ROS2_Driver/ur_moveit_config) by extension 'ignore'
[0.187s] Level 1:colcon.colcon_core.package_identification:_identify(src/Universal_Robots_ROS2_Driver/ur_moveit_config) by extension 'ignore_ament_install'
[0.187s] Level 1:colcon.colcon_core.package_identification:_identify(src/Universal_Robots_ROS2_Driver/ur_moveit_config) by extensions ['colcon_pkg']
[0.187s] Level 1:colcon.colcon_core.package_identification:_identify(src/Universal_Robots_ROS2_Driver/ur_moveit_config) by extension 'colcon_pkg'
[0.187s] Level 1:colcon.colcon_core.package_identification:_identify(src/Universal_Robots_ROS2_Driver/ur_moveit_config) by extensions ['colcon_meta']
[0.187s] Level 1:colcon.colcon_core.package_identification:_identify(src/Universal_Robots_ROS2_Driver/ur_moveit_config) by extension 'colcon_meta'
[0.187s] Level 1:colcon.colcon_core.package_identification:_identify(src/Universal_Robots_ROS2_Driver/ur_moveit_config) by extensions ['ros']
[0.187s] Level 1:colcon.colcon_core.package_identification:_identify(src/Universal_Robots_ROS2_Driver/ur_moveit_config) by extension 'ros'
[0.188s] DEBUG:colcon.colcon_core.package_identification:Package 'src/Universal_Robots_ROS2_Driver/ur_moveit_config' with type 'ros.ament_cmake' and name 'ur_moveit_config'
[0.189s] Level 1:colcon.colcon_core.package_identification:_identify(src/Universal_Robots_ROS2_Driver/ur_robot_driver) by extensions ['ignore', 'ignore_ament_install']
[0.189s] Level 1:colcon.colcon_core.package_identification:_identify(src/Universal_Robots_ROS2_Driver/ur_robot_driver) by extension 'ignore'
[0.189s] Level 1:colcon.colcon_core.package_identification:_identify(src/Universal_Robots_ROS2_Driver/ur_robot_driver) by extension 'ignore_ament_install'
[0.189s] Level 1:colcon.colcon_core.package_identification:_identify(src/Universal_Robots_ROS2_Driver/ur_robot_driver) by extensions ['colcon_pkg']
[0.189s] Level 1:colcon.colcon_core.package_identification:_identify(src/Universal_Robots_ROS2_Driver/ur_robot_driver) by extension 'colcon_pkg'
[0.189s] Level 1:colcon.colcon_core.package_identification:_identify(src/Universal_Robots_ROS2_Driver/ur_robot_driver) by extensions ['colcon_meta']
[0.189s] Level 1:colcon.colcon_core.package_identification:_identify(src/Universal_Robots_ROS2_Driver/ur_robot_driver) by extension 'colcon_meta'
[0.190s] Level 1:colcon.colcon_core.package_identification:_identify(src/Universal_Robots_ROS2_Driver/ur_robot_driver) by extensions ['ros']
[0.190s] Level 1:colcon.colcon_core.package_identification:_identify(src/Universal_Robots_ROS2_Driver/ur_robot_driver) by extension 'ros'
[0.192s] DEBUG:colcon.colcon_core.package_identification:Package 'src/Universal_Robots_ROS2_Driver/ur_robot_driver' with type 'ros.ament_cmake' and name 'ur_robot_driver'
[0.192s] Level 1:colcon.colcon_core.package_identification:_identify(src/ur5_kdl_ik) by extensions ['ignore', 'ignore_ament_install']
[0.192s] Level 1:colcon.colcon_core.package_identification:_identify(src/ur5_kdl_ik) by extension 'ignore'
[0.192s] Level 1:colcon.colcon_core.package_identification:_identify(src/ur5_kdl_ik) by extension 'ignore_ament_install'
[0.193s] Level 1:colcon.colcon_core.package_identification:_identify(src/ur5_kdl_ik) by extensions ['colcon_pkg']
[0.193s] Level 1:colcon.colcon_core.package_identification:_identify(src/ur5_kdl_ik) by extension 'colcon_pkg'
[0.193s] Level 1:colcon.colcon_core.package_identification:_identify(src/ur5_kdl_ik) by extensions ['colcon_meta']
[0.193s] Level 1:colcon.colcon_core.package_identification:_identify(src/ur5_kdl_ik) by extension 'colcon_meta'
[0.193s] Level 1:colcon.colcon_core.package_identification:_identify(src/ur5_kdl_ik) by extensions ['ros']
[0.193s] Level 1:colcon.colcon_core.package_identification:_identify(src/ur5_kdl_ik) by extension 'ros'
[0.194s] DEBUG:colcon.colcon_core.package_identification:Package 'src/ur5_kdl_ik' with type 'ros.ament_cmake' and name 'ur5_kdl_ik'
[0.194s] Level 1:colcon.colcon_core.package_identification:_identify(src/ur5_minimal_moveit) by extensions ['ignore', 'ignore_ament_install']
[0.194s] Level 1:colcon.colcon_core.package_identification:_identify(src/ur5_minimal_moveit) by extension 'ignore'
[0.195s] Level 1:colcon.colcon_core.package_identification:_identify(src/ur5_minimal_moveit) by extension 'ignore_ament_install'
[0.195s] Level 1:colcon.colcon_core.package_identification:_identify(src/ur5_minimal_moveit) by extensions ['colcon_pkg']
[0.195s] Level 1:colcon.colcon_core.package_identification:_identify(src/ur5_minimal_moveit) by extension 'colcon_pkg'
[0.195s] Level 1:colcon.colcon_core.package_identification:_identify(src/ur5_minimal_moveit) by extensions ['colcon_meta']
[0.195s] Level 1:colcon.colcon_core.package_identification:_identify(src/ur5_minimal_moveit) by extension 'colcon_meta'
[0.195s] Level 1:colcon.colcon_core.package_identification:_identify(src/ur5_minimal_moveit) by extensions ['ros']
[0.195s] Level 1:colcon.colcon_core.package_identification:_identify(src/ur5_minimal_moveit) by extension 'ros'
[0.196s] DEBUG:colcon.colcon_core.package_identification:Package 'src/ur5_minimal_moveit' with type 'ros.ament_python' and name 'ur5_minimal_moveit'
[0.196s] Level 1:colcon.colcon_core.package_identification:_identify(src/ur5_motion_planning) by extensions ['ignore', 'ignore_ament_install']
[0.197s] Level 1:colcon.colcon_core.package_identification:_identify(src/ur5_motion_planning) by extension 'ignore'
[0.197s] Level 1:colcon.colcon_core.package_identification:_identify(src/ur5_motion_planning) by extension 'ignore_ament_install'
[0.197s] Level 1:colcon.colcon_core.package_identification:_identify(src/ur5_motion_planning) by extensions ['colcon_pkg']
[0.197s] Level 1:colcon.colcon_core.package_identification:_identify(src/ur5_motion_planning) by extension 'colcon_pkg'
[0.197s] Level 1:colcon.colcon_core.package_identification:_identify(src/ur5_motion_planning) by extensions ['colcon_meta']
[0.197s] Level 1:colcon.colcon_core.package_identification:_identify(src/ur5_motion_planning) by extension 'colcon_meta'
[0.197s] Level 1:colcon.colcon_core.package_identification:_identify(src/ur5_motion_planning) by extensions ['ros']
[0.197s] Level 1:colcon.colcon_core.package_identification:_identify(src/ur5_motion_planning) by extension 'ros'
[0.198s] DEBUG:colcon.colcon_core.package_identification:Package 'src/ur5_motion_planning' with type 'ros.ament_cmake' and name 'ur5_motion_planning'
[0.198s] Level 1:colcon.colcon_core.package_discovery:discover_packages(recursive) using defaults
[0.198s] Level 1:colcon.colcon_core.package_discovery:discover_packages(ignore) discover
[0.198s] Level 1:colcon.colcon_core.package_discovery:discover_packages(ignore) using defaults
[0.198s] Level 1:colcon.colcon_core.package_discovery:discover_packages(path) discover
[0.198s] Level 1:colcon.colcon_core.package_discovery:discover_packages(path) using defaults
[0.216s] INFO:colcon.colcon_core.package_selection:Skipping not selected package 'ur_dashboard_msgs' in 'src/Universal_Robots_ROS2_Driver/ur_dashboard_msgs'
[0.216s] INFO:colcon.colcon_core.package_selection:Skipping not selected package 'ur_description' in 'src/Universal_Robots_ROS2_Description'
[0.217s] INFO:colcon.colcon_core.package_selection:Skipping not selected package 'ur_controllers' in 'src/Universal_Robots_ROS2_Driver/ur_controllers'
[0.217s] INFO:colcon.colcon_core.package_selection:Skipping not selected package 'ur_moveit_config' in 'src/Universal_Robots_ROS2_Driver/ur_moveit_config'
[0.217s] INFO:colcon.colcon_core.package_selection:Skipping not selected package 'ur5_kdl_ik' in 'src/ur5_kdl_ik'
[0.217s] INFO:colcon.colcon_core.package_selection:Skipping not selected package 'ur_robot_driver' in 'src/Universal_Robots_ROS2_Driver/ur_robot_driver'
[0.217s] INFO:colcon.colcon_core.package_selection:Skipping not selected package 'ur_calibration' in 'src/Universal_Robots_ROS2_Driver/ur_calibration'
[0.217s] INFO:colcon.colcon_core.package_selection:Skipping not selected package 'ur' in 'src/Universal_Robots_ROS2_Driver/ur'
[0.217s] Level 5:colcon.colcon_core.verb:set package 'ur5_minimal_moveit' build argument 'cmake_args' from command line to 'None'
[0.217s] Level 5:colcon.colcon_core.verb:set package 'ur5_minimal_moveit' build argument 'cmake_target' from command line to 'None'
[0.217s] Level 5:colcon.colcon_core.verb:set package 'ur5_minimal_moveit' build argument 'cmake_target_skip_unavailable' from command line to 'False'
[0.217s] Level 5:colcon.colcon_core.verb:set package 'ur5_minimal_moveit' build argument 'cmake_clean_cache' from command line to 'False'
[0.218s] Level 5:colcon.colcon_core.verb:set package 'ur5_minimal_moveit' build argument 'cmake_clean_first' from command line to 'False'
[0.218s] Level 5:colcon.colcon_core.verb:set package 'ur5_minimal_moveit' build argument 'cmake_force_configure' from command line to 'False'
[0.218s] Level 5:colcon.colcon_core.verb:set package 'ur5_minimal_moveit' build argument 'ament_cmake_args' from command line to 'None'
[0.218s] Level 5:colcon.colcon_core.verb:set package 'ur5_minimal_moveit' build argument 'catkin_cmake_args' from command line to 'None'
[0.218s] Level 5:colcon.colcon_core.verb:set package 'ur5_minimal_moveit' build argument 'catkin_skip_building_tests' from command line to 'False'
[0.218s] DEBUG:colcon.colcon_core.verb:Building package 'ur5_minimal_moveit' with the following arguments: {'ament_cmake_args': None, 'build_base': '/workspace/ur5_ws/build/ur5_minimal_moveit', 'catkin_cmake_args': None, 'catkin_skip_building_tests': False, 'cmake_args': None, 'cmake_clean_cache': False, 'cmake_clean_first': False, 'cmake_force_configure': False, 'cmake_target': None, 'cmake_target_skip_unavailable': False, 'install_base': '/workspace/ur5_ws/install/ur5_minimal_moveit', 'merge_install': False, 'path': '/workspace/ur5_ws/src/ur5_minimal_moveit', 'symlink_install': True, 'test_result_base': None}
[0.218s] Level 5:colcon.colcon_core.verb:set package 'ur5_motion_planning' build argument 'cmake_args' from command line to 'None'
[0.218s] Level 5:colcon.colcon_core.verb:set package 'ur5_motion_planning' build argument 'cmake_target' from command line to 'None'
[0.218s] Level 5:colcon.colcon_core.verb:set package 'ur5_motion_planning' build argument 'cmake_target_skip_unavailable' from command line to 'False'
[0.219s] Level 5:colcon.colcon_core.verb:set package 'ur5_motion_planning' build argument 'cmake_clean_cache' from command line to 'False'
[0.219s] Level 5:colcon.colcon_core.verb:set package 'ur5_motion_planning' build argument 'cmake_clean_first' from command line to 'False'
[0.219s] Level 5:colcon.colcon_core.verb:set package 'ur5_motion_planning' build argument 'cmake_force_configure' from command line to 'False'
[0.219s] Level 5:colcon.colcon_core.verb:set package 'ur5_motion_planning' build argument 'ament_cmake_args' from command line to 'None'
[0.219s] Level 5:colcon.colcon_core.verb:set package 'ur5_motion_planning' build argument 'catkin_cmake_args' from command line to 'None'
[0.219s] Level 5:colcon.colcon_core.verb:set package 'ur5_motion_planning' build argument 'catkin_skip_building_tests' from command line to 'False'
[0.219s] DEBUG:colcon.colcon_core.verb:Building package 'ur5_motion_planning' with the following arguments: {'ament_cmake_args': None, 'build_base': '/workspace/ur5_ws/build/ur5_motion_planning', 'catkin_cmake_args': None, 'catkin_skip_building_tests': False, 'cmake_args': None, 'cmake_clean_cache': False, 'cmake_clean_first': False, 'cmake_force_configure': False, 'cmake_target': None, 'cmake_target_skip_unavailable': False, 'install_base': '/workspace/ur5_ws/install/ur5_motion_planning', 'merge_install': False, 'path': '/workspace/ur5_ws/src/ur5_motion_planning', 'symlink_install': True, 'test_result_base': None}
[0.219s] INFO:colcon.colcon_core.executor:Executing jobs using 'parallel' executor
[0.220s] DEBUG:colcon.colcon_parallel_executor.executor.parallel:run_until_complete
[0.220s] INFO:colcon.colcon_ros.task.ament_python.build:Building ROS package in '/workspace/ur5_ws/src/ur5_minimal_moveit' with build type 'ament_python'
[0.220s] Level 1:colcon.colcon_core.shell:create_environment_hook('ur5_minimal_moveit', 'ament_prefix_path')
[0.222s] INFO:colcon.colcon_core.plugin_system:Skipping extension 'colcon_core.shell.bat': Not used on non-Windows systems
[0.222s] INFO:colcon.colcon_core.shell:Creating environment hook '/workspace/ur5_ws/install/ur5_minimal_moveit/share/ur5_minimal_moveit/hook/ament_prefix_path.ps1'
[0.224s] INFO:colcon.colcon_core.shell:Creating environment descriptor '/workspace/ur5_ws/install/ur5_minimal_moveit/share/ur5_minimal_moveit/hook/ament_prefix_path.dsv'
[0.224s] INFO:colcon.colcon_core.shell:Creating environment hook '/workspace/ur5_ws/install/ur5_minimal_moveit/share/ur5_minimal_moveit/hook/ament_prefix_path.sh'
[0.225s] INFO:colcon.colcon_core.shell:Skip shell extension 'powershell' for command environment: Not usable outside of PowerShell
[0.225s] DEBUG:colcon.colcon_core.shell:Skip shell extension 'dsv' for command environment
[0.229s] INFO:colcon.colcon_ros.task.ament_cmake.build:Building ROS package in '/workspace/ur5_ws/src/ur5_motion_planning' with build type 'ament_cmake'
[0.229s] INFO:colcon.colcon_cmake.task.cmake.build:Building CMake package in '/workspace/ur5_ws/src/ur5_motion_planning'
[0.229s] INFO:colcon.colcon_core.shell:Skip shell extension 'powershell' for command environment: Not usable outside of PowerShell
[0.229s] DEBUG:colcon.colcon_core.shell:Skip shell extension 'dsv' for command environment
[0.356s] INFO:colcon.colcon_core.task.python.build:Building Python package in '/workspace/ur5_ws/src/ur5_minimal_moveit'
[0.356s] INFO:colcon.colcon_core.shell:Skip shell extension 'powershell' for command environment: Not usable outside of PowerShell
[0.356s] DEBUG:colcon.colcon_core.shell:Skip shell extension 'dsv' for command environment
[0.368s] DEBUG:colcon.colcon_core.event_handler.log_command:Invoking command in '/workspace/ur5_ws/build/ur5_motion_planning': AMENT_PREFIX_PATH=/workspace/ur5_ws/install/ur_moveit_config:/workspace/ur5_ws/install/ur_description:${AMENT_PREFIX_PATH} CMAKE_PREFIX_PATH=/workspace/ur5_ws/install/ur_moveit_config:/workspace/ur5_ws/install/ur_description:/opt/ros/humble /usr/bin/cmake --build /workspace/ur5_ws/build/ur5_motion_planning -- -j11 -l11
[0.600s] DEBUG:colcon.colcon_core.event_handler.log_command:Invoking command in '/workspace/ur5_ws/build/ur5_minimal_moveit': AMENT_PREFIX_PATH=/workspace/ur5_ws/install/ur_moveit_config:/workspace/ur5_ws/install/ur_description:${AMENT_PREFIX_PATH} CMAKE_PREFIX_PATH=/workspace/ur5_ws/install/ur_moveit_config:/workspace/ur5_ws/install/ur_description PYTHONPATH=/workspace/ur5_ws/build/ur5_minimal_moveit/prefix_override:/usr/lib/python3/dist-packages/colcon_core/task/python/colcon_distutils_commands:/workspace/ur5_ws/install/ur5_minimal_moveit/lib/python3.10/site-packages:${PYTHONPATH} /usr/bin/python3 -W ignore:setup.py install is deprecated -W ignore:easy_install command is deprecated setup.py develop --editable --build-directory /workspace/ur5_ws/build/ur5_minimal_moveit/build --no-deps symlink_data
[0.810s] Level 1:colcon.colcon_core.shell:create_environment_hook('ur5_minimal_moveit', 'pythonpath_develop')
[0.811s] INFO:colcon.colcon_core.shell:Creating environment hook '/workspace/ur5_ws/build/ur5_minimal_moveit/share/ur5_minimal_moveit/hook/pythonpath_develop.ps1'
[0.812s] DEBUG:colcon.colcon_core.event_handler.log_command:Invoked command in '/workspace/ur5_ws/build/ur5_minimal_moveit' returned '0': AMENT_PREFIX_PATH=/workspace/ur5_ws/install/ur_moveit_config:/workspace/ur5_ws/install/ur_description:${AMENT_PREFIX_PATH} CMAKE_PREFIX_PATH=/workspace/ur5_ws/install/ur_moveit_config:/workspace/ur5_ws/install/ur_description PYTHONPATH=/workspace/ur5_ws/build/ur5_minimal_moveit/prefix_override:/usr/lib/python3/dist-packages/colcon_core/task/python/colcon_distutils_commands:/workspace/ur5_ws/install/ur5_minimal_moveit/lib/python3.10/site-packages:${PYTHONPATH} /usr/bin/python3 -W ignore:setup.py install is deprecated -W ignore:easy_install command is deprecated setup.py develop --editable --build-directory /workspace/ur5_ws/build/ur5_minimal_moveit/build --no-deps symlink_data
[0.813s] INFO:colcon.colcon_core.shell:Creating environment descriptor '/workspace/ur5_ws/build/ur5_minimal_moveit/share/ur5_minimal_moveit/hook/pythonpath_develop.dsv'
[0.813s] INFO:colcon.colcon_core.shell:Creating environment hook '/workspace/ur5_ws/build/ur5_minimal_moveit/share/ur5_minimal_moveit/hook/pythonpath_develop.sh'
[0.815s] Level 1:colcon.colcon_core.environment:checking '/workspace/ur5_ws/install/ur5_minimal_moveit' for CMake module files
[0.817s] Level 1:colcon.colcon_core.environment:checking '/workspace/ur5_ws/install/ur5_minimal_moveit' for CMake config files
[0.821s] Level 1:colcon.colcon_core.environment:checking '/workspace/ur5_ws/install/ur5_minimal_moveit/lib'
[0.821s] Level 1:colcon.colcon_core.environment:checking '/workspace/ur5_ws/install/ur5_minimal_moveit/bin'
[0.821s] Level 1:colcon.colcon_core.environment:checking '/workspace/ur5_ws/install/ur5_minimal_moveit/lib/pkgconfig/ur5_minimal_moveit.pc'
[0.822s] Level 1:colcon.colcon_core.environment:checking '/workspace/ur5_ws/install/ur5_minimal_moveit/lib/python3.10/site-packages'
[0.822s] Level 1:colcon.colcon_core.shell:create_environment_hook('ur5_minimal_moveit', 'pythonpath')
[0.822s] INFO:colcon.colcon_core.shell:Creating environment hook '/workspace/ur5_ws/install/ur5_minimal_moveit/share/ur5_minimal_moveit/hook/pythonpath.ps1'
[0.822s] INFO:colcon.colcon_core.shell:Creating environment descriptor '/workspace/ur5_ws/install/ur5_minimal_moveit/share/ur5_minimal_moveit/hook/pythonpath.dsv'
[0.823s] INFO:colcon.colcon_core.shell:Creating environment hook '/workspace/ur5_ws/install/ur5_minimal_moveit/share/ur5_minimal_moveit/hook/pythonpath.sh'
[0.824s] Level 1:colcon.colcon_core.environment:checking '/workspace/ur5_ws/install/ur5_minimal_moveit/bin'
[0.824s] Level 1:colcon.colcon_core.environment:create_environment_scripts_only(ur5_minimal_moveit)
[0.824s] INFO:colcon.colcon_core.shell:Creating package script '/workspace/ur5_ws/install/ur5_minimal_moveit/share/ur5_minimal_moveit/package.ps1'
[0.825s] INFO:colcon.colcon_core.shell:Creating package descriptor '/workspace/ur5_ws/install/ur5_minimal_moveit/share/ur5_minimal_moveit/package.dsv'
[0.826s] INFO:colcon.colcon_core.shell:Creating package script '/workspace/ur5_ws/install/ur5_minimal_moveit/share/ur5_minimal_moveit/package.sh'
[0.827s] INFO:colcon.colcon_core.shell:Creating package script '/workspace/ur5_ws/install/ur5_minimal_moveit/share/ur5_minimal_moveit/package.bash'
[0.827s] INFO:colcon.colcon_core.shell:Creating package script '/workspace/ur5_ws/install/ur5_minimal_moveit/share/ur5_minimal_moveit/package.zsh'
[0.828s] Level 1:colcon.colcon_core.environment:create_file_with_runtime_dependencies(/workspace/ur5_ws/install/ur5_minimal_moveit/share/colcon-core/packages/ur5_minimal_moveit)
[7.999s] DEBUG:colcon.colcon_core.event_handler.log_command:Invoked command in '/workspace/ur5_ws/build/ur5_motion_planning' returned '0': AMENT_PREFIX_PATH=/workspace/ur5_ws/install/ur_moveit_config:/workspace/ur5_ws/install/ur_description:${AMENT_PREFIX_PATH} CMAKE_PREFIX_PATH=/workspace/ur5_ws/install/ur_moveit_config:/workspace/ur5_ws/install/ur_description:/opt/ros/humble /usr/bin/cmake --build /workspace/ur5_ws/build/ur5_motion_planning -- -j11 -l11
[8.011s] DEBUG:colcon.colcon_core.event_handler.log_command:Invoking command in '/workspace/ur5_ws/build/ur5_motion_planning': AMENT_PREFIX_PATH=/workspace/ur5_ws/install/ur_moveit_config:/workspace/ur5_ws/install/ur_description:${AMENT_PREFIX_PATH} CMAKE_PREFIX_PATH=/workspace/ur5_ws/install/ur_moveit_config:/workspace/ur5_ws/install/ur_description:/opt/ros/humble /usr/bin/cmake --install /workspace/ur5_ws/build/ur5_motion_planning
[8.034s] Level 1:colcon.colcon_core.environment:create_environment_scripts_only(ur5_motion_planning)
[8.035s] Level 1:colcon.colcon_core.environment:checking '/workspace/ur5_ws/install/ur5_motion_planning' for CMake module files
[8.035s] DEBUG:colcon.colcon_core.event_handler.log_command:Invoked command in '/workspace/ur5_ws/build/ur5_motion_planning' returned '0': AMENT_PREFIX_PATH=/workspace/ur5_ws/install/ur_moveit_config:/workspace/ur5_ws/install/ur_description:${AMENT_PREFIX_PATH} CMAKE_PREFIX_PATH=/workspace/ur5_ws/install/ur_moveit_config:/workspace/ur5_ws/install/ur_description:/opt/ros/humble /usr/bin/cmake --install /workspace/ur5_ws/build/ur5_motion_planning
[8.038s] Level 1:colcon.colcon_core.environment:checking '/workspace/ur5_ws/install/ur5_motion_planning' for CMake config files
[8.039s] Level 1:colcon.colcon_core.shell:create_environment_hook('ur5_motion_planning', 'cmake_prefix_path')
[8.040s] INFO:colcon.colcon_core.shell:Creating environment hook '/workspace/ur5_ws/install/ur5_motion_planning/share/ur5_motion_planning/hook/cmake_prefix_path.ps1'
[8.041s] INFO:colcon.colcon_core.shell:Creating environment descriptor '/workspace/ur5_ws/install/ur5_motion_planning/share/ur5_motion_planning/hook/cmake_prefix_path.dsv'
[8.041s] INFO:colcon.colcon_core.shell:Creating environment hook '/workspace/ur5_ws/install/ur5_motion_planning/share/ur5_motion_planning/hook/cmake_prefix_path.sh'
[8.043s] Level 1:colcon.colcon_core.environment:checking '/workspace/ur5_ws/install/ur5_motion_planning/lib'
[8.043s] Level 1:colcon.colcon_core.environment:checking '/workspace/ur5_ws/install/ur5_motion_planning/bin'
[8.043s] Level 1:colcon.colcon_core.environment:checking '/workspace/ur5_ws/install/ur5_motion_planning/lib/pkgconfig/ur5_motion_planning.pc'
[8.043s] Level 1:colcon.colcon_core.environment:checking '/workspace/ur5_ws/install/ur5_motion_planning/lib/python3.10/site-packages'
[8.044s] Level 1:colcon.colcon_core.environment:checking '/workspace/ur5_ws/install/ur5_motion_planning/bin'
[8.044s] INFO:colcon.colcon_core.shell:Creating package script '/workspace/ur5_ws/install/ur5_motion_planning/share/ur5_motion_planning/package.ps1'
[8.045s] INFO:colcon.colcon_core.shell:Creating package descriptor '/workspace/ur5_ws/install/ur5_motion_planning/share/ur5_motion_planning/package.dsv'
[8.045s] INFO:colcon.colcon_core.shell:Creating package script '/workspace/ur5_ws/install/ur5_motion_planning/share/ur5_motion_planning/package.sh'
[8.046s] INFO:colcon.colcon_core.shell:Creating package script '/workspace/ur5_ws/install/ur5_motion_planning/share/ur5_motion_planning/package.bash'
[8.047s] INFO:colcon.colcon_core.shell:Creating package script '/workspace/ur5_ws/install/ur5_motion_planning/share/ur5_motion_planning/package.zsh'
[8.047s] Level 1:colcon.colcon_core.environment:create_file_with_runtime_dependencies(/workspace/ur5_ws/install/ur5_motion_planning/share/colcon-core/packages/ur5_motion_planning)
[8.048s] Level 1:colcon.colcon_core.environment:create_environment_scripts_only(ur5_motion_planning)
[8.049s] Level 1:colcon.colcon_core.environment:checking '/workspace/ur5_ws/install/ur5_motion_planning' for CMake module files
[8.051s] Level 1:colcon.colcon_core.environment:checking '/workspace/ur5_ws/install/ur5_motion_planning' for CMake config files
[8.052s] Level 1:colcon.colcon_core.shell:create_environment_hook('ur5_motion_planning', 'cmake_prefix_path')
[8.053s] INFO:colcon.colcon_core.shell:Creating environment hook '/workspace/ur5_ws/install/ur5_motion_planning/share/ur5_motion_planning/hook/cmake_prefix_path.ps1'
[8.053s] INFO:colcon.colcon_core.shell:Creating environment descriptor '/workspace/ur5_ws/install/ur5_motion_planning/share/ur5_motion_planning/hook/cmake_prefix_path.dsv'
[8.054s] INFO:colcon.colcon_core.shell:Creating environment hook '/workspace/ur5_ws/install/ur5_motion_planning/share/ur5_motion_planning/hook/cmake_prefix_path.sh'
[8.055s] Level 1:colcon.colcon_core.environment:checking '/workspace/ur5_ws/install/ur5_motion_planning/lib'
[8.055s] Level 1:colcon.colcon_core.environment:checking '/workspace/ur5_ws/install/ur5_motion_planning/bin'
[8.055s] Level 1:colcon.colcon_core.environment:checking '/workspace/ur5_ws/install/ur5_motion_planning/lib/pkgconfig/ur5_motion_planning.pc'
[8.055s] Level 1:colcon.colcon_core.environment:checking '/workspace/ur5_ws/install/ur5_motion_planning/lib/python3.10/site-packages'
[8.056s] Level 1:colcon.colcon_core.environment:checking '/workspace/ur5_ws/install/ur5_motion_planning/bin'
[8.056s] INFO:colcon.colcon_core.shell:Creating package script '/workspace/ur5_ws/install/ur5_motion_planning/share/ur5_motion_planning/package.ps1'
[8.056s] INFO:colcon.colcon_core.shell:Creating package descriptor '/workspace/ur5_ws/install/ur5_motion_planning/share/ur5_motion_planning/package.dsv'
[8.057s] INFO:colcon.colcon_core.shell:Creating package script '/workspace/ur5_ws/install/ur5_motion_planning/share/ur5_motion_planning/package.sh'
[8.057s] INFO:colcon.colcon_core.shell:Creating package script '/workspace/ur5_ws/install/ur5_motion_planning/share/ur5_motion_planning/package.bash'
[8.058s] INFO:colcon.colcon_core.shell:Creating package script '/workspace/ur5_ws/install/ur5_motion_planning/share/ur5_motion_planning/package.zsh'
[8.059s] Level 1:colcon.colcon_core.environment:create_file_with_runtime_dependencies(/workspace/ur5_ws/install/ur5_motion_planning/share/colcon-core/packages/ur5_motion_planning)
[8.059s] DEBUG:colcon.colcon_parallel_executor.executor.parallel:closing loop
[8.060s] DEBUG:colcon.colcon_parallel_executor.executor.parallel:loop closed
[8.060s] DEBUG:colcon.colcon_parallel_executor.executor.parallel:run_until_complete finished with '0'
[8.060s] DEBUG:colcon.colcon_core.event_reactor:joining thread
[8.069s] INFO:colcon.colcon_core.plugin_system:Skipping extension 'colcon_notification.desktop_notification.notify_send': Could not find 'notify-send'
[8.069s] INFO:colcon.colcon_core.plugin_system:Skipping extension 'colcon_notification.desktop_notification.terminal_notifier': Not used on non-Darwin systems
[8.070s] INFO:colcon.colcon_core.plugin_system:Skipping extension 'colcon_notification.desktop_notification.win32': Not used on non-Windows systems
[8.070s] INFO:colcon.colcon_notification.desktop_notification:Sending desktop notification using 'notify2'
[8.071s] DEBUG:colcon.colcon_notification.desktop_notification.notify2:Failed to initialize notify2: org.freedesktop.DBus.Error.NotSupported: Unable to autolaunch a dbus-daemon without a $DISPLAY for X11
[8.071s] DEBUG:colcon.colcon_core.event_reactor:joined thread
[8.071s] INFO:colcon.colcon_core.shell:Creating prefix script '/workspace/ur5_ws/install/local_setup.ps1'
[8.073s] INFO:colcon.colcon_core.shell:Creating prefix util module '/workspace/ur5_ws/install/_local_setup_util_ps1.py'
[8.076s] INFO:colcon.colcon_core.shell:Creating prefix chain script '/workspace/ur5_ws/install/setup.ps1'
[8.077s] INFO:colcon.colcon_core.shell:Creating prefix script '/workspace/ur5_ws/install/local_setup.sh'
[8.078s] INFO:colcon.colcon_core.shell:Creating prefix util module '/workspace/ur5_ws/install/_local_setup_util_sh.py'
[8.105s] INFO:colcon.colcon_core.shell:Creating prefix chain script '/workspace/ur5_ws/install/setup.sh'
[8.106s] INFO:colcon.colcon_core.shell:Creating prefix script '/workspace/ur5_ws/install/local_setup.bash'
[8.107s] INFO:colcon.colcon_core.shell:Creating prefix chain script '/workspace/ur5_ws/install/setup.bash'
[8.108s] INFO:colcon.colcon_core.shell:Creating prefix script '/workspace/ur5_ws/install/local_setup.zsh'
[8.109s] INFO:colcon.colcon_core.shell:Creating prefix chain script '/workspace/ur5_ws/install/setup.zsh'
