-- Found ament_cmake: 1.3.12 (/opt/ros/humble/share/ament_cmake/cmake)
-- Override CMake install command with custom implementation using symlinks instead of copying resources
-- Found angles: 1.15.0 (/opt/ros/humble/share/angles/cmake)
-- Found controller_interface: 2.53.0 (/opt/ros/humble/share/controller_interface/cmake)
-- Found rosidl_generator_c: 3.1.8 (/opt/ros/humble/share/rosidl_generator_c/cmake)
-- Found rosidl_adapter: 3.1.8 (/opt/ros/humble/share/rosidl_adapter/cmake)
-- Found rosidl_generator_cpp: 3.1.8 (/opt/ros/humble/share/rosidl_generator_cpp/cmake)
-- Using all available rosidl_typesupport_c: rosidl_typesupport_fastrtps_c;rosidl_typesupport_introspection_c
-- Using all available rosidl_typesupport_cpp: rosidl_typesupport_fastrtps_cpp;rosidl_typesupport_introspection_cpp
-- Found rmw_implementation_cmake: 6.1.2 (/opt/ros/humble/share/rmw_implementation_cmake/cmake)
-- Found rmw_fastrtps_cpp: 6.2.9 (/opt/ros/humble/share/rmw_fastrtps_cpp/cmake)
-- Found TinyXML2 via Config file: TinyXML2_DIR-NOTFOUND
-- Found TinyXML2 via Config file: TinyXML2_DIR-NOTFOUND
-- Found TinyXML2 via Config file: TinyXML2_DIR-NOTFOUND
-- Found TinyXML2 via Config file: TinyXML2_DIR-NOTFOUND
-- Using RMW implementation 'rmw_fastrtps_cpp' as default
-- Found joint_trajectory_controller: 2.52.0 (/opt/ros/humble/share/joint_trajectory_controller/cmake)
-- Found std_srvs: 4.9.0 (/opt/ros/humble/share/std_srvs/cmake)
-- Found tf2_geometry_msgs: 0.25.18 (/opt/ros/humble/share/tf2_geometry_msgs/cmake)
-- Found eigen3_cmake_module: 0.1.1 (/opt/ros/humble/share/eigen3_cmake_module/cmake)
-- Ensuring Eigen3 include directory is part of orocos-kdl CMake target
-- Found ur_dashboard_msgs: 4.5.0 (/workspace/ur5_ws/install/ur_dashboard_msgs/share/ur_dashboard_msgs/cmake)
-- Found ur_msgs: 2.3.0 (/opt/ros/humble/share/ur_msgs/cmake)
-- Found ament_cmake_gmock: 1.3.12 (/opt/ros/humble/share/ament_cmake_gmock/cmake)
-- Found controller_manager: 2.53.0 (/opt/ros/humble/share/controller_manager/cmake)
-- Found ros2_control_test_assets: 2.53.0 (/opt/ros/humble/share/ros2_control_test_assets/cmake)
-- Found gmock sources under '/opt/ros/humble/src/gmock_vendor': C++ tests using 'Google Mock' will be built
-- Found ament_cmake_gtest: 1.3.12 (/opt/ros/humble/share/ament_cmake_gtest/cmake)
-- Found gtest sources under '/opt/ros/humble/src/gtest_vendor': C++ tests using 'Google Test' will be built
-- Configuring done
-- Generating done
-- Build files have been written to: /workspace/ur5_ws/build/ur_controllers
[  2%] Running `/opt/ros/humble/bin/generate_parameter_library_cpp /workspace/ur5_ws/build/ur_controllers/include/ur_controllers/tool_contact_controller_parameters.hpp /workspace/ur5_ws/src/Universal_Robots_ROS2_Driver/ur_controllers/src/tool_contact_controller_parameters.yaml `
[  5%] Running `/opt/ros/humble/bin/generate_parameter_library_cpp /workspace/ur5_ws/build/ur_controllers/include/ur_controllers/force_mode_controller_parameters.hpp /workspace/ur5_ws/src/Universal_Robots_ROS2_Driver/ur_controllers/src/force_mode_controller_parameters.yaml `
[ 11%] Running `/opt/ros/humble/bin/generate_parameter_library_cpp /workspace/ur5_ws/build/ur_controllers/include/ur_controllers/speed_scaling_state_broadcaster_parameters.hpp /workspace/ur5_ws/src/Universal_Robots_ROS2_Driver/ur_controllers/src/speed_scaling_state_broadcaster_parameters.yaml `
[ 11%] Building CXX object gmock/CMakeFiles/gmock_main.dir/src/gmock_main.cc.o
[ 14%] Running `/opt/ros/humble/bin/generate_parameter_library_cpp /workspace/ur5_ws/build/ur_controllers/include/ur_controllers/freedrive_mode_controller_parameters.hpp /workspace/ur5_ws/src/Universal_Robots_ROS2_Driver/ur_controllers/src/freedrive_mode_controller_parameters.yaml `
[ 17%] Running `/opt/ros/humble/bin/generate_parameter_library_cpp /workspace/ur5_ws/build/ur_controllers/include/ur_controllers/gpio_controller_parameters.hpp /workspace/ur5_ws/src/Universal_Robots_ROS2_Driver/ur_controllers/src/gpio_controller_parameters.yaml `
[ 20%] Running `/opt/ros/humble/bin/generate_parameter_library_cpp /workspace/ur5_ws/build/ur_controllers/include/ur_controllers/scaled_joint_trajectory_controller_parameters.hpp /workspace/ur5_ws/src/Universal_Robots_ROS2_Driver/ur_controllers/src/scaled_joint_trajectory_controller_parameters.yaml `
[ 23%] Running `/opt/ros/humble/bin/generate_parameter_library_cpp /workspace/ur5_ws/build/ur_controllers/include/ur_controllers/passthrough_trajectory_controller_parameters.hpp /workspace/ur5_ws/src/Universal_Robots_ROS2_Driver/ur_controllers/src/passthrough_trajectory_controller_parameters.yaml `
[ 26%] Running `/opt/ros/humble/bin/generate_parameter_library_cpp /workspace/ur5_ws/build/ur_controllers/include/ur_controllers/ur_configuration_controller_parameters.hpp /workspace/ur5_ws/src/Universal_Robots_ROS2_Driver/ur_controllers/src/ur_configuration_controller_parameters.yaml `
[ 29%] Building CXX object gmock/CMakeFiles/gmock.dir/src/gmock-all.cc.o
[ 32%] Building CXX object gmock/CMakeFiles/gmock.dir/opt/ros/humble/src/gtest_vendor/src/gtest-all.cc.o
[ 35%] Creating deprecated header file /workspace/ur5_ws/build/ur_controllers/include/force_mode_controller_parameters.hpp
[ 38%] Creating deprecated header file /workspace/ur5_ws/build/ur_controllers/include/speed_scaling_state_broadcaster_parameters.hpp
[ 41%] Creating deprecated header file /workspace/ur5_ws/build/ur_controllers/include/tool_contact_controller_parameters.hpp
[ 44%] Creating deprecated header file /workspace/ur5_ws/build/ur_controllers/include/gpio_controller_parameters.hpp
[ 47%] Creating deprecated header file /workspace/ur5_ws/build/ur_controllers/include/freedrive_mode_controller_parameters.hpp
[ 50%] Creating deprecated header file /workspace/ur5_ws/build/ur_controllers/include/ur_configuration_controller_parameters.hpp
[ 50%] Built target force_mode_controller_parameters
[ 50%] Built target speed_scaling_state_broadcaster_parameters
[ 52%] Creating deprecated header file /workspace/ur5_ws/build/ur_controllers/include/passthrough_trajectory_controller_parameters.hpp
[ 55%] Creating deprecated header file /workspace/ur5_ws/build/ur_controllers/include/scaled_joint_trajectory_controller_parameters.hpp
[ 55%] Built target tool_contact_controller_parameters
[ 55%] Built target gpio_controller_parameters
[ 55%] Built target freedrive_mode_controller_parameters
[ 55%] Built target ur_configuration_controller_parameters
[ 55%] Built target scaled_joint_trajectory_controller_parameters
[ 55%] Built target passthrough_trajectory_controller_parameters
[ 58%] Building CXX object CMakeFiles/ur_controllers.dir/src/tool_contact_controller.cpp.o
[ 61%] Building CXX object CMakeFiles/ur_controllers.dir/src/force_mode_controller.cpp.o
[ 64%] Building CXX object CMakeFiles/ur_controllers.dir/src/freedrive_mode_controller.cpp.o
[ 67%] Building CXX object CMakeFiles/ur_controllers.dir/src/scaled_joint_trajectory_controller.cpp.o
[ 70%] Building CXX object CMakeFiles/ur_controllers.dir/src/gpio_controller.cpp.o
[ 79%] Building CXX object CMakeFiles/ur_controllers.dir/src/passthrough_trajectory_controller.cpp.o
[ 79%] Building CXX object CMakeFiles/ur_controllers.dir/src/speed_scaling_state_broadcaster.cpp.o
[ 79%] Building CXX object CMakeFiles/ur_controllers.dir/src/ur_configuration_controller.cpp.o
[ 82%] Linking CXX static library libgmock_main.a
[ 82%] Built target gmock_main
[ 85%] Linking CXX static library libgmock.a
[ 85%] Built target gmock
