[0.000000] (-) TimerEvent: {}
[0.000159] (-) JobUnselected: {'identifier': 'ur'}
[0.002241] (-) JobUnselected: {'identifier': 'ur5_kdl_ik'}
[0.002327] (-) JobUnselected: {'identifier': 'ur5_minimal_moveit'}
[0.002380] (-) JobUnselected: {'identifier': 'ur_calibration'}
[0.002557] (-) JobUnselected: {'identifier': 'ur_controllers'}
[0.002597] (-) JobUnselected: {'identifier': 'ur_dashboard_msgs'}
[0.002656] (-) JobUnselected: {'identifier': 'ur_description'}
[0.002729] (-) JobUnselected: {'identifier': 'ur_moveit_config'}
[0.003406] (-) JobUnselected: {'identifier': 'ur_robot_driver'}
[0.003757] (ur5_motion_planning) JobQueued: {'identifier': 'ur5_motion_planning', 'dependencies': OrderedDict([('ur_description', '/workspace/ur5_ws/install/ur_description'), ('ur_moveit_config', '/workspace/ur5_ws/install/ur_moveit_config')])}
[0.003856] (ur5_motion_planning) JobStarted: {'identifier': 'ur5_motion_planning'}
[0.007781] (ur5_motion_planning) JobProgress: {'identifier': 'ur5_motion_planning', 'progress': 'cmake'}
[0.008947] (ur5_motion_planning) JobProgress: {'identifier': 'ur5_motion_planning', 'progress': 'build'}
[0.010243] (ur5_motion_planning) Command: {'cmd': ['/usr/bin/cmake', '--build', '/workspace/ur5_ws/build/ur5_motion_planning', '--', '-j11', '-l11'], 'cwd': '/workspace/ur5_ws/build/ur5_motion_planning', 'env': OrderedDict([('HOSTNAME', '10a6f84be8b2'), ('SHLVL', '1'), ('LD_LIBRARY_PATH', '/opt/ros/humble/lib/aarch64-linux-gnu:/opt/ros/humble/lib'), ('HOME', '/root'), ('OLDPWD', '/'), ('ROS_PYTHON_VERSION', '3'), ('ROS_DISTRO', 'humble'), ('_', '/usr/bin/colcon'), ('ROS_VERSION', '2'), ('ROS_LOCALHOST_ONLY', '0'), ('PATH', '/opt/ros/humble/bin:/usr/local/sbin:/usr/local/bin:/usr/sbin:/usr/bin:/sbin:/bin'), ('LANG', 'C.UTF-8'), ('AMENT_PREFIX_PATH', '/workspace/ur5_ws/install/ur_moveit_config:/workspace/ur5_ws/install/ur_description:/opt/ros/humble'), ('PWD', '/workspace/ur5_ws/build/ur5_motion_planning'), ('LC_ALL', 'C.UTF-8'), ('PYTHONPATH', '/opt/ros/humble/lib/python3.10/site-packages:/opt/ros/humble/local/lib/python3.10/dist-packages'), ('COLCON', '1'), ('CMAKE_PREFIX_PATH', '/workspace/ur5_ws/install/ur_moveit_config:/workspace/ur5_ws/install/ur_description:/opt/ros/humble')]), 'shell': False}
[0.099119] (-) TimerEvent: {}
[0.200131] (-) TimerEvent: {}
[0.242920] (ur5_motion_planning) StdoutLine: {'line': b'Consolidate compiler generated dependencies of target ur5_plan_and_analyze_node\n'}
[0.268254] (ur5_motion_planning) StdoutLine: {'line': b'[ 50%] Building CXX object CMakeFiles/ur5_plan_and_analyze_node.dir/src/ur5_plan_and_analyze_node.cpp.o\n'}
[0.301151] (-) TimerEvent: {}
[0.407134] (-) TimerEvent: {}
[0.515326] (-) TimerEvent: {}
[0.627224] (-) TimerEvent: {}
[0.728098] (-) TimerEvent: {}
[0.829117] (-) TimerEvent: {}
[0.930101] (-) TimerEvent: {}
[1.031179] (-) TimerEvent: {}
[1.132089] (-) TimerEvent: {}
[1.233121] (-) TimerEvent: {}
[1.336096] (-) TimerEvent: {}
[1.437131] (-) TimerEvent: {}
[1.538155] (-) TimerEvent: {}
[1.639148] (-) TimerEvent: {}
[1.740132] (-) TimerEvent: {}
[1.841141] (-) TimerEvent: {}
[1.942209] (-) TimerEvent: {}
[2.049116] (-) TimerEvent: {}
[2.150133] (-) TimerEvent: {}
[2.251121] (-) TimerEvent: {}
[2.352129] (-) TimerEvent: {}
[2.453124] (-) TimerEvent: {}
[2.560461] (-) TimerEvent: {}
[2.664233] (-) TimerEvent: {}
[2.765095] (-) TimerEvent: {}
[2.866121] (-) TimerEvent: {}
[2.967138] (-) TimerEvent: {}
[3.068103] (-) TimerEvent: {}
[3.169158] (-) TimerEvent: {}
[3.270189] (-) TimerEvent: {}
[3.371162] (-) TimerEvent: {}
[3.472162] (-) TimerEvent: {}
[3.573127] (-) TimerEvent: {}
[3.674179] (-) TimerEvent: {}
[3.780119] (-) TimerEvent: {}
[3.881142] (-) TimerEvent: {}
[3.982136] (-) TimerEvent: {}
[4.043555] (ur5_motion_planning) StderrLine: {'line': b'/workspace/ur5_ws/src/ur5_motion_planning/src/ur5_plan_and_analyze_node.cpp: In function \xe2\x80\x98int main(int, char**)\xe2\x80\x99:\n'}
[4.046574] (ur5_motion_planning) StderrLine: {'line': b'/workspace/ur5_ws/src/ur5_motion_planning/src/ur5_plan_and_analyze_node.cpp:488:4: error: expected \xe2\x80\x98}\xe2\x80\x99 at end of input\n'}
[4.046846] (ur5_motion_planning) StderrLine: {'line': b'  488 |   }\n'}
[4.047032] (ur5_motion_planning) StderrLine: {'line': b'      |    ^\n'}
[4.047208] (ur5_motion_planning) StderrLine: {'line': b'/workspace/ur5_ws/src/ur5_motion_planning/src/ur5_plan_and_analyze_node.cpp:82:33: note: to match this \xe2\x80\x98{\xe2\x80\x99\n'}
[4.047388] (ur5_motion_planning) StderrLine: {'line': b'   82 | int main(int argc, char** argv) {\n'}
[4.047562] (ur5_motion_planning) StderrLine: {'line': b'      |                                 ^\n'}
[4.083092] (-) TimerEvent: {}
[4.184309] (-) TimerEvent: {}
[4.285128] (-) TimerEvent: {}
[4.386179] (-) TimerEvent: {}
[4.487244] (-) TimerEvent: {}
[4.588119] (-) TimerEvent: {}
[4.689125] (-) TimerEvent: {}
[4.790133] (-) TimerEvent: {}
[4.891108] (-) TimerEvent: {}
[4.992121] (-) TimerEvent: {}
[5.096120] (-) TimerEvent: {}
[5.197149] (-) TimerEvent: {}
[5.298163] (-) TimerEvent: {}
[5.399138] (-) TimerEvent: {}
[5.500153] (-) TimerEvent: {}
[5.601155] (-) TimerEvent: {}
[5.702223] (-) TimerEvent: {}
[5.803112] (-) TimerEvent: {}
[5.904124] (-) TimerEvent: {}
[6.005121] (-) TimerEvent: {}
[6.106115] (-) TimerEvent: {}
[6.207126] (-) TimerEvent: {}
[6.308156] (-) TimerEvent: {}
[6.411139] (-) TimerEvent: {}
[6.512199] (-) TimerEvent: {}
[6.613113] (-) TimerEvent: {}
[6.714198] (-) TimerEvent: {}
[6.815087] (-) TimerEvent: {}
[6.916103] (-) TimerEvent: {}
[6.956102] (ur5_motion_planning) StderrLine: {'line': b'gmake[2]: *** [CMakeFiles/ur5_plan_and_analyze_node.dir/build.make:76: CMakeFiles/ur5_plan_and_analyze_node.dir/src/ur5_plan_and_analyze_node.cpp.o] Error 1\n'}
[6.956946] (ur5_motion_planning) StderrLine: {'line': b'gmake[1]: *** [CMakeFiles/Makefile2:137: CMakeFiles/ur5_plan_and_analyze_node.dir/all] Error 2\n'}
[6.957204] (ur5_motion_planning) StderrLine: {'line': b'gmake: *** [Makefile:146: all] Error 2\n'}
[6.959320] (ur5_motion_planning) CommandEnded: {'returncode': 2}
[6.979681] (ur5_motion_planning) JobEnded: {'identifier': 'ur5_motion_planning', 'rc': 2}
[6.991689] (-) EventReactorShutdown: {}
