[0.067s] DEBUG:colcon:Command line arguments: ['/usr/bin/colcon', 'build', '--symlink-install']
[0.067s] DEBUG:colcon:Parsed command line arguments: Namespace(log_base=None, log_level=None, verb_name='build', build_base='build', install_base='install', merge_install=False, symlink_install=True, test_result_base=None, continue_on_error=False, executor='parallel', parallel_workers=11, event_handlers=None, ignore_user_meta=False, metas=['./colcon.meta'], base_paths=['.'], packages_ignore=None, packages_ignore_regex=None, paths=None, packages_up_to=None, packages_up_to_regex=None, packages_above=None, packages_above_and_dependencies=None, packages_above_depth=None, packages_select_by_dep=None, packages_skip_by_dep=None, packages_skip_up_to=None, packages_select_build_failed=False, packages_skip_build_finished=False, packages_select_test_failures=False, packages_skip_test_passed=False, packages_select=None, packages_skip=None, packages_select_regex=None, packages_skip_regex=None, packages_start=None, packages_end=None, cmake_args=None, cmake_target=None, cmake_target_skip_unavailable=False, cmake_clean_cache=False, cmake_clean_first=False, cmake_force_configure=False, ament_cmake_args=None, catkin_cmake_args=None, catkin_skip_building_tests=False, mixin_files=None, mixin=None, verb_parser=<colcon_mixin.mixin.mixin_argument.MixinArgumentDecorator object at 0xffffbd3825f0>, verb_extension=<colcon_core.verb.build.BuildVerb object at 0xffffbd381bd0>, main=<bound method BuildVerb.main of <colcon_core.verb.build.BuildVerb object at 0xffffbd381bd0>>, mixin_verb=('build',))
[0.134s] Level 1:colcon.colcon_core.package_discovery:discover_packages(colcon_meta) check parameters
[0.135s] INFO:colcon.colcon_metadata.package_discovery.colcon_meta:Using configuration from '/root/.colcon/metadata/default/Gazebo.meta'
[0.135s] INFO:colcon.colcon_metadata.package_discovery.colcon_meta:Using configuration from '/root/.colcon/metadata/default/fastdds.meta'
[0.136s] INFO:colcon.colcon_metadata.package_discovery.colcon_meta:Using configuration from '/root/.colcon/metadata/default/fastrtps.meta'
[0.136s] Level 1:colcon.colcon_core.package_discovery:discover_packages(recursive) check parameters
[0.136s] Level 1:colcon.colcon_core.package_discovery:discover_packages(ignore) check parameters
[0.136s] Level 1:colcon.colcon_core.package_discovery:discover_packages(path) check parameters
[0.136s] Level 1:colcon.colcon_core.package_discovery:discover_packages(colcon_meta) discover
[0.136s] Level 1:colcon.colcon_core.package_discovery:discover_packages(recursive) discover
[0.136s] INFO:colcon.colcon_core.package_discovery:Crawling recursively for packages in '/workspace/ur5_ws'
[0.137s] Level 1:colcon.colcon_core.package_identification:_identify(.) by extensions ['ignore', 'ignore_ament_install']
[0.137s] Level 1:colcon.colcon_core.package_identification:_identify(.) by extension 'ignore'
[0.137s] Level 1:colcon.colcon_core.package_identification:_identify(.) by extension 'ignore_ament_install'
[0.137s] Level 1:colcon.colcon_core.package_identification:_identify(.) by extensions ['colcon_pkg']
[0.137s] Level 1:colcon.colcon_core.package_identification:_identify(.) by extension 'colcon_pkg'
[0.137s] Level 1:colcon.colcon_core.package_identification:_identify(.) by extensions ['colcon_meta']
[0.138s] Level 1:colcon.colcon_core.package_identification:_identify(.) by extension 'colcon_meta'
[0.138s] Level 1:colcon.colcon_core.package_identification:_identify(.) by extensions ['ros']
[0.138s] Level 1:colcon.colcon_core.package_identification:_identify(.) by extension 'ros'
[0.145s] Level 1:colcon.colcon_core.package_identification:_identify(.) by extensions ['cmake', 'python']
[0.145s] Level 1:colcon.colcon_core.package_identification:_identify(.) by extension 'cmake'
[0.145s] Level 1:colcon.colcon_core.package_identification:_identify(.) by extension 'python'
[0.145s] Level 1:colcon.colcon_core.package_identification:_identify(.) by extensions ['python_setup_py']
[0.145s] Level 1:colcon.colcon_core.package_identification:_identify(.) by extension 'python_setup_py'
[0.146s] Level 1:colcon.colcon_core.package_identification:_identify(build) by extensions ['ignore', 'ignore_ament_install']
[0.146s] Level 1:colcon.colcon_core.package_identification:_identify(build) by extension 'ignore'
[0.146s] Level 1:colcon.colcon_core.package_identification:_identify(build) ignored
[0.147s] Level 1:colcon.colcon_core.package_identification:_identify(install) by extensions ['ignore', 'ignore_ament_install']
[0.147s] Level 1:colcon.colcon_core.package_identification:_identify(install) by extension 'ignore'
[0.147s] Level 1:colcon.colcon_core.package_identification:_identify(install) ignored
[0.148s] Level 1:colcon.colcon_core.package_identification:_identify(log) by extensions ['ignore', 'ignore_ament_install']
[0.148s] Level 1:colcon.colcon_core.package_identification:_identify(log) by extension 'ignore'
[0.148s] Level 1:colcon.colcon_core.package_identification:_identify(log) ignored
[0.148s] Level 1:colcon.colcon_core.package_identification:_identify(src) by extensions ['ignore', 'ignore_ament_install']
[0.148s] Level 1:colcon.colcon_core.package_identification:_identify(src) by extension 'ignore'
[0.149s] Level 1:colcon.colcon_core.package_identification:_identify(src) by extension 'ignore_ament_install'
[0.149s] Level 1:colcon.colcon_core.package_identification:_identify(src) by extensions ['colcon_pkg']
[0.149s] Level 1:colcon.colcon_core.package_identification:_identify(src) by extension 'colcon_pkg'
[0.149s] Level 1:colcon.colcon_core.package_identification:_identify(src) by extensions ['colcon_meta']
[0.149s] Level 1:colcon.colcon_core.package_identification:_identify(src) by extension 'colcon_meta'
[0.149s] Level 1:colcon.colcon_core.package_identification:_identify(src) by extensions ['ros']
[0.149s] Level 1:colcon.colcon_core.package_identification:_identify(src) by extension 'ros'
[0.149s] Level 1:colcon.colcon_core.package_identification:_identify(src) by extensions ['cmake', 'python']
[0.150s] Level 1:colcon.colcon_core.package_identification:_identify(src) by extension 'cmake'
[0.150s] Level 1:colcon.colcon_core.package_identification:_identify(src) by extension 'python'
[0.150s] Level 1:colcon.colcon_core.package_identification:_identify(src) by extensions ['python_setup_py']
[0.150s] Level 1:colcon.colcon_core.package_identification:_identify(src) by extension 'python_setup_py'
[0.150s] Level 1:colcon.colcon_core.package_identification:_identify(src/Universal_Robots_ROS2_Description) by extensions ['ignore', 'ignore_ament_install']
[0.150s] Level 1:colcon.colcon_core.package_identification:_identify(src/Universal_Robots_ROS2_Description) by extension 'ignore'
[0.151s] Level 1:colcon.colcon_core.package_identification:_identify(src/Universal_Robots_ROS2_Description) by extension 'ignore_ament_install'
[0.151s] Level 1:colcon.colcon_core.package_identification:_identify(src/Universal_Robots_ROS2_Description) by extensions ['colcon_pkg']
[0.151s] Level 1:colcon.colcon_core.package_identification:_identify(src/Universal_Robots_ROS2_Description) by extension 'colcon_pkg'
[0.151s] Level 1:colcon.colcon_core.package_identification:_identify(src/Universal_Robots_ROS2_Description) by extensions ['colcon_meta']
[0.151s] Level 1:colcon.colcon_core.package_identification:_identify(src/Universal_Robots_ROS2_Description) by extension 'colcon_meta'
[0.151s] Level 1:colcon.colcon_core.package_identification:_identify(src/Universal_Robots_ROS2_Description) by extensions ['ros']
[0.151s] Level 1:colcon.colcon_core.package_identification:_identify(src/Universal_Robots_ROS2_Description) by extension 'ros'
[0.153s] DEBUG:colcon.colcon_core.package_identification:Package 'src/Universal_Robots_ROS2_Description' with type 'ros.ament_cmake' and name 'ur_description'
[0.154s] Level 1:colcon.colcon_core.package_identification:_identify(src/Universal_Robots_ROS2_Driver) by extensions ['ignore', 'ignore_ament_install']
[0.154s] Level 1:colcon.colcon_core.package_identification:_identify(src/Universal_Robots_ROS2_Driver) by extension 'ignore'
[0.154s] Level 1:colcon.colcon_core.package_identification:_identify(src/Universal_Robots_ROS2_Driver) by extension 'ignore_ament_install'
[0.154s] Level 1:colcon.colcon_core.package_identification:_identify(src/Universal_Robots_ROS2_Driver) by extensions ['colcon_pkg']
[0.154s] Level 1:colcon.colcon_core.package_identification:_identify(src/Universal_Robots_ROS2_Driver) by extension 'colcon_pkg'
[0.154s] Level 1:colcon.colcon_core.package_identification:_identify(src/Universal_Robots_ROS2_Driver) by extensions ['colcon_meta']
[0.155s] Level 1:colcon.colcon_core.package_identification:_identify(src/Universal_Robots_ROS2_Driver) by extension 'colcon_meta'
[0.155s] Level 1:colcon.colcon_core.package_identification:_identify(src/Universal_Robots_ROS2_Driver) by extensions ['ros']
[0.155s] Level 1:colcon.colcon_core.package_identification:_identify(src/Universal_Robots_ROS2_Driver) by extension 'ros'
[0.155s] Level 1:colcon.colcon_core.package_identification:_identify(src/Universal_Robots_ROS2_Driver) by extensions ['cmake', 'python']
[0.155s] Level 1:colcon.colcon_core.package_identification:_identify(src/Universal_Robots_ROS2_Driver) by extension 'cmake'
[0.155s] Level 1:colcon.colcon_core.package_identification:_identify(src/Universal_Robots_ROS2_Driver) by extension 'python'
[0.155s] Level 1:colcon.colcon_core.package_identification:_identify(src/Universal_Robots_ROS2_Driver) by extensions ['python_setup_py']
[0.155s] Level 1:colcon.colcon_core.package_identification:_identify(src/Universal_Robots_ROS2_Driver) by extension 'python_setup_py'
[0.156s] Level 1:colcon.colcon_core.package_identification:_identify(src/Universal_Robots_ROS2_Driver/ur) by extensions ['ignore', 'ignore_ament_install']
[0.156s] Level 1:colcon.colcon_core.package_identification:_identify(src/Universal_Robots_ROS2_Driver/ur) by extension 'ignore'
[0.156s] Level 1:colcon.colcon_core.package_identification:_identify(src/Universal_Robots_ROS2_Driver/ur) by extension 'ignore_ament_install'
[0.156s] Level 1:colcon.colcon_core.package_identification:_identify(src/Universal_Robots_ROS2_Driver/ur) by extensions ['colcon_pkg']
[0.156s] Level 1:colcon.colcon_core.package_identification:_identify(src/Universal_Robots_ROS2_Driver/ur) by extension 'colcon_pkg'
[0.156s] Level 1:colcon.colcon_core.package_identification:_identify(src/Universal_Robots_ROS2_Driver/ur) by extensions ['colcon_meta']
[0.156s] Level 1:colcon.colcon_core.package_identification:_identify(src/Universal_Robots_ROS2_Driver/ur) by extension 'colcon_meta'
[0.156s] Level 1:colcon.colcon_core.package_identification:_identify(src/Universal_Robots_ROS2_Driver/ur) by extensions ['ros']
[0.157s] Level 1:colcon.colcon_core.package_identification:_identify(src/Universal_Robots_ROS2_Driver/ur) by extension 'ros'
[0.157s] DEBUG:colcon.colcon_core.package_identification:Package 'src/Universal_Robots_ROS2_Driver/ur' with type 'ros.ament_cmake' and name 'ur'
[0.158s] Level 1:colcon.colcon_core.package_identification:_identify(src/Universal_Robots_ROS2_Driver/ur_calibration) by extensions ['ignore', 'ignore_ament_install']
[0.158s] Level 1:colcon.colcon_core.package_identification:_identify(src/Universal_Robots_ROS2_Driver/ur_calibration) by extension 'ignore'
[0.158s] Level 1:colcon.colcon_core.package_identification:_identify(src/Universal_Robots_ROS2_Driver/ur_calibration) by extension 'ignore_ament_install'
[0.158s] Level 1:colcon.colcon_core.package_identification:_identify(src/Universal_Robots_ROS2_Driver/ur_calibration) by extensions ['colcon_pkg']
[0.158s] Level 1:colcon.colcon_core.package_identification:_identify(src/Universal_Robots_ROS2_Driver/ur_calibration) by extension 'colcon_pkg'
[0.158s] Level 1:colcon.colcon_core.package_identification:_identify(src/Universal_Robots_ROS2_Driver/ur_calibration) by extensions ['colcon_meta']
[0.158s] Level 1:colcon.colcon_core.package_identification:_identify(src/Universal_Robots_ROS2_Driver/ur_calibration) by extension 'colcon_meta'
[0.158s] Level 1:colcon.colcon_core.package_identification:_identify(src/Universal_Robots_ROS2_Driver/ur_calibration) by extensions ['ros']
[0.158s] Level 1:colcon.colcon_core.package_identification:_identify(src/Universal_Robots_ROS2_Driver/ur_calibration) by extension 'ros'
[0.159s] DEBUG:colcon.colcon_core.package_identification:Package 'src/Universal_Robots_ROS2_Driver/ur_calibration' with type 'ros.ament_cmake' and name 'ur_calibration'
[0.160s] Level 1:colcon.colcon_core.package_identification:_identify(src/Universal_Robots_ROS2_Driver/ur_controllers) by extensions ['ignore', 'ignore_ament_install']
[0.160s] Level 1:colcon.colcon_core.package_identification:_identify(src/Universal_Robots_ROS2_Driver/ur_controllers) by extension 'ignore'
[0.160s] Level 1:colcon.colcon_core.package_identification:_identify(src/Universal_Robots_ROS2_Driver/ur_controllers) by extension 'ignore_ament_install'
[0.160s] Level 1:colcon.colcon_core.package_identification:_identify(src/Universal_Robots_ROS2_Driver/ur_controllers) by extensions ['colcon_pkg']
[0.160s] Level 1:colcon.colcon_core.package_identification:_identify(src/Universal_Robots_ROS2_Driver/ur_controllers) by extension 'colcon_pkg'
[0.160s] Level 1:colcon.colcon_core.package_identification:_identify(src/Universal_Robots_ROS2_Driver/ur_controllers) by extensions ['colcon_meta']
[0.160s] Level 1:colcon.colcon_core.package_identification:_identify(src/Universal_Robots_ROS2_Driver/ur_controllers) by extension 'colcon_meta'
[0.161s] Level 1:colcon.colcon_core.package_identification:_identify(src/Universal_Robots_ROS2_Driver/ur_controllers) by extensions ['ros']
[0.161s] Level 1:colcon.colcon_core.package_identification:_identify(src/Universal_Robots_ROS2_Driver/ur_controllers) by extension 'ros'
[0.162s] DEBUG:colcon.colcon_core.package_identification:Package 'src/Universal_Robots_ROS2_Driver/ur_controllers' with type 'ros.ament_cmake' and name 'ur_controllers'
[0.163s] Level 1:colcon.colcon_core.package_identification:_identify(src/Universal_Robots_ROS2_Driver/ur_dashboard_msgs) by extensions ['ignore', 'ignore_ament_install']
[0.163s] Level 1:colcon.colcon_core.package_identification:_identify(src/Universal_Robots_ROS2_Driver/ur_dashboard_msgs) by extension 'ignore'
[0.163s] Level 1:colcon.colcon_core.package_identification:_identify(src/Universal_Robots_ROS2_Driver/ur_dashboard_msgs) by extension 'ignore_ament_install'
[0.163s] Level 1:colcon.colcon_core.package_identification:_identify(src/Universal_Robots_ROS2_Driver/ur_dashboard_msgs) by extensions ['colcon_pkg']
[0.163s] Level 1:colcon.colcon_core.package_identification:_identify(src/Universal_Robots_ROS2_Driver/ur_dashboard_msgs) by extension 'colcon_pkg'
[0.163s] Level 1:colcon.colcon_core.package_identification:_identify(src/Universal_Robots_ROS2_Driver/ur_dashboard_msgs) by extensions ['colcon_meta']
[0.163s] Level 1:colcon.colcon_core.package_identification:_identify(src/Universal_Robots_ROS2_Driver/ur_dashboard_msgs) by extension 'colcon_meta'
[0.163s] Level 1:colcon.colcon_core.package_identification:_identify(src/Universal_Robots_ROS2_Driver/ur_dashboard_msgs) by extensions ['ros']
[0.163s] Level 1:colcon.colcon_core.package_identification:_identify(src/Universal_Robots_ROS2_Driver/ur_dashboard_msgs) by extension 'ros'
[0.164s] DEBUG:colcon.colcon_core.package_identification:Package 'src/Universal_Robots_ROS2_Driver/ur_dashboard_msgs' with type 'ros.ament_cmake' and name 'ur_dashboard_msgs'
[0.165s] Level 1:colcon.colcon_core.package_identification:_identify(src/Universal_Robots_ROS2_Driver/ur_moveit_config) by extensions ['ignore', 'ignore_ament_install']
[0.165s] Level 1:colcon.colcon_core.package_identification:_identify(src/Universal_Robots_ROS2_Driver/ur_moveit_config) by extension 'ignore'
[0.165s] Level 1:colcon.colcon_core.package_identification:_identify(src/Universal_Robots_ROS2_Driver/ur_moveit_config) by extension 'ignore_ament_install'
[0.165s] Level 1:colcon.colcon_core.package_identification:_identify(src/Universal_Robots_ROS2_Driver/ur_moveit_config) by extensions ['colcon_pkg']
[0.165s] Level 1:colcon.colcon_core.package_identification:_identify(src/Universal_Robots_ROS2_Driver/ur_moveit_config) by extension 'colcon_pkg'
[0.165s] Level 1:colcon.colcon_core.package_identification:_identify(src/Universal_Robots_ROS2_Driver/ur_moveit_config) by extensions ['colcon_meta']
[0.165s] Level 1:colcon.colcon_core.package_identification:_identify(src/Universal_Robots_ROS2_Driver/ur_moveit_config) by extension 'colcon_meta'
[0.165s] Level 1:colcon.colcon_core.package_identification:_identify(src/Universal_Robots_ROS2_Driver/ur_moveit_config) by extensions ['ros']
[0.165s] Level 1:colcon.colcon_core.package_identification:_identify(src/Universal_Robots_ROS2_Driver/ur_moveit_config) by extension 'ros'
[0.166s] DEBUG:colcon.colcon_core.package_identification:Package 'src/Universal_Robots_ROS2_Driver/ur_moveit_config' with type 'ros.ament_cmake' and name 'ur_moveit_config'
[0.167s] Level 1:colcon.colcon_core.package_identification:_identify(src/Universal_Robots_ROS2_Driver/ur_robot_driver) by extensions ['ignore', 'ignore_ament_install']
[0.167s] Level 1:colcon.colcon_core.package_identification:_identify(src/Universal_Robots_ROS2_Driver/ur_robot_driver) by extension 'ignore'
[0.167s] Level 1:colcon.colcon_core.package_identification:_identify(src/Universal_Robots_ROS2_Driver/ur_robot_driver) by extension 'ignore_ament_install'
[0.167s] Level 1:colcon.colcon_core.package_identification:_identify(src/Universal_Robots_ROS2_Driver/ur_robot_driver) by extensions ['colcon_pkg']
[0.167s] Level 1:colcon.colcon_core.package_identification:_identify(src/Universal_Robots_ROS2_Driver/ur_robot_driver) by extension 'colcon_pkg'
[0.167s] Level 1:colcon.colcon_core.package_identification:_identify(src/Universal_Robots_ROS2_Driver/ur_robot_driver) by extensions ['colcon_meta']
[0.167s] Level 1:colcon.colcon_core.package_identification:_identify(src/Universal_Robots_ROS2_Driver/ur_robot_driver) by extension 'colcon_meta'
[0.167s] Level 1:colcon.colcon_core.package_identification:_identify(src/Universal_Robots_ROS2_Driver/ur_robot_driver) by extensions ['ros']
[0.167s] Level 1:colcon.colcon_core.package_identification:_identify(src/Universal_Robots_ROS2_Driver/ur_robot_driver) by extension 'ros'
[0.170s] DEBUG:colcon.colcon_core.package_identification:Package 'src/Universal_Robots_ROS2_Driver/ur_robot_driver' with type 'ros.ament_cmake' and name 'ur_robot_driver'
[0.170s] Level 1:colcon.colcon_core.package_identification:_identify(src/ur5_kdl_ik) by extensions ['ignore', 'ignore_ament_install']
[0.171s] Level 1:colcon.colcon_core.package_identification:_identify(src/ur5_kdl_ik) by extension 'ignore'
[0.171s] Level 1:colcon.colcon_core.package_identification:_identify(src/ur5_kdl_ik) by extension 'ignore_ament_install'
[0.171s] Level 1:colcon.colcon_core.package_identification:_identify(src/ur5_kdl_ik) by extensions ['colcon_pkg']
[0.171s] Level 1:colcon.colcon_core.package_identification:_identify(src/ur5_kdl_ik) by extension 'colcon_pkg'
[0.171s] Level 1:colcon.colcon_core.package_identification:_identify(src/ur5_kdl_ik) by extensions ['colcon_meta']
[0.171s] Level 1:colcon.colcon_core.package_identification:_identify(src/ur5_kdl_ik) by extension 'colcon_meta'
[0.171s] Level 1:colcon.colcon_core.package_identification:_identify(src/ur5_kdl_ik) by extensions ['ros']
[0.171s] Level 1:colcon.colcon_core.package_identification:_identify(src/ur5_kdl_ik) by extension 'ros'
[0.172s] DEBUG:colcon.colcon_core.package_identification:Package 'src/ur5_kdl_ik' with type 'ros.ament_cmake' and name 'ur5_kdl_ik'
[0.172s] Level 1:colcon.colcon_core.package_identification:_identify(src/ur5_minimal_moveit) by extensions ['ignore', 'ignore_ament_install']
[0.173s] Level 1:colcon.colcon_core.package_identification:_identify(src/ur5_minimal_moveit) by extension 'ignore'
[0.173s] Level 1:colcon.colcon_core.package_identification:_identify(src/ur5_minimal_moveit) by extension 'ignore_ament_install'
[0.173s] Level 1:colcon.colcon_core.package_identification:_identify(src/ur5_minimal_moveit) by extensions ['colcon_pkg']
[0.173s] Level 1:colcon.colcon_core.package_identification:_identify(src/ur5_minimal_moveit) by extension 'colcon_pkg'
[0.173s] Level 1:colcon.colcon_core.package_identification:_identify(src/ur5_minimal_moveit) by extensions ['colcon_meta']
[0.173s] Level 1:colcon.colcon_core.package_identification:_identify(src/ur5_minimal_moveit) by extension 'colcon_meta'
[0.173s] Level 1:colcon.colcon_core.package_identification:_identify(src/ur5_minimal_moveit) by extensions ['ros']
[0.173s] Level 1:colcon.colcon_core.package_identification:_identify(src/ur5_minimal_moveit) by extension 'ros'
[0.174s] DEBUG:colcon.colcon_core.package_identification:Package 'src/ur5_minimal_moveit' with type 'ros.ament_python' and name 'ur5_minimal_moveit'
[0.174s] Level 1:colcon.colcon_core.package_identification:_identify(src/ur5_motion_planning) by extensions ['ignore', 'ignore_ament_install']
[0.175s] Level 1:colcon.colcon_core.package_identification:_identify(src/ur5_motion_planning) by extension 'ignore'
[0.175s] Level 1:colcon.colcon_core.package_identification:_identify(src/ur5_motion_planning) by extension 'ignore_ament_install'
[0.175s] Level 1:colcon.colcon_core.package_identification:_identify(src/ur5_motion_planning) by extensions ['colcon_pkg']
[0.175s] Level 1:colcon.colcon_core.package_identification:_identify(src/ur5_motion_planning) by extension 'colcon_pkg'
[0.175s] Level 1:colcon.colcon_core.package_identification:_identify(src/ur5_motion_planning) by extensions ['colcon_meta']
[0.175s] Level 1:colcon.colcon_core.package_identification:_identify(src/ur5_motion_planning) by extension 'colcon_meta'
[0.175s] Level 1:colcon.colcon_core.package_identification:_identify(src/ur5_motion_planning) by extensions ['ros']
[0.175s] Level 1:colcon.colcon_core.package_identification:_identify(src/ur5_motion_planning) by extension 'ros'
[0.176s] DEBUG:colcon.colcon_core.package_identification:Package 'src/ur5_motion_planning' with type 'ros.ament_cmake' and name 'ur5_motion_planning'
[0.176s] Level 1:colcon.colcon_core.package_discovery:discover_packages(recursive) using defaults
[0.176s] Level 1:colcon.colcon_core.package_discovery:discover_packages(ignore) discover
[0.177s] Level 1:colcon.colcon_core.package_discovery:discover_packages(ignore) using defaults
[0.177s] Level 1:colcon.colcon_core.package_discovery:discover_packages(path) discover
[0.177s] Level 1:colcon.colcon_core.package_discovery:discover_packages(path) using defaults
[0.192s] Level 5:colcon.colcon_core.verb:set package 'ur_dashboard_msgs' build argument 'cmake_args' from command line to 'None'
[0.192s] Level 5:colcon.colcon_core.verb:set package 'ur_dashboard_msgs' build argument 'cmake_target' from command line to 'None'
[0.192s] Level 5:colcon.colcon_core.verb:set package 'ur_dashboard_msgs' build argument 'cmake_target_skip_unavailable' from command line to 'False'
[0.192s] Level 5:colcon.colcon_core.verb:set package 'ur_dashboard_msgs' build argument 'cmake_clean_cache' from command line to 'False'
[0.192s] Level 5:colcon.colcon_core.verb:set package 'ur_dashboard_msgs' build argument 'cmake_clean_first' from command line to 'False'
[0.192s] Level 5:colcon.colcon_core.verb:set package 'ur_dashboard_msgs' build argument 'cmake_force_configure' from command line to 'False'
[0.192s] Level 5:colcon.colcon_core.verb:set package 'ur_dashboard_msgs' build argument 'ament_cmake_args' from command line to 'None'
[0.192s] Level 5:colcon.colcon_core.verb:set package 'ur_dashboard_msgs' build argument 'catkin_cmake_args' from command line to 'None'
[0.192s] Level 5:colcon.colcon_core.verb:set package 'ur_dashboard_msgs' build argument 'catkin_skip_building_tests' from command line to 'False'
[0.192s] DEBUG:colcon.colcon_core.verb:Building package 'ur_dashboard_msgs' with the following arguments: {'ament_cmake_args': None, 'build_base': '/workspace/ur5_ws/build/ur_dashboard_msgs', 'catkin_cmake_args': None, 'catkin_skip_building_tests': False, 'cmake_args': None, 'cmake_clean_cache': False, 'cmake_clean_first': False, 'cmake_force_configure': False, 'cmake_target': None, 'cmake_target_skip_unavailable': False, 'install_base': '/workspace/ur5_ws/install/ur_dashboard_msgs', 'merge_install': False, 'path': '/workspace/ur5_ws/src/Universal_Robots_ROS2_Driver/ur_dashboard_msgs', 'symlink_install': True, 'test_result_base': None}
[0.193s] Level 5:colcon.colcon_core.verb:set package 'ur_description' build argument 'cmake_args' from command line to 'None'
[0.193s] Level 5:colcon.colcon_core.verb:set package 'ur_description' build argument 'cmake_target' from command line to 'None'
[0.193s] Level 5:colcon.colcon_core.verb:set package 'ur_description' build argument 'cmake_target_skip_unavailable' from command line to 'False'
[0.193s] Level 5:colcon.colcon_core.verb:set package 'ur_description' build argument 'cmake_clean_cache' from command line to 'False'
[0.193s] Level 5:colcon.colcon_core.verb:set package 'ur_description' build argument 'cmake_clean_first' from command line to 'False'
[0.193s] Level 5:colcon.colcon_core.verb:set package 'ur_description' build argument 'cmake_force_configure' from command line to 'False'
[0.193s] Level 5:colcon.colcon_core.verb:set package 'ur_description' build argument 'ament_cmake_args' from command line to 'None'
[0.193s] Level 5:colcon.colcon_core.verb:set package 'ur_description' build argument 'catkin_cmake_args' from command line to 'None'
[0.193s] Level 5:colcon.colcon_core.verb:set package 'ur_description' build argument 'catkin_skip_building_tests' from command line to 'False'
[0.193s] DEBUG:colcon.colcon_core.verb:Building package 'ur_description' with the following arguments: {'ament_cmake_args': None, 'build_base': '/workspace/ur5_ws/build/ur_description', 'catkin_cmake_args': None, 'catkin_skip_building_tests': False, 'cmake_args': None, 'cmake_clean_cache': False, 'cmake_clean_first': False, 'cmake_force_configure': False, 'cmake_target': None, 'cmake_target_skip_unavailable': False, 'install_base': '/workspace/ur5_ws/install/ur_description', 'merge_install': False, 'path': '/workspace/ur5_ws/src/Universal_Robots_ROS2_Description', 'symlink_install': True, 'test_result_base': None}
[0.194s] Level 5:colcon.colcon_core.verb:set package 'ur_controllers' build argument 'cmake_args' from command line to 'None'
[0.194s] Level 5:colcon.colcon_core.verb:set package 'ur_controllers' build argument 'cmake_target' from command line to 'None'
[0.194s] Level 5:colcon.colcon_core.verb:set package 'ur_controllers' build argument 'cmake_target_skip_unavailable' from command line to 'False'
[0.194s] Level 5:colcon.colcon_core.verb:set package 'ur_controllers' build argument 'cmake_clean_cache' from command line to 'False'
[0.194s] Level 5:colcon.colcon_core.verb:set package 'ur_controllers' build argument 'cmake_clean_first' from command line to 'False'
[0.194s] Level 5:colcon.colcon_core.verb:set package 'ur_controllers' build argument 'cmake_force_configure' from command line to 'False'
[0.194s] Level 5:colcon.colcon_core.verb:set package 'ur_controllers' build argument 'ament_cmake_args' from command line to 'None'
[0.194s] Level 5:colcon.colcon_core.verb:set package 'ur_controllers' build argument 'catkin_cmake_args' from command line to 'None'
[0.194s] Level 5:colcon.colcon_core.verb:set package 'ur_controllers' build argument 'catkin_skip_building_tests' from command line to 'False'
[0.194s] DEBUG:colcon.colcon_core.verb:Building package 'ur_controllers' with the following arguments: {'ament_cmake_args': None, 'build_base': '/workspace/ur5_ws/build/ur_controllers', 'catkin_cmake_args': None, 'catkin_skip_building_tests': False, 'cmake_args': None, 'cmake_clean_cache': False, 'cmake_clean_first': False, 'cmake_force_configure': False, 'cmake_target': None, 'cmake_target_skip_unavailable': False, 'install_base': '/workspace/ur5_ws/install/ur_controllers', 'merge_install': False, 'path': '/workspace/ur5_ws/src/Universal_Robots_ROS2_Driver/ur_controllers', 'symlink_install': True, 'test_result_base': None}
[0.194s] Level 5:colcon.colcon_core.verb:set package 'ur_moveit_config' build argument 'cmake_args' from command line to 'None'
[0.194s] Level 5:colcon.colcon_core.verb:set package 'ur_moveit_config' build argument 'cmake_target' from command line to 'None'
[0.195s] Level 5:colcon.colcon_core.verb:set package 'ur_moveit_config' build argument 'cmake_target_skip_unavailable' from command line to 'False'
[0.195s] Level 5:colcon.colcon_core.verb:set package 'ur_moveit_config' build argument 'cmake_clean_cache' from command line to 'False'
[0.195s] Level 5:colcon.colcon_core.verb:set package 'ur_moveit_config' build argument 'cmake_clean_first' from command line to 'False'
[0.195s] Level 5:colcon.colcon_core.verb:set package 'ur_moveit_config' build argument 'cmake_force_configure' from command line to 'False'
[0.195s] Level 5:colcon.colcon_core.verb:set package 'ur_moveit_config' build argument 'ament_cmake_args' from command line to 'None'
[0.195s] Level 5:colcon.colcon_core.verb:set package 'ur_moveit_config' build argument 'catkin_cmake_args' from command line to 'None'
[0.195s] Level 5:colcon.colcon_core.verb:set package 'ur_moveit_config' build argument 'catkin_skip_building_tests' from command line to 'False'
[0.195s] DEBUG:colcon.colcon_core.verb:Building package 'ur_moveit_config' with the following arguments: {'ament_cmake_args': None, 'build_base': '/workspace/ur5_ws/build/ur_moveit_config', 'catkin_cmake_args': None, 'catkin_skip_building_tests': False, 'cmake_args': None, 'cmake_clean_cache': False, 'cmake_clean_first': False, 'cmake_force_configure': False, 'cmake_target': None, 'cmake_target_skip_unavailable': False, 'install_base': '/workspace/ur5_ws/install/ur_moveit_config', 'merge_install': False, 'path': '/workspace/ur5_ws/src/Universal_Robots_ROS2_Driver/ur_moveit_config', 'symlink_install': True, 'test_result_base': None}
[0.195s] Level 5:colcon.colcon_core.verb:set package 'ur5_kdl_ik' build argument 'cmake_args' from command line to 'None'
[0.195s] Level 5:colcon.colcon_core.verb:set package 'ur5_kdl_ik' build argument 'cmake_target' from command line to 'None'
[0.195s] Level 5:colcon.colcon_core.verb:set package 'ur5_kdl_ik' build argument 'cmake_target_skip_unavailable' from command line to 'False'
[0.195s] Level 5:colcon.colcon_core.verb:set package 'ur5_kdl_ik' build argument 'cmake_clean_cache' from command line to 'False'
[0.196s] Level 5:colcon.colcon_core.verb:set package 'ur5_kdl_ik' build argument 'cmake_clean_first' from command line to 'False'
[0.196s] Level 5:colcon.colcon_core.verb:set package 'ur5_kdl_ik' build argument 'cmake_force_configure' from command line to 'False'
[0.196s] Level 5:colcon.colcon_core.verb:set package 'ur5_kdl_ik' build argument 'ament_cmake_args' from command line to 'None'
[0.196s] Level 5:colcon.colcon_core.verb:set package 'ur5_kdl_ik' build argument 'catkin_cmake_args' from command line to 'None'
[0.196s] Level 5:colcon.colcon_core.verb:set package 'ur5_kdl_ik' build argument 'catkin_skip_building_tests' from command line to 'False'
[0.196s] DEBUG:colcon.colcon_core.verb:Building package 'ur5_kdl_ik' with the following arguments: {'ament_cmake_args': None, 'build_base': '/workspace/ur5_ws/build/ur5_kdl_ik', 'catkin_cmake_args': None, 'catkin_skip_building_tests': False, 'cmake_args': None, 'cmake_clean_cache': False, 'cmake_clean_first': False, 'cmake_force_configure': False, 'cmake_target': None, 'cmake_target_skip_unavailable': False, 'install_base': '/workspace/ur5_ws/install/ur5_kdl_ik', 'merge_install': False, 'path': '/workspace/ur5_ws/src/ur5_kdl_ik', 'symlink_install': True, 'test_result_base': None}
[0.196s] Level 5:colcon.colcon_core.verb:set package 'ur5_minimal_moveit' build argument 'cmake_args' from command line to 'None'
[0.196s] Level 5:colcon.colcon_core.verb:set package 'ur5_minimal_moveit' build argument 'cmake_target' from command line to 'None'
[0.196s] Level 5:colcon.colcon_core.verb:set package 'ur5_minimal_moveit' build argument 'cmake_target_skip_unavailable' from command line to 'False'
[0.196s] Level 5:colcon.colcon_core.verb:set package 'ur5_minimal_moveit' build argument 'cmake_clean_cache' from command line to 'False'
[0.196s] Level 5:colcon.colcon_core.verb:set package 'ur5_minimal_moveit' build argument 'cmake_clean_first' from command line to 'False'
[0.196s] Level 5:colcon.colcon_core.verb:set package 'ur5_minimal_moveit' build argument 'cmake_force_configure' from command line to 'False'
[0.196s] Level 5:colcon.colcon_core.verb:set package 'ur5_minimal_moveit' build argument 'ament_cmake_args' from command line to 'None'
[0.197s] Level 5:colcon.colcon_core.verb:set package 'ur5_minimal_moveit' build argument 'catkin_cmake_args' from command line to 'None'
[0.197s] Level 5:colcon.colcon_core.verb:set package 'ur5_minimal_moveit' build argument 'catkin_skip_building_tests' from command line to 'False'
[0.197s] DEBUG:colcon.colcon_core.verb:Building package 'ur5_minimal_moveit' with the following arguments: {'ament_cmake_args': None, 'build_base': '/workspace/ur5_ws/build/ur5_minimal_moveit', 'catkin_cmake_args': None, 'catkin_skip_building_tests': False, 'cmake_args': None, 'cmake_clean_cache': False, 'cmake_clean_first': False, 'cmake_force_configure': False, 'cmake_target': None, 'cmake_target_skip_unavailable': False, 'install_base': '/workspace/ur5_ws/install/ur5_minimal_moveit', 'merge_install': False, 'path': '/workspace/ur5_ws/src/ur5_minimal_moveit', 'symlink_install': True, 'test_result_base': None}
[0.197s] Level 5:colcon.colcon_core.verb:set package 'ur_robot_driver' build argument 'cmake_args' from command line to 'None'
[0.197s] Level 5:colcon.colcon_core.verb:set package 'ur_robot_driver' build argument 'cmake_target' from command line to 'None'
[0.197s] Level 5:colcon.colcon_core.verb:set package 'ur_robot_driver' build argument 'cmake_target_skip_unavailable' from command line to 'False'
[0.197s] Level 5:colcon.colcon_core.verb:set package 'ur_robot_driver' build argument 'cmake_clean_cache' from command line to 'False'
[0.197s] Level 5:colcon.colcon_core.verb:set package 'ur_robot_driver' build argument 'cmake_clean_first' from command line to 'False'
[0.197s] Level 5:colcon.colcon_core.verb:set package 'ur_robot_driver' build argument 'cmake_force_configure' from command line to 'False'
[0.197s] Level 5:colcon.colcon_core.verb:set package 'ur_robot_driver' build argument 'ament_cmake_args' from command line to 'None'
[0.197s] Level 5:colcon.colcon_core.verb:set package 'ur_robot_driver' build argument 'catkin_cmake_args' from command line to 'None'
[0.198s] Level 5:colcon.colcon_core.verb:set package 'ur_robot_driver' build argument 'catkin_skip_building_tests' from command line to 'False'
[0.198s] DEBUG:colcon.colcon_core.verb:Building package 'ur_robot_driver' with the following arguments: {'ament_cmake_args': None, 'build_base': '/workspace/ur5_ws/build/ur_robot_driver', 'catkin_cmake_args': None, 'catkin_skip_building_tests': False, 'cmake_args': None, 'cmake_clean_cache': False, 'cmake_clean_first': False, 'cmake_force_configure': False, 'cmake_target': None, 'cmake_target_skip_unavailable': False, 'install_base': '/workspace/ur5_ws/install/ur_robot_driver', 'merge_install': False, 'path': '/workspace/ur5_ws/src/Universal_Robots_ROS2_Driver/ur_robot_driver', 'symlink_install': True, 'test_result_base': None}
[0.198s] Level 5:colcon.colcon_core.verb:set package 'ur5_motion_planning' build argument 'cmake_args' from command line to 'None'
[0.198s] Level 5:colcon.colcon_core.verb:set package 'ur5_motion_planning' build argument 'cmake_target' from command line to 'None'
[0.198s] Level 5:colcon.colcon_core.verb:set package 'ur5_motion_planning' build argument 'cmake_target_skip_unavailable' from command line to 'False'
[0.198s] Level 5:colcon.colcon_core.verb:set package 'ur5_motion_planning' build argument 'cmake_clean_cache' from command line to 'False'
[0.198s] Level 5:colcon.colcon_core.verb:set package 'ur5_motion_planning' build argument 'cmake_clean_first' from command line to 'False'
[0.198s] Level 5:colcon.colcon_core.verb:set package 'ur5_motion_planning' build argument 'cmake_force_configure' from command line to 'False'
[0.198s] Level 5:colcon.colcon_core.verb:set package 'ur5_motion_planning' build argument 'ament_cmake_args' from command line to 'None'
[0.198s] Level 5:colcon.colcon_core.verb:set package 'ur5_motion_planning' build argument 'catkin_cmake_args' from command line to 'None'
[0.198s] Level 5:colcon.colcon_core.verb:set package 'ur5_motion_planning' build argument 'catkin_skip_building_tests' from command line to 'False'
[0.198s] DEBUG:colcon.colcon_core.verb:Building package 'ur5_motion_planning' with the following arguments: {'ament_cmake_args': None, 'build_base': '/workspace/ur5_ws/build/ur5_motion_planning', 'catkin_cmake_args': None, 'catkin_skip_building_tests': False, 'cmake_args': None, 'cmake_clean_cache': False, 'cmake_clean_first': False, 'cmake_force_configure': False, 'cmake_target': None, 'cmake_target_skip_unavailable': False, 'install_base': '/workspace/ur5_ws/install/ur5_motion_planning', 'merge_install': False, 'path': '/workspace/ur5_ws/src/ur5_motion_planning', 'symlink_install': True, 'test_result_base': None}
[0.199s] Level 5:colcon.colcon_core.verb:set package 'ur_calibration' build argument 'cmake_args' from command line to 'None'
[0.199s] Level 5:colcon.colcon_core.verb:set package 'ur_calibration' build argument 'cmake_target' from command line to 'None'
[0.199s] Level 5:colcon.colcon_core.verb:set package 'ur_calibration' build argument 'cmake_target_skip_unavailable' from command line to 'False'
[0.199s] Level 5:colcon.colcon_core.verb:set package 'ur_calibration' build argument 'cmake_clean_cache' from command line to 'False'
[0.199s] Level 5:colcon.colcon_core.verb:set package 'ur_calibration' build argument 'cmake_clean_first' from command line to 'False'
[0.199s] Level 5:colcon.colcon_core.verb:set package 'ur_calibration' build argument 'cmake_force_configure' from command line to 'False'
[0.199s] Level 5:colcon.colcon_core.verb:set package 'ur_calibration' build argument 'ament_cmake_args' from command line to 'None'
[0.199s] Level 5:colcon.colcon_core.verb:set package 'ur_calibration' build argument 'catkin_cmake_args' from command line to 'None'
[0.199s] Level 5:colcon.colcon_core.verb:set package 'ur_calibration' build argument 'catkin_skip_building_tests' from command line to 'False'
[0.199s] DEBUG:colcon.colcon_core.verb:Building package 'ur_calibration' with the following arguments: {'ament_cmake_args': None, 'build_base': '/workspace/ur5_ws/build/ur_calibration', 'catkin_cmake_args': None, 'catkin_skip_building_tests': False, 'cmake_args': None, 'cmake_clean_cache': False, 'cmake_clean_first': False, 'cmake_force_configure': False, 'cmake_target': None, 'cmake_target_skip_unavailable': False, 'install_base': '/workspace/ur5_ws/install/ur_calibration', 'merge_install': False, 'path': '/workspace/ur5_ws/src/Universal_Robots_ROS2_Driver/ur_calibration', 'symlink_install': True, 'test_result_base': None}
[0.199s] Level 5:colcon.colcon_core.verb:set package 'ur' build argument 'cmake_args' from command line to 'None'
[0.200s] Level 5:colcon.colcon_core.verb:set package 'ur' build argument 'cmake_target' from command line to 'None'
[0.200s] Level 5:colcon.colcon_core.verb:set package 'ur' build argument 'cmake_target_skip_unavailable' from command line to 'False'
[0.200s] Level 5:colcon.colcon_core.verb:set package 'ur' build argument 'cmake_clean_cache' from command line to 'False'
[0.200s] Level 5:colcon.colcon_core.verb:set package 'ur' build argument 'cmake_clean_first' from command line to 'False'
[0.200s] Level 5:colcon.colcon_core.verb:set package 'ur' build argument 'cmake_force_configure' from command line to 'False'
[0.200s] Level 5:colcon.colcon_core.verb:set package 'ur' build argument 'ament_cmake_args' from command line to 'None'
[0.200s] Level 5:colcon.colcon_core.verb:set package 'ur' build argument 'catkin_cmake_args' from command line to 'None'
[0.200s] Level 5:colcon.colcon_core.verb:set package 'ur' build argument 'catkin_skip_building_tests' from command line to 'False'
[0.200s] DEBUG:colcon.colcon_core.verb:Building package 'ur' with the following arguments: {'ament_cmake_args': None, 'build_base': '/workspace/ur5_ws/build/ur', 'catkin_cmake_args': None, 'catkin_skip_building_tests': False, 'cmake_args': None, 'cmake_clean_cache': False, 'cmake_clean_first': False, 'cmake_force_configure': False, 'cmake_target': None, 'cmake_target_skip_unavailable': False, 'install_base': '/workspace/ur5_ws/install/ur', 'merge_install': False, 'path': '/workspace/ur5_ws/src/Universal_Robots_ROS2_Driver/ur', 'symlink_install': True, 'test_result_base': None}
[0.200s] INFO:colcon.colcon_core.executor:Executing jobs using 'parallel' executor
[0.201s] DEBUG:colcon.colcon_parallel_executor.executor.parallel:run_until_complete
[0.201s] INFO:colcon.colcon_ros.task.ament_cmake.build:Building ROS package in '/workspace/ur5_ws/src/Universal_Robots_ROS2_Description' with build type 'ament_cmake'
[0.201s] INFO:colcon.colcon_cmake.task.cmake.build:Building CMake package in '/workspace/ur5_ws/src/Universal_Robots_ROS2_Description'
[0.202s] INFO:colcon.colcon_core.plugin_system:Skipping extension 'colcon_core.shell.bat': Not used on non-Windows systems
[0.202s] INFO:colcon.colcon_core.shell:Skip shell extension 'powershell' for command environment: Not usable outside of PowerShell
[0.203s] DEBUG:colcon.colcon_core.shell:Skip shell extension 'dsv' for command environment
[0.209s] INFO:colcon.colcon_ros.task.ament_cmake.build:Building ROS package in '/workspace/ur5_ws/src/Universal_Robots_ROS2_Driver/ur_dashboard_msgs' with build type 'ament_cmake'
[0.209s] INFO:colcon.colcon_cmake.task.cmake.build:Building CMake package in '/workspace/ur5_ws/src/Universal_Robots_ROS2_Driver/ur_dashboard_msgs'
[0.209s] INFO:colcon.colcon_core.shell:Skip shell extension 'powershell' for command environment: Not usable outside of PowerShell
[0.210s] DEBUG:colcon.colcon_core.shell:Skip shell extension 'dsv' for command environment
[0.228s] DEBUG:colcon.colcon_core.event_handler.log_command:Invoking command in '/workspace/ur5_ws/build/ur_description': CMAKE_PREFIX_PATH=${CMAKE_PREFIX_PATH}:/workspace/ur5_ws/install/ur5_minimal_moveit:/opt/ros/humble /usr/bin/cmake --build /workspace/ur5_ws/build/ur_description -- -j11 -l11
[0.232s] DEBUG:colcon.colcon_core.event_handler.log_command:Invoking command in '/workspace/ur5_ws/build/ur_dashboard_msgs': CMAKE_PREFIX_PATH=${CMAKE_PREFIX_PATH}:/workspace/ur5_ws/install/ur5_minimal_moveit:/opt/ros/humble /usr/bin/cmake /workspace/ur5_ws/src/Universal_Robots_ROS2_Driver/ur_dashboard_msgs -DAMENT_CMAKE_SYMLINK_INSTALL=1 -DCMAKE_INSTALL_PREFIX=/workspace/ur5_ws/install/ur_dashboard_msgs
[0.276s] DEBUG:colcon.colcon_core.event_handler.log_command:Invoked command in '/workspace/ur5_ws/build/ur_description' returned '0': CMAKE_PREFIX_PATH=${CMAKE_PREFIX_PATH}:/workspace/ur5_ws/install/ur5_minimal_moveit:/opt/ros/humble /usr/bin/cmake --build /workspace/ur5_ws/build/ur_description -- -j11 -l11
[0.284s] DEBUG:colcon.colcon_core.event_handler.log_command:Invoking command in '/workspace/ur5_ws/build/ur_description': CMAKE_PREFIX_PATH=${CMAKE_PREFIX_PATH}:/workspace/ur5_ws/install/ur5_minimal_moveit:/opt/ros/humble /usr/bin/cmake --install /workspace/ur5_ws/build/ur_description
[0.585s] Level 1:colcon.colcon_core.environment:create_environment_scripts_only(ur_description)
[0.587s] Level 1:colcon.colcon_core.environment:checking '/workspace/ur5_ws/install/ur_description' for CMake module files
[0.588s] DEBUG:colcon.colcon_core.event_handler.log_command:Invoked command in '/workspace/ur5_ws/build/ur_description' returned '0': CMAKE_PREFIX_PATH=${CMAKE_PREFIX_PATH}:/workspace/ur5_ws/install/ur5_minimal_moveit:/opt/ros/humble /usr/bin/cmake --install /workspace/ur5_ws/build/ur_description
[0.591s] Level 1:colcon.colcon_core.environment:checking '/workspace/ur5_ws/install/ur_description' for CMake config files
[0.594s] Level 1:colcon.colcon_core.shell:create_environment_hook('ur_description', 'cmake_prefix_path')
[0.595s] INFO:colcon.colcon_core.shell:Creating environment hook '/workspace/ur5_ws/install/ur_description/share/ur_description/hook/cmake_prefix_path.ps1'
[0.596s] INFO:colcon.colcon_core.shell:Creating environment descriptor '/workspace/ur5_ws/install/ur_description/share/ur_description/hook/cmake_prefix_path.dsv'
[0.597s] INFO:colcon.colcon_core.shell:Creating environment hook '/workspace/ur5_ws/install/ur_description/share/ur_description/hook/cmake_prefix_path.sh'
[0.598s] Level 1:colcon.colcon_core.environment:checking '/workspace/ur5_ws/install/ur_description/bin'
[0.598s] Level 1:colcon.colcon_core.environment:checking '/workspace/ur5_ws/install/ur_description/lib/pkgconfig/ur_description.pc'
[0.600s] Level 1:colcon.colcon_core.environment:checking '/workspace/ur5_ws/install/ur_description/lib/python3.10/site-packages'
[0.600s] Level 1:colcon.colcon_core.environment:checking '/workspace/ur5_ws/install/ur_description/bin'
[0.600s] INFO:colcon.colcon_core.shell:Creating package script '/workspace/ur5_ws/install/ur_description/share/ur_description/package.ps1'
[0.601s] INFO:colcon.colcon_core.shell:Creating package descriptor '/workspace/ur5_ws/install/ur_description/share/ur_description/package.dsv'
[0.602s] INFO:colcon.colcon_core.shell:Creating package script '/workspace/ur5_ws/install/ur_description/share/ur_description/package.sh'
[0.603s] INFO:colcon.colcon_core.shell:Creating package script '/workspace/ur5_ws/install/ur_description/share/ur_description/package.bash'
[0.604s] INFO:colcon.colcon_core.shell:Creating package script '/workspace/ur5_ws/install/ur_description/share/ur_description/package.zsh'
[0.605s] Level 1:colcon.colcon_core.environment:create_file_with_runtime_dependencies(/workspace/ur5_ws/install/ur_description/share/colcon-core/packages/ur_description)
[0.606s] Level 1:colcon.colcon_core.environment:create_environment_scripts_only(ur_description)
[0.607s] Level 1:colcon.colcon_core.environment:checking '/workspace/ur5_ws/install/ur_description' for CMake module files
[0.612s] Level 1:colcon.colcon_core.environment:checking '/workspace/ur5_ws/install/ur_description' for CMake config files
[0.617s] Level 1:colcon.colcon_core.shell:create_environment_hook('ur_description', 'cmake_prefix_path')
[0.617s] INFO:colcon.colcon_core.shell:Creating environment hook '/workspace/ur5_ws/install/ur_description/share/ur_description/hook/cmake_prefix_path.ps1'
[0.619s] INFO:colcon.colcon_core.shell:Creating environment descriptor '/workspace/ur5_ws/install/ur_description/share/ur_description/hook/cmake_prefix_path.dsv'
[0.620s] INFO:colcon.colcon_core.shell:Creating environment hook '/workspace/ur5_ws/install/ur_description/share/ur_description/hook/cmake_prefix_path.sh'
[0.622s] Level 1:colcon.colcon_core.environment:checking '/workspace/ur5_ws/install/ur_description/bin'
[0.622s] Level 1:colcon.colcon_core.environment:checking '/workspace/ur5_ws/install/ur_description/lib/pkgconfig/ur_description.pc'
[0.623s] Level 1:colcon.colcon_core.environment:checking '/workspace/ur5_ws/install/ur_description/lib/python3.10/site-packages'
[0.623s] Level 1:colcon.colcon_core.environment:checking '/workspace/ur5_ws/install/ur_description/bin'
[0.624s] INFO:colcon.colcon_core.shell:Creating package script '/workspace/ur5_ws/install/ur_description/share/ur_description/package.ps1'
[0.637s] INFO:colcon.colcon_core.shell:Creating package descriptor '/workspace/ur5_ws/install/ur_description/share/ur_description/package.dsv'
[0.638s] INFO:colcon.colcon_core.shell:Creating package script '/workspace/ur5_ws/install/ur_description/share/ur_description/package.sh'
[0.639s] INFO:colcon.colcon_core.shell:Creating package script '/workspace/ur5_ws/install/ur_description/share/ur_description/package.bash'
[0.639s] INFO:colcon.colcon_core.shell:Creating package script '/workspace/ur5_ws/install/ur_description/share/ur_description/package.zsh'
[0.640s] Level 1:colcon.colcon_core.environment:create_file_with_runtime_dependencies(/workspace/ur5_ws/install/ur_description/share/colcon-core/packages/ur_description)
[0.642s] INFO:colcon.colcon_ros.task.ament_cmake.build:Building ROS package in '/workspace/ur5_ws/src/Universal_Robots_ROS2_Driver/ur_moveit_config' with build type 'ament_cmake'
[0.642s] INFO:colcon.colcon_cmake.task.cmake.build:Building CMake package in '/workspace/ur5_ws/src/Universal_Robots_ROS2_Driver/ur_moveit_config'
[0.642s] INFO:colcon.colcon_core.shell:Skip shell extension 'powershell' for command environment: Not usable outside of PowerShell
[0.642s] DEBUG:colcon.colcon_core.shell:Skip shell extension 'dsv' for command environment
[0.726s] DEBUG:colcon.colcon_core.event_handler.log_command:Invoking command in '/workspace/ur5_ws/build/ur_moveit_config': CMAKE_PREFIX_PATH=/workspace/ur5_ws/install/ur_description:/workspace/ur5_ws/install/ur5_motion_planning:/workspace/ur5_ws/install/ur5_kdl_ik:/workspace/ur5_ws/install/ur_moveit_config:/workspace/ur5_ws/install/ur5_minimal_moveit:/opt/ros/humble /usr/bin/cmake --build /workspace/ur5_ws/build/ur_moveit_config -- -j11 -l11
[0.751s] DEBUG:colcon.colcon_core.event_handler.log_command:Invoked command in '/workspace/ur5_ws/build/ur_moveit_config' returned '0': CMAKE_PREFIX_PATH=/workspace/ur5_ws/install/ur_description:/workspace/ur5_ws/install/ur5_motion_planning:/workspace/ur5_ws/install/ur5_kdl_ik:/workspace/ur5_ws/install/ur_moveit_config:/workspace/ur5_ws/install/ur5_minimal_moveit:/opt/ros/humble /usr/bin/cmake --build /workspace/ur5_ws/build/ur_moveit_config -- -j11 -l11
[0.754s] DEBUG:colcon.colcon_core.event_handler.log_command:Invoking command in '/workspace/ur5_ws/build/ur_moveit_config': CMAKE_PREFIX_PATH=/workspace/ur5_ws/install/ur_description:/workspace/ur5_ws/install/ur5_motion_planning:/workspace/ur5_ws/install/ur5_kdl_ik:/workspace/ur5_ws/install/ur_moveit_config:/workspace/ur5_ws/install/ur5_minimal_moveit:/opt/ros/humble /usr/bin/cmake --install /workspace/ur5_ws/build/ur_moveit_config
[0.788s] Level 1:colcon.colcon_core.environment:create_environment_scripts_only(ur_moveit_config)
[0.788s] Level 1:colcon.colcon_core.environment:checking '/workspace/ur5_ws/install/ur_moveit_config' for CMake module files
[0.789s] DEBUG:colcon.colcon_core.event_handler.log_command:Invoked command in '/workspace/ur5_ws/build/ur_moveit_config' returned '0': CMAKE_PREFIX_PATH=/workspace/ur5_ws/install/ur_description:/workspace/ur5_ws/install/ur5_motion_planning:/workspace/ur5_ws/install/ur5_kdl_ik:/workspace/ur5_ws/install/ur_moveit_config:/workspace/ur5_ws/install/ur5_minimal_moveit:/opt/ros/humble /usr/bin/cmake --install /workspace/ur5_ws/build/ur_moveit_config
[0.792s] Level 1:colcon.colcon_core.environment:checking '/workspace/ur5_ws/install/ur_moveit_config' for CMake config files
[0.795s] Level 1:colcon.colcon_core.shell:create_environment_hook('ur_moveit_config', 'cmake_prefix_path')
[0.796s] INFO:colcon.colcon_core.shell:Creating environment hook '/workspace/ur5_ws/install/ur_moveit_config/share/ur_moveit_config/hook/cmake_prefix_path.ps1'
[0.797s] INFO:colcon.colcon_core.shell:Creating environment descriptor '/workspace/ur5_ws/install/ur_moveit_config/share/ur_moveit_config/hook/cmake_prefix_path.dsv'
[0.797s] INFO:colcon.colcon_core.shell:Creating environment hook '/workspace/ur5_ws/install/ur_moveit_config/share/ur_moveit_config/hook/cmake_prefix_path.sh'
[0.799s] Level 1:colcon.colcon_core.environment:checking '/workspace/ur5_ws/install/ur_moveit_config/bin'
[0.799s] Level 1:colcon.colcon_core.environment:checking '/workspace/ur5_ws/install/ur_moveit_config/lib/pkgconfig/ur_moveit_config.pc'
[0.799s] Level 1:colcon.colcon_core.environment:checking '/workspace/ur5_ws/install/ur_moveit_config/lib/python3.10/site-packages'
[0.800s] Level 1:colcon.colcon_core.environment:checking '/workspace/ur5_ws/install/ur_moveit_config/bin'
[0.800s] INFO:colcon.colcon_core.shell:Creating package script '/workspace/ur5_ws/install/ur_moveit_config/share/ur_moveit_config/package.ps1'
[0.801s] INFO:colcon.colcon_core.shell:Creating package descriptor '/workspace/ur5_ws/install/ur_moveit_config/share/ur_moveit_config/package.dsv'
[0.802s] INFO:colcon.colcon_core.shell:Creating package script '/workspace/ur5_ws/install/ur_moveit_config/share/ur_moveit_config/package.sh'
[0.803s] INFO:colcon.colcon_core.shell:Creating package script '/workspace/ur5_ws/install/ur_moveit_config/share/ur_moveit_config/package.bash'
[0.804s] INFO:colcon.colcon_core.shell:Creating package script '/workspace/ur5_ws/install/ur_moveit_config/share/ur_moveit_config/package.zsh'
[0.804s] Level 1:colcon.colcon_core.environment:create_file_with_runtime_dependencies(/workspace/ur5_ws/install/ur_moveit_config/share/colcon-core/packages/ur_moveit_config)
[0.806s] Level 1:colcon.colcon_core.environment:create_environment_scripts_only(ur_moveit_config)
[0.807s] Level 1:colcon.colcon_core.environment:checking '/workspace/ur5_ws/install/ur_moveit_config' for CMake module files
[0.812s] Level 1:colcon.colcon_core.environment:checking '/workspace/ur5_ws/install/ur_moveit_config' for CMake config files
[0.826s] Level 1:colcon.colcon_core.shell:create_environment_hook('ur_moveit_config', 'cmake_prefix_path')
[0.826s] INFO:colcon.colcon_core.shell:Creating environment hook '/workspace/ur5_ws/install/ur_moveit_config/share/ur_moveit_config/hook/cmake_prefix_path.ps1'
[0.827s] INFO:colcon.colcon_core.shell:Creating environment descriptor '/workspace/ur5_ws/install/ur_moveit_config/share/ur_moveit_config/hook/cmake_prefix_path.dsv'
[0.828s] INFO:colcon.colcon_core.shell:Creating environment hook '/workspace/ur5_ws/install/ur_moveit_config/share/ur_moveit_config/hook/cmake_prefix_path.sh'
[0.830s] Level 1:colcon.colcon_core.environment:checking '/workspace/ur5_ws/install/ur_moveit_config/bin'
[0.830s] Level 1:colcon.colcon_core.environment:checking '/workspace/ur5_ws/install/ur_moveit_config/lib/pkgconfig/ur_moveit_config.pc'
[0.830s] Level 1:colcon.colcon_core.environment:checking '/workspace/ur5_ws/install/ur_moveit_config/lib/python3.10/site-packages'
[0.831s] Level 1:colcon.colcon_core.environment:checking '/workspace/ur5_ws/install/ur_moveit_config/bin'
[0.831s] INFO:colcon.colcon_core.shell:Creating package script '/workspace/ur5_ws/install/ur_moveit_config/share/ur_moveit_config/package.ps1'
[0.832s] INFO:colcon.colcon_core.shell:Creating package descriptor '/workspace/ur5_ws/install/ur_moveit_config/share/ur_moveit_config/package.dsv'
[0.833s] INFO:colcon.colcon_core.shell:Creating package script '/workspace/ur5_ws/install/ur_moveit_config/share/ur_moveit_config/package.sh'
[0.834s] INFO:colcon.colcon_core.shell:Creating package script '/workspace/ur5_ws/install/ur_moveit_config/share/ur_moveit_config/package.bash'
[0.835s] INFO:colcon.colcon_core.shell:Creating package script '/workspace/ur5_ws/install/ur_moveit_config/share/ur_moveit_config/package.zsh'
[0.835s] Level 1:colcon.colcon_core.environment:create_file_with_runtime_dependencies(/workspace/ur5_ws/install/ur_moveit_config/share/colcon-core/packages/ur_moveit_config)
[0.836s] INFO:colcon.colcon_ros.task.ament_python.build:Building ROS package in '/workspace/ur5_ws/src/ur5_minimal_moveit' with build type 'ament_python'
[0.837s] Level 1:colcon.colcon_core.shell:create_environment_hook('ur5_minimal_moveit', 'ament_prefix_path')
[0.837s] INFO:colcon.colcon_core.shell:Creating environment hook '/workspace/ur5_ws/install/ur5_minimal_moveit/share/ur5_minimal_moveit/hook/ament_prefix_path.ps1'
[0.838s] INFO:colcon.colcon_core.shell:Creating environment descriptor '/workspace/ur5_ws/install/ur5_minimal_moveit/share/ur5_minimal_moveit/hook/ament_prefix_path.dsv'
[0.839s] INFO:colcon.colcon_core.shell:Creating environment hook '/workspace/ur5_ws/install/ur5_minimal_moveit/share/ur5_minimal_moveit/hook/ament_prefix_path.sh'
[0.840s] INFO:colcon.colcon_core.shell:Skip shell extension 'powershell' for command environment: Not usable outside of PowerShell
[0.840s] DEBUG:colcon.colcon_core.shell:Skip shell extension 'dsv' for command environment
[0.847s] INFO:colcon.colcon_ros.task.ament_cmake.build:Building ROS package in '/workspace/ur5_ws/src/ur5_kdl_ik' with build type 'ament_cmake'
[0.847s] INFO:colcon.colcon_cmake.task.cmake.build:Building CMake package in '/workspace/ur5_ws/src/ur5_kdl_ik'
[0.848s] INFO:colcon.colcon_core.shell:Skip shell extension 'powershell' for command environment: Not usable outside of PowerShell
[0.848s] DEBUG:colcon.colcon_core.shell:Skip shell extension 'dsv' for command environment
[0.982s] INFO:colcon.colcon_core.task.python.build:Building Python package in '/workspace/ur5_ws/src/ur5_minimal_moveit'
[0.982s] INFO:colcon.colcon_core.shell:Skip shell extension 'powershell' for command environment: Not usable outside of PowerShell
[0.983s] DEBUG:colcon.colcon_core.shell:Skip shell extension 'dsv' for command environment
[0.997s] DEBUG:colcon.colcon_core.event_handler.log_command:Invoking command in '/workspace/ur5_ws/build/ur5_kdl_ik': CMAKE_PREFIX_PATH=/workspace/ur5_ws/install/ur_moveit_config:/workspace/ur5_ws/install/ur_description:/workspace/ur5_ws/install/ur5_motion_planning:/workspace/ur5_ws/install/ur5_kdl_ik:/workspace/ur5_ws/install/ur5_minimal_moveit:/opt/ros/humble /usr/bin/cmake --build /workspace/ur5_ws/build/ur5_kdl_ik -- -j11 -l11
[1.229s] DEBUG:colcon.colcon_core.event_handler.log_command:Invoking command in '/workspace/ur5_ws/build/ur5_minimal_moveit': CMAKE_PREFIX_PATH=/workspace/ur5_ws/install/ur_moveit_config:/workspace/ur5_ws/install/ur_description:/workspace/ur5_ws/install/ur5_motion_planning:/workspace/ur5_ws/install/ur5_kdl_ik PYTHONPATH=/workspace/ur5_ws/build/ur5_minimal_moveit/prefix_override:/usr/lib/python3/dist-packages/colcon_core/task/python/colcon_distutils_commands:/workspace/ur5_ws/install/ur5_minimal_moveit/lib/python3.10/site-packages:${PYTHONPATH} /usr/bin/python3 -W ignore:setup.py install is deprecated -W ignore:easy_install command is deprecated setup.py develop --editable --build-directory /workspace/ur5_ws/build/ur5_minimal_moveit/build --no-deps symlink_data
[1.528s] Level 1:colcon.colcon_core.shell:create_environment_hook('ur5_minimal_moveit', 'pythonpath_develop')
[1.528s] INFO:colcon.colcon_core.shell:Creating environment hook '/workspace/ur5_ws/build/ur5_minimal_moveit/share/ur5_minimal_moveit/hook/pythonpath_develop.ps1'
[1.528s] DEBUG:colcon.colcon_core.event_handler.log_command:Invoked command in '/workspace/ur5_ws/build/ur5_minimal_moveit' returned '0': CMAKE_PREFIX_PATH=/workspace/ur5_ws/install/ur_moveit_config:/workspace/ur5_ws/install/ur_description:/workspace/ur5_ws/install/ur5_motion_planning:/workspace/ur5_ws/install/ur5_kdl_ik PYTHONPATH=/workspace/ur5_ws/build/ur5_minimal_moveit/prefix_override:/usr/lib/python3/dist-packages/colcon_core/task/python/colcon_distutils_commands:/workspace/ur5_ws/install/ur5_minimal_moveit/lib/python3.10/site-packages:${PYTHONPATH} /usr/bin/python3 -W ignore:setup.py install is deprecated -W ignore:easy_install command is deprecated setup.py develop --editable --build-directory /workspace/ur5_ws/build/ur5_minimal_moveit/build --no-deps symlink_data
[1.529s] INFO:colcon.colcon_core.shell:Creating environment descriptor '/workspace/ur5_ws/build/ur5_minimal_moveit/share/ur5_minimal_moveit/hook/pythonpath_develop.dsv'
[1.530s] INFO:colcon.colcon_core.shell:Creating environment hook '/workspace/ur5_ws/build/ur5_minimal_moveit/share/ur5_minimal_moveit/hook/pythonpath_develop.sh'
[1.531s] Level 1:colcon.colcon_core.environment:checking '/workspace/ur5_ws/install/ur5_minimal_moveit' for CMake module files
[1.533s] Level 1:colcon.colcon_core.environment:checking '/workspace/ur5_ws/install/ur5_minimal_moveit' for CMake config files
[1.537s] Level 1:colcon.colcon_core.environment:checking '/workspace/ur5_ws/install/ur5_minimal_moveit/lib'
[1.538s] Level 1:colcon.colcon_core.environment:checking '/workspace/ur5_ws/install/ur5_minimal_moveit/bin'
[1.538s] Level 1:colcon.colcon_core.environment:checking '/workspace/ur5_ws/install/ur5_minimal_moveit/lib/pkgconfig/ur5_minimal_moveit.pc'
[1.538s] Level 1:colcon.colcon_core.environment:checking '/workspace/ur5_ws/install/ur5_minimal_moveit/lib/python3.10/site-packages'
[1.538s] Level 1:colcon.colcon_core.shell:create_environment_hook('ur5_minimal_moveit', 'pythonpath')
[1.538s] INFO:colcon.colcon_core.shell:Creating environment hook '/workspace/ur5_ws/install/ur5_minimal_moveit/share/ur5_minimal_moveit/hook/pythonpath.ps1'
[1.539s] INFO:colcon.colcon_core.shell:Creating environment descriptor '/workspace/ur5_ws/install/ur5_minimal_moveit/share/ur5_minimal_moveit/hook/pythonpath.dsv'
[1.540s] INFO:colcon.colcon_core.shell:Creating environment hook '/workspace/ur5_ws/install/ur5_minimal_moveit/share/ur5_minimal_moveit/hook/pythonpath.sh'
[1.541s] Level 1:colcon.colcon_core.environment:checking '/workspace/ur5_ws/install/ur5_minimal_moveit/bin'
[1.541s] Level 1:colcon.colcon_core.environment:create_environment_scripts_only(ur5_minimal_moveit)
[1.542s] INFO:colcon.colcon_core.shell:Creating package script '/workspace/ur5_ws/install/ur5_minimal_moveit/share/ur5_minimal_moveit/package.ps1'
[1.542s] INFO:colcon.colcon_core.shell:Creating package descriptor '/workspace/ur5_ws/install/ur5_minimal_moveit/share/ur5_minimal_moveit/package.dsv'
[1.543s] INFO:colcon.colcon_core.shell:Creating package script '/workspace/ur5_ws/install/ur5_minimal_moveit/share/ur5_minimal_moveit/package.sh'
[1.544s] INFO:colcon.colcon_core.shell:Creating package script '/workspace/ur5_ws/install/ur5_minimal_moveit/share/ur5_minimal_moveit/package.bash'
[1.544s] INFO:colcon.colcon_core.shell:Creating package script '/workspace/ur5_ws/install/ur5_minimal_moveit/share/ur5_minimal_moveit/package.zsh'
[1.545s] Level 1:colcon.colcon_core.environment:create_file_with_runtime_dependencies(/workspace/ur5_ws/install/ur5_minimal_moveit/share/colcon-core/packages/ur5_minimal_moveit)
[2.219s] DEBUG:colcon.colcon_core.event_handler.log_command:Invoked command in '/workspace/ur5_ws/build/ur5_kdl_ik' returned '0': CMAKE_PREFIX_PATH=/workspace/ur5_ws/install/ur_moveit_config:/workspace/ur5_ws/install/ur_description:/workspace/ur5_ws/install/ur5_motion_planning:/workspace/ur5_ws/install/ur5_kdl_ik:/workspace/ur5_ws/install/ur5_minimal_moveit:/opt/ros/humble /usr/bin/cmake --build /workspace/ur5_ws/build/ur5_kdl_ik -- -j11 -l11
[2.222s] DEBUG:colcon.colcon_core.event_handler.log_command:Invoking command in '/workspace/ur5_ws/build/ur5_kdl_ik': CMAKE_PREFIX_PATH=/workspace/ur5_ws/install/ur_moveit_config:/workspace/ur5_ws/install/ur_description:/workspace/ur5_ws/install/ur5_motion_planning:/workspace/ur5_ws/install/ur5_kdl_ik:/workspace/ur5_ws/install/ur5_minimal_moveit:/opt/ros/humble /usr/bin/cmake --install /workspace/ur5_ws/build/ur5_kdl_ik
[2.254s] Level 1:colcon.colcon_core.environment:create_environment_scripts_only(ur5_kdl_ik)
[2.256s] Level 1:colcon.colcon_core.environment:checking '/workspace/ur5_ws/install/ur5_kdl_ik' for CMake module files
[2.257s] DEBUG:colcon.colcon_core.event_handler.log_command:Invoked command in '/workspace/ur5_ws/build/ur5_kdl_ik' returned '0': CMAKE_PREFIX_PATH=/workspace/ur5_ws/install/ur_moveit_config:/workspace/ur5_ws/install/ur_description:/workspace/ur5_ws/install/ur5_motion_planning:/workspace/ur5_ws/install/ur5_kdl_ik:/workspace/ur5_ws/install/ur5_minimal_moveit:/opt/ros/humble /usr/bin/cmake --install /workspace/ur5_ws/build/ur5_kdl_ik
[2.260s] Level 1:colcon.colcon_core.environment:checking '/workspace/ur5_ws/install/ur5_kdl_ik' for CMake config files
[2.262s] Level 1:colcon.colcon_core.shell:create_environment_hook('ur5_kdl_ik', 'cmake_prefix_path')
[2.262s] INFO:colcon.colcon_core.shell:Creating environment hook '/workspace/ur5_ws/install/ur5_kdl_ik/share/ur5_kdl_ik/hook/cmake_prefix_path.ps1'
[2.263s] INFO:colcon.colcon_core.shell:Creating environment descriptor '/workspace/ur5_ws/install/ur5_kdl_ik/share/ur5_kdl_ik/hook/cmake_prefix_path.dsv'
[2.263s] INFO:colcon.colcon_core.shell:Creating environment hook '/workspace/ur5_ws/install/ur5_kdl_ik/share/ur5_kdl_ik/hook/cmake_prefix_path.sh'
[2.264s] Level 1:colcon.colcon_core.environment:checking '/workspace/ur5_ws/install/ur5_kdl_ik/lib'
[2.264s] Level 1:colcon.colcon_core.environment:checking '/workspace/ur5_ws/install/ur5_kdl_ik/bin'
[2.264s] Level 1:colcon.colcon_core.environment:checking '/workspace/ur5_ws/install/ur5_kdl_ik/lib/pkgconfig/ur5_kdl_ik.pc'
[2.265s] Level 1:colcon.colcon_core.environment:checking '/workspace/ur5_ws/install/ur5_kdl_ik/lib/python3.10/site-packages'
[2.265s] Level 1:colcon.colcon_core.environment:checking '/workspace/ur5_ws/install/ur5_kdl_ik/bin'
[2.265s] INFO:colcon.colcon_core.shell:Creating package script '/workspace/ur5_ws/install/ur5_kdl_ik/share/ur5_kdl_ik/package.ps1'
[2.266s] INFO:colcon.colcon_core.shell:Creating package descriptor '/workspace/ur5_ws/install/ur5_kdl_ik/share/ur5_kdl_ik/package.dsv'
[2.266s] INFO:colcon.colcon_core.shell:Creating package script '/workspace/ur5_ws/install/ur5_kdl_ik/share/ur5_kdl_ik/package.sh'
[2.267s] INFO:colcon.colcon_core.shell:Creating package script '/workspace/ur5_ws/install/ur5_kdl_ik/share/ur5_kdl_ik/package.bash'
[2.267s] INFO:colcon.colcon_core.shell:Creating package script '/workspace/ur5_ws/install/ur5_kdl_ik/share/ur5_kdl_ik/package.zsh'
[2.268s] Level 1:colcon.colcon_core.environment:create_file_with_runtime_dependencies(/workspace/ur5_ws/install/ur5_kdl_ik/share/colcon-core/packages/ur5_kdl_ik)
[2.269s] Level 1:colcon.colcon_core.environment:create_environment_scripts_only(ur5_kdl_ik)
[2.269s] Level 1:colcon.colcon_core.environment:checking '/workspace/ur5_ws/install/ur5_kdl_ik' for CMake module files
[2.272s] Level 1:colcon.colcon_core.environment:checking '/workspace/ur5_ws/install/ur5_kdl_ik' for CMake config files
[2.273s] Level 1:colcon.colcon_core.shell:create_environment_hook('ur5_kdl_ik', 'cmake_prefix_path')
[2.273s] INFO:colcon.colcon_core.shell:Creating environment hook '/workspace/ur5_ws/install/ur5_kdl_ik/share/ur5_kdl_ik/hook/cmake_prefix_path.ps1'
[2.274s] INFO:colcon.colcon_core.shell:Creating environment descriptor '/workspace/ur5_ws/install/ur5_kdl_ik/share/ur5_kdl_ik/hook/cmake_prefix_path.dsv'
[2.274s] INFO:colcon.colcon_core.shell:Creating environment hook '/workspace/ur5_ws/install/ur5_kdl_ik/share/ur5_kdl_ik/hook/cmake_prefix_path.sh'
[2.275s] Level 1:colcon.colcon_core.environment:checking '/workspace/ur5_ws/install/ur5_kdl_ik/lib'
[2.275s] Level 1:colcon.colcon_core.environment:checking '/workspace/ur5_ws/install/ur5_kdl_ik/bin'
[2.276s] Level 1:colcon.colcon_core.environment:checking '/workspace/ur5_ws/install/ur5_kdl_ik/lib/pkgconfig/ur5_kdl_ik.pc'
[2.276s] Level 1:colcon.colcon_core.environment:checking '/workspace/ur5_ws/install/ur5_kdl_ik/lib/python3.10/site-packages'
[2.276s] Level 1:colcon.colcon_core.environment:checking '/workspace/ur5_ws/install/ur5_kdl_ik/bin'
[2.276s] INFO:colcon.colcon_core.shell:Creating package script '/workspace/ur5_ws/install/ur5_kdl_ik/share/ur5_kdl_ik/package.ps1'
[2.277s] INFO:colcon.colcon_core.shell:Creating package descriptor '/workspace/ur5_ws/install/ur5_kdl_ik/share/ur5_kdl_ik/package.dsv'
[2.277s] INFO:colcon.colcon_core.shell:Creating package script '/workspace/ur5_ws/install/ur5_kdl_ik/share/ur5_kdl_ik/package.sh'
[2.278s] INFO:colcon.colcon_core.shell:Creating package script '/workspace/ur5_ws/install/ur5_kdl_ik/share/ur5_kdl_ik/package.bash'
[2.278s] INFO:colcon.colcon_core.shell:Creating package script '/workspace/ur5_ws/install/ur5_kdl_ik/share/ur5_kdl_ik/package.zsh'
[2.279s] Level 1:colcon.colcon_core.environment:create_file_with_runtime_dependencies(/workspace/ur5_ws/install/ur5_kdl_ik/share/colcon-core/packages/ur5_kdl_ik)
[2.858s] DEBUG:colcon.colcon_core.event_handler.log_command:Invoked command in '/workspace/ur5_ws/build/ur_dashboard_msgs' returned '0': CMAKE_PREFIX_PATH=${CMAKE_PREFIX_PATH}:/workspace/ur5_ws/install/ur5_minimal_moveit:/opt/ros/humble /usr/bin/cmake /workspace/ur5_ws/src/Universal_Robots_ROS2_Driver/ur_dashboard_msgs -DAMENT_CMAKE_SYMLINK_INSTALL=1 -DCMAKE_INSTALL_PREFIX=/workspace/ur5_ws/install/ur_dashboard_msgs
[2.860s] DEBUG:colcon.colcon_core.event_handler.log_command:Invoking command in '/workspace/ur5_ws/build/ur_dashboard_msgs': CMAKE_PREFIX_PATH=${CMAKE_PREFIX_PATH}:/workspace/ur5_ws/install/ur5_minimal_moveit:/opt/ros/humble /usr/bin/cmake --build /workspace/ur5_ws/build/ur_dashboard_msgs -- -j11 -l11
[11.713s] DEBUG:colcon.colcon_core.event_handler.log_command:Invoked command in '/workspace/ur5_ws/build/ur_dashboard_msgs' returned '0': CMAKE_PREFIX_PATH=${CMAKE_PREFIX_PATH}:/workspace/ur5_ws/install/ur5_minimal_moveit:/opt/ros/humble /usr/bin/cmake --build /workspace/ur5_ws/build/ur_dashboard_msgs -- -j11 -l11
[11.716s] DEBUG:colcon.colcon_core.event_handler.log_command:Invoking command in '/workspace/ur5_ws/build/ur_dashboard_msgs': CMAKE_PREFIX_PATH=${CMAKE_PREFIX_PATH}:/workspace/ur5_ws/install/ur5_minimal_moveit:/opt/ros/humble /usr/bin/cmake --install /workspace/ur5_ws/build/ur_dashboard_msgs
[13.492s] Level 1:colcon.colcon_core.environment:create_environment_scripts_only(ur_dashboard_msgs)
[13.492s] Level 1:colcon.colcon_core.environment:checking '/workspace/ur5_ws/install/ur_dashboard_msgs' for CMake module files
[13.492s] DEBUG:colcon.colcon_core.event_handler.log_command:Invoked command in '/workspace/ur5_ws/build/ur_dashboard_msgs' returned '0': CMAKE_PREFIX_PATH=${CMAKE_PREFIX_PATH}:/workspace/ur5_ws/install/ur5_minimal_moveit:/opt/ros/humble /usr/bin/cmake --install /workspace/ur5_ws/build/ur_dashboard_msgs
[13.497s] Level 1:colcon.colcon_core.environment:checking '/workspace/ur5_ws/install/ur_dashboard_msgs' for CMake config files
[13.516s] Level 1:colcon.colcon_core.shell:create_environment_hook('ur_dashboard_msgs', 'cmake_prefix_path')
[13.516s] INFO:colcon.colcon_core.shell:Creating environment hook '/workspace/ur5_ws/install/ur_dashboard_msgs/share/ur_dashboard_msgs/hook/cmake_prefix_path.ps1'
[13.517s] INFO:colcon.colcon_core.shell:Creating environment descriptor '/workspace/ur5_ws/install/ur_dashboard_msgs/share/ur_dashboard_msgs/hook/cmake_prefix_path.dsv'
[13.518s] INFO:colcon.colcon_core.shell:Creating environment hook '/workspace/ur5_ws/install/ur_dashboard_msgs/share/ur_dashboard_msgs/hook/cmake_prefix_path.sh'
[13.519s] Level 1:colcon.colcon_core.environment:checking '/workspace/ur5_ws/install/ur_dashboard_msgs/lib'
[13.519s] Level 1:colcon.colcon_core.shell:create_environment_hook('ur_dashboard_msgs', 'ld_library_path_lib')
[13.519s] INFO:colcon.colcon_core.shell:Creating environment hook '/workspace/ur5_ws/install/ur_dashboard_msgs/share/ur_dashboard_msgs/hook/ld_library_path_lib.ps1'
[13.520s] INFO:colcon.colcon_core.shell:Creating environment descriptor '/workspace/ur5_ws/install/ur_dashboard_msgs/share/ur_dashboard_msgs/hook/ld_library_path_lib.dsv'
[13.520s] INFO:colcon.colcon_core.shell:Creating environment hook '/workspace/ur5_ws/install/ur_dashboard_msgs/share/ur_dashboard_msgs/hook/ld_library_path_lib.sh'
[13.521s] Level 1:colcon.colcon_core.environment:checking '/workspace/ur5_ws/install/ur_dashboard_msgs/bin'
[13.521s] Level 1:colcon.colcon_core.environment:checking '/workspace/ur5_ws/install/ur_dashboard_msgs/lib/pkgconfig/ur_dashboard_msgs.pc'
[13.521s] Level 1:colcon.colcon_core.environment:checking '/workspace/ur5_ws/install/ur_dashboard_msgs/lib/python3.10/site-packages'
[13.522s] Level 1:colcon.colcon_core.environment:checking '/workspace/ur5_ws/install/ur_dashboard_msgs/bin'
[13.522s] INFO:colcon.colcon_core.shell:Creating package script '/workspace/ur5_ws/install/ur_dashboard_msgs/share/ur_dashboard_msgs/package.ps1'
[13.523s] INFO:colcon.colcon_core.shell:Creating package descriptor '/workspace/ur5_ws/install/ur_dashboard_msgs/share/ur_dashboard_msgs/package.dsv'
[13.523s] INFO:colcon.colcon_core.shell:Creating package script '/workspace/ur5_ws/install/ur_dashboard_msgs/share/ur_dashboard_msgs/package.sh'
[13.524s] INFO:colcon.colcon_core.shell:Creating package script '/workspace/ur5_ws/install/ur_dashboard_msgs/share/ur_dashboard_msgs/package.bash'
[13.525s] INFO:colcon.colcon_core.shell:Creating package script '/workspace/ur5_ws/install/ur_dashboard_msgs/share/ur_dashboard_msgs/package.zsh'
[13.526s] Level 1:colcon.colcon_core.environment:create_file_with_runtime_dependencies(/workspace/ur5_ws/install/ur_dashboard_msgs/share/colcon-core/packages/ur_dashboard_msgs)
[13.532s] Level 1:colcon.colcon_core.environment:create_environment_scripts_only(ur_dashboard_msgs)
[13.533s] Level 1:colcon.colcon_core.environment:checking '/workspace/ur5_ws/install/ur_dashboard_msgs' for CMake module files
[13.536s] Level 1:colcon.colcon_core.environment:checking '/workspace/ur5_ws/install/ur_dashboard_msgs' for CMake config files
[13.556s] Level 1:colcon.colcon_core.shell:create_environment_hook('ur_dashboard_msgs', 'cmake_prefix_path')
[13.557s] INFO:colcon.colcon_core.shell:Creating environment hook '/workspace/ur5_ws/install/ur_dashboard_msgs/share/ur_dashboard_msgs/hook/cmake_prefix_path.ps1'
[13.557s] INFO:colcon.colcon_core.shell:Creating environment descriptor '/workspace/ur5_ws/install/ur_dashboard_msgs/share/ur_dashboard_msgs/hook/cmake_prefix_path.dsv'
[13.558s] INFO:colcon.colcon_core.shell:Creating environment hook '/workspace/ur5_ws/install/ur_dashboard_msgs/share/ur_dashboard_msgs/hook/cmake_prefix_path.sh'
[13.559s] Level 1:colcon.colcon_core.environment:checking '/workspace/ur5_ws/install/ur_dashboard_msgs/lib'
[13.559s] Level 1:colcon.colcon_core.shell:create_environment_hook('ur_dashboard_msgs', 'ld_library_path_lib')
[13.560s] INFO:colcon.colcon_core.shell:Creating environment hook '/workspace/ur5_ws/install/ur_dashboard_msgs/share/ur_dashboard_msgs/hook/ld_library_path_lib.ps1'
[13.560s] INFO:colcon.colcon_core.shell:Creating environment descriptor '/workspace/ur5_ws/install/ur_dashboard_msgs/share/ur_dashboard_msgs/hook/ld_library_path_lib.dsv'
[13.561s] INFO:colcon.colcon_core.shell:Creating environment hook '/workspace/ur5_ws/install/ur_dashboard_msgs/share/ur_dashboard_msgs/hook/ld_library_path_lib.sh'
[13.562s] Level 1:colcon.colcon_core.environment:checking '/workspace/ur5_ws/install/ur_dashboard_msgs/bin'
[13.562s] Level 1:colcon.colcon_core.environment:checking '/workspace/ur5_ws/install/ur_dashboard_msgs/lib/pkgconfig/ur_dashboard_msgs.pc'
[13.562s] Level 1:colcon.colcon_core.environment:checking '/workspace/ur5_ws/install/ur_dashboard_msgs/lib/python3.10/site-packages'
[13.562s] Level 1:colcon.colcon_core.environment:checking '/workspace/ur5_ws/install/ur_dashboard_msgs/bin'
[13.563s] INFO:colcon.colcon_core.shell:Creating package script '/workspace/ur5_ws/install/ur_dashboard_msgs/share/ur_dashboard_msgs/package.ps1'
[13.563s] INFO:colcon.colcon_core.shell:Creating package descriptor '/workspace/ur5_ws/install/ur_dashboard_msgs/share/ur_dashboard_msgs/package.dsv'
[13.564s] INFO:colcon.colcon_core.shell:Creating package script '/workspace/ur5_ws/install/ur_dashboard_msgs/share/ur_dashboard_msgs/package.sh'
[13.564s] INFO:colcon.colcon_core.shell:Creating package script '/workspace/ur5_ws/install/ur_dashboard_msgs/share/ur_dashboard_msgs/package.bash'
[13.565s] INFO:colcon.colcon_core.shell:Creating package script '/workspace/ur5_ws/install/ur_dashboard_msgs/share/ur_dashboard_msgs/package.zsh'
[13.565s] Level 1:colcon.colcon_core.environment:create_file_with_runtime_dependencies(/workspace/ur5_ws/install/ur_dashboard_msgs/share/colcon-core/packages/ur_dashboard_msgs)
[13.566s] INFO:colcon.colcon_ros.task.ament_cmake.build:Building ROS package in '/workspace/ur5_ws/src/Universal_Robots_ROS2_Driver/ur_controllers' with build type 'ament_cmake'
[13.566s] INFO:colcon.colcon_cmake.task.cmake.build:Building CMake package in '/workspace/ur5_ws/src/Universal_Robots_ROS2_Driver/ur_controllers'
[13.567s] INFO:colcon.colcon_core.shell:Skip shell extension 'powershell' for command environment: Not usable outside of PowerShell
[13.567s] DEBUG:colcon.colcon_core.shell:Skip shell extension 'dsv' for command environment
[13.584s] DEBUG:colcon.colcon_core.event_handler.log_command:Invoking command in '/workspace/ur5_ws/build/ur_controllers': AMENT_PREFIX_PATH=/workspace/ur5_ws/install/ur_dashboard_msgs:${AMENT_PREFIX_PATH} CMAKE_PREFIX_PATH=/workspace/ur5_ws/install/ur_dashboard_msgs:/workspace/ur5_ws/install/ur5_motion_planning:/workspace/ur5_ws/install/ur5_kdl_ik:/workspace/ur5_ws/install/ur_moveit_config:/workspace/ur5_ws/install/ur_description:/workspace/ur5_ws/install/ur5_minimal_moveit:/opt/ros/humble LD_LIBRARY_PATH=/workspace/ur5_ws/install/ur_dashboard_msgs/lib:${LD_LIBRARY_PATH} PYTHONPATH=/workspace/ur5_ws/install/ur_dashboard_msgs/local/lib/python3.10/dist-packages:${PYTHONPATH} /usr/bin/cmake /workspace/ur5_ws/src/Universal_Robots_ROS2_Driver/ur_controllers -DAMENT_CMAKE_SYMLINK_INSTALL=1 -DCMAKE_INSTALL_PREFIX=/workspace/ur5_ws/install/ur_controllers
[14.316s] DEBUG:colcon.colcon_core.event_handler.log_command:Invoked command in '/workspace/ur5_ws/build/ur_controllers' returned '1': AMENT_PREFIX_PATH=/workspace/ur5_ws/install/ur_dashboard_msgs:${AMENT_PREFIX_PATH} CMAKE_PREFIX_PATH=/workspace/ur5_ws/install/ur_dashboard_msgs:/workspace/ur5_ws/install/ur5_motion_planning:/workspace/ur5_ws/install/ur5_kdl_ik:/workspace/ur5_ws/install/ur_moveit_config:/workspace/ur5_ws/install/ur_description:/workspace/ur5_ws/install/ur5_minimal_moveit:/opt/ros/humble LD_LIBRARY_PATH=/workspace/ur5_ws/install/ur_dashboard_msgs/lib:${LD_LIBRARY_PATH} PYTHONPATH=/workspace/ur5_ws/install/ur_dashboard_msgs/local/lib/python3.10/dist-packages:${PYTHONPATH} /usr/bin/cmake /workspace/ur5_ws/src/Universal_Robots_ROS2_Driver/ur_controllers -DAMENT_CMAKE_SYMLINK_INSTALL=1 -DCMAKE_INSTALL_PREFIX=/workspace/ur5_ws/install/ur_controllers
[14.321s] Level 1:colcon.colcon_core.environment:create_environment_scripts_only(ur_controllers)
[14.321s] Level 1:colcon.colcon_core.environment:checking '/workspace/ur5_ws/install/ur_controllers' for CMake module files
[14.322s] Level 1:colcon.colcon_core.environment:checking '/workspace/ur5_ws/install/ur_controllers' for CMake config files
[14.322s] Level 1:colcon.colcon_core.environment:checking '/workspace/ur5_ws/install/ur_controllers/bin'
[14.323s] Level 1:colcon.colcon_core.environment:checking '/workspace/ur5_ws/install/ur_controllers/lib/pkgconfig/ur_controllers.pc'
[14.323s] Level 1:colcon.colcon_core.environment:checking '/workspace/ur5_ws/install/ur_controllers/lib/python3.10/site-packages'
[14.323s] Level 1:colcon.colcon_core.environment:checking '/workspace/ur5_ws/install/ur_controllers/bin'
[14.323s] INFO:colcon.colcon_core.shell:Creating package script '/workspace/ur5_ws/install/ur_controllers/share/ur_controllers/package.ps1'
[14.325s] INFO:colcon.colcon_core.shell:Creating package descriptor '/workspace/ur5_ws/install/ur_controllers/share/ur_controllers/package.dsv'
[14.326s] INFO:colcon.colcon_core.shell:Creating package script '/workspace/ur5_ws/install/ur_controllers/share/ur_controllers/package.sh'
[14.327s] INFO:colcon.colcon_core.shell:Creating package script '/workspace/ur5_ws/install/ur_controllers/share/ur_controllers/package.bash'
[14.327s] INFO:colcon.colcon_core.shell:Creating package script '/workspace/ur5_ws/install/ur_controllers/share/ur_controllers/package.zsh'
[14.328s] Level 1:colcon.colcon_core.environment:create_file_with_runtime_dependencies(/workspace/ur5_ws/install/ur_controllers/share/colcon-core/packages/ur_controllers)
[14.340s] DEBUG:colcon.colcon_parallel_executor.executor.parallel:closing loop
[14.340s] DEBUG:colcon.colcon_parallel_executor.executor.parallel:loop closed
[14.340s] DEBUG:colcon.colcon_parallel_executor.executor.parallel:run_until_complete finished with '1'
[14.340s] DEBUG:colcon.colcon_core.event_reactor:joining thread
[14.345s] INFO:colcon.colcon_core.plugin_system:Skipping extension 'colcon_notification.desktop_notification.notify_send': Could not find 'notify-send'
[14.345s] INFO:colcon.colcon_core.plugin_system:Skipping extension 'colcon_notification.desktop_notification.terminal_notifier': Not used on non-Darwin systems
[14.345s] INFO:colcon.colcon_core.plugin_system:Skipping extension 'colcon_notification.desktop_notification.win32': Not used on non-Windows systems
[14.346s] INFO:colcon.colcon_notification.desktop_notification:Sending desktop notification using 'notify2'
[14.346s] DEBUG:colcon.colcon_notification.desktop_notification.notify2:Failed to initialize notify2: org.freedesktop.DBus.Error.NotSupported: Unable to autolaunch a dbus-daemon without a $DISPLAY for X11
[14.346s] DEBUG:colcon.colcon_core.event_reactor:joined thread
[14.346s] INFO:colcon.colcon_core.shell:Creating prefix script '/workspace/ur5_ws/install/local_setup.ps1'
[14.347s] INFO:colcon.colcon_core.shell:Creating prefix util module '/workspace/ur5_ws/install/_local_setup_util_ps1.py'
[14.349s] INFO:colcon.colcon_core.shell:Creating prefix chain script '/workspace/ur5_ws/install/setup.ps1'
[14.352s] INFO:colcon.colcon_core.shell:Creating prefix script '/workspace/ur5_ws/install/local_setup.sh'
[14.354s] INFO:colcon.colcon_core.shell:Creating prefix util module '/workspace/ur5_ws/install/_local_setup_util_sh.py'
[14.355s] INFO:colcon.colcon_core.shell:Creating prefix chain script '/workspace/ur5_ws/install/setup.sh'
[14.359s] INFO:colcon.colcon_core.shell:Creating prefix script '/workspace/ur5_ws/install/local_setup.bash'
[14.359s] INFO:colcon.colcon_core.shell:Creating prefix chain script '/workspace/ur5_ws/install/setup.bash'
[14.363s] INFO:colcon.colcon_core.shell:Creating prefix script '/workspace/ur5_ws/install/local_setup.zsh'
[14.364s] INFO:colcon.colcon_core.shell:Creating prefix chain script '/workspace/ur5_ws/install/setup.zsh'
