[0.000000] (-) TimerEvent: {}
[0.000224] (-) JobUnselected: {'identifier': 'ur'}
[0.000364] (-) JobUnselected: {'identifier': 'ur5_kdl_ik'}
[0.000473] (-) JobUnselected: {'identifier': 'ur5_minimal_moveit'}
[0.000592] (-) JobUnselected: {'identifier': 'ur_calibration'}
[0.000700] (-) JobUnselected: {'identifier': 'ur_controllers'}
[0.002772] (-) JobUnselected: {'identifier': 'ur_dashboard_msgs'}
[0.002830] (-) JobUnselected: {'identifier': 'ur_description'}
[0.002901] (-) JobUnselected: {'identifier': 'ur_moveit_config'}
[0.002944] (-) JobUnselected: {'identifier': 'ur_robot_driver'}
[0.003030] (ur5_motion_planning) JobQueued: {'identifier': 'ur5_motion_planning', 'dependencies': OrderedDict([('ur_description', '/workspace/ur5_ws/install/ur_description'), ('ur_moveit_config', '/workspace/ur5_ws/install/ur_moveit_config'), ('ur5_minimal_moveit', '/workspace/ur5_ws/install/ur5_minimal_moveit')])}
[0.003132] (ur5_motion_planning) JobStarted: {'identifier': 'ur5_motion_planning'}
[0.017316] (ur5_motion_planning) JobProgress: {'identifier': 'ur5_motion_planning', 'progress': 'cmake'}
[0.018973] (ur5_motion_planning) JobProgress: {'identifier': 'ur5_motion_planning', 'progress': 'build'}
[0.020101] (ur5_motion_planning) Command: {'cmd': ['/usr/bin/cmake', '--build', '/workspace/ur5_ws/build/ur5_motion_planning', '--', '-j11', '-l11'], 'cwd': '/workspace/ur5_ws/build/ur5_motion_planning', 'env': OrderedDict([('HOSTNAME', '10a6f84be8b2'), ('SHLVL', '1'), ('LD_LIBRARY_PATH', '/opt/ros/humble/opt/rviz_ogre_vendor/lib:/opt/ros/humble/lib/aarch64-linux-gnu:/opt/ros/humble/lib'), ('HOME', '/root'), ('OLDPWD', '/'), ('ROS_PYTHON_VERSION', '3'), ('ROS_DISTRO', 'humble'), ('_', '/usr/bin/colcon'), ('ROS_VERSION', '2'), ('ROS_LOCALHOST_ONLY', '0'), ('PATH', '/opt/ros/humble/bin:/usr/local/sbin:/usr/local/bin:/usr/sbin:/usr/bin:/sbin:/bin'), ('LANG', 'C.UTF-8'), ('AMENT_PREFIX_PATH', '/workspace/ur5_ws/install/ur5_minimal_moveit:/workspace/ur5_ws/install/ur_moveit_config:/workspace/ur5_ws/install/ur_description:/opt/ros/humble'), ('PWD', '/workspace/ur5_ws/build/ur5_motion_planning'), ('LC_ALL', 'C.UTF-8'), ('PYTHONPATH', '/workspace/ur5_ws/install/ur5_minimal_moveit/lib/python3.10/site-packages:/opt/ros/humble/lib/python3.10/site-packages:/opt/ros/humble/local/lib/python3.10/dist-packages'), ('COLCON', '1'), ('CMAKE_PREFIX_PATH', '/workspace/ur5_ws/install/ur_moveit_config:/workspace/ur5_ws/install/ur_description:/opt/ros/humble')]), 'shell': False}
[0.063703] (ur5_motion_planning) StdoutLine: {'line': b'-- Found ament_cmake: 1.3.12 (/opt/ros/humble/share/ament_cmake/cmake)\n'}
[0.097716] (-) TimerEvent: {}
[0.154812] (ur5_motion_planning) StdoutLine: {'line': b'-- Found rclcpp: 16.0.17 (/opt/ros/humble/share/rclcpp/cmake)\n'}
[0.177766] (ur5_motion_planning) StdoutLine: {'line': b'-- Found rosidl_generator_c: 3.1.8 (/opt/ros/humble/share/rosidl_generator_c/cmake)\n'}
[0.179727] (ur5_motion_planning) StdoutLine: {'line': b'-- Found rosidl_adapter: 3.1.8 (/opt/ros/humble/share/rosidl_adapter/cmake)\n'}
[0.183864] (ur5_motion_planning) StdoutLine: {'line': b'-- Found rosidl_generator_cpp: 3.1.8 (/opt/ros/humble/share/rosidl_generator_cpp/cmake)\n'}
[0.191076] (ur5_motion_planning) StdoutLine: {'line': b'-- Using all available rosidl_typesupport_c: rosidl_typesupport_fastrtps_c;rosidl_typesupport_introspection_c\n'}
[0.198671] (-) TimerEvent: {}
[0.199813] (ur5_motion_planning) StdoutLine: {'line': b'-- Using all available rosidl_typesupport_cpp: rosidl_typesupport_fastrtps_cpp;rosidl_typesupport_introspection_cpp\n'}
[0.222849] (ur5_motion_planning) StdoutLine: {'line': b'-- Found rmw_implementation_cmake: 6.1.2 (/opt/ros/humble/share/rmw_implementation_cmake/cmake)\n'}
[0.224483] (ur5_motion_planning) StdoutLine: {'line': b'-- Found rmw_fastrtps_cpp: 6.2.9 (/opt/ros/humble/share/rmw_fastrtps_cpp/cmake)\n'}
[0.299802] (-) TimerEvent: {}
[0.319785] (ur5_motion_planning) StdoutLine: {'line': b"-- Using RMW implementation 'rmw_fastrtps_cpp' as default\n"}
[0.363099] (ur5_motion_planning) StdoutLine: {'line': b'-- Found geometry_msgs: 4.9.0 (/opt/ros/humble/share/geometry_msgs/cmake)\n'}
[0.374539] (ur5_motion_planning) StdoutLine: {'line': b'-- Found trajectory_msgs: 4.9.0 (/opt/ros/humble/share/trajectory_msgs/cmake)\n'}
[0.387825] (ur5_motion_planning) StdoutLine: {'line': b'-- Found tf2_geometry_msgs: 0.25.18 (/opt/ros/humble/share/tf2_geometry_msgs/cmake)\n'}
[0.390786] (ur5_motion_planning) StdoutLine: {'line': b'-- Found eigen3_cmake_module: 0.1.1 (/opt/ros/humble/share/eigen3_cmake_module/cmake)\n'}
[0.392118] (ur5_motion_planning) StdoutLine: {'line': b'-- Ensuring Eigen3 include directory is part of orocos-kdl CMake target\n'}
[0.400687] (-) TimerEvent: {}
[0.502365] (-) TimerEvent: {}
[0.503355] (ur5_motion_planning) StdoutLine: {'line': b'-- Found moveit_core: 2.5.9 (/opt/ros/humble/share/moveit_core/cmake)\n'}
[0.525407] (ur5_motion_planning) StdoutLine: {'line': b'-- Found Boost: /usr/lib/aarch64-linux-gnu/cmake/Boost-1.74.0/BoostConfig.cmake (found version "1.74.0") found components: chrono date_time filesystem iostreams program_options regex serialization system thread \n'}
[0.572739] (ur5_motion_planning) StdoutLine: {'line': b'-- Found parameter_traits: 0.6.0 (/opt/ros/humble/share/parameter_traits/cmake)\n'}
[0.582909] (ur5_motion_planning) StdoutLine: {'line': b'-- Found rclcpp_lifecycle: 16.0.17 (/opt/ros/humble/share/rclcpp_lifecycle/cmake)\n'}
[0.601155] (ur5_motion_planning) StdoutLine: {'line': b'-- Found Boost: /usr/lib/aarch64-linux-gnu/cmake/Boost-1.74.0/BoostConfig.cmake (found version "1.74.0") found components: filesystem \n'}
[0.602662] (-) TimerEvent: {}
[0.628057] (ur5_motion_planning) StdoutLine: {'line': b'-- library: /usr/lib/aarch64-linux-gnu/libcurl.so\n'}
[0.703683] (-) TimerEvent: {}
[0.756109] (ur5_motion_planning) StdoutLine: {'line': b'-- Found moveit_ros_planning_interface: 2.5.9 (/opt/ros/humble/share/moveit_ros_planning_interface/cmake)\n'}
[0.762923] (ur5_motion_planning) StdoutLine: {'line': b'-- Found Boost: /usr/lib/aarch64-linux-gnu/cmake/Boost-1.74.0/BoostConfig.cmake (found version "1.74.0") found components: date_time filesystem program_options system thread \n'}
[0.768742] (ur5_motion_planning) StdoutLine: {'line': b'-- Found Boost: /usr/lib/aarch64-linux-gnu/cmake/Boost-1.74.0/BoostConfig.cmake (found version "1.74.0") found components: system filesystem date_time program_options thread chrono \n'}
[0.791881] (ur5_motion_planning) StdoutLine: {'line': b'-- Found Boost: /usr/lib/aarch64-linux-gnu/cmake/Boost-1.74.0/BoostConfig.cmake (found version "1.74.0") found components: thread system filesystem regex date_time program_options \n'}
[0.804663] (-) TimerEvent: {}
[0.807367] (ur5_motion_planning) StdoutLine: {'line': b'-- Found Boost: /usr/lib/aarch64-linux-gnu/cmake/Boost-1.74.0/BoostConfig.cmake (found version "1.74.0") found components: system filesystem date_time program_options thread \n'}
[0.889898] (ur5_motion_planning) StdoutLine: {'line': b'-- Configuring done\n'}
[0.905704] (-) TimerEvent: {}
[0.933211] (ur5_motion_planning) StdoutLine: {'line': b'-- Generating done\n'}
[0.955701] (ur5_motion_planning) StdoutLine: {'line': b'-- Build files have been written to: /workspace/ur5_ws/build/ur5_motion_planning\n'}
[1.006695] (-) TimerEvent: {}
[1.107699] (-) TimerEvent: {}
[1.168404] (ur5_motion_planning) StdoutLine: {'line': b'Consolidate compiler generated dependencies of target ur5_plan_and_analyze_node\n'}
[1.190330] (ur5_motion_planning) StdoutLine: {'line': b'[ 50%] Building CXX object CMakeFiles/ur5_plan_and_analyze_node.dir/src/ur5_plan_and_analyze_node.cpp.o\n'}
[1.208695] (-) TimerEvent: {}
[1.313683] (-) TimerEvent: {}
[1.414689] (-) TimerEvent: {}
[1.515680] (-) TimerEvent: {}
[1.616688] (-) TimerEvent: {}
[1.717703] (-) TimerEvent: {}
[1.818693] (-) TimerEvent: {}
[1.919700] (-) TimerEvent: {}
[2.020701] (-) TimerEvent: {}
[2.123700] (-) TimerEvent: {}
[2.226707] (-) TimerEvent: {}
[2.327881] (-) TimerEvent: {}
[2.428932] (-) TimerEvent: {}
[2.534720] (-) TimerEvent: {}
[2.635754] (-) TimerEvent: {}
[2.736713] (-) TimerEvent: {}
[2.837700] (-) TimerEvent: {}
[2.938702] (-) TimerEvent: {}
[3.039706] (-) TimerEvent: {}
[3.140751] (-) TimerEvent: {}
[3.241711] (-) TimerEvent: {}
[3.342713] (-) TimerEvent: {}
[3.443748] (-) TimerEvent: {}
[3.544732] (-) TimerEvent: {}
[3.650717] (-) TimerEvent: {}
[3.751707] (-) TimerEvent: {}
[3.852721] (-) TimerEvent: {}
[3.953732] (-) TimerEvent: {}
[4.055185] (-) TimerEvent: {}
[4.155742] (-) TimerEvent: {}
[4.256717] (-) TimerEvent: {}
[4.357744] (-) TimerEvent: {}
[4.458725] (-) TimerEvent: {}
[4.563744] (-) TimerEvent: {}
[4.664720] (-) TimerEvent: {}
[4.765727] (-) TimerEvent: {}
[4.866726] (-) TimerEvent: {}
[4.967355] (-) TimerEvent: {}
[5.069742] (-) TimerEvent: {}
[5.173722] (-) TimerEvent: {}
[5.274721] (-) TimerEvent: {}
[5.375703] (-) TimerEvent: {}
[5.476704] (-) TimerEvent: {}
[5.577720] (-) TimerEvent: {}
[5.678707] (-) TimerEvent: {}
[5.779715] (-) TimerEvent: {}
[5.880759] (-) TimerEvent: {}
[5.981736] (-) TimerEvent: {}
[6.082732] (-) TimerEvent: {}
[6.183732] (-) TimerEvent: {}
[6.284712] (-) TimerEvent: {}
[6.385746] (-) TimerEvent: {}
[6.486707] (-) TimerEvent: {}
[6.589728] (-) TimerEvent: {}
[6.690708] (-) TimerEvent: {}
[6.791726] (-) TimerEvent: {}
[6.892729] (-) TimerEvent: {}
[6.993719] (-) TimerEvent: {}
[7.094755] (-) TimerEvent: {}
[7.195725] (-) TimerEvent: {}
[7.296712] (-) TimerEvent: {}
[7.399683] (-) TimerEvent: {}
[7.502743] (-) TimerEvent: {}
[7.603723] (-) TimerEvent: {}
[7.704690] (-) TimerEvent: {}
[7.805696] (-) TimerEvent: {}
[7.906701] (-) TimerEvent: {}
[8.007698] (-) TimerEvent: {}
[8.108719] (-) TimerEvent: {}
[8.209724] (-) TimerEvent: {}
[8.310711] (-) TimerEvent: {}
[8.393724] (ur5_motion_planning) StdoutLine: {'line': b'[100%] Linking CXX executable ur5_plan_and_analyze_node\n'}
[8.412188] (-) TimerEvent: {}
[8.512695] (-) TimerEvent: {}
[8.614723] (-) TimerEvent: {}
[8.719708] (-) TimerEvent: {}
[8.733609] (ur5_motion_planning) StdoutLine: {'line': b'[100%] Built target ur5_plan_and_analyze_node\n'}
[8.742275] (ur5_motion_planning) CommandEnded: {'returncode': 0}
[8.744977] (ur5_motion_planning) JobProgress: {'identifier': 'ur5_motion_planning', 'progress': 'install'}
[8.750592] (ur5_motion_planning) Command: {'cmd': ['/usr/bin/cmake', '--install', '/workspace/ur5_ws/build/ur5_motion_planning'], 'cwd': '/workspace/ur5_ws/build/ur5_motion_planning', 'env': OrderedDict([('HOSTNAME', '10a6f84be8b2'), ('SHLVL', '1'), ('LD_LIBRARY_PATH', '/opt/ros/humble/opt/rviz_ogre_vendor/lib:/opt/ros/humble/lib/aarch64-linux-gnu:/opt/ros/humble/lib'), ('HOME', '/root'), ('OLDPWD', '/'), ('ROS_PYTHON_VERSION', '3'), ('ROS_DISTRO', 'humble'), ('_', '/usr/bin/colcon'), ('ROS_VERSION', '2'), ('ROS_LOCALHOST_ONLY', '0'), ('PATH', '/opt/ros/humble/bin:/usr/local/sbin:/usr/local/bin:/usr/sbin:/usr/bin:/sbin:/bin'), ('LANG', 'C.UTF-8'), ('AMENT_PREFIX_PATH', '/workspace/ur5_ws/install/ur5_minimal_moveit:/workspace/ur5_ws/install/ur_moveit_config:/workspace/ur5_ws/install/ur_description:/opt/ros/humble'), ('PWD', '/workspace/ur5_ws/build/ur5_motion_planning'), ('LC_ALL', 'C.UTF-8'), ('PYTHONPATH', '/workspace/ur5_ws/install/ur5_minimal_moveit/lib/python3.10/site-packages:/opt/ros/humble/lib/python3.10/site-packages:/opt/ros/humble/local/lib/python3.10/dist-packages'), ('COLCON', '1'), ('CMAKE_PREFIX_PATH', '/workspace/ur5_ws/install/ur_moveit_config:/workspace/ur5_ws/install/ur_description:/opt/ros/humble')]), 'shell': False}
[8.755079] (ur5_motion_planning) StdoutLine: {'line': b'-- Install configuration: ""\n'}
[8.756006] (ur5_motion_planning) StdoutLine: {'line': b'-- Installing: /workspace/ur5_ws/install/ur5_motion_planning/lib/ur5_motion_planning/ur5_plan_and_analyze_node\n'}
[8.775247] (ur5_motion_planning) StdoutLine: {'line': b'-- Set runtime path of "/workspace/ur5_ws/install/ur5_motion_planning/lib/ur5_motion_planning/ur5_plan_and_analyze_node" to ""\n'}
[8.775614] (ur5_motion_planning) StdoutLine: {'line': b'-- Up-to-date: /workspace/ur5_ws/install/ur5_motion_planning/share/ur5_motion_planning/launch\n'}
[8.776127] (ur5_motion_planning) StdoutLine: {'line': b'-- Installing: /workspace/ur5_ws/install/ur5_motion_planning/share/ur5_motion_planning/launch/run_plan_and_analyze.launch.py\n'}
[8.778294] (ur5_motion_planning) StdoutLine: {'line': b'-- Up-to-date: /workspace/ur5_ws/install/ur5_motion_planning/share/ament_index/resource_index/package_run_dependencies/ur5_motion_planning\n'}
[8.778895] (ur5_motion_planning) StdoutLine: {'line': b'-- Up-to-date: /workspace/ur5_ws/install/ur5_motion_planning/share/ament_index/resource_index/parent_prefix_path/ur5_motion_planning\n'}
[8.779346] (ur5_motion_planning) StdoutLine: {'line': b'-- Up-to-date: /workspace/ur5_ws/install/ur5_motion_planning/share/ur5_motion_planning/environment/ament_prefix_path.sh\n'}
[8.779724] (ur5_motion_planning) StdoutLine: {'line': b'-- Installing: /workspace/ur5_ws/install/ur5_motion_planning/share/ur5_motion_planning/environment/ament_prefix_path.dsv\n'}
[8.781488] (ur5_motion_planning) StdoutLine: {'line': b'-- Up-to-date: /workspace/ur5_ws/install/ur5_motion_planning/share/ur5_motion_planning/environment/path.sh\n'}
[8.781946] (ur5_motion_planning) StdoutLine: {'line': b'-- Installing: /workspace/ur5_ws/install/ur5_motion_planning/share/ur5_motion_planning/environment/path.dsv\n'}
[8.783649] (ur5_motion_planning) StdoutLine: {'line': b'-- Up-to-date: /workspace/ur5_ws/install/ur5_motion_planning/share/ur5_motion_planning/local_setup.bash\n'}
[8.784028] (ur5_motion_planning) StdoutLine: {'line': b'-- Up-to-date: /workspace/ur5_ws/install/ur5_motion_planning/share/ur5_motion_planning/local_setup.sh\n'}
[8.784311] (ur5_motion_planning) StdoutLine: {'line': b'-- Up-to-date: /workspace/ur5_ws/install/ur5_motion_planning/share/ur5_motion_planning/local_setup.zsh\n'}
[8.784713] (ur5_motion_planning) StdoutLine: {'line': b'-- Installing: /workspace/ur5_ws/install/ur5_motion_planning/share/ur5_motion_planning/local_setup.dsv\n'}
[8.786611] (ur5_motion_planning) StdoutLine: {'line': b'-- Installing: /workspace/ur5_ws/install/ur5_motion_planning/share/ur5_motion_planning/package.dsv\n'}
[8.788916] (ur5_motion_planning) StdoutLine: {'line': b'-- Up-to-date: /workspace/ur5_ws/install/ur5_motion_planning/share/ament_index/resource_index/packages/ur5_motion_planning\n'}
[8.789364] (ur5_motion_planning) StdoutLine: {'line': b'-- Up-to-date: /workspace/ur5_ws/install/ur5_motion_planning/share/ur5_motion_planning/cmake/ur5_motion_planningConfig.cmake\n'}
[8.789748] (ur5_motion_planning) StdoutLine: {'line': b'-- Up-to-date: /workspace/ur5_ws/install/ur5_motion_planning/share/ur5_motion_planning/cmake/ur5_motion_planningConfig-version.cmake\n'}
[8.790111] (ur5_motion_planning) StdoutLine: {'line': b'-- Installing: /workspace/ur5_ws/install/ur5_motion_planning/share/ur5_motion_planning/package.xml\n'}
[8.793340] (ur5_motion_planning) CommandEnded: {'returncode': 0}
[8.820725] (-) TimerEvent: {}
[8.823263] (ur5_motion_planning) JobEnded: {'identifier': 'ur5_motion_planning', 'rc': 0}
[8.824894] (-) EventReactorShutdown: {}
