[0.007s] Invoking command in '/workspace/ur5_ws/build/ur_moveit_config': AMENT_PREFIX_PATH=/workspace/ur5_ws/install/ur_description:${AMENT_PREFIX_PATH} CMAKE_PREFIX_PATH=/workspace/ur5_ws/install/ur_description:/opt/ros/humble /usr/bin/cmake /workspace/ur5_ws/src/Universal_Robots_ROS2_Driver/ur_moveit_config -DAMENT_CMAKE_SYMLINK_INSTALL=1 -DCMAKE_INSTALL_PREFIX=/workspace/ur5_ws/install/ur_moveit_config
[0.050s] -- The C compiler identification is GNU 11.4.0
[0.092s] -- The CXX compiler identification is GNU 11.4.0
[0.099s] -- Detecting C compiler ABI info
[0.167s] -- Detecting C compiler ABI info - done
[0.175s] -- Check for working C compiler: /usr/bin/cc - skipped
[0.175s] -- Detecting C compile features
[0.176s] -- Detecting C compile features - done
[0.179s] -- Detecting CXX compiler ABI info
[0.253s] -- Detecting CXX compiler ABI info - done
[0.260s] -- Check for working CXX compiler: /usr/bin/c++ - skipped
[0.261s] -- Detecting CXX compile features
[0.262s] -- Detecting CXX compile features - done
[0.266s] -- Found ament_cmake: 1.3.12 (/opt/ros/humble/share/ament_cmake/cmake)
[0.346s] -- Found Python3: /usr/bin/python3 (found version "3.10.12") found components: Interpreter 
[0.390s] -- Override CMake install command with custom implementation using symlinks instead of copying resources
[0.500s] -- Configuring done
[0.519s] -- Generating done
[0.531s] -- Build files have been written to: /workspace/ur5_ws/build/ur_moveit_config
[0.532s] Invoked command in '/workspace/ur5_ws/build/ur_moveit_config' returned '0': AMENT_PREFIX_PATH=/workspace/ur5_ws/install/ur_description:${AMENT_PREFIX_PATH} CMAKE_PREFIX_PATH=/workspace/ur5_ws/install/ur_description:/opt/ros/humble /usr/bin/cmake /workspace/ur5_ws/src/Universal_Robots_ROS2_Driver/ur_moveit_config -DAMENT_CMAKE_SYMLINK_INSTALL=1 -DCMAKE_INSTALL_PREFIX=/workspace/ur5_ws/install/ur_moveit_config
[0.534s] Invoking command in '/workspace/ur5_ws/build/ur_moveit_config': AMENT_PREFIX_PATH=/workspace/ur5_ws/install/ur_description:${AMENT_PREFIX_PATH} CMAKE_PREFIX_PATH=/workspace/ur5_ws/install/ur_description:/opt/ros/humble /usr/bin/cmake --build /workspace/ur5_ws/build/ur_moveit_config -- -j11 -l11
[0.556s] Invoked command in '/workspace/ur5_ws/build/ur_moveit_config' returned '0': AMENT_PREFIX_PATH=/workspace/ur5_ws/install/ur_description:${AMENT_PREFIX_PATH} CMAKE_PREFIX_PATH=/workspace/ur5_ws/install/ur_description:/opt/ros/humble /usr/bin/cmake --build /workspace/ur5_ws/build/ur_moveit_config -- -j11 -l11
[0.558s] Invoking command in '/workspace/ur5_ws/build/ur_moveit_config': AMENT_PREFIX_PATH=/workspace/ur5_ws/install/ur_description:${AMENT_PREFIX_PATH} CMAKE_PREFIX_PATH=/workspace/ur5_ws/install/ur_description:/opt/ros/humble /usr/bin/cmake --install /workspace/ur5_ws/build/ur_moveit_config
[0.562s] -- Install configuration: ""
[0.563s] -- Execute custom install script
[0.565s] -- Symlinking: /workspace/ur5_ws/install/ur_moveit_config/share/ament_index/resource_index/package_run_dependencies/ur_moveit_config
[0.571s] -- Symlinking: /workspace/ur5_ws/install/ur_moveit_config/share/ament_index/resource_index/parent_prefix_path/ur_moveit_config
[0.577s] -- Symlinking: /workspace/ur5_ws/install/ur_moveit_config/share/ur_moveit_config/environment/ament_prefix_path.sh
[0.581s] -- Symlinking: /workspace/ur5_ws/install/ur_moveit_config/share/ur_moveit_config/environment/ament_prefix_path.dsv
[0.586s] -- Symlinking: /workspace/ur5_ws/install/ur_moveit_config/share/ur_moveit_config/environment/path.sh
[0.591s] -- Symlinking: /workspace/ur5_ws/install/ur_moveit_config/share/ur_moveit_config/environment/path.dsv
[0.596s] -- Symlinking: /workspace/ur5_ws/install/ur_moveit_config/share/ur_moveit_config/local_setup.bash
[0.601s] -- Symlinking: /workspace/ur5_ws/install/ur_moveit_config/share/ur_moveit_config/local_setup.sh
[0.606s] -- Symlinking: /workspace/ur5_ws/install/ur_moveit_config/share/ur_moveit_config/local_setup.zsh
[0.611s] -- Symlinking: /workspace/ur5_ws/install/ur_moveit_config/share/ur_moveit_config/local_setup.dsv
[0.616s] -- Symlinking: /workspace/ur5_ws/install/ur_moveit_config/share/ur_moveit_config/package.dsv
[0.621s] -- Symlinking: /workspace/ur5_ws/install/ur_moveit_config/share/ament_index/resource_index/packages/ur_moveit_config
[0.627s] -- Symlinking: /workspace/ur5_ws/install/ur_moveit_config/share/ur_moveit_config/cmake/ur_moveit_configConfig.cmake
[0.632s] -- Symlinking: /workspace/ur5_ws/install/ur_moveit_config/share/ur_moveit_config/cmake/ur_moveit_configConfig-version.cmake
[0.636s] -- Symlinking: /workspace/ur5_ws/install/ur_moveit_config/share/ur_moveit_config/package.xml
[0.643s] -- Symlinking: /workspace/ur5_ws/install/ur_moveit_config/share/ur_moveit_config/config/chomp_planning.yaml
[0.647s] -- Symlinking: /workspace/ur5_ws/install/ur_moveit_config/share/ur_moveit_config/config/joint_limits.yaml
[0.652s] -- Symlinking: /workspace/ur5_ws/install/ur_moveit_config/share/ur_moveit_config/config/kinematics.yaml
[0.656s] -- Symlinking: /workspace/ur5_ws/install/ur_moveit_config/share/ur_moveit_config/config/moveit.rviz
[0.661s] -- Symlinking: /workspace/ur5_ws/install/ur_moveit_config/share/ur_moveit_config/config/moveit_controllers.yaml
[0.666s] -- Symlinking: /workspace/ur5_ws/install/ur_moveit_config/share/ur_moveit_config/config/ompl_planning.yaml
[0.670s] -- Symlinking: /workspace/ur5_ws/install/ur_moveit_config/share/ur_moveit_config/config/pilz_cartesian_limits.yaml
[0.675s] -- Symlinking: /workspace/ur5_ws/install/ur_moveit_config/share/ur_moveit_config/config/pilz_industrial_motion_planner_planning.yaml
[0.680s] -- Symlinking: /workspace/ur5_ws/install/ur_moveit_config/share/ur_moveit_config/config/ur_servo.yaml
[0.685s] -- Symlinking: /workspace/ur5_ws/install/ur_moveit_config/share/ur_moveit_config/launch/ur_moveit.launch.py
[0.691s] -- Symlinking: /workspace/ur5_ws/install/ur_moveit_config/share/ur_moveit_config/srdf/ur.srdf.xacro
[0.696s] -- Symlinking: /workspace/ur5_ws/install/ur_moveit_config/share/ur_moveit_config/srdf/ur_macro.srdf.xacro
[0.701s] Invoked command in '/workspace/ur5_ws/build/ur_moveit_config' returned '0': AMENT_PREFIX_PATH=/workspace/ur5_ws/install/ur_description:${AMENT_PREFIX_PATH} CMAKE_PREFIX_PATH=/workspace/ur5_ws/install/ur_description:/opt/ros/humble /usr/bin/cmake --install /workspace/ur5_ws/build/ur_moveit_config
