running egg_info
writing ../../build/ur5_minimal_moveit/ur5_minimal_moveit.egg-info/PKG-INFO
writing dependency_links to ../../build/ur5_minimal_moveit/ur5_minimal_moveit.egg-info/dependency_links.txt
writing entry points to ../../build/ur5_minimal_moveit/ur5_minimal_moveit.egg-info/entry_points.txt
writing requirements to ../../build/ur5_minimal_moveit/ur5_minimal_moveit.egg-info/requires.txt
writing top-level names to ../../build/ur5_minimal_moveit/ur5_minimal_moveit.egg-info/top_level.txt
reading manifest file '../../build/ur5_minimal_moveit/ur5_minimal_moveit.egg-info/SOURCES.txt'
writing manifest file '../../build/ur5_minimal_moveit/ur5_minimal_moveit.egg-info/SOURCES.txt'
running build
running build_py
copying ur5_minimal_moveit/fake_joint_trajectory_controller.py -> /workspace/ur5_ws/build/ur5_minimal_moveit/build/lib/ur5_minimal_moveit
running install
running install_lib
copying /workspace/ur5_ws/build/ur5_minimal_moveit/build/lib/ur5_minimal_moveit/fake_joint_trajectory_controller.py -> /workspace/ur5_ws/install/ur5_minimal_moveit/lib/python3.10/site-packages/ur5_minimal_moveit
byte-compiling /workspace/ur5_ws/install/ur5_minimal_moveit/lib/python3.10/site-packages/ur5_minimal_moveit/fake_joint_trajectory_controller.py to fake_joint_trajectory_controller.cpython-310.pyc
running install_data
copying package.xml -> /workspace/ur5_ws/install/ur5_minimal_moveit/share/ur5_minimal_moveit
copying launch/ur5_visualize.launch.py -> /workspace/ur5_ws/install/ur5_minimal_moveit/share/ur5_minimal_moveit/launch
running install_egg_info
removing '/workspace/ur5_ws/install/ur5_minimal_moveit/lib/python3.10/site-packages/ur5_minimal_moveit-0.0.0-py3.10.egg-info' (and everything under it)
Copying ../../build/ur5_minimal_moveit/ur5_minimal_moveit.egg-info to /workspace/ur5_ws/install/ur5_minimal_moveit/lib/python3.10/site-packages/ur5_minimal_moveit-0.0.0-py3.10.egg-info
running install_scripts
Installing fake_joint_trajectory_controller script to /workspace/ur5_ws/install/ur5_minimal_moveit/lib/ur5_minimal_moveit
writing list of installed files to '/workspace/ur5_ws/build/ur5_minimal_moveit/install.log'
