running egg_info
creating ../../build/ur5_minimal_moveit/ur5_minimal_moveit.egg-info
writing ../../build/ur5_minimal_moveit/ur5_minimal_moveit.egg-info/PKG-INFO
writing dependency_links to ../../build/ur5_minimal_moveit/ur5_minimal_moveit.egg-info/dependency_links.txt
writing requirements to ../../build/ur5_minimal_moveit/ur5_minimal_moveit.egg-info/requires.txt
writing top-level names to ../../build/ur5_minimal_moveit/ur5_minimal_moveit.egg-info/top_level.txt
writing manifest file '../../build/ur5_minimal_moveit/ur5_minimal_moveit.egg-info/SOURCES.txt'
reading manifest file '../../build/ur5_minimal_moveit/ur5_minimal_moveit.egg-info/SOURCES.txt'
writing manifest file '../../build/ur5_minimal_moveit/ur5_minimal_moveit.egg-info/SOURCES.txt'
running build
running build_py
creating /workspace/ur5_ws/build/ur5_minimal_moveit/build
creating /workspace/ur5_ws/build/ur5_minimal_moveit/build/lib
creating /workspace/ur5_ws/build/ur5_minimal_moveit/build/lib/ur5_minimal_moveit
copying ur5_minimal_moveit/__init__.py -> /workspace/ur5_ws/build/ur5_minimal_moveit/build/lib/ur5_minimal_moveit
running install
running install_lib
creating /workspace/ur5_ws/install/ur5_minimal_moveit/lib/python3.10/site-packages/ur5_minimal_moveit
copying /workspace/ur5_ws/build/ur5_minimal_moveit/build/lib/ur5_minimal_moveit/__init__.py -> /workspace/ur5_ws/install/ur5_minimal_moveit/lib/python3.10/site-packages/ur5_minimal_moveit
byte-compiling /workspace/ur5_ws/install/ur5_minimal_moveit/lib/python3.10/site-packages/ur5_minimal_moveit/__init__.py to __init__.cpython-310.pyc
running install_data
creating /workspace/ur5_ws/install/ur5_minimal_moveit/share/ament_index
creating /workspace/ur5_ws/install/ur5_minimal_moveit/share/ament_index/resource_index
creating /workspace/ur5_ws/install/ur5_minimal_moveit/share/ament_index/resource_index/packages
copying resource/ur5_minimal_moveit -> /workspace/ur5_ws/install/ur5_minimal_moveit/share/ament_index/resource_index/packages
copying package.xml -> /workspace/ur5_ws/install/ur5_minimal_moveit/share/ur5_minimal_moveit
creating /workspace/ur5_ws/install/ur5_minimal_moveit/share/ur5_minimal_moveit/launch
copying launch/ur5_moveit_minimal.launch.py -> /workspace/ur5_ws/install/ur5_minimal_moveit/share/ur5_minimal_moveit/launch
running install_egg_info
Copying ../../build/ur5_minimal_moveit/ur5_minimal_moveit.egg-info to /workspace/ur5_ws/install/ur5_minimal_moveit/lib/python3.10/site-packages/ur5_minimal_moveit-0.0.0-py3.10.egg-info
running install_scripts
writing list of installed files to '/workspace/ur5_ws/build/ur5_minimal_moveit/install.log'
