[0.000000] (-) TimerEvent: {}
[0.000567] (-) JobUnselected: {'identifier': 'ur'}
[0.000661] (-) JobUnselected: {'identifier': 'ur_calibration'}
[0.000775] (-) JobUnselected: {'identifier': 'ur_controllers'}
[0.001200] (-) JobUnselected: {'identifier': 'ur_dashboard_msgs'}
[0.001303] (-) JobUnselected: {'identifier': 'ur_description'}
[0.001346] (-) JobUnselected: {'identifier': 'ur_moveit_config'}
[0.001395] (-) JobUnselected: {'identifier': 'ur_robot_driver'}
[0.001610] (ur5_minimal_moveit) JobQueued: {'identifier': 'ur5_minimal_moveit', 'dependencies': OrderedDict([('ur_description', '/workspace/ur5_ws/install/ur_description'), ('ur_moveit_config', '/workspace/ur5_ws/install/ur_moveit_config')])}
[0.001730] (ur5_minimal_moveit) JobStarted: {'identifier': 'ur5_minimal_moveit'}
[0.099245] (-) TimerEvent: {}
[0.200055] (-) TimerEvent: {}
[0.302096] (-) TimerEvent: {}
[0.390542] (ur5_minimal_moveit) Command: {'cmd': ['/usr/bin/python3', '-W', 'ignore:setup.py install is deprecated', '-W', 'ignore:easy_install command is deprecated', 'setup.py', 'develop', '--editable', '--build-directory', '/workspace/ur5_ws/build/ur5_minimal_moveit/build', '--no-deps', 'symlink_data'], 'cwd': '/workspace/ur5_ws/build/ur5_minimal_moveit', 'env': {'HOSTNAME': '10a6f84be8b2', 'SHLVL': '1', 'LD_LIBRARY_PATH': '/opt/ros/humble/lib/aarch64-linux-gnu:/opt/ros/humble/lib', 'HOME': '/root', 'OLDPWD': '/', 'ROS_PYTHON_VERSION': '3', 'ROS_DISTRO': 'humble', '_': '/usr/bin/colcon', 'ROS_VERSION': '2', 'ROS_LOCALHOST_ONLY': '0', 'PATH': '/opt/ros/humble/bin:/usr/local/sbin:/usr/local/bin:/usr/sbin:/usr/bin:/sbin:/bin', 'LANG': 'C.UTF-8', 'AMENT_PREFIX_PATH': '/workspace/ur5_ws/install/ur_moveit_config:/workspace/ur5_ws/install/ur_description:/opt/ros/humble', 'PWD': '/workspace/ur5_ws/build/ur5_minimal_moveit', 'LC_ALL': 'C.UTF-8', 'PYTHONPATH': '/workspace/ur5_ws/build/ur5_minimal_moveit/prefix_override:/usr/lib/python3/dist-packages/colcon_core/task/python/colcon_distutils_commands:/workspace/ur5_ws/install/ur5_minimal_moveit/lib/python3.10/site-packages:/opt/ros/humble/lib/python3.10/site-packages:/opt/ros/humble/local/lib/python3.10/dist-packages', 'COLCON': '1', 'CMAKE_PREFIX_PATH': '/workspace/ur5_ws/install/ur_moveit_config:/workspace/ur5_ws/install/ur_description'}, 'shell': False}
[0.403509] (-) TimerEvent: {}
[0.504978] (-) TimerEvent: {}
[0.532860] (ur5_minimal_moveit) StdoutLine: {'line': b'running develop\n'}
[0.589263] (ur5_minimal_moveit) StdoutLine: {'line': b'running egg_info\n'}
[0.589862] (ur5_minimal_moveit) StdoutLine: {'line': b'writing ur5_minimal_moveit.egg-info/PKG-INFO\n'}
[0.590410] (ur5_minimal_moveit) StdoutLine: {'line': b'writing dependency_links to ur5_minimal_moveit.egg-info/dependency_links.txt\n'}
[0.591263] (ur5_minimal_moveit) StdoutLine: {'line': b'writing requirements to ur5_minimal_moveit.egg-info/requires.txt\n'}
[0.591782] (ur5_minimal_moveit) StdoutLine: {'line': b'writing top-level names to ur5_minimal_moveit.egg-info/top_level.txt\n'}
[0.595255] (ur5_minimal_moveit) StdoutLine: {'line': b"reading manifest file 'ur5_minimal_moveit.egg-info/SOURCES.txt'\n"}
[0.596920] (ur5_minimal_moveit) StdoutLine: {'line': b"writing manifest file 'ur5_minimal_moveit.egg-info/SOURCES.txt'\n"}
[0.598133] (ur5_minimal_moveit) StdoutLine: {'line': b'running build_ext\n'}
[0.598534] (ur5_minimal_moveit) StdoutLine: {'line': b'Creating /workspace/ur5_ws/install/ur5_minimal_moveit/lib/python3.10/site-packages/ur5-minimal-moveit.egg-link (link to .)\n'}
[0.599889] (ur5_minimal_moveit) StdoutLine: {'line': b'\n'}
[0.600265] (ur5_minimal_moveit) StdoutLine: {'line': b'Installed /workspace/ur5_ws/build/ur5_minimal_moveit\n'}
[0.600630] (ur5_minimal_moveit) StdoutLine: {'line': b'running symlink_data\n'}
[0.606090] (-) TimerEvent: {}
[0.624474] (ur5_minimal_moveit) CommandEnded: {'returncode': 0}
[0.643337] (ur5_minimal_moveit) JobEnded: {'identifier': 'ur5_minimal_moveit', 'rc': 0}
[0.645013] (-) EventReactorShutdown: {}
