[0.000000] (-) TimerEvent: {}
[0.000502] (-) JobUnselected: {'identifier': 'ur'}
[0.000589] (-) JobUnselected: {'identifier': 'ur5_kdl_ik'}
[0.000709] (-) JobUnselected: {'identifier': 'ur_calibration'}
[0.000772] (-) JobUnselected: {'identifier': 'ur_controllers'}
[0.000956] (-) JobUnselected: {'identifier': 'ur_dashboard_msgs'}
[0.001051] (-) JobUnselected: {'identifier': 'ur_description'}
[0.001119] (-) JobUnselected: {'identifier': 'ur_moveit_config'}
[0.001465] (-) JobUnselected: {'identifier': 'ur_robot_driver'}
[0.001528] (ur5_minimal_moveit) JobQueued: {'identifier': 'ur5_minimal_moveit', 'dependencies': OrderedDict([('ur_description', '/workspace/ur5_ws/install/ur_description'), ('ur_moveit_config', '/workspace/ur5_ws/install/ur_moveit_config')])}
[0.001585] (ur5_motion_planning) JobQueued: {'identifier': 'ur5_motion_planning', 'dependencies': OrderedDict([('ur_description', '/workspace/ur5_ws/install/ur_description'), ('ur_moveit_config', '/workspace/ur5_ws/install/ur_moveit_config'), ('ur5_minimal_moveit', '/workspace/ur5_ws/install/ur5_minimal_moveit')])}
[0.001794] (ur5_minimal_moveit) JobStarted: {'identifier': 'ur5_minimal_moveit'}
[0.099044] (-) TimerEvent: {}
[0.199791] (-) TimerEvent: {}
[0.302515] (-) TimerEvent: {}
[0.368484] (ur5_minimal_moveit) Command: {'cmd': ['/usr/bin/python3', '-W', 'ignore:setup.py install is deprecated', '-W', 'ignore:easy_install command is deprecated', 'setup.py', 'develop', '--editable', '--build-directory', '/workspace/ur5_ws/build/ur5_minimal_moveit/build', '--no-deps', 'symlink_data'], 'cwd': '/workspace/ur5_ws/build/ur5_minimal_moveit', 'env': {'HOSTNAME': '0ad837a685b4', 'SHLVL': '1', 'LD_LIBRARY_PATH': '/opt/ros/humble/lib/aarch64-linux-gnu:/opt/ros/humble/lib', 'HOME': '/root', 'OLDPWD': '/workspace', 'ROS_PYTHON_VERSION': '3', 'ROS_DISTRO': 'humble', '_': '/usr/bin/colcon', 'ROS_VERSION': '2', 'ROS_LOCALHOST_ONLY': '0', 'PATH': '/opt/ros/humble/bin:/usr/local/sbin:/usr/local/bin:/usr/sbin:/usr/bin:/sbin:/bin', 'LANG': 'C.UTF-8', 'AMENT_PREFIX_PATH': '/workspace/ur5_ws/install/ur_moveit_config:/workspace/ur5_ws/install/ur_description:/opt/ros/humble', 'PWD': '/workspace/ur5_ws/build/ur5_minimal_moveit', 'LC_ALL': 'C.UTF-8', 'PYTHONPATH': '/workspace/ur5_ws/build/ur5_minimal_moveit/prefix_override:/usr/lib/python3/dist-packages/colcon_core/task/python/colcon_distutils_commands:/workspace/ur5_ws/install/ur5_minimal_moveit/lib/python3.10/site-packages:/opt/ros/humble/lib/python3.10/site-packages:/opt/ros/humble/local/lib/python3.10/dist-packages', 'COLCON': '1', 'CMAKE_PREFIX_PATH': '/workspace/ur5_ws/install/ur_moveit_config:/workspace/ur5_ws/install/ur_description'}, 'shell': False}
[0.402789] (-) TimerEvent: {}
[0.506099] (ur5_minimal_moveit) StdoutLine: {'line': b'running develop\n'}
[0.508227] (-) TimerEvent: {}
[0.564259] (ur5_minimal_moveit) StdoutLine: {'line': b'running egg_info\n'}
[0.565100] (ur5_minimal_moveit) StdoutLine: {'line': b'writing ur5_minimal_moveit.egg-info/PKG-INFO\n'}
[0.565610] (ur5_minimal_moveit) StdoutLine: {'line': b'writing dependency_links to ur5_minimal_moveit.egg-info/dependency_links.txt\n'}
[0.566175] (ur5_minimal_moveit) StdoutLine: {'line': b'writing entry points to ur5_minimal_moveit.egg-info/entry_points.txt\n'}
[0.566770] (ur5_minimal_moveit) StdoutLine: {'line': b'writing requirements to ur5_minimal_moveit.egg-info/requires.txt\n'}
[0.567240] (ur5_minimal_moveit) StdoutLine: {'line': b'writing top-level names to ur5_minimal_moveit.egg-info/top_level.txt\n'}
[0.570609] (ur5_minimal_moveit) StdoutLine: {'line': b"reading manifest file 'ur5_minimal_moveit.egg-info/SOURCES.txt'\n"}
[0.572747] (ur5_minimal_moveit) StdoutLine: {'line': b"writing manifest file 'ur5_minimal_moveit.egg-info/SOURCES.txt'\n"}
[0.573941] (ur5_minimal_moveit) StdoutLine: {'line': b'running build_ext\n'}
[0.574390] (ur5_minimal_moveit) StdoutLine: {'line': b'Creating /workspace/ur5_ws/install/ur5_minimal_moveit/lib/python3.10/site-packages/ur5-minimal-moveit.egg-link (link to .)\n'}
[0.575962] (ur5_minimal_moveit) StdoutLine: {'line': b'Installing fake_joint_trajectory_controller script to /workspace/ur5_ws/install/ur5_minimal_moveit/lib/ur5_minimal_moveit\n'}
[0.577705] (ur5_minimal_moveit) StdoutLine: {'line': b'\n'}
[0.578083] (ur5_minimal_moveit) StdoutLine: {'line': b'Installed /workspace/ur5_ws/build/ur5_minimal_moveit\n'}
[0.578419] (ur5_minimal_moveit) StdoutLine: {'line': b'running symlink_data\n'}
[0.601879] (ur5_minimal_moveit) CommandEnded: {'returncode': 0}
[0.608715] (-) TimerEvent: {}
[0.622139] (ur5_minimal_moveit) JobEnded: {'identifier': 'ur5_minimal_moveit', 'rc': 0}
[0.625805] (ur5_motion_planning) JobStarted: {'identifier': 'ur5_motion_planning'}
[0.632523] (ur5_motion_planning) JobProgress: {'identifier': 'ur5_motion_planning', 'progress': 'cmake'}
[0.634510] (ur5_motion_planning) JobProgress: {'identifier': 'ur5_motion_planning', 'progress': 'build'}
[0.635609] (ur5_motion_planning) Command: {'cmd': ['/usr/bin/cmake', '--build', '/workspace/ur5_ws/build/ur5_motion_planning', '--', '-j11', '-l11'], 'cwd': '/workspace/ur5_ws/build/ur5_motion_planning', 'env': OrderedDict([('HOSTNAME', '0ad837a685b4'), ('SHLVL', '1'), ('LD_LIBRARY_PATH', '/opt/ros/humble/lib/aarch64-linux-gnu:/opt/ros/humble/lib'), ('HOME', '/root'), ('OLDPWD', '/workspace'), ('ROS_PYTHON_VERSION', '3'), ('ROS_DISTRO', 'humble'), ('_', '/usr/bin/colcon'), ('ROS_VERSION', '2'), ('ROS_LOCALHOST_ONLY', '0'), ('PATH', '/opt/ros/humble/bin:/usr/local/sbin:/usr/local/bin:/usr/sbin:/usr/bin:/sbin:/bin'), ('LANG', 'C.UTF-8'), ('AMENT_PREFIX_PATH', '/workspace/ur5_ws/install/ur5_minimal_moveit:/workspace/ur5_ws/install/ur_moveit_config:/workspace/ur5_ws/install/ur_description:/opt/ros/humble'), ('PWD', '/workspace/ur5_ws/build/ur5_motion_planning'), ('LC_ALL', 'C.UTF-8'), ('PYTHONPATH', '/workspace/ur5_ws/build/ur5_minimal_moveit:/workspace/ur5_ws/install/ur5_minimal_moveit/lib/python3.10/site-packages:/opt/ros/humble/lib/python3.10/site-packages:/opt/ros/humble/local/lib/python3.10/dist-packages'), ('COLCON', '1'), ('CMAKE_PREFIX_PATH', '/workspace/ur5_ws/install/ur_moveit_config:/workspace/ur5_ws/install/ur_description:/opt/ros/humble')]), 'shell': False}
[0.709826] (-) TimerEvent: {}
[0.810771] (-) TimerEvent: {}
[0.893448] (ur5_motion_planning) StdoutLine: {'line': b'Consolidate compiler generated dependencies of target ur5_plan_and_analyze_node\n'}
[0.911770] (-) TimerEvent: {}
[0.924877] (ur5_motion_planning) StdoutLine: {'line': b'[ 50%] Building CXX object CMakeFiles/ur5_plan_and_analyze_node.dir/src/ur5_plan_and_analyze_node.cpp.o\n'}
[1.012826] (-) TimerEvent: {}
[1.115620] (-) TimerEvent: {}
[1.216788] (-) TimerEvent: {}
[1.317835] (-) TimerEvent: {}
[1.418978] (-) TimerEvent: {}
[1.519821] (-) TimerEvent: {}
[1.620767] (-) TimerEvent: {}
[1.721776] (-) TimerEvent: {}
[1.822831] (-) TimerEvent: {}
[1.925793] (-) TimerEvent: {}
[2.026791] (-) TimerEvent: {}
[2.127784] (-) TimerEvent: {}
[2.229292] (-) TimerEvent: {}
[2.332063] (-) TimerEvent: {}
[2.437858] (-) TimerEvent: {}
[2.539309] (-) TimerEvent: {}
[2.641541] (-) TimerEvent: {}
[2.747830] (-) TimerEvent: {}
[2.850571] (-) TimerEvent: {}
[2.956829] (-) TimerEvent: {}
[3.062324] (-) TimerEvent: {}
[3.163358] (-) TimerEvent: {}
[3.265602] (-) TimerEvent: {}
[3.370287] (-) TimerEvent: {}
[3.471313] (-) TimerEvent: {}
[3.572330] (-) TimerEvent: {}
[3.677875] (-) TimerEvent: {}
[3.781548] (-) TimerEvent: {}
[3.883547] (-) TimerEvent: {}
[3.985629] (-) TimerEvent: {}
[4.087569] (-) TimerEvent: {}
[4.189581] (-) TimerEvent: {}
[4.291044] (-) TimerEvent: {}
[4.391831] (-) TimerEvent: {}
[4.492918] (-) TimerEvent: {}
[4.598829] (-) TimerEvent: {}
[4.701266] (-) TimerEvent: {}
[4.807841] (-) TimerEvent: {}
[4.914856] (-) TimerEvent: {}
[5.019994] (-) TimerEvent: {}
[5.126850] (-) TimerEvent: {}
[5.233867] (-) TimerEvent: {}
[5.340839] (-) TimerEvent: {}
[5.447858] (-) TimerEvent: {}
[5.554799] (-) TimerEvent: {}
[5.661841] (-) TimerEvent: {}
[5.768849] (-) TimerEvent: {}
[5.875809] (-) TimerEvent: {}
[5.980788] (-) TimerEvent: {}
[6.083802] (-) TimerEvent: {}
[6.184797] (-) TimerEvent: {}
[6.285866] (-) TimerEvent: {}
[6.387316] (-) TimerEvent: {}
[6.489876] (-) TimerEvent: {}
[6.591568] (-) TimerEvent: {}
[6.693052] (-) TimerEvent: {}
[6.794319] (-) TimerEvent: {}
[6.895287] (-) TimerEvent: {}
[6.996281] (-) TimerEvent: {}
[7.097078] (-) TimerEvent: {}
[7.198309] (-) TimerEvent: {}
[7.299305] (-) TimerEvent: {}
[7.401892] (-) TimerEvent: {}
[7.503335] (-) TimerEvent: {}
[7.607598] (-) TimerEvent: {}
[7.711328] (-) TimerEvent: {}
[7.812299] (-) TimerEvent: {}
[7.913302] (-) TimerEvent: {}
[8.014305] (-) TimerEvent: {}
[8.115313] (-) TimerEvent: {}
[8.216295] (-) TimerEvent: {}
[8.316846] (-) TimerEvent: {}
[8.418305] (-) TimerEvent: {}
[8.519217] (-) TimerEvent: {}
[8.623019] (-) TimerEvent: {}
[8.724855] (-) TimerEvent: {}
[8.828386] (-) TimerEvent: {}
[8.930750] (-) TimerEvent: {}
[9.033887] (-) TimerEvent: {}
[9.099828] (ur5_motion_planning) StdoutLine: {'line': b'[100%] Linking CXX executable ur5_plan_and_analyze_node\n'}
[9.135008] (-) TimerEvent: {}
[9.241833] (-) TimerEvent: {}
[9.348831] (-) TimerEvent: {}
[9.457787] (-) TimerEvent: {}
[9.543219] (ur5_motion_planning) StdoutLine: {'line': b'[100%] Built target ur5_plan_and_analyze_node\n'}
[9.553233] (ur5_motion_planning) CommandEnded: {'returncode': 0}
[9.557036] (ur5_motion_planning) JobProgress: {'identifier': 'ur5_motion_planning', 'progress': 'install'}
[9.558911] (-) TimerEvent: {}
[9.565045] (ur5_motion_planning) Command: {'cmd': ['/usr/bin/cmake', '--install', '/workspace/ur5_ws/build/ur5_motion_planning'], 'cwd': '/workspace/ur5_ws/build/ur5_motion_planning', 'env': OrderedDict([('HOSTNAME', '0ad837a685b4'), ('SHLVL', '1'), ('LD_LIBRARY_PATH', '/opt/ros/humble/lib/aarch64-linux-gnu:/opt/ros/humble/lib'), ('HOME', '/root'), ('OLDPWD', '/workspace'), ('ROS_PYTHON_VERSION', '3'), ('ROS_DISTRO', 'humble'), ('_', '/usr/bin/colcon'), ('ROS_VERSION', '2'), ('ROS_LOCALHOST_ONLY', '0'), ('PATH', '/opt/ros/humble/bin:/usr/local/sbin:/usr/local/bin:/usr/sbin:/usr/bin:/sbin:/bin'), ('LANG', 'C.UTF-8'), ('AMENT_PREFIX_PATH', '/workspace/ur5_ws/install/ur5_minimal_moveit:/workspace/ur5_ws/install/ur_moveit_config:/workspace/ur5_ws/install/ur_description:/opt/ros/humble'), ('PWD', '/workspace/ur5_ws/build/ur5_motion_planning'), ('LC_ALL', 'C.UTF-8'), ('PYTHONPATH', '/workspace/ur5_ws/build/ur5_minimal_moveit:/workspace/ur5_ws/install/ur5_minimal_moveit/lib/python3.10/site-packages:/opt/ros/humble/lib/python3.10/site-packages:/opt/ros/humble/local/lib/python3.10/dist-packages'), ('COLCON', '1'), ('CMAKE_PREFIX_PATH', '/workspace/ur5_ws/install/ur_moveit_config:/workspace/ur5_ws/install/ur_description:/opt/ros/humble')]), 'shell': False}
[9.571536] (ur5_motion_planning) StdoutLine: {'line': b'-- Install configuration: ""\n'}
[9.572941] (ur5_motion_planning) StdoutLine: {'line': b'-- Execute custom install script\n'}
[9.574490] (ur5_motion_planning) StdoutLine: {'line': b'-- Up-to-date symlink: /workspace/ur5_ws/install/ur5_motion_planning/lib/ur5_motion_planning/ur5_plan_and_analyze_node\n'}
[9.575840] (ur5_motion_planning) StdoutLine: {'line': b'-- Up-to-date symlink: /workspace/ur5_ws/install/ur5_motion_planning/share/ur5_motion_planning/launch/run_plan_and_analyze.launch.py\n'}
[9.576411] (ur5_motion_planning) StdoutLine: {'line': b'-- Up-to-date symlink: /workspace/ur5_ws/install/ur5_motion_planning/share/ur5_motion_planning/launch/run_plan_and_analyze_real_controllers_sim.launch.py\n'}
[9.577145] (ur5_motion_planning) StdoutLine: {'line': b'-- Up-to-date symlink: /workspace/ur5_ws/install/ur5_motion_planning/share/ament_index/resource_index/package_run_dependencies/ur5_motion_planning\n'}
[9.577821] (ur5_motion_planning) StdoutLine: {'line': b'-- Up-to-date symlink: /workspace/ur5_ws/install/ur5_motion_planning/share/ament_index/resource_index/parent_prefix_path/ur5_motion_planning\n'}
[9.578336] (ur5_motion_planning) StdoutLine: {'line': b'-- Up-to-date symlink: /workspace/ur5_ws/install/ur5_motion_planning/share/ur5_motion_planning/environment/ament_prefix_path.sh\n'}
[9.578912] (ur5_motion_planning) StdoutLine: {'line': b'-- Up-to-date symlink: /workspace/ur5_ws/install/ur5_motion_planning/share/ur5_motion_planning/environment/ament_prefix_path.dsv\n'}
[9.579428] (ur5_motion_planning) StdoutLine: {'line': b'-- Up-to-date symlink: /workspace/ur5_ws/install/ur5_motion_planning/share/ur5_motion_planning/environment/path.sh\n'}
[9.580142] (ur5_motion_planning) StdoutLine: {'line': b'-- Up-to-date symlink: /workspace/ur5_ws/install/ur5_motion_planning/share/ur5_motion_planning/environment/path.dsv\n'}
[9.580615] (ur5_motion_planning) StdoutLine: {'line': b'-- Up-to-date symlink: /workspace/ur5_ws/install/ur5_motion_planning/share/ur5_motion_planning/local_setup.bash\n'}
[9.581093] (ur5_motion_planning) StdoutLine: {'line': b'-- Up-to-date symlink: /workspace/ur5_ws/install/ur5_motion_planning/share/ur5_motion_planning/local_setup.sh\n'}
[9.581603] (ur5_motion_planning) StdoutLine: {'line': b'-- Up-to-date symlink: /workspace/ur5_ws/install/ur5_motion_planning/share/ur5_motion_planning/local_setup.zsh\n'}
[9.582128] (ur5_motion_planning) StdoutLine: {'line': b'-- Up-to-date symlink: /workspace/ur5_ws/install/ur5_motion_planning/share/ur5_motion_planning/local_setup.dsv\n'}
[9.582563] (ur5_motion_planning) StdoutLine: {'line': b'-- Symlinking: /workspace/ur5_ws/install/ur5_motion_planning/share/ur5_motion_planning/package.dsv\n'}
[9.590817] (ur5_motion_planning) StdoutLine: {'line': b'-- Up-to-date symlink: /workspace/ur5_ws/install/ur5_motion_planning/share/ament_index/resource_index/packages/ur5_motion_planning\n'}
[9.591389] (ur5_motion_planning) StdoutLine: {'line': b'-- Up-to-date symlink: /workspace/ur5_ws/install/ur5_motion_planning/share/ur5_motion_planning/cmake/ur5_motion_planningConfig.cmake\n'}
[9.591983] (ur5_motion_planning) StdoutLine: {'line': b'-- Up-to-date symlink: /workspace/ur5_ws/install/ur5_motion_planning/share/ur5_motion_planning/cmake/ur5_motion_planningConfig-version.cmake\n'}
[9.592620] (ur5_motion_planning) StdoutLine: {'line': b'-- Up-to-date symlink: /workspace/ur5_ws/install/ur5_motion_planning/share/ur5_motion_planning/package.xml\n'}
[9.594129] (ur5_motion_planning) CommandEnded: {'returncode': 0}
[9.622156] (ur5_motion_planning) JobEnded: {'identifier': 'ur5_motion_planning', 'rc': 0}
[9.624018] (-) EventReactorShutdown: {}
