[0.027s] Invoking command in '/workspace/ur5_ws/build/ur5_motion_planning': AMENT_PREFIX_PATH=/workspace/ur5_ws/install/ur_moveit_config:/workspace/ur5_ws/install/ur_description:${AMENT_PREFIX_PATH} CMAKE_PREFIX_PATH=/workspace/ur5_ws/install/ur_moveit_config:/workspace/ur5_ws/install/ur_description:/opt/ros/humble /usr/bin/cmake --build /workspace/ur5_ws/build/ur5_motion_planning -- -j11 -l11
[0.257s] Consolidate compiler generated dependencies of target ur5_plan_and_analyze_node
[0.281s] [ 50%] Building CXX object CMakeFiles/ur5_plan_and_analyze_node.dir/src/ur5_plan_and_analyze_node.cpp.o
[7.352s] [100%] Linking CXX executable ur5_plan_and_analyze_node
[7.696s] [100%] Built target ur5_plan_and_analyze_node
[7.706s] Invoked command in '/workspace/ur5_ws/build/ur5_motion_planning' returned '0': AMENT_PREFIX_PATH=/workspace/ur5_ws/install/ur_moveit_config:/workspace/ur5_ws/install/ur_description:${AMENT_PREFIX_PATH} CMAKE_PREFIX_PATH=/workspace/ur5_ws/install/ur_moveit_config:/workspace/ur5_ws/install/ur_description:/opt/ros/humble /usr/bin/cmake --build /workspace/ur5_ws/build/ur5_motion_planning -- -j11 -l11
[7.717s] Invoking command in '/workspace/ur5_ws/build/ur5_motion_planning': AMENT_PREFIX_PATH=/workspace/ur5_ws/install/ur_moveit_config:/workspace/ur5_ws/install/ur_description:${AMENT_PREFIX_PATH} CMAKE_PREFIX_PATH=/workspace/ur5_ws/install/ur_moveit_config:/workspace/ur5_ws/install/ur_description:/opt/ros/humble /usr/bin/cmake --install /workspace/ur5_ws/build/ur5_motion_planning
[7.723s] -- Install configuration: ""
[7.725s] -- Execute custom install script
[7.726s] -- Up-to-date symlink: /workspace/ur5_ws/install/ur5_motion_planning/lib/ur5_motion_planning/ur5_plan_and_analyze_node
[7.727s] -- Up-to-date symlink: /workspace/ur5_ws/install/ur5_motion_planning/share/ur5_motion_planning/launch/run_plan_and_analyze.launch.py
[7.727s] -- Up-to-date symlink: /workspace/ur5_ws/install/ur5_motion_planning/share/ament_index/resource_index/package_run_dependencies/ur5_motion_planning
[7.728s] -- Up-to-date symlink: /workspace/ur5_ws/install/ur5_motion_planning/share/ament_index/resource_index/parent_prefix_path/ur5_motion_planning
[7.728s] -- Up-to-date symlink: /workspace/ur5_ws/install/ur5_motion_planning/share/ur5_motion_planning/environment/ament_prefix_path.sh
[7.729s] -- Up-to-date symlink: /workspace/ur5_ws/install/ur5_motion_planning/share/ur5_motion_planning/environment/ament_prefix_path.dsv
[7.730s] -- Up-to-date symlink: /workspace/ur5_ws/install/ur5_motion_planning/share/ur5_motion_planning/environment/path.sh
[7.730s] -- Up-to-date symlink: /workspace/ur5_ws/install/ur5_motion_planning/share/ur5_motion_planning/environment/path.dsv
[7.731s] -- Up-to-date symlink: /workspace/ur5_ws/install/ur5_motion_planning/share/ur5_motion_planning/local_setup.bash
[7.731s] -- Up-to-date symlink: /workspace/ur5_ws/install/ur5_motion_planning/share/ur5_motion_planning/local_setup.sh
[7.732s] -- Up-to-date symlink: /workspace/ur5_ws/install/ur5_motion_planning/share/ur5_motion_planning/local_setup.zsh
[7.732s] -- Up-to-date symlink: /workspace/ur5_ws/install/ur5_motion_planning/share/ur5_motion_planning/local_setup.dsv
[7.733s] -- Symlinking: /workspace/ur5_ws/install/ur5_motion_planning/share/ur5_motion_planning/package.dsv
[7.739s] -- Up-to-date symlink: /workspace/ur5_ws/install/ur5_motion_planning/share/ament_index/resource_index/packages/ur5_motion_planning
[7.740s] -- Up-to-date symlink: /workspace/ur5_ws/install/ur5_motion_planning/share/ur5_motion_planning/cmake/ur5_motion_planningConfig.cmake
[7.740s] -- Up-to-date symlink: /workspace/ur5_ws/install/ur5_motion_planning/share/ur5_motion_planning/cmake/ur5_motion_planningConfig-version.cmake
[7.741s] -- Up-to-date symlink: /workspace/ur5_ws/install/ur5_motion_planning/share/ur5_motion_planning/package.xml
[7.744s] Invoked command in '/workspace/ur5_ws/build/ur5_motion_planning' returned '0': AMENT_PREFIX_PATH=/workspace/ur5_ws/install/ur_moveit_config:/workspace/ur5_ws/install/ur_description:${AMENT_PREFIX_PATH} CMAKE_PREFIX_PATH=/workspace/ur5_ws/install/ur_moveit_config:/workspace/ur5_ws/install/ur_description:/opt/ros/humble /usr/bin/cmake --install /workspace/ur5_ws/build/ur5_motion_planning
