[0.000000] (-) TimerEvent: {}
[0.000115] (-) JobUnselected: {'identifier': 'ur'}
[0.000255] (-) JobUnselected: {'identifier': 'ur5_kdl_ik'}
[0.002320] (-) JobUnselected: {'identifier': 'ur5_minimal_moveit'}
[0.002399] (-) JobUnselected: {'identifier': 'ur_calibration'}
[0.002486] (-) JobUnselected: {'identifier': 'ur_controllers'}
[0.002591] (-) JobUnselected: {'identifier': 'ur_dashboard_msgs'}
[0.002655] (-) JobUnselected: {'identifier': 'ur_description'}
[0.003105] (-) JobUnselected: {'identifier': 'ur_moveit_config'}
[0.003166] (-) JobUnselected: {'identifier': 'ur_robot_driver'}
[0.003245] (ur5_motion_planning) JobQueued: {'identifier': 'ur5_motion_planning', 'dependencies': OrderedDict([('ur_description', '/workspace/ur5_ws/install/ur_description'), ('ur_moveit_config', '/workspace/ur5_ws/install/ur_moveit_config'), ('ur5_minimal_moveit', '/workspace/ur5_ws/install/ur5_minimal_moveit')])}
[0.003845] (ur5_motion_planning) JobStarted: {'identifier': 'ur5_motion_planning'}
[0.009534] (ur5_motion_planning) JobProgress: {'identifier': 'ur5_motion_planning', 'progress': 'cmake'}
[0.011900] (ur5_motion_planning) Command: {'cmd': ['/usr/bin/cmake', '/workspace/ur5_ws/src/ur5_motion_planning', '-DAMENT_CMAKE_SYMLINK_INSTALL=1', '-DCMAKE_INSTALL_PREFIX=/workspace/ur5_ws/install/ur5_motion_planning'], 'cwd': '/workspace/ur5_ws/build/ur5_motion_planning', 'env': OrderedDict([('HOSTNAME', '106f3beef661'), ('SHLVL', '1'), ('LD_LIBRARY_PATH', '/opt/ros/humble/lib/aarch64-linux-gnu:/opt/ros/humble/lib'), ('HOME', '/root'), ('OLDPWD', '/workspace'), ('ROS_PYTHON_VERSION', '3'), ('ROS_DISTRO', 'humble'), ('_', '/usr/bin/colcon'), ('ROS_VERSION', '2'), ('ROS_LOCALHOST_ONLY', '0'), ('PATH', '/opt/ros/humble/bin:/usr/local/sbin:/usr/local/bin:/usr/sbin:/usr/bin:/sbin:/bin'), ('LANG', 'C.UTF-8'), ('AMENT_PREFIX_PATH', '/workspace/ur5_ws/install/ur5_minimal_moveit:/workspace/ur5_ws/install/ur_moveit_config:/workspace/ur5_ws/install/ur_description:/opt/ros/humble'), ('PWD', '/workspace/ur5_ws/build/ur5_motion_planning'), ('LC_ALL', 'C.UTF-8'), ('PYTHONPATH', '/workspace/ur5_ws/build/ur5_minimal_moveit:/workspace/ur5_ws/install/ur5_minimal_moveit/lib/python3.10/site-packages:/opt/ros/humble/lib/python3.10/site-packages:/opt/ros/humble/local/lib/python3.10/dist-packages'), ('COLCON', '1'), ('CMAKE_PREFIX_PATH', '/workspace/ur5_ws/install/ur_moveit_config:/workspace/ur5_ws/install/ur_description:/opt/ros/humble')]), 'shell': False}
[0.026802] (ur5_motion_planning) StdoutLine: {'line': b'-- Found ament_cmake: 1.3.12 (/opt/ros/humble/share/ament_cmake/cmake)\n'}
[0.099167] (-) TimerEvent: {}
[0.105356] (ur5_motion_planning) StdoutLine: {'line': b'-- Override CMake install command with custom implementation using symlinks instead of copying resources\n'}
[0.115031] (ur5_motion_planning) StdoutLine: {'line': b'-- Found rclcpp: 16.0.17 (/opt/ros/humble/share/rclcpp/cmake)\n'}
[0.132848] (ur5_motion_planning) StdoutLine: {'line': b'-- Found rosidl_generator_c: 3.1.8 (/opt/ros/humble/share/rosidl_generator_c/cmake)\n'}
[0.136264] (ur5_motion_planning) StdoutLine: {'line': b'-- Found rosidl_adapter: 3.1.8 (/opt/ros/humble/share/rosidl_adapter/cmake)\n'}
[0.138832] (ur5_motion_planning) StdoutLine: {'line': b'-- Found rosidl_generator_cpp: 3.1.8 (/opt/ros/humble/share/rosidl_generator_cpp/cmake)\n'}
[0.145544] (ur5_motion_planning) StdoutLine: {'line': b'-- Using all available rosidl_typesupport_c: rosidl_typesupport_fastrtps_c;rosidl_typesupport_introspection_c\n'}
[0.153967] (ur5_motion_planning) StdoutLine: {'line': b'-- Using all available rosidl_typesupport_cpp: rosidl_typesupport_fastrtps_cpp;rosidl_typesupport_introspection_cpp\n'}
[0.176013] (ur5_motion_planning) StdoutLine: {'line': b'-- Found rmw_implementation_cmake: 6.1.2 (/opt/ros/humble/share/rmw_implementation_cmake/cmake)\n'}
[0.179124] (ur5_motion_planning) StdoutLine: {'line': b'-- Found rmw_fastrtps_cpp: 6.2.9 (/opt/ros/humble/share/rmw_fastrtps_cpp/cmake)\n'}
[0.200097] (-) TimerEvent: {}
[0.248434] (ur5_motion_planning) StdoutLine: {'line': b"-- Using RMW implementation 'rmw_fastrtps_cpp' as default\n"}
[0.282587] (ur5_motion_planning) StdoutLine: {'line': b'-- Found rclcpp_action: 16.0.17 (/opt/ros/humble/share/rclcpp_action/cmake)\n'}
[0.301121] (-) TimerEvent: {}
[0.303521] (ur5_motion_planning) StdoutLine: {'line': b'-- Found control_msgs: 4.8.0 (/opt/ros/humble/share/control_msgs/cmake)\n'}
[0.356216] (ur5_motion_planning) StdoutLine: {'line': b'-- Found tf2_geometry_msgs: 0.25.18 (/opt/ros/humble/share/tf2_geometry_msgs/cmake)\n'}
[0.358677] (ur5_motion_planning) StdoutLine: {'line': b'-- Found eigen3_cmake_module: 0.1.1 (/opt/ros/humble/share/eigen3_cmake_module/cmake)\n'}
[0.359856] (ur5_motion_planning) StdoutLine: {'line': b'-- Ensuring Eigen3 include directory is part of orocos-kdl CMake target\n'}
[0.397885] (ur5_motion_planning) StdoutLine: {'line': b'-- Found moveit_core: 2.5.9 (/opt/ros/humble/share/moveit_core/cmake)\n'}
[0.402092] (-) TimerEvent: {}
[0.407810] (ur5_motion_planning) StdoutLine: {'line': b'-- Found Boost: /usr/lib/aarch64-linux-gnu/cmake/Boost-1.74.0/BoostConfig.cmake (found version "1.74.0") found components: chrono date_time filesystem iostreams program_options regex serialization system thread \n'}
[0.425183] (ur5_motion_planning) StdoutLine: {'line': b'-- Found parameter_traits: 0.6.0 (/opt/ros/humble/share/parameter_traits/cmake)\n'}
[0.429644] (ur5_motion_planning) StdoutLine: {'line': b'-- Found rclcpp_lifecycle: 16.0.17 (/opt/ros/humble/share/rclcpp_lifecycle/cmake)\n'}
[0.444009] (ur5_motion_planning) StdoutLine: {'line': b'-- Found Boost: /usr/lib/aarch64-linux-gnu/cmake/Boost-1.74.0/BoostConfig.cmake (found version "1.74.0") found components: filesystem \n'}
[0.466815] (ur5_motion_planning) StdoutLine: {'line': b'-- library: /usr/lib/aarch64-linux-gnu/libcurl.so\n'}
[0.503101] (-) TimerEvent: {}
[0.579006] (ur5_motion_planning) StdoutLine: {'line': b'-- Found moveit_ros_planning_interface: 2.5.9 (/opt/ros/humble/share/moveit_ros_planning_interface/cmake)\n'}
[0.585106] (ur5_motion_planning) StdoutLine: {'line': b'-- Found Boost: /usr/lib/aarch64-linux-gnu/cmake/Boost-1.74.0/BoostConfig.cmake (found version "1.74.0") found components: date_time filesystem program_options system thread \n'}
[0.591227] (ur5_motion_planning) StdoutLine: {'line': b'-- Found Boost: /usr/lib/aarch64-linux-gnu/cmake/Boost-1.74.0/BoostConfig.cmake (found version "1.74.0") found components: system filesystem date_time program_options thread chrono \n'}
[0.604091] (-) TimerEvent: {}
[0.614081] (ur5_motion_planning) StdoutLine: {'line': b'-- Found Boost: /usr/lib/aarch64-linux-gnu/cmake/Boost-1.74.0/BoostConfig.cmake (found version "1.74.0") found components: thread system filesystem regex date_time program_options \n'}
[0.628866] (ur5_motion_planning) StdoutLine: {'line': b'-- Found Boost: /usr/lib/aarch64-linux-gnu/cmake/Boost-1.74.0/BoostConfig.cmake (found version "1.74.0") found components: system filesystem date_time program_options thread \n'}
[0.705254] (-) TimerEvent: {}
[0.732194] (ur5_motion_planning) StdoutLine: {'line': b'-- Configuring done\n'}
[0.806190] (-) TimerEvent: {}
[0.821087] (ur5_motion_planning) StdoutLine: {'line': b'-- Generating done\n'}
[0.844475] (ur5_motion_planning) StdoutLine: {'line': b'-- Build files have been written to: /workspace/ur5_ws/build/ur5_motion_planning\n'}
[0.852438] (ur5_motion_planning) CommandEnded: {'returncode': 0}
[0.853315] (ur5_motion_planning) JobProgress: {'identifier': 'ur5_motion_planning', 'progress': 'build'}
[0.854156] (ur5_motion_planning) Command: {'cmd': ['/usr/bin/cmake', '--build', '/workspace/ur5_ws/build/ur5_motion_planning', '--', '-j11', '-l11'], 'cwd': '/workspace/ur5_ws/build/ur5_motion_planning', 'env': OrderedDict([('HOSTNAME', '106f3beef661'), ('SHLVL', '1'), ('LD_LIBRARY_PATH', '/opt/ros/humble/lib/aarch64-linux-gnu:/opt/ros/humble/lib'), ('HOME', '/root'), ('OLDPWD', '/workspace'), ('ROS_PYTHON_VERSION', '3'), ('ROS_DISTRO', 'humble'), ('_', '/usr/bin/colcon'), ('ROS_VERSION', '2'), ('ROS_LOCALHOST_ONLY', '0'), ('PATH', '/opt/ros/humble/bin:/usr/local/sbin:/usr/local/bin:/usr/sbin:/usr/bin:/sbin:/bin'), ('LANG', 'C.UTF-8'), ('AMENT_PREFIX_PATH', '/workspace/ur5_ws/install/ur5_minimal_moveit:/workspace/ur5_ws/install/ur_moveit_config:/workspace/ur5_ws/install/ur_description:/opt/ros/humble'), ('PWD', '/workspace/ur5_ws/build/ur5_motion_planning'), ('LC_ALL', 'C.UTF-8'), ('PYTHONPATH', '/workspace/ur5_ws/build/ur5_minimal_moveit:/workspace/ur5_ws/install/ur5_minimal_moveit/lib/python3.10/site-packages:/opt/ros/humble/lib/python3.10/site-packages:/opt/ros/humble/local/lib/python3.10/dist-packages'), ('COLCON', '1'), ('CMAKE_PREFIX_PATH', '/workspace/ur5_ws/install/ur_moveit_config:/workspace/ur5_ws/install/ur_description:/opt/ros/humble')]), 'shell': False}
[0.907167] (-) TimerEvent: {}
[1.008157] (-) TimerEvent: {}
[1.081817] (ur5_motion_planning) StdoutLine: {'line': b'Consolidate compiler generated dependencies of target ur5_plan_and_analyze_node\n'}
[1.109523] (-) TimerEvent: {}
[1.110970] (ur5_motion_planning) StdoutLine: {'line': b'[ 50%] Building CXX object CMakeFiles/ur5_plan_and_analyze_node.dir/src/ur5_plan_and_analyze_node.cpp.o\n'}
[1.210145] (-) TimerEvent: {}
[1.317164] (-) TimerEvent: {}
[1.420395] (-) TimerEvent: {}
[1.524205] (-) TimerEvent: {}
[1.629874] (-) TimerEvent: {}
[1.737236] (-) TimerEvent: {}
[1.844225] (-) TimerEvent: {}
[1.951183] (-) TimerEvent: {}
[2.058190] (-) TimerEvent: {}
[2.163912] (-) TimerEvent: {}
[2.270230] (-) TimerEvent: {}
[2.377260] (-) TimerEvent: {}
[2.484245] (-) TimerEvent: {}
[2.591240] (-) TimerEvent: {}
[2.698243] (-) TimerEvent: {}
[2.805234] (-) TimerEvent: {}
[2.912202] (-) TimerEvent: {}
[3.019240] (-) TimerEvent: {}
[3.126207] (-) TimerEvent: {}
[3.233173] (-) TimerEvent: {}
[3.340200] (-) TimerEvent: {}
[3.446415] (-) TimerEvent: {}
[3.553188] (-) TimerEvent: {}
[3.660448] (-) TimerEvent: {}
[3.766247] (-) TimerEvent: {}
[3.872266] (-) TimerEvent: {}
[3.977712] (-) TimerEvent: {}
[4.084190] (-) TimerEvent: {}
[4.186357] (-) TimerEvent: {}
[4.287681] (-) TimerEvent: {}
[4.395213] (-) TimerEvent: {}
[4.502256] (-) TimerEvent: {}
[4.604205] (-) TimerEvent: {}
[4.705270] (-) TimerEvent: {}
[4.806980] (-) TimerEvent: {}
[4.908318] (-) TimerEvent: {}
[5.015190] (-) TimerEvent: {}
[5.116185] (-) TimerEvent: {}
[5.217194] (-) TimerEvent: {}
[5.318903] (-) TimerEvent: {}
[5.421229] (-) TimerEvent: {}
[5.526009] (-) TimerEvent: {}
[5.627461] (-) TimerEvent: {}
[5.728695] (-) TimerEvent: {}
[5.829724] (-) TimerEvent: {}
[5.931968] (-) TimerEvent: {}
[6.033959] (-) TimerEvent: {}
[6.135959] (-) TimerEvent: {}
[6.238034] (-) TimerEvent: {}
[6.344270] (-) TimerEvent: {}
[6.445707] (-) TimerEvent: {}
[6.551273] (-) TimerEvent: {}
[6.656313] (-) TimerEvent: {}
[6.757706] (-) TimerEvent: {}
[6.861477] (-) TimerEvent: {}
[6.963989] (-) TimerEvent: {}
[7.065932] (-) TimerEvent: {}
[7.167970] (-) TimerEvent: {}
[7.269687] (-) TimerEvent: {}
[7.372246] (-) TimerEvent: {}
[7.473731] (-) TimerEvent: {}
[7.575927] (-) TimerEvent: {}
[7.677287] (-) TimerEvent: {}
[7.778402] (-) TimerEvent: {}
[7.879648] (-) TimerEvent: {}
[7.980670] (-) TimerEvent: {}
[8.081661] (-) TimerEvent: {}
[8.182664] (-) TimerEvent: {}
[8.283327] (-) TimerEvent: {}
[8.385545] (-) TimerEvent: {}
[8.486686] (-) TimerEvent: {}
[8.587688] (-) TimerEvent: {}
[8.688700] (-) TimerEvent: {}
[8.792200] (-) TimerEvent: {}
[8.893685] (-) TimerEvent: {}
[8.994823] (-) TimerEvent: {}
[9.096928] (-) TimerEvent: {}
[9.202186] (-) TimerEvent: {}
[9.304688] (-) TimerEvent: {}
[9.405682] (-) TimerEvent: {}
[9.506214] (-) TimerEvent: {}
[9.607421] (-) TimerEvent: {}
[9.708283] (-) TimerEvent: {}
[9.809712] (-) TimerEvent: {}
[9.911227] (-) TimerEvent: {}
[9.930857] (ur5_motion_planning) StdoutLine: {'line': b'[100%] Linking CXX executable ur5_plan_and_analyze_node\n'}
[10.012179] (-) TimerEvent: {}
[10.121174] (-) TimerEvent: {}
[10.223528] (-) TimerEvent: {}
[10.329191] (-) TimerEvent: {}
[10.430211] (-) TimerEvent: {}
[10.440935] (ur5_motion_planning) StdoutLine: {'line': b'[100%] Built target ur5_plan_and_analyze_node\n'}
[10.450590] (ur5_motion_planning) CommandEnded: {'returncode': 0}
[10.455932] (ur5_motion_planning) JobProgress: {'identifier': 'ur5_motion_planning', 'progress': 'install'}
[10.464524] (ur5_motion_planning) Command: {'cmd': ['/usr/bin/cmake', '--install', '/workspace/ur5_ws/build/ur5_motion_planning'], 'cwd': '/workspace/ur5_ws/build/ur5_motion_planning', 'env': OrderedDict([('HOSTNAME', '106f3beef661'), ('SHLVL', '1'), ('LD_LIBRARY_PATH', '/opt/ros/humble/lib/aarch64-linux-gnu:/opt/ros/humble/lib'), ('HOME', '/root'), ('OLDPWD', '/workspace'), ('ROS_PYTHON_VERSION', '3'), ('ROS_DISTRO', 'humble'), ('_', '/usr/bin/colcon'), ('ROS_VERSION', '2'), ('ROS_LOCALHOST_ONLY', '0'), ('PATH', '/opt/ros/humble/bin:/usr/local/sbin:/usr/local/bin:/usr/sbin:/usr/bin:/sbin:/bin'), ('LANG', 'C.UTF-8'), ('AMENT_PREFIX_PATH', '/workspace/ur5_ws/install/ur5_minimal_moveit:/workspace/ur5_ws/install/ur_moveit_config:/workspace/ur5_ws/install/ur_description:/opt/ros/humble'), ('PWD', '/workspace/ur5_ws/build/ur5_motion_planning'), ('LC_ALL', 'C.UTF-8'), ('PYTHONPATH', '/workspace/ur5_ws/build/ur5_minimal_moveit:/workspace/ur5_ws/install/ur5_minimal_moveit/lib/python3.10/site-packages:/opt/ros/humble/lib/python3.10/site-packages:/opt/ros/humble/local/lib/python3.10/dist-packages'), ('COLCON', '1'), ('CMAKE_PREFIX_PATH', '/workspace/ur5_ws/install/ur_moveit_config:/workspace/ur5_ws/install/ur_description:/opt/ros/humble')]), 'shell': False}
[10.468966] (ur5_motion_planning) StdoutLine: {'line': b'-- Install configuration: ""\n'}
[10.470155] (ur5_motion_planning) StdoutLine: {'line': b'-- Execute custom install script\n'}
[10.471457] (ur5_motion_planning) StdoutLine: {'line': b'-- Up-to-date symlink: /workspace/ur5_ws/install/ur5_motion_planning/lib/ur5_motion_planning/ur5_plan_and_analyze_node\n'}
[10.472893] (ur5_motion_planning) StdoutLine: {'line': b'-- Up-to-date symlink: /workspace/ur5_ws/install/ur5_motion_planning/share/ur5_motion_planning/launch/run_plan_and_analyze.launch.py\n'}
[10.473340] (ur5_motion_planning) StdoutLine: {'line': b'-- Symlinking: /workspace/ur5_ws/install/ur5_motion_planning/share/ur5_motion_planning/launch/run_plan_and_analyze_real_controllers_sim.launch.py\n'}
[10.479926] (ur5_motion_planning) StdoutLine: {'line': b'-- Up-to-date symlink: /workspace/ur5_ws/install/ur5_motion_planning/share/ament_index/resource_index/package_run_dependencies/ur5_motion_planning\n'}
[10.480787] (ur5_motion_planning) StdoutLine: {'line': b'-- Up-to-date symlink: /workspace/ur5_ws/install/ur5_motion_planning/share/ament_index/resource_index/parent_prefix_path/ur5_motion_planning\n'}
[10.481129] (ur5_motion_planning) StdoutLine: {'line': b'-- Up-to-date symlink: /workspace/ur5_ws/install/ur5_motion_planning/share/ur5_motion_planning/environment/ament_prefix_path.sh\n'}
[10.481805] (ur5_motion_planning) StdoutLine: {'line': b'-- Up-to-date symlink: /workspace/ur5_ws/install/ur5_motion_planning/share/ur5_motion_planning/environment/ament_prefix_path.dsv\n'}
[10.482551] (ur5_motion_planning) StdoutLine: {'line': b'-- Up-to-date symlink: /workspace/ur5_ws/install/ur5_motion_planning/share/ur5_motion_planning/environment/path.sh\n'}
[10.483604] (ur5_motion_planning) StdoutLine: {'line': b'-- Up-to-date symlink: /workspace/ur5_ws/install/ur5_motion_planning/share/ur5_motion_planning/environment/path.dsv\n'}
[10.484253] (ur5_motion_planning) StdoutLine: {'line': b'-- Up-to-date symlink: /workspace/ur5_ws/install/ur5_motion_planning/share/ur5_motion_planning/local_setup.bash\n'}
[10.484791] (ur5_motion_planning) StdoutLine: {'line': b'-- Up-to-date symlink: /workspace/ur5_ws/install/ur5_motion_planning/share/ur5_motion_planning/local_setup.sh\n'}
[10.485260] (ur5_motion_planning) StdoutLine: {'line': b'-- Up-to-date symlink: /workspace/ur5_ws/install/ur5_motion_planning/share/ur5_motion_planning/local_setup.zsh\n'}
[10.485926] (ur5_motion_planning) StdoutLine: {'line': b'-- Up-to-date symlink: /workspace/ur5_ws/install/ur5_motion_planning/share/ur5_motion_planning/local_setup.dsv\n'}
[10.486511] (ur5_motion_planning) StdoutLine: {'line': b'-- Symlinking: /workspace/ur5_ws/install/ur5_motion_planning/share/ur5_motion_planning/package.dsv\n'}
[10.495025] (ur5_motion_planning) StdoutLine: {'line': b'-- Up-to-date symlink: /workspace/ur5_ws/install/ur5_motion_planning/share/ament_index/resource_index/packages/ur5_motion_planning\n'}
[10.495733] (ur5_motion_planning) StdoutLine: {'line': b'-- Up-to-date symlink: /workspace/ur5_ws/install/ur5_motion_planning/share/ur5_motion_planning/cmake/ur5_motion_planningConfig.cmake\n'}
[10.496229] (ur5_motion_planning) StdoutLine: {'line': b'-- Up-to-date symlink: /workspace/ur5_ws/install/ur5_motion_planning/share/ur5_motion_planning/cmake/ur5_motion_planningConfig-version.cmake\n'}
[10.496724] (ur5_motion_planning) StdoutLine: {'line': b'-- Up-to-date symlink: /workspace/ur5_ws/install/ur5_motion_planning/share/ur5_motion_planning/package.xml\n'}
[10.498887] (ur5_motion_planning) CommandEnded: {'returncode': 0}
[10.531316] (-) TimerEvent: {}
[10.536854] (ur5_motion_planning) JobEnded: {'identifier': 'ur5_motion_planning', 'rc': 0}
[10.538616] (-) EventReactorShutdown: {}
