[0.012s] Invoking command in '/workspace/ur5_ws/build/ur_dashboard_msgs': CMAKE_PREFIX_PATH=/opt/ros/humble /usr/bin/cmake --build /workspace/ur5_ws/build/ur_dashboard_msgs -- -j11 -l11
[0.061s] [  0%] Built target ament_cmake_python_symlink_ur_dashboard_msgs
[0.068s] [  0%] Built target ur_dashboard_msgs__cpp
[0.188s] running egg_info
[0.189s] writing ur_dashboard_msgs.egg-info/PKG-INFO
[0.191s] writing dependency_links to ur_dashboard_msgs.egg-info/dependency_links.txt
[0.194s] writing top-level names to ur_dashboard_msgs.egg-info/top_level.txt
[0.204s] reading manifest file 'ur_dashboard_msgs.egg-info/SOURCES.txt'
[0.207s] writing manifest file 'ur_dashboard_msgs.egg-info/SOURCES.txt'
[0.223s] [  0%] Built target ament_cmake_python_build_ur_dashboard_msgs_egg
[0.244s] Consolidate compiler generated dependencies of target ur_dashboard_msgs__rosidl_generator_c
[0.264s] [ 12%] Built target ur_dashboard_msgs__rosidl_generator_c
[0.393s] Consolidate compiler generated dependencies of target ur_dashboard_msgs__rosidl_typesupport_c
[0.413s] [ 24%] Built target ur_dashboard_msgs__rosidl_typesupport_c
[0.479s] Consolidate compiler generated dependencies of target ur_dashboard_msgs__rosidl_typesupport_introspection_c
[0.480s] [ 36%] Built target ur_dashboard_msgs__rosidl_typesupport_introspection_c
[0.480s] Consolidate compiler generated dependencies of target ur_dashboard_msgs__rosidl_typesupport_cpp
[0.614s] Consolidate compiler generated dependencies of target ur_dashboard_msgs__rosidl_typesupport_introspection_cpp
[0.614s] [ 48%] Built target ur_dashboard_msgs__rosidl_typesupport_cpp
[0.615s] [ 60%] Built target ur_dashboard_msgs__rosidl_typesupport_introspection_cpp
[0.615s] Consolidate compiler generated dependencies of target ur_dashboard_msgs__rosidl_typesupport_fastrtps_cpp
[0.616s] [ 72%] Built target ur_dashboard_msgs__rosidl_typesupport_fastrtps_cpp
[0.655s] Consolidate compiler generated dependencies of target ur_dashboard_msgs__rosidl_typesupport_fastrtps_c
[0.671s] [ 84%] Built target ur_dashboard_msgs__rosidl_typesupport_fastrtps_c
[0.686s] [ 84%] Built target ur_dashboard_msgs
[0.703s] [ 85%] Built target ur_dashboard_msgs__py
[0.956s] Consolidate compiler generated dependencies of target ur_dashboard_msgs__rosidl_generator_py
[0.981s] [ 96%] Built target ur_dashboard_msgs__rosidl_generator_py
[1.067s] Consolidate compiler generated dependencies of target ur_dashboard_msgs__rosidl_typesupport_introspection_c__pyext
[1.069s] Consolidate compiler generated dependencies of target ur_dashboard_msgs__rosidl_typesupport_c__pyext
[1.074s] Consolidate compiler generated dependencies of target ur_dashboard_msgs__rosidl_typesupport_fastrtps_c__pyext
[1.082s] [ 99%] Built target ur_dashboard_msgs__rosidl_typesupport_c__pyext
[1.082s] [ 99%] Built target ur_dashboard_msgs__rosidl_typesupport_introspection_c__pyext
[1.087s] [100%] Built target ur_dashboard_msgs__rosidl_typesupport_fastrtps_c__pyext
[1.124s] Invoked command in '/workspace/ur5_ws/build/ur_dashboard_msgs' returned '0': CMAKE_PREFIX_PATH=/opt/ros/humble /usr/bin/cmake --build /workspace/ur5_ws/build/ur_dashboard_msgs -- -j11 -l11
[1.129s] Invoking command in '/workspace/ur5_ws/build/ur_dashboard_msgs': CMAKE_PREFIX_PATH=/opt/ros/humble /usr/bin/cmake --install /workspace/ur5_ws/build/ur_dashboard_msgs
[1.154s] -- Install configuration: ""
[1.154s] -- Execute custom install script
[1.154s] -- Up-to-date symlink: /workspace/ur5_ws/install/ur_dashboard_msgs/share/ament_index/resource_index/rosidl_interfaces/ur_dashboard_msgs
[1.155s] -- Up-to-date symlink: /workspace/ur5_ws/install/ur_dashboard_msgs/include/ur_dashboard_msgs/ur_dashboard_msgs/action/detail/set_mode__functions.h
[1.155s] -- Up-to-date symlink: /workspace/ur5_ws/install/ur_dashboard_msgs/include/ur_dashboard_msgs/ur_dashboard_msgs/action/detail/set_mode__struct.h
[1.155s] -- Up-to-date symlink: /workspace/ur5_ws/install/ur_dashboard_msgs/include/ur_dashboard_msgs/ur_dashboard_msgs/action/detail/set_mode__type_support.h
[1.155s] -- Up-to-date symlink: /workspace/ur5_ws/install/ur_dashboard_msgs/include/ur_dashboard_msgs/ur_dashboard_msgs/action/set_mode.h
[1.156s] -- Up-to-date symlink: /workspace/ur5_ws/install/ur_dashboard_msgs/include/ur_dashboard_msgs/ur_dashboard_msgs/msg/detail/program_state__functions.h
[1.156s] -- Up-to-date symlink: /workspace/ur5_ws/install/ur_dashboard_msgs/include/ur_dashboard_msgs/ur_dashboard_msgs/msg/detail/program_state__struct.h
[1.156s] -- Up-to-date symlink: /workspace/ur5_ws/install/ur_dashboard_msgs/include/ur_dashboard_msgs/ur_dashboard_msgs/msg/detail/program_state__type_support.h
[1.157s] -- Up-to-date symlink: /workspace/ur5_ws/install/ur_dashboard_msgs/include/ur_dashboard_msgs/ur_dashboard_msgs/msg/detail/robot_mode__functions.h
[1.157s] -- Up-to-date symlink: /workspace/ur5_ws/install/ur_dashboard_msgs/include/ur_dashboard_msgs/ur_dashboard_msgs/msg/detail/robot_mode__struct.h
[1.157s] -- Up-to-date symlink: /workspace/ur5_ws/install/ur_dashboard_msgs/include/ur_dashboard_msgs/ur_dashboard_msgs/msg/detail/robot_mode__type_support.h
[1.158s] -- Up-to-date symlink: /workspace/ur5_ws/install/ur_dashboard_msgs/include/ur_dashboard_msgs/ur_dashboard_msgs/msg/detail/safety_mode__functions.h
[1.158s] -- Up-to-date symlink: /workspace/ur5_ws/install/ur_dashboard_msgs/include/ur_dashboard_msgs/ur_dashboard_msgs/msg/detail/safety_mode__struct.h
[1.158s] -- Up-to-date symlink: /workspace/ur5_ws/install/ur_dashboard_msgs/include/ur_dashboard_msgs/ur_dashboard_msgs/msg/detail/safety_mode__type_support.h
[1.159s] -- Up-to-date symlink: /workspace/ur5_ws/install/ur_dashboard_msgs/include/ur_dashboard_msgs/ur_dashboard_msgs/msg/program_state.h
[1.159s] -- Up-to-date symlink: /workspace/ur5_ws/install/ur_dashboard_msgs/include/ur_dashboard_msgs/ur_dashboard_msgs/msg/robot_mode.h
[1.160s] -- Up-to-date symlink: /workspace/ur5_ws/install/ur_dashboard_msgs/include/ur_dashboard_msgs/ur_dashboard_msgs/msg/rosidl_generator_c__visibility_control.h
[1.160s] -- Up-to-date symlink: /workspace/ur5_ws/install/ur_dashboard_msgs/include/ur_dashboard_msgs/ur_dashboard_msgs/msg/safety_mode.h
[1.160s] -- Up-to-date symlink: /workspace/ur5_ws/install/ur_dashboard_msgs/include/ur_dashboard_msgs/ur_dashboard_msgs/srv/add_to_log.h
[1.161s] -- Up-to-date symlink: /workspace/ur5_ws/install/ur_dashboard_msgs/include/ur_dashboard_msgs/ur_dashboard_msgs/srv/detail/add_to_log__functions.h
[1.161s] -- Up-to-date symlink: /workspace/ur5_ws/install/ur_dashboard_msgs/include/ur_dashboard_msgs/ur_dashboard_msgs/srv/detail/add_to_log__struct.h
[1.161s] -- Up-to-date symlink: /workspace/ur5_ws/install/ur_dashboard_msgs/include/ur_dashboard_msgs/ur_dashboard_msgs/srv/detail/add_to_log__type_support.h
[1.161s] -- Up-to-date symlink: /workspace/ur5_ws/install/ur_dashboard_msgs/include/ur_dashboard_msgs/ur_dashboard_msgs/srv/detail/get_loaded_program__functions.h
[1.162s] -- Up-to-date symlink: /workspace/ur5_ws/install/ur_dashboard_msgs/include/ur_dashboard_msgs/ur_dashboard_msgs/srv/detail/get_loaded_program__struct.h
[1.162s] -- Up-to-date symlink: /workspace/ur5_ws/install/ur_dashboard_msgs/include/ur_dashboard_msgs/ur_dashboard_msgs/srv/detail/get_loaded_program__type_support.h
[1.162s] -- Up-to-date symlink: /workspace/ur5_ws/install/ur_dashboard_msgs/include/ur_dashboard_msgs/ur_dashboard_msgs/srv/detail/get_program_state__functions.h
[1.162s] -- Up-to-date symlink: /workspace/ur5_ws/install/ur_dashboard_msgs/include/ur_dashboard_msgs/ur_dashboard_msgs/srv/detail/get_program_state__struct.h
[1.163s] -- Up-to-date symlink: /workspace/ur5_ws/install/ur_dashboard_msgs/include/ur_dashboard_msgs/ur_dashboard_msgs/srv/detail/get_program_state__type_support.h
[1.163s] -- Up-to-date symlink: /workspace/ur5_ws/install/ur_dashboard_msgs/include/ur_dashboard_msgs/ur_dashboard_msgs/srv/detail/get_robot_mode__functions.h
[1.164s] -- Up-to-date symlink: /workspace/ur5_ws/install/ur_dashboard_msgs/include/ur_dashboard_msgs/ur_dashboard_msgs/srv/detail/get_robot_mode__struct.h
[1.164s] -- Up-to-date symlink: /workspace/ur5_ws/install/ur_dashboard_msgs/include/ur_dashboard_msgs/ur_dashboard_msgs/srv/detail/get_robot_mode__type_support.h
[1.164s] -- Up-to-date symlink: /workspace/ur5_ws/install/ur_dashboard_msgs/include/ur_dashboard_msgs/ur_dashboard_msgs/srv/detail/get_safety_mode__functions.h
[1.165s] -- Up-to-date symlink: /workspace/ur5_ws/install/ur_dashboard_msgs/include/ur_dashboard_msgs/ur_dashboard_msgs/srv/detail/get_safety_mode__struct.h
[1.165s] -- Up-to-date symlink: /workspace/ur5_ws/install/ur_dashboard_msgs/include/ur_dashboard_msgs/ur_dashboard_msgs/srv/detail/get_safety_mode__type_support.h
[1.165s] -- Up-to-date symlink: /workspace/ur5_ws/install/ur_dashboard_msgs/include/ur_dashboard_msgs/ur_dashboard_msgs/srv/detail/is_in_remote_control__functions.h
[1.166s] -- Up-to-date symlink: /workspace/ur5_ws/install/ur_dashboard_msgs/include/ur_dashboard_msgs/ur_dashboard_msgs/srv/detail/is_in_remote_control__struct.h
[1.166s] -- Up-to-date symlink: /workspace/ur5_ws/install/ur_dashboard_msgs/include/ur_dashboard_msgs/ur_dashboard_msgs/srv/detail/is_in_remote_control__type_support.h
[1.166s] -- Up-to-date symlink: /workspace/ur5_ws/install/ur_dashboard_msgs/include/ur_dashboard_msgs/ur_dashboard_msgs/srv/detail/is_program_running__functions.h
[1.167s] -- Up-to-date symlink: /workspace/ur5_ws/install/ur_dashboard_msgs/include/ur_dashboard_msgs/ur_dashboard_msgs/srv/detail/is_program_running__struct.h
[1.167s] -- Up-to-date symlink: /workspace/ur5_ws/install/ur_dashboard_msgs/include/ur_dashboard_msgs/ur_dashboard_msgs/srv/detail/is_program_running__type_support.h
[1.167s] -- Up-to-date symlink: /workspace/ur5_ws/install/ur_dashboard_msgs/include/ur_dashboard_msgs/ur_dashboard_msgs/srv/detail/is_program_saved__functions.h
[1.167s] -- Up-to-date symlink: /workspace/ur5_ws/install/ur_dashboard_msgs/include/ur_dashboard_msgs/ur_dashboard_msgs/srv/detail/is_program_saved__struct.h
[1.168s] -- Up-to-date symlink: /workspace/ur5_ws/install/ur_dashboard_msgs/include/ur_dashboard_msgs/ur_dashboard_msgs/srv/detail/is_program_saved__type_support.h
[1.168s] -- Up-to-date symlink: /workspace/ur5_ws/install/ur_dashboard_msgs/include/ur_dashboard_msgs/ur_dashboard_msgs/srv/detail/load__functions.h
[1.168s] -- Up-to-date symlink: /workspace/ur5_ws/install/ur_dashboard_msgs/include/ur_dashboard_msgs/ur_dashboard_msgs/srv/detail/load__struct.h
[1.169s] -- Up-to-date symlink: /workspace/ur5_ws/install/ur_dashboard_msgs/include/ur_dashboard_msgs/ur_dashboard_msgs/srv/detail/load__type_support.h
[1.169s] -- Up-to-date symlink: /workspace/ur5_ws/install/ur_dashboard_msgs/include/ur_dashboard_msgs/ur_dashboard_msgs/srv/detail/popup__functions.h
[1.169s] -- Up-to-date symlink: /workspace/ur5_ws/install/ur_dashboard_msgs/include/ur_dashboard_msgs/ur_dashboard_msgs/srv/detail/popup__struct.h
[1.170s] -- Up-to-date symlink: /workspace/ur5_ws/install/ur_dashboard_msgs/include/ur_dashboard_msgs/ur_dashboard_msgs/srv/detail/popup__type_support.h
[1.170s] -- Up-to-date symlink: /workspace/ur5_ws/install/ur_dashboard_msgs/include/ur_dashboard_msgs/ur_dashboard_msgs/srv/detail/raw_request__functions.h
[1.170s] -- Up-to-date symlink: /workspace/ur5_ws/install/ur_dashboard_msgs/include/ur_dashboard_msgs/ur_dashboard_msgs/srv/detail/raw_request__struct.h
[1.171s] -- Up-to-date symlink: /workspace/ur5_ws/install/ur_dashboard_msgs/include/ur_dashboard_msgs/ur_dashboard_msgs/srv/detail/raw_request__type_support.h
[1.171s] -- Up-to-date symlink: /workspace/ur5_ws/install/ur_dashboard_msgs/include/ur_dashboard_msgs/ur_dashboard_msgs/srv/get_loaded_program.h
[1.171s] -- Up-to-date symlink: /workspace/ur5_ws/install/ur_dashboard_msgs/include/ur_dashboard_msgs/ur_dashboard_msgs/srv/get_program_state.h
[1.172s] -- Up-to-date symlink: /workspace/ur5_ws/install/ur_dashboard_msgs/include/ur_dashboard_msgs/ur_dashboard_msgs/srv/get_robot_mode.h
[1.173s] -- Up-to-date symlink: /workspace/ur5_ws/install/ur_dashboard_msgs/include/ur_dashboard_msgs/ur_dashboard_msgs/srv/get_safety_mode.h
[1.173s] -- Up-to-date symlink: /workspace/ur5_ws/install/ur_dashboard_msgs/include/ur_dashboard_msgs/ur_dashboard_msgs/srv/is_in_remote_control.h
[1.174s] -- Up-to-date symlink: /workspace/ur5_ws/install/ur_dashboard_msgs/include/ur_dashboard_msgs/ur_dashboard_msgs/srv/is_program_running.h
[1.174s] -- Up-to-date symlink: /workspace/ur5_ws/install/ur_dashboard_msgs/include/ur_dashboard_msgs/ur_dashboard_msgs/srv/is_program_saved.h
[1.175s] -- Up-to-date symlink: /workspace/ur5_ws/install/ur_dashboard_msgs/include/ur_dashboard_msgs/ur_dashboard_msgs/srv/load.h
[1.175s] -- Up-to-date symlink: /workspace/ur5_ws/install/ur_dashboard_msgs/include/ur_dashboard_msgs/ur_dashboard_msgs/srv/popup.h
[1.176s] -- Up-to-date symlink: /workspace/ur5_ws/install/ur_dashboard_msgs/include/ur_dashboard_msgs/ur_dashboard_msgs/srv/raw_request.h
[1.176s] -- Up-to-date symlink: /workspace/ur5_ws/install/ur_dashboard_msgs/share/ur_dashboard_msgs/environment/library_path.sh
[1.177s] -- Up-to-date symlink: /workspace/ur5_ws/install/ur_dashboard_msgs/share/ur_dashboard_msgs/environment/library_path.dsv
[1.181s] -- Up-to-date symlink: /workspace/ur5_ws/install/ur_dashboard_msgs/include/ur_dashboard_msgs/ur_dashboard_msgs/action/detail/set_mode__rosidl_typesupport_fastrtps_c.h
[1.181s] -- Up-to-date symlink: /workspace/ur5_ws/install/ur_dashboard_msgs/include/ur_dashboard_msgs/ur_dashboard_msgs/msg/detail/program_state__rosidl_typesupport_fastrtps_c.h
[1.182s] -- Up-to-date symlink: /workspace/ur5_ws/install/ur_dashboard_msgs/include/ur_dashboard_msgs/ur_dashboard_msgs/msg/detail/robot_mode__rosidl_typesupport_fastrtps_c.h
[1.182s] -- Up-to-date symlink: /workspace/ur5_ws/install/ur_dashboard_msgs/include/ur_dashboard_msgs/ur_dashboard_msgs/msg/detail/safety_mode__rosidl_typesupport_fastrtps_c.h
[1.183s] -- Up-to-date symlink: /workspace/ur5_ws/install/ur_dashboard_msgs/include/ur_dashboard_msgs/ur_dashboard_msgs/msg/rosidl_typesupport_fastrtps_c__visibility_control.h
[1.183s] -- Up-to-date symlink: /workspace/ur5_ws/install/ur_dashboard_msgs/include/ur_dashboard_msgs/ur_dashboard_msgs/srv/detail/add_to_log__rosidl_typesupport_fastrtps_c.h
[1.184s] -- Up-to-date symlink: /workspace/ur5_ws/install/ur_dashboard_msgs/include/ur_dashboard_msgs/ur_dashboard_msgs/srv/detail/get_loaded_program__rosidl_typesupport_fastrtps_c.h
[1.184s] -- Up-to-date symlink: /workspace/ur5_ws/install/ur_dashboard_msgs/include/ur_dashboard_msgs/ur_dashboard_msgs/srv/detail/get_program_state__rosidl_typesupport_fastrtps_c.h
[1.185s] -- Up-to-date symlink: /workspace/ur5_ws/install/ur_dashboard_msgs/include/ur_dashboard_msgs/ur_dashboard_msgs/srv/detail/get_robot_mode__rosidl_typesupport_fastrtps_c.h
[1.185s] -- Up-to-date symlink: /workspace/ur5_ws/install/ur_dashboard_msgs/include/ur_dashboard_msgs/ur_dashboard_msgs/srv/detail/get_safety_mode__rosidl_typesupport_fastrtps_c.h
[1.186s] -- Up-to-date symlink: /workspace/ur5_ws/install/ur_dashboard_msgs/include/ur_dashboard_msgs/ur_dashboard_msgs/srv/detail/is_in_remote_control__rosidl_typesupport_fastrtps_c.h
[1.186s] -- Up-to-date symlink: /workspace/ur5_ws/install/ur_dashboard_msgs/include/ur_dashboard_msgs/ur_dashboard_msgs/srv/detail/is_program_running__rosidl_typesupport_fastrtps_c.h
[1.187s] -- Up-to-date symlink: /workspace/ur5_ws/install/ur_dashboard_msgs/include/ur_dashboard_msgs/ur_dashboard_msgs/srv/detail/is_program_saved__rosidl_typesupport_fastrtps_c.h
[1.187s] -- Up-to-date symlink: /workspace/ur5_ws/install/ur_dashboard_msgs/include/ur_dashboard_msgs/ur_dashboard_msgs/srv/detail/load__rosidl_typesupport_fastrtps_c.h
[1.188s] -- Up-to-date symlink: /workspace/ur5_ws/install/ur_dashboard_msgs/include/ur_dashboard_msgs/ur_dashboard_msgs/srv/detail/popup__rosidl_typesupport_fastrtps_c.h
[1.188s] -- Up-to-date symlink: /workspace/ur5_ws/install/ur_dashboard_msgs/include/ur_dashboard_msgs/ur_dashboard_msgs/srv/detail/raw_request__rosidl_typesupport_fastrtps_c.h
[1.191s] -- Up-to-date symlink: /workspace/ur5_ws/install/ur_dashboard_msgs/include/ur_dashboard_msgs/ur_dashboard_msgs/action/detail/set_mode__rosidl_typesupport_introspection_c.h
[1.191s] -- Up-to-date symlink: /workspace/ur5_ws/install/ur_dashboard_msgs/include/ur_dashboard_msgs/ur_dashboard_msgs/msg/detail/program_state__rosidl_typesupport_introspection_c.h
[1.192s] -- Up-to-date symlink: /workspace/ur5_ws/install/ur_dashboard_msgs/include/ur_dashboard_msgs/ur_dashboard_msgs/msg/detail/robot_mode__rosidl_typesupport_introspection_c.h
[1.192s] -- Up-to-date symlink: /workspace/ur5_ws/install/ur_dashboard_msgs/include/ur_dashboard_msgs/ur_dashboard_msgs/msg/detail/safety_mode__rosidl_typesupport_introspection_c.h
[1.193s] -- Up-to-date symlink: /workspace/ur5_ws/install/ur_dashboard_msgs/include/ur_dashboard_msgs/ur_dashboard_msgs/msg/rosidl_typesupport_introspection_c__visibility_control.h
[1.193s] -- Up-to-date symlink: /workspace/ur5_ws/install/ur_dashboard_msgs/include/ur_dashboard_msgs/ur_dashboard_msgs/srv/detail/add_to_log__rosidl_typesupport_introspection_c.h
[1.194s] -- Up-to-date symlink: /workspace/ur5_ws/install/ur_dashboard_msgs/include/ur_dashboard_msgs/ur_dashboard_msgs/srv/detail/get_loaded_program__rosidl_typesupport_introspection_c.h
[1.194s] -- Up-to-date symlink: /workspace/ur5_ws/install/ur_dashboard_msgs/include/ur_dashboard_msgs/ur_dashboard_msgs/srv/detail/get_program_state__rosidl_typesupport_introspection_c.h
[1.194s] -- Up-to-date symlink: /workspace/ur5_ws/install/ur_dashboard_msgs/include/ur_dashboard_msgs/ur_dashboard_msgs/srv/detail/get_robot_mode__rosidl_typesupport_introspection_c.h
[1.195s] -- Up-to-date symlink: /workspace/ur5_ws/install/ur_dashboard_msgs/include/ur_dashboard_msgs/ur_dashboard_msgs/srv/detail/get_safety_mode__rosidl_typesupport_introspection_c.h
[1.195s] -- Up-to-date symlink: /workspace/ur5_ws/install/ur_dashboard_msgs/include/ur_dashboard_msgs/ur_dashboard_msgs/srv/detail/is_in_remote_control__rosidl_typesupport_introspection_c.h
[1.196s] -- Up-to-date symlink: /workspace/ur5_ws/install/ur_dashboard_msgs/include/ur_dashboard_msgs/ur_dashboard_msgs/srv/detail/is_program_running__rosidl_typesupport_introspection_c.h
[1.197s] -- Up-to-date symlink: /workspace/ur5_ws/install/ur_dashboard_msgs/include/ur_dashboard_msgs/ur_dashboard_msgs/srv/detail/is_program_saved__rosidl_typesupport_introspection_c.h
[1.197s] -- Up-to-date symlink: /workspace/ur5_ws/install/ur_dashboard_msgs/include/ur_dashboard_msgs/ur_dashboard_msgs/srv/detail/load__rosidl_typesupport_introspection_c.h
[1.198s] -- Up-to-date symlink: /workspace/ur5_ws/install/ur_dashboard_msgs/include/ur_dashboard_msgs/ur_dashboard_msgs/srv/detail/popup__rosidl_typesupport_introspection_c.h
[1.198s] -- Up-to-date symlink: /workspace/ur5_ws/install/ur_dashboard_msgs/include/ur_dashboard_msgs/ur_dashboard_msgs/srv/detail/raw_request__rosidl_typesupport_introspection_c.h
[1.201s] -- Up-to-date symlink: /workspace/ur5_ws/install/ur_dashboard_msgs/include/ur_dashboard_msgs/ur_dashboard_msgs/action/detail/set_mode__builder.hpp
[1.202s] -- Up-to-date symlink: /workspace/ur5_ws/install/ur_dashboard_msgs/include/ur_dashboard_msgs/ur_dashboard_msgs/action/detail/set_mode__struct.hpp
[1.202s] -- Up-to-date symlink: /workspace/ur5_ws/install/ur_dashboard_msgs/include/ur_dashboard_msgs/ur_dashboard_msgs/action/detail/set_mode__traits.hpp
[1.202s] -- Up-to-date symlink: /workspace/ur5_ws/install/ur_dashboard_msgs/include/ur_dashboard_msgs/ur_dashboard_msgs/action/detail/set_mode__type_support.hpp
[1.203s] -- Up-to-date symlink: /workspace/ur5_ws/install/ur_dashboard_msgs/include/ur_dashboard_msgs/ur_dashboard_msgs/action/set_mode.hpp
[1.203s] -- Up-to-date symlink: /workspace/ur5_ws/install/ur_dashboard_msgs/include/ur_dashboard_msgs/ur_dashboard_msgs/msg/detail/program_state__builder.hpp
[1.204s] -- Up-to-date symlink: /workspace/ur5_ws/install/ur_dashboard_msgs/include/ur_dashboard_msgs/ur_dashboard_msgs/msg/detail/program_state__struct.hpp
[1.204s] -- Up-to-date symlink: /workspace/ur5_ws/install/ur_dashboard_msgs/include/ur_dashboard_msgs/ur_dashboard_msgs/msg/detail/program_state__traits.hpp
[1.205s] -- Up-to-date symlink: /workspace/ur5_ws/install/ur_dashboard_msgs/include/ur_dashboard_msgs/ur_dashboard_msgs/msg/detail/program_state__type_support.hpp
[1.205s] -- Up-to-date symlink: /workspace/ur5_ws/install/ur_dashboard_msgs/include/ur_dashboard_msgs/ur_dashboard_msgs/msg/detail/robot_mode__builder.hpp
[1.206s] -- Up-to-date symlink: /workspace/ur5_ws/install/ur_dashboard_msgs/include/ur_dashboard_msgs/ur_dashboard_msgs/msg/detail/robot_mode__struct.hpp
[1.206s] -- Up-to-date symlink: /workspace/ur5_ws/install/ur_dashboard_msgs/include/ur_dashboard_msgs/ur_dashboard_msgs/msg/detail/robot_mode__traits.hpp
[1.206s] -- Up-to-date symlink: /workspace/ur5_ws/install/ur_dashboard_msgs/include/ur_dashboard_msgs/ur_dashboard_msgs/msg/detail/robot_mode__type_support.hpp
[1.207s] -- Up-to-date symlink: /workspace/ur5_ws/install/ur_dashboard_msgs/include/ur_dashboard_msgs/ur_dashboard_msgs/msg/detail/safety_mode__builder.hpp
[1.208s] -- Up-to-date symlink: /workspace/ur5_ws/install/ur_dashboard_msgs/include/ur_dashboard_msgs/ur_dashboard_msgs/msg/detail/safety_mode__struct.hpp
[1.208s] -- Up-to-date symlink: /workspace/ur5_ws/install/ur_dashboard_msgs/include/ur_dashboard_msgs/ur_dashboard_msgs/msg/detail/safety_mode__traits.hpp
[1.209s] -- Up-to-date symlink: /workspace/ur5_ws/install/ur_dashboard_msgs/include/ur_dashboard_msgs/ur_dashboard_msgs/msg/detail/safety_mode__type_support.hpp
[1.209s] -- Up-to-date symlink: /workspace/ur5_ws/install/ur_dashboard_msgs/include/ur_dashboard_msgs/ur_dashboard_msgs/msg/program_state.hpp
[1.210s] -- Up-to-date symlink: /workspace/ur5_ws/install/ur_dashboard_msgs/include/ur_dashboard_msgs/ur_dashboard_msgs/msg/robot_mode.hpp
[1.210s] -- Up-to-date symlink: /workspace/ur5_ws/install/ur_dashboard_msgs/include/ur_dashboard_msgs/ur_dashboard_msgs/msg/rosidl_generator_cpp__visibility_control.hpp
[1.211s] -- Up-to-date symlink: /workspace/ur5_ws/install/ur_dashboard_msgs/include/ur_dashboard_msgs/ur_dashboard_msgs/msg/safety_mode.hpp
[1.211s] -- Up-to-date symlink: /workspace/ur5_ws/install/ur_dashboard_msgs/include/ur_dashboard_msgs/ur_dashboard_msgs/srv/add_to_log.hpp
[1.212s] -- Up-to-date symlink: /workspace/ur5_ws/install/ur_dashboard_msgs/include/ur_dashboard_msgs/ur_dashboard_msgs/srv/detail/add_to_log__builder.hpp
[1.212s] -- Up-to-date symlink: /workspace/ur5_ws/install/ur_dashboard_msgs/include/ur_dashboard_msgs/ur_dashboard_msgs/srv/detail/add_to_log__struct.hpp
[1.212s] -- Up-to-date symlink: /workspace/ur5_ws/install/ur_dashboard_msgs/include/ur_dashboard_msgs/ur_dashboard_msgs/srv/detail/add_to_log__traits.hpp
[1.213s] -- Up-to-date symlink: /workspace/ur5_ws/install/ur_dashboard_msgs/include/ur_dashboard_msgs/ur_dashboard_msgs/srv/detail/add_to_log__type_support.hpp
[1.213s] -- Up-to-date symlink: /workspace/ur5_ws/install/ur_dashboard_msgs/include/ur_dashboard_msgs/ur_dashboard_msgs/srv/detail/get_loaded_program__builder.hpp
[1.214s] -- Up-to-date symlink: /workspace/ur5_ws/install/ur_dashboard_msgs/include/ur_dashboard_msgs/ur_dashboard_msgs/srv/detail/get_loaded_program__struct.hpp
[1.214s] -- Up-to-date symlink: /workspace/ur5_ws/install/ur_dashboard_msgs/include/ur_dashboard_msgs/ur_dashboard_msgs/srv/detail/get_loaded_program__traits.hpp
[1.215s] -- Up-to-date symlink: /workspace/ur5_ws/install/ur_dashboard_msgs/include/ur_dashboard_msgs/ur_dashboard_msgs/srv/detail/get_loaded_program__type_support.hpp
[1.215s] -- Up-to-date symlink: /workspace/ur5_ws/install/ur_dashboard_msgs/include/ur_dashboard_msgs/ur_dashboard_msgs/srv/detail/get_program_state__builder.hpp
[1.216s] -- Up-to-date symlink: /workspace/ur5_ws/install/ur_dashboard_msgs/include/ur_dashboard_msgs/ur_dashboard_msgs/srv/detail/get_program_state__struct.hpp
[1.216s] -- Up-to-date symlink: /workspace/ur5_ws/install/ur_dashboard_msgs/include/ur_dashboard_msgs/ur_dashboard_msgs/srv/detail/get_program_state__traits.hpp
[1.217s] -- Up-to-date symlink: /workspace/ur5_ws/install/ur_dashboard_msgs/include/ur_dashboard_msgs/ur_dashboard_msgs/srv/detail/get_program_state__type_support.hpp
[1.217s] -- Up-to-date symlink: /workspace/ur5_ws/install/ur_dashboard_msgs/include/ur_dashboard_msgs/ur_dashboard_msgs/srv/detail/get_robot_mode__builder.hpp
[1.218s] -- Up-to-date symlink: /workspace/ur5_ws/install/ur_dashboard_msgs/include/ur_dashboard_msgs/ur_dashboard_msgs/srv/detail/get_robot_mode__struct.hpp
[1.218s] -- Up-to-date symlink: /workspace/ur5_ws/install/ur_dashboard_msgs/include/ur_dashboard_msgs/ur_dashboard_msgs/srv/detail/get_robot_mode__traits.hpp
[1.219s] -- Up-to-date symlink: /workspace/ur5_ws/install/ur_dashboard_msgs/include/ur_dashboard_msgs/ur_dashboard_msgs/srv/detail/get_robot_mode__type_support.hpp
[1.219s] -- Up-to-date symlink: /workspace/ur5_ws/install/ur_dashboard_msgs/include/ur_dashboard_msgs/ur_dashboard_msgs/srv/detail/get_safety_mode__builder.hpp
[1.220s] -- Up-to-date symlink: /workspace/ur5_ws/install/ur_dashboard_msgs/include/ur_dashboard_msgs/ur_dashboard_msgs/srv/detail/get_safety_mode__struct.hpp
[1.220s] -- Up-to-date symlink: /workspace/ur5_ws/install/ur_dashboard_msgs/include/ur_dashboard_msgs/ur_dashboard_msgs/srv/detail/get_safety_mode__traits.hpp
[1.221s] -- Up-to-date symlink: /workspace/ur5_ws/install/ur_dashboard_msgs/include/ur_dashboard_msgs/ur_dashboard_msgs/srv/detail/get_safety_mode__type_support.hpp
[1.222s] -- Up-to-date symlink: /workspace/ur5_ws/install/ur_dashboard_msgs/include/ur_dashboard_msgs/ur_dashboard_msgs/srv/detail/is_in_remote_control__builder.hpp
[1.222s] -- Up-to-date symlink: /workspace/ur5_ws/install/ur_dashboard_msgs/include/ur_dashboard_msgs/ur_dashboard_msgs/srv/detail/is_in_remote_control__struct.hpp
[1.223s] -- Up-to-date symlink: /workspace/ur5_ws/install/ur_dashboard_msgs/include/ur_dashboard_msgs/ur_dashboard_msgs/srv/detail/is_in_remote_control__traits.hpp
[1.223s] -- Up-to-date symlink: /workspace/ur5_ws/install/ur_dashboard_msgs/include/ur_dashboard_msgs/ur_dashboard_msgs/srv/detail/is_in_remote_control__type_support.hpp
[1.224s] -- Up-to-date symlink: /workspace/ur5_ws/install/ur_dashboard_msgs/include/ur_dashboard_msgs/ur_dashboard_msgs/srv/detail/is_program_running__builder.hpp
[1.225s] -- Up-to-date symlink: /workspace/ur5_ws/install/ur_dashboard_msgs/include/ur_dashboard_msgs/ur_dashboard_msgs/srv/detail/is_program_running__struct.hpp
[1.225s] -- Up-to-date symlink: /workspace/ur5_ws/install/ur_dashboard_msgs/include/ur_dashboard_msgs/ur_dashboard_msgs/srv/detail/is_program_running__traits.hpp
[1.226s] -- Up-to-date symlink: /workspace/ur5_ws/install/ur_dashboard_msgs/include/ur_dashboard_msgs/ur_dashboard_msgs/srv/detail/is_program_running__type_support.hpp
[1.226s] -- Up-to-date symlink: /workspace/ur5_ws/install/ur_dashboard_msgs/include/ur_dashboard_msgs/ur_dashboard_msgs/srv/detail/is_program_saved__builder.hpp
[1.226s] -- Up-to-date symlink: /workspace/ur5_ws/install/ur_dashboard_msgs/include/ur_dashboard_msgs/ur_dashboard_msgs/srv/detail/is_program_saved__struct.hpp
[1.227s] -- Up-to-date symlink: /workspace/ur5_ws/install/ur_dashboard_msgs/include/ur_dashboard_msgs/ur_dashboard_msgs/srv/detail/is_program_saved__traits.hpp
[1.227s] -- Up-to-date symlink: /workspace/ur5_ws/install/ur_dashboard_msgs/include/ur_dashboard_msgs/ur_dashboard_msgs/srv/detail/is_program_saved__type_support.hpp
[1.228s] -- Up-to-date symlink: /workspace/ur5_ws/install/ur_dashboard_msgs/include/ur_dashboard_msgs/ur_dashboard_msgs/srv/detail/load__builder.hpp
[1.229s] -- Up-to-date symlink: /workspace/ur5_ws/install/ur_dashboard_msgs/include/ur_dashboard_msgs/ur_dashboard_msgs/srv/detail/load__struct.hpp
[1.229s] -- Up-to-date symlink: /workspace/ur5_ws/install/ur_dashboard_msgs/include/ur_dashboard_msgs/ur_dashboard_msgs/srv/detail/load__traits.hpp
[1.230s] -- Up-to-date symlink: /workspace/ur5_ws/install/ur_dashboard_msgs/include/ur_dashboard_msgs/ur_dashboard_msgs/srv/detail/load__type_support.hpp
[1.231s] -- Up-to-date symlink: /workspace/ur5_ws/install/ur_dashboard_msgs/include/ur_dashboard_msgs/ur_dashboard_msgs/srv/detail/popup__builder.hpp
[1.231s] -- Up-to-date symlink: /workspace/ur5_ws/install/ur_dashboard_msgs/include/ur_dashboard_msgs/ur_dashboard_msgs/srv/detail/popup__struct.hpp
[1.232s] -- Up-to-date symlink: /workspace/ur5_ws/install/ur_dashboard_msgs/include/ur_dashboard_msgs/ur_dashboard_msgs/srv/detail/popup__traits.hpp
[1.232s] -- Up-to-date symlink: /workspace/ur5_ws/install/ur_dashboard_msgs/include/ur_dashboard_msgs/ur_dashboard_msgs/srv/detail/popup__type_support.hpp
[1.233s] -- Up-to-date symlink: /workspace/ur5_ws/install/ur_dashboard_msgs/include/ur_dashboard_msgs/ur_dashboard_msgs/srv/detail/raw_request__builder.hpp
[1.233s] -- Up-to-date symlink: /workspace/ur5_ws/install/ur_dashboard_msgs/include/ur_dashboard_msgs/ur_dashboard_msgs/srv/detail/raw_request__struct.hpp
[1.234s] -- Up-to-date symlink: /workspace/ur5_ws/install/ur_dashboard_msgs/include/ur_dashboard_msgs/ur_dashboard_msgs/srv/detail/raw_request__traits.hpp
[1.234s] -- Up-to-date symlink: /workspace/ur5_ws/install/ur_dashboard_msgs/include/ur_dashboard_msgs/ur_dashboard_msgs/srv/detail/raw_request__type_support.hpp
[1.235s] -- Up-to-date symlink: /workspace/ur5_ws/install/ur_dashboard_msgs/include/ur_dashboard_msgs/ur_dashboard_msgs/srv/get_loaded_program.hpp
[1.235s] -- Up-to-date symlink: /workspace/ur5_ws/install/ur_dashboard_msgs/include/ur_dashboard_msgs/ur_dashboard_msgs/srv/get_program_state.hpp
[1.235s] -- Up-to-date symlink: /workspace/ur5_ws/install/ur_dashboard_msgs/include/ur_dashboard_msgs/ur_dashboard_msgs/srv/get_robot_mode.hpp
[1.236s] -- Up-to-date symlink: /workspace/ur5_ws/install/ur_dashboard_msgs/include/ur_dashboard_msgs/ur_dashboard_msgs/srv/get_safety_mode.hpp
[1.236s] -- Up-to-date symlink: /workspace/ur5_ws/install/ur_dashboard_msgs/include/ur_dashboard_msgs/ur_dashboard_msgs/srv/is_in_remote_control.hpp
[1.237s] -- Up-to-date symlink: /workspace/ur5_ws/install/ur_dashboard_msgs/include/ur_dashboard_msgs/ur_dashboard_msgs/srv/is_program_running.hpp
[1.237s] -- Up-to-date symlink: /workspace/ur5_ws/install/ur_dashboard_msgs/include/ur_dashboard_msgs/ur_dashboard_msgs/srv/is_program_saved.hpp
[1.238s] -- Up-to-date symlink: /workspace/ur5_ws/install/ur_dashboard_msgs/include/ur_dashboard_msgs/ur_dashboard_msgs/srv/load.hpp
[1.238s] -- Up-to-date symlink: /workspace/ur5_ws/install/ur_dashboard_msgs/include/ur_dashboard_msgs/ur_dashboard_msgs/srv/popup.hpp
[1.239s] -- Up-to-date symlink: /workspace/ur5_ws/install/ur_dashboard_msgs/include/ur_dashboard_msgs/ur_dashboard_msgs/srv/raw_request.hpp
[1.244s] -- Up-to-date symlink: /workspace/ur5_ws/install/ur_dashboard_msgs/include/ur_dashboard_msgs/ur_dashboard_msgs/action/detail/set_mode__rosidl_typesupport_fastrtps_cpp.hpp
[1.245s] -- Up-to-date symlink: /workspace/ur5_ws/install/ur_dashboard_msgs/include/ur_dashboard_msgs/ur_dashboard_msgs/msg/detail/program_state__rosidl_typesupport_fastrtps_cpp.hpp
[1.245s] -- Up-to-date symlink: /workspace/ur5_ws/install/ur_dashboard_msgs/include/ur_dashboard_msgs/ur_dashboard_msgs/msg/detail/robot_mode__rosidl_typesupport_fastrtps_cpp.hpp
[1.246s] -- Up-to-date symlink: /workspace/ur5_ws/install/ur_dashboard_msgs/include/ur_dashboard_msgs/ur_dashboard_msgs/msg/detail/safety_mode__rosidl_typesupport_fastrtps_cpp.hpp
[1.246s] -- Up-to-date symlink: /workspace/ur5_ws/install/ur_dashboard_msgs/include/ur_dashboard_msgs/ur_dashboard_msgs/msg/rosidl_typesupport_fastrtps_cpp__visibility_control.h
[1.247s] -- Up-to-date symlink: /workspace/ur5_ws/install/ur_dashboard_msgs/include/ur_dashboard_msgs/ur_dashboard_msgs/srv/detail/add_to_log__rosidl_typesupport_fastrtps_cpp.hpp
[1.248s] -- Up-to-date symlink: /workspace/ur5_ws/install/ur_dashboard_msgs/include/ur_dashboard_msgs/ur_dashboard_msgs/srv/detail/get_loaded_program__rosidl_typesupport_fastrtps_cpp.hpp
[1.248s] -- Up-to-date symlink: /workspace/ur5_ws/install/ur_dashboard_msgs/include/ur_dashboard_msgs/ur_dashboard_msgs/srv/detail/get_program_state__rosidl_typesupport_fastrtps_cpp.hpp
[1.249s] -- Up-to-date symlink: /workspace/ur5_ws/install/ur_dashboard_msgs/include/ur_dashboard_msgs/ur_dashboard_msgs/srv/detail/get_robot_mode__rosidl_typesupport_fastrtps_cpp.hpp
[1.249s] -- Up-to-date symlink: /workspace/ur5_ws/install/ur_dashboard_msgs/include/ur_dashboard_msgs/ur_dashboard_msgs/srv/detail/get_safety_mode__rosidl_typesupport_fastrtps_cpp.hpp
[1.250s] -- Up-to-date symlink: /workspace/ur5_ws/install/ur_dashboard_msgs/include/ur_dashboard_msgs/ur_dashboard_msgs/srv/detail/is_in_remote_control__rosidl_typesupport_fastrtps_cpp.hpp
[1.250s] -- Up-to-date symlink: /workspace/ur5_ws/install/ur_dashboard_msgs/include/ur_dashboard_msgs/ur_dashboard_msgs/srv/detail/is_program_running__rosidl_typesupport_fastrtps_cpp.hpp
[1.251s] -- Up-to-date symlink: /workspace/ur5_ws/install/ur_dashboard_msgs/include/ur_dashboard_msgs/ur_dashboard_msgs/srv/detail/is_program_saved__rosidl_typesupport_fastrtps_cpp.hpp
[1.252s] -- Up-to-date symlink: /workspace/ur5_ws/install/ur_dashboard_msgs/include/ur_dashboard_msgs/ur_dashboard_msgs/srv/detail/load__rosidl_typesupport_fastrtps_cpp.hpp
[1.252s] -- Up-to-date symlink: /workspace/ur5_ws/install/ur_dashboard_msgs/include/ur_dashboard_msgs/ur_dashboard_msgs/srv/detail/popup__rosidl_typesupport_fastrtps_cpp.hpp
[1.252s] -- Up-to-date symlink: /workspace/ur5_ws/install/ur_dashboard_msgs/include/ur_dashboard_msgs/ur_dashboard_msgs/srv/detail/raw_request__rosidl_typesupport_fastrtps_cpp.hpp
[1.255s] -- Up-to-date symlink: /workspace/ur5_ws/install/ur_dashboard_msgs/include/ur_dashboard_msgs/ur_dashboard_msgs/action/detail/set_mode__rosidl_typesupport_introspection_cpp.hpp
[1.256s] -- Up-to-date symlink: /workspace/ur5_ws/install/ur_dashboard_msgs/include/ur_dashboard_msgs/ur_dashboard_msgs/msg/detail/program_state__rosidl_typesupport_introspection_cpp.hpp
[1.257s] -- Up-to-date symlink: /workspace/ur5_ws/install/ur_dashboard_msgs/include/ur_dashboard_msgs/ur_dashboard_msgs/msg/detail/robot_mode__rosidl_typesupport_introspection_cpp.hpp
[1.257s] -- Up-to-date symlink: /workspace/ur5_ws/install/ur_dashboard_msgs/include/ur_dashboard_msgs/ur_dashboard_msgs/msg/detail/safety_mode__rosidl_typesupport_introspection_cpp.hpp
[1.258s] -- Up-to-date symlink: /workspace/ur5_ws/install/ur_dashboard_msgs/include/ur_dashboard_msgs/ur_dashboard_msgs/srv/detail/add_to_log__rosidl_typesupport_introspection_cpp.hpp
[1.273s] -- Up-to-date symlink: /workspace/ur5_ws/install/ur_dashboard_msgs/include/ur_dashboard_msgs/ur_dashboard_msgs/srv/detail/get_loaded_program__rosidl_typesupport_introspection_cpp.hpp
[1.274s] -- Up-to-date symlink: /workspace/ur5_ws/install/ur_dashboard_msgs/include/ur_dashboard_msgs/ur_dashboard_msgs/srv/detail/get_program_state__rosidl_typesupport_introspection_cpp.hpp
[1.274s] -- Up-to-date symlink: /workspace/ur5_ws/install/ur_dashboard_msgs/include/ur_dashboard_msgs/ur_dashboard_msgs/srv/detail/get_robot_mode__rosidl_typesupport_introspection_cpp.hpp
[1.275s] -- Up-to-date symlink: /workspace/ur5_ws/install/ur_dashboard_msgs/include/ur_dashboard_msgs/ur_dashboard_msgs/srv/detail/get_safety_mode__rosidl_typesupport_introspection_cpp.hpp
[1.275s] -- Up-to-date symlink: /workspace/ur5_ws/install/ur_dashboard_msgs/include/ur_dashboard_msgs/ur_dashboard_msgs/srv/detail/is_in_remote_control__rosidl_typesupport_introspection_cpp.hpp
[1.276s] -- Up-to-date symlink: /workspace/ur5_ws/install/ur_dashboard_msgs/include/ur_dashboard_msgs/ur_dashboard_msgs/srv/detail/is_program_running__rosidl_typesupport_introspection_cpp.hpp
[1.276s] -- Up-to-date symlink: /workspace/ur5_ws/install/ur_dashboard_msgs/include/ur_dashboard_msgs/ur_dashboard_msgs/srv/detail/is_program_saved__rosidl_typesupport_introspection_cpp.hpp
[1.277s] -- Up-to-date symlink: /workspace/ur5_ws/install/ur_dashboard_msgs/include/ur_dashboard_msgs/ur_dashboard_msgs/srv/detail/load__rosidl_typesupport_introspection_cpp.hpp
[1.278s] -- Up-to-date symlink: /workspace/ur5_ws/install/ur_dashboard_msgs/include/ur_dashboard_msgs/ur_dashboard_msgs/srv/detail/popup__rosidl_typesupport_introspection_cpp.hpp
[1.291s] -- Up-to-date symlink: /workspace/ur5_ws/install/ur_dashboard_msgs/include/ur_dashboard_msgs/ur_dashboard_msgs/srv/detail/raw_request__rosidl_typesupport_introspection_cpp.hpp
[1.291s] -- Up-to-date symlink: /workspace/ur5_ws/install/ur_dashboard_msgs/share/ur_dashboard_msgs/environment/pythonpath.sh
[1.292s] -- Up-to-date symlink: /workspace/ur5_ws/install/ur_dashboard_msgs/share/ur_dashboard_msgs/environment/pythonpath.dsv
[1.292s] -- Up-to-date symlink: /workspace/ur5_ws/install/ur_dashboard_msgs/local/lib/python3.10/dist-packages/ur_dashboard_msgs-4.5.0-py3.10.egg-info/PKG-INFO
[1.293s] -- Up-to-date symlink: /workspace/ur5_ws/install/ur_dashboard_msgs/local/lib/python3.10/dist-packages/ur_dashboard_msgs-4.5.0-py3.10.egg-info/SOURCES.txt
[1.293s] -- Up-to-date symlink: /workspace/ur5_ws/install/ur_dashboard_msgs/local/lib/python3.10/dist-packages/ur_dashboard_msgs-4.5.0-py3.10.egg-info/dependency_links.txt
[1.293s] -- Up-to-date symlink: /workspace/ur5_ws/install/ur_dashboard_msgs/local/lib/python3.10/dist-packages/ur_dashboard_msgs-4.5.0-py3.10.egg-info/top_level.txt
[1.294s] -- Up-to-date symlink: /workspace/ur5_ws/install/ur_dashboard_msgs/local/lib/python3.10/dist-packages/ur_dashboard_msgs/__init__.py
[1.294s] -- Up-to-date symlink: /workspace/ur5_ws/install/ur_dashboard_msgs/local/lib/python3.10/dist-packages/ur_dashboard_msgs/_ur_dashboard_msgs_s.ep.rosidl_typesupport_c.c
[1.294s] -- Up-to-date symlink: /workspace/ur5_ws/install/ur_dashboard_msgs/local/lib/python3.10/dist-packages/ur_dashboard_msgs/_ur_dashboard_msgs_s.ep.rosidl_typesupport_fastrtps_c.c
[1.294s] -- Up-to-date symlink: /workspace/ur5_ws/install/ur_dashboard_msgs/local/lib/python3.10/dist-packages/ur_dashboard_msgs/_ur_dashboard_msgs_s.ep.rosidl_typesupport_introspection_c.c
[1.295s] -- Up-to-date symlink: /workspace/ur5_ws/install/ur_dashboard_msgs/local/lib/python3.10/dist-packages/ur_dashboard_msgs/action/__init__.py
[1.295s] -- Up-to-date symlink: /workspace/ur5_ws/install/ur_dashboard_msgs/local/lib/python3.10/dist-packages/ur_dashboard_msgs/action/_set_mode.py
[1.295s] -- Up-to-date symlink: /workspace/ur5_ws/install/ur_dashboard_msgs/local/lib/python3.10/dist-packages/ur_dashboard_msgs/action/_set_mode_s.c
[1.295s] -- Up-to-date symlink: /workspace/ur5_ws/install/ur_dashboard_msgs/local/lib/python3.10/dist-packages/ur_dashboard_msgs/libur_dashboard_msgs__rosidl_generator_py.so
[1.296s] -- Up-to-date symlink: /workspace/ur5_ws/install/ur_dashboard_msgs/local/lib/python3.10/dist-packages/ur_dashboard_msgs/msg/__init__.py
[1.296s] -- Up-to-date symlink: /workspace/ur5_ws/install/ur_dashboard_msgs/local/lib/python3.10/dist-packages/ur_dashboard_msgs/msg/_program_state.py
[1.296s] -- Up-to-date symlink: /workspace/ur5_ws/install/ur_dashboard_msgs/local/lib/python3.10/dist-packages/ur_dashboard_msgs/msg/_program_state_s.c
[1.297s] -- Up-to-date symlink: /workspace/ur5_ws/install/ur_dashboard_msgs/local/lib/python3.10/dist-packages/ur_dashboard_msgs/msg/_robot_mode.py
[1.297s] -- Up-to-date symlink: /workspace/ur5_ws/install/ur_dashboard_msgs/local/lib/python3.10/dist-packages/ur_dashboard_msgs/msg/_robot_mode_s.c
[1.297s] -- Up-to-date symlink: /workspace/ur5_ws/install/ur_dashboard_msgs/local/lib/python3.10/dist-packages/ur_dashboard_msgs/msg/_safety_mode.py
[1.297s] -- Up-to-date symlink: /workspace/ur5_ws/install/ur_dashboard_msgs/local/lib/python3.10/dist-packages/ur_dashboard_msgs/msg/_safety_mode_s.c
[1.298s] -- Up-to-date symlink: /workspace/ur5_ws/install/ur_dashboard_msgs/local/lib/python3.10/dist-packages/ur_dashboard_msgs/srv/__init__.py
[1.298s] -- Up-to-date symlink: /workspace/ur5_ws/install/ur_dashboard_msgs/local/lib/python3.10/dist-packages/ur_dashboard_msgs/srv/_add_to_log.py
[1.298s] -- Up-to-date symlink: /workspace/ur5_ws/install/ur_dashboard_msgs/local/lib/python3.10/dist-packages/ur_dashboard_msgs/srv/_add_to_log_s.c
[1.299s] -- Up-to-date symlink: /workspace/ur5_ws/install/ur_dashboard_msgs/local/lib/python3.10/dist-packages/ur_dashboard_msgs/srv/_get_loaded_program.py
[1.299s] -- Up-to-date symlink: /workspace/ur5_ws/install/ur_dashboard_msgs/local/lib/python3.10/dist-packages/ur_dashboard_msgs/srv/_get_loaded_program_s.c
[1.299s] -- Up-to-date symlink: /workspace/ur5_ws/install/ur_dashboard_msgs/local/lib/python3.10/dist-packages/ur_dashboard_msgs/srv/_get_program_state.py
[1.299s] -- Up-to-date symlink: /workspace/ur5_ws/install/ur_dashboard_msgs/local/lib/python3.10/dist-packages/ur_dashboard_msgs/srv/_get_program_state_s.c
[1.300s] -- Up-to-date symlink: /workspace/ur5_ws/install/ur_dashboard_msgs/local/lib/python3.10/dist-packages/ur_dashboard_msgs/srv/_get_robot_mode.py
[1.300s] -- Up-to-date symlink: /workspace/ur5_ws/install/ur_dashboard_msgs/local/lib/python3.10/dist-packages/ur_dashboard_msgs/srv/_get_robot_mode_s.c
[1.300s] -- Up-to-date symlink: /workspace/ur5_ws/install/ur_dashboard_msgs/local/lib/python3.10/dist-packages/ur_dashboard_msgs/srv/_get_safety_mode.py
[1.300s] -- Up-to-date symlink: /workspace/ur5_ws/install/ur_dashboard_msgs/local/lib/python3.10/dist-packages/ur_dashboard_msgs/srv/_get_safety_mode_s.c
[1.301s] -- Up-to-date symlink: /workspace/ur5_ws/install/ur_dashboard_msgs/local/lib/python3.10/dist-packages/ur_dashboard_msgs/srv/_is_in_remote_control.py
[1.301s] -- Up-to-date symlink: /workspace/ur5_ws/install/ur_dashboard_msgs/local/lib/python3.10/dist-packages/ur_dashboard_msgs/srv/_is_in_remote_control_s.c
[1.302s] -- Up-to-date symlink: /workspace/ur5_ws/install/ur_dashboard_msgs/local/lib/python3.10/dist-packages/ur_dashboard_msgs/srv/_is_program_running.py
[1.302s] -- Up-to-date symlink: /workspace/ur5_ws/install/ur_dashboard_msgs/local/lib/python3.10/dist-packages/ur_dashboard_msgs/srv/_is_program_running_s.c
[1.302s] -- Up-to-date symlink: /workspace/ur5_ws/install/ur_dashboard_msgs/local/lib/python3.10/dist-packages/ur_dashboard_msgs/srv/_is_program_saved.py
[1.302s] -- Up-to-date symlink: /workspace/ur5_ws/install/ur_dashboard_msgs/local/lib/python3.10/dist-packages/ur_dashboard_msgs/srv/_is_program_saved_s.c
[1.303s] -- Up-to-date symlink: /workspace/ur5_ws/install/ur_dashboard_msgs/local/lib/python3.10/dist-packages/ur_dashboard_msgs/srv/_load.py
[1.303s] -- Up-to-date symlink: /workspace/ur5_ws/install/ur_dashboard_msgs/local/lib/python3.10/dist-packages/ur_dashboard_msgs/srv/_load_s.c
[1.303s] -- Up-to-date symlink: /workspace/ur5_ws/install/ur_dashboard_msgs/local/lib/python3.10/dist-packages/ur_dashboard_msgs/srv/_popup.py
[1.303s] -- Up-to-date symlink: /workspace/ur5_ws/install/ur_dashboard_msgs/local/lib/python3.10/dist-packages/ur_dashboard_msgs/srv/_popup_s.c
[1.304s] -- Up-to-date symlink: /workspace/ur5_ws/install/ur_dashboard_msgs/local/lib/python3.10/dist-packages/ur_dashboard_msgs/srv/_raw_request.py
[1.304s] -- Up-to-date symlink: /workspace/ur5_ws/install/ur_dashboard_msgs/local/lib/python3.10/dist-packages/ur_dashboard_msgs/srv/_raw_request_s.c
[1.304s] -- Up-to-date symlink: /workspace/ur5_ws/install/ur_dashboard_msgs/local/lib/python3.10/dist-packages/ur_dashboard_msgs/ur_dashboard_msgs_s__rosidl_typesupport_c.cpython-310-aarch64-linux-gnu.so
[1.305s] -- Up-to-date symlink: /workspace/ur5_ws/install/ur_dashboard_msgs/local/lib/python3.10/dist-packages/ur_dashboard_msgs/ur_dashboard_msgs_s__rosidl_typesupport_fastrtps_c.cpython-310-aarch64-linux-gnu.so
[1.305s] -- Up-to-date symlink: /workspace/ur5_ws/install/ur_dashboard_msgs/local/lib/python3.10/dist-packages/ur_dashboard_msgs/ur_dashboard_msgs_s__rosidl_typesupport_introspection_c.cpython-310-aarch64-linux-gnu.so
[1.305s] -- Up-to-date symlink: /workspace/ur5_ws/install/ur_dashboard_msgs/local/lib/python3.10/dist-packages/ur_dashboard_msgs/ur_dashboard_msgs_s__rosidl_typesupport_fastrtps_c.cpython-310-aarch64-linux-gnu.so
[1.306s] -- Up-to-date symlink: /workspace/ur5_ws/install/ur_dashboard_msgs/local/lib/python3.10/dist-packages/ur_dashboard_msgs/ur_dashboard_msgs_s__rosidl_typesupport_introspection_c.cpython-310-aarch64-linux-gnu.so
[1.307s] -- Up-to-date symlink: /workspace/ur5_ws/install/ur_dashboard_msgs/local/lib/python3.10/dist-packages/ur_dashboard_msgs/ur_dashboard_msgs_s__rosidl_typesupport_c.cpython-310-aarch64-linux-gnu.so
[1.307s] -- Up-to-date symlink: /workspace/ur5_ws/install/ur_dashboard_msgs/share/ur_dashboard_msgs/msg/ProgramState.idl
[1.308s] -- Up-to-date symlink: /workspace/ur5_ws/install/ur_dashboard_msgs/share/ur_dashboard_msgs/msg/RobotMode.idl
[1.308s] -- Up-to-date symlink: /workspace/ur5_ws/install/ur_dashboard_msgs/share/ur_dashboard_msgs/msg/SafetyMode.idl
[1.309s] -- Up-to-date symlink: /workspace/ur5_ws/install/ur_dashboard_msgs/share/ur_dashboard_msgs/srv/AddToLog.idl
[1.309s] -- Up-to-date symlink: /workspace/ur5_ws/install/ur_dashboard_msgs/share/ur_dashboard_msgs/srv/GetLoadedProgram.idl
[1.310s] -- Up-to-date symlink: /workspace/ur5_ws/install/ur_dashboard_msgs/share/ur_dashboard_msgs/srv/GetProgramState.idl
[1.310s] -- Up-to-date symlink: /workspace/ur5_ws/install/ur_dashboard_msgs/share/ur_dashboard_msgs/srv/GetRobotMode.idl
[1.311s] -- Up-to-date symlink: /workspace/ur5_ws/install/ur_dashboard_msgs/share/ur_dashboard_msgs/srv/GetSafetyMode.idl
[1.311s] -- Up-to-date symlink: /workspace/ur5_ws/install/ur_dashboard_msgs/share/ur_dashboard_msgs/srv/IsProgramRunning.idl
[1.312s] -- Up-to-date symlink: /workspace/ur5_ws/install/ur_dashboard_msgs/share/ur_dashboard_msgs/srv/IsProgramSaved.idl
[1.313s] -- Up-to-date symlink: /workspace/ur5_ws/install/ur_dashboard_msgs/share/ur_dashboard_msgs/srv/Load.idl
[1.313s] -- Up-to-date symlink: /workspace/ur5_ws/install/ur_dashboard_msgs/share/ur_dashboard_msgs/srv/Popup.idl
[1.314s] -- Up-to-date symlink: /workspace/ur5_ws/install/ur_dashboard_msgs/share/ur_dashboard_msgs/srv/RawRequest.idl
[1.314s] -- Up-to-date symlink: /workspace/ur5_ws/install/ur_dashboard_msgs/share/ur_dashboard_msgs/srv/IsInRemoteControl.idl
[1.315s] -- Up-to-date symlink: /workspace/ur5_ws/install/ur_dashboard_msgs/share/ur_dashboard_msgs/action/SetMode.idl
[1.315s] -- Up-to-date symlink: /workspace/ur5_ws/install/ur_dashboard_msgs/share/ur_dashboard_msgs/msg/ProgramState.msg
[1.316s] -- Up-to-date symlink: /workspace/ur5_ws/install/ur_dashboard_msgs/share/ur_dashboard_msgs/msg/RobotMode.msg
[1.316s] -- Up-to-date symlink: /workspace/ur5_ws/install/ur_dashboard_msgs/share/ur_dashboard_msgs/msg/SafetyMode.msg
[1.316s] -- Up-to-date symlink: /workspace/ur5_ws/install/ur_dashboard_msgs/share/ur_dashboard_msgs/srv/AddToLog.srv
[1.317s] -- Up-to-date symlink: /workspace/ur5_ws/install/ur_dashboard_msgs/share/ur_dashboard_msgs/srv/AddToLog_Request.msg
[1.318s] -- Up-to-date symlink: /workspace/ur5_ws/install/ur_dashboard_msgs/share/ur_dashboard_msgs/srv/AddToLog_Response.msg
[1.318s] -- Up-to-date symlink: /workspace/ur5_ws/install/ur_dashboard_msgs/share/ur_dashboard_msgs/srv/GetLoadedProgram.srv
[1.318s] -- Up-to-date symlink: /workspace/ur5_ws/install/ur_dashboard_msgs/share/ur_dashboard_msgs/srv/GetLoadedProgram_Request.msg
[1.319s] -- Up-to-date symlink: /workspace/ur5_ws/install/ur_dashboard_msgs/share/ur_dashboard_msgs/srv/GetLoadedProgram_Response.msg
[1.319s] -- Up-to-date symlink: /workspace/ur5_ws/install/ur_dashboard_msgs/share/ur_dashboard_msgs/srv/GetProgramState.srv
[1.320s] -- Up-to-date symlink: /workspace/ur5_ws/install/ur_dashboard_msgs/share/ur_dashboard_msgs/srv/GetProgramState_Request.msg
[1.320s] -- Up-to-date symlink: /workspace/ur5_ws/install/ur_dashboard_msgs/share/ur_dashboard_msgs/srv/GetProgramState_Response.msg
[1.321s] -- Up-to-date symlink: /workspace/ur5_ws/install/ur_dashboard_msgs/share/ur_dashboard_msgs/srv/GetRobotMode.srv
[1.321s] -- Up-to-date symlink: /workspace/ur5_ws/install/ur_dashboard_msgs/share/ur_dashboard_msgs/srv/GetRobotMode_Request.msg
[1.322s] -- Up-to-date symlink: /workspace/ur5_ws/install/ur_dashboard_msgs/share/ur_dashboard_msgs/srv/GetRobotMode_Response.msg
[1.322s] -- Up-to-date symlink: /workspace/ur5_ws/install/ur_dashboard_msgs/share/ur_dashboard_msgs/srv/GetSafetyMode.srv
[1.323s] -- Up-to-date symlink: /workspace/ur5_ws/install/ur_dashboard_msgs/share/ur_dashboard_msgs/srv/GetSafetyMode_Request.msg
[1.324s] -- Up-to-date symlink: /workspace/ur5_ws/install/ur_dashboard_msgs/share/ur_dashboard_msgs/srv/GetSafetyMode_Response.msg
[1.324s] -- Up-to-date symlink: /workspace/ur5_ws/install/ur_dashboard_msgs/share/ur_dashboard_msgs/srv/IsProgramRunning.srv
[1.325s] -- Up-to-date symlink: /workspace/ur5_ws/install/ur_dashboard_msgs/share/ur_dashboard_msgs/srv/IsProgramRunning_Request.msg
[1.325s] -- Up-to-date symlink: /workspace/ur5_ws/install/ur_dashboard_msgs/share/ur_dashboard_msgs/srv/IsProgramRunning_Response.msg
[1.326s] -- Up-to-date symlink: /workspace/ur5_ws/install/ur_dashboard_msgs/share/ur_dashboard_msgs/srv/IsProgramSaved.srv
[1.326s] -- Up-to-date symlink: /workspace/ur5_ws/install/ur_dashboard_msgs/share/ur_dashboard_msgs/srv/IsProgramSaved_Request.msg
[1.327s] -- Up-to-date symlink: /workspace/ur5_ws/install/ur_dashboard_msgs/share/ur_dashboard_msgs/srv/IsProgramSaved_Response.msg
[1.327s] -- Up-to-date symlink: /workspace/ur5_ws/install/ur_dashboard_msgs/share/ur_dashboard_msgs/srv/Load.srv
[1.328s] -- Up-to-date symlink: /workspace/ur5_ws/install/ur_dashboard_msgs/share/ur_dashboard_msgs/srv/Load_Request.msg
[1.328s] -- Up-to-date symlink: /workspace/ur5_ws/install/ur_dashboard_msgs/share/ur_dashboard_msgs/srv/Load_Response.msg
[1.329s] -- Up-to-date symlink: /workspace/ur5_ws/install/ur_dashboard_msgs/share/ur_dashboard_msgs/srv/Popup.srv
[1.329s] -- Up-to-date symlink: /workspace/ur5_ws/install/ur_dashboard_msgs/share/ur_dashboard_msgs/srv/Popup_Request.msg
[1.330s] -- Up-to-date symlink: /workspace/ur5_ws/install/ur_dashboard_msgs/share/ur_dashboard_msgs/srv/Popup_Response.msg
[1.330s] -- Up-to-date symlink: /workspace/ur5_ws/install/ur_dashboard_msgs/share/ur_dashboard_msgs/srv/RawRequest.srv
[1.331s] -- Up-to-date symlink: /workspace/ur5_ws/install/ur_dashboard_msgs/share/ur_dashboard_msgs/srv/RawRequest_Request.msg
[1.331s] -- Up-to-date symlink: /workspace/ur5_ws/install/ur_dashboard_msgs/share/ur_dashboard_msgs/srv/RawRequest_Response.msg
[1.332s] -- Up-to-date symlink: /workspace/ur5_ws/install/ur_dashboard_msgs/share/ur_dashboard_msgs/srv/IsInRemoteControl.srv
[1.332s] -- Up-to-date symlink: /workspace/ur5_ws/install/ur_dashboard_msgs/share/ur_dashboard_msgs/srv/IsInRemoteControl_Request.msg
[1.333s] -- Up-to-date symlink: /workspace/ur5_ws/install/ur_dashboard_msgs/share/ur_dashboard_msgs/srv/IsInRemoteControl_Response.msg
[1.333s] -- Up-to-date symlink: /workspace/ur5_ws/install/ur_dashboard_msgs/share/ur_dashboard_msgs/action/SetMode.action
[1.333s] -- Up-to-date symlink: /workspace/ur5_ws/install/ur_dashboard_msgs/share/ament_index/resource_index/package_run_dependencies/ur_dashboard_msgs
[1.334s] -- Up-to-date symlink: /workspace/ur5_ws/install/ur_dashboard_msgs/share/ament_index/resource_index/parent_prefix_path/ur_dashboard_msgs
[1.335s] -- Up-to-date symlink: /workspace/ur5_ws/install/ur_dashboard_msgs/share/ur_dashboard_msgs/environment/ament_prefix_path.sh
[1.335s] -- Up-to-date symlink: /workspace/ur5_ws/install/ur_dashboard_msgs/share/ur_dashboard_msgs/environment/ament_prefix_path.dsv
[1.336s] -- Up-to-date symlink: /workspace/ur5_ws/install/ur_dashboard_msgs/share/ur_dashboard_msgs/environment/path.sh
[1.336s] -- Up-to-date symlink: /workspace/ur5_ws/install/ur_dashboard_msgs/share/ur_dashboard_msgs/environment/path.dsv
[1.337s] -- Up-to-date symlink: /workspace/ur5_ws/install/ur_dashboard_msgs/share/ur_dashboard_msgs/local_setup.bash
[1.337s] -- Up-to-date symlink: /workspace/ur5_ws/install/ur_dashboard_msgs/share/ur_dashboard_msgs/local_setup.sh
[1.338s] -- Up-to-date symlink: /workspace/ur5_ws/install/ur_dashboard_msgs/share/ur_dashboard_msgs/local_setup.zsh
[1.338s] -- Up-to-date symlink: /workspace/ur5_ws/install/ur_dashboard_msgs/share/ur_dashboard_msgs/local_setup.dsv
[1.339s] -- Symlinking: /workspace/ur5_ws/install/ur_dashboard_msgs/share/ur_dashboard_msgs/package.dsv
[1.344s] -- Up-to-date symlink: /workspace/ur5_ws/install/ur_dashboard_msgs/share/ament_index/resource_index/packages/ur_dashboard_msgs
[1.344s] -- Up-to-date symlink: /workspace/ur5_ws/install/ur_dashboard_msgs/share/ur_dashboard_msgs/cmake/rosidl_cmake-extras.cmake
[1.345s] -- Up-to-date symlink: /workspace/ur5_ws/install/ur_dashboard_msgs/share/ur_dashboard_msgs/cmake/ament_cmake_export_dependencies-extras.cmake
[1.345s] -- Up-to-date symlink: /workspace/ur5_ws/install/ur_dashboard_msgs/share/ur_dashboard_msgs/cmake/ament_cmake_export_include_directories-extras.cmake
[1.346s] -- Up-to-date symlink: /workspace/ur5_ws/install/ur_dashboard_msgs/share/ur_dashboard_msgs/cmake/ament_cmake_export_libraries-extras.cmake
[1.347s] -- Up-to-date symlink: /workspace/ur5_ws/install/ur_dashboard_msgs/share/ur_dashboard_msgs/cmake/ament_cmake_export_targets-extras.cmake
[1.347s] -- Up-to-date symlink: /workspace/ur5_ws/install/ur_dashboard_msgs/share/ur_dashboard_msgs/cmake/rosidl_cmake_export_typesupport_targets-extras.cmake
[1.348s] -- Up-to-date symlink: /workspace/ur5_ws/install/ur_dashboard_msgs/share/ur_dashboard_msgs/cmake/rosidl_cmake_export_typesupport_libraries-extras.cmake
[1.348s] -- Up-to-date symlink: /workspace/ur5_ws/install/ur_dashboard_msgs/share/ur_dashboard_msgs/cmake/ur_dashboard_msgsConfig.cmake
[1.348s] -- Up-to-date symlink: /workspace/ur5_ws/install/ur_dashboard_msgs/share/ur_dashboard_msgs/cmake/ur_dashboard_msgsConfig-version.cmake
[1.349s] -- Up-to-date symlink: /workspace/ur5_ws/install/ur_dashboard_msgs/share/ur_dashboard_msgs/package.xml
[1.350s] -- Up-to-date: /workspace/ur5_ws/install/ur_dashboard_msgs/lib/libur_dashboard_msgs__rosidl_generator_c.so
[1.351s] -- Up-to-date: /workspace/ur5_ws/install/ur_dashboard_msgs/lib/libur_dashboard_msgs__rosidl_typesupport_fastrtps_c.so
[1.351s] -- Up-to-date: /workspace/ur5_ws/install/ur_dashboard_msgs/lib/libur_dashboard_msgs__rosidl_typesupport_introspection_c.so
[1.352s] -- Up-to-date: /workspace/ur5_ws/install/ur_dashboard_msgs/lib/libur_dashboard_msgs__rosidl_typesupport_c.so
[1.353s] -- Up-to-date: /workspace/ur5_ws/install/ur_dashboard_msgs/lib/libur_dashboard_msgs__rosidl_typesupport_fastrtps_cpp.so
[1.354s] -- Up-to-date: /workspace/ur5_ws/install/ur_dashboard_msgs/lib/libur_dashboard_msgs__rosidl_typesupport_introspection_cpp.so
[1.355s] -- Up-to-date: /workspace/ur5_ws/install/ur_dashboard_msgs/lib/libur_dashboard_msgs__rosidl_typesupport_cpp.so
[1.389s] Listing '/workspace/ur5_ws/install/ur_dashboard_msgs/local/lib/python3.10/dist-packages/ur_dashboard_msgs'...
[1.390s] Listing '/workspace/ur5_ws/install/ur_dashboard_msgs/local/lib/python3.10/dist-packages/ur_dashboard_msgs/action'...
[1.390s] Listing '/workspace/ur5_ws/install/ur_dashboard_msgs/local/lib/python3.10/dist-packages/ur_dashboard_msgs/msg'...
[1.390s] Listing '/workspace/ur5_ws/install/ur_dashboard_msgs/local/lib/python3.10/dist-packages/ur_dashboard_msgs/srv'...
[1.390s] -- Up-to-date: /workspace/ur5_ws/install/ur_dashboard_msgs/lib/libur_dashboard_msgs__rosidl_generator_py.so
[1.391s] -- Up-to-date: /workspace/ur5_ws/install/ur_dashboard_msgs/share/ur_dashboard_msgs/cmake/export_ur_dashboard_msgs__rosidl_generator_cExport.cmake
[1.392s] -- Up-to-date: /workspace/ur5_ws/install/ur_dashboard_msgs/share/ur_dashboard_msgs/cmake/export_ur_dashboard_msgs__rosidl_generator_cExport-noconfig.cmake
[1.392s] -- Up-to-date: /workspace/ur5_ws/install/ur_dashboard_msgs/share/ur_dashboard_msgs/cmake/export_ur_dashboard_msgs__rosidl_typesupport_fastrtps_cExport.cmake
[1.393s] -- Up-to-date: /workspace/ur5_ws/install/ur_dashboard_msgs/share/ur_dashboard_msgs/cmake/export_ur_dashboard_msgs__rosidl_typesupport_fastrtps_cExport-noconfig.cmake
[1.393s] -- Up-to-date: /workspace/ur5_ws/install/ur_dashboard_msgs/share/ur_dashboard_msgs/cmake/ur_dashboard_msgs__rosidl_typesupport_introspection_cExport.cmake
[1.393s] -- Up-to-date: /workspace/ur5_ws/install/ur_dashboard_msgs/share/ur_dashboard_msgs/cmake/ur_dashboard_msgs__rosidl_typesupport_introspection_cExport-noconfig.cmake
[1.394s] -- Up-to-date: /workspace/ur5_ws/install/ur_dashboard_msgs/share/ur_dashboard_msgs/cmake/ur_dashboard_msgs__rosidl_typesupport_cExport.cmake
[1.394s] -- Up-to-date: /workspace/ur5_ws/install/ur_dashboard_msgs/share/ur_dashboard_msgs/cmake/ur_dashboard_msgs__rosidl_typesupport_cExport-noconfig.cmake
[1.395s] -- Up-to-date: /workspace/ur5_ws/install/ur_dashboard_msgs/share/ur_dashboard_msgs/cmake/export_ur_dashboard_msgs__rosidl_generator_cppExport.cmake
[1.396s] -- Up-to-date: /workspace/ur5_ws/install/ur_dashboard_msgs/share/ur_dashboard_msgs/cmake/export_ur_dashboard_msgs__rosidl_typesupport_fastrtps_cppExport.cmake
[1.396s] -- Up-to-date: /workspace/ur5_ws/install/ur_dashboard_msgs/share/ur_dashboard_msgs/cmake/export_ur_dashboard_msgs__rosidl_typesupport_fastrtps_cppExport-noconfig.cmake
[1.397s] -- Up-to-date: /workspace/ur5_ws/install/ur_dashboard_msgs/share/ur_dashboard_msgs/cmake/ur_dashboard_msgs__rosidl_typesupport_introspection_cppExport.cmake
[1.398s] -- Up-to-date: /workspace/ur5_ws/install/ur_dashboard_msgs/share/ur_dashboard_msgs/cmake/ur_dashboard_msgs__rosidl_typesupport_introspection_cppExport-noconfig.cmake
[1.398s] -- Up-to-date: /workspace/ur5_ws/install/ur_dashboard_msgs/share/ur_dashboard_msgs/cmake/ur_dashboard_msgs__rosidl_typesupport_cppExport.cmake
[1.399s] -- Up-to-date: /workspace/ur5_ws/install/ur_dashboard_msgs/share/ur_dashboard_msgs/cmake/ur_dashboard_msgs__rosidl_typesupport_cppExport-noconfig.cmake
[1.399s] -- Up-to-date: /workspace/ur5_ws/install/ur_dashboard_msgs/share/ur_dashboard_msgs/cmake/export_ur_dashboard_msgs__rosidl_generator_pyExport.cmake
[1.399s] -- Up-to-date: /workspace/ur5_ws/install/ur_dashboard_msgs/share/ur_dashboard_msgs/cmake/export_ur_dashboard_msgs__rosidl_generator_pyExport-noconfig.cmake
