[0.009s] Invoking command in '/workspace/ur5_ws/build/ur_controllers': AMENT_PREFIX_PATH=/workspace/ur5_ws/install/ur_dashboard_msgs:${AMENT_PREFIX_PATH} CMAKE_PREFIX_PATH=/workspace/ur5_ws/install/ur_dashboard_msgs:/opt/ros/humble LD_LIBRARY_PATH=/workspace/ur5_ws/install/ur_dashboard_msgs/lib:${LD_LIBRARY_PATH} PYTHONPATH=/workspace/ur5_ws/install/ur_dashboard_msgs/local/lib/python3.10/dist-packages:${PYTHONPATH} /usr/bin/cmake /workspace/ur5_ws/src/Universal_Robots_ROS2_Driver/ur_controllers -DAMENT_CMAKE_SYMLINK_INSTALL=1 -DCMAKE_INSTALL_PREFIX=/workspace/ur5_ws/install/ur_controllers
[0.032s] -- Found ament_cmake: 1.3.12 (/opt/ros/humble/share/ament_cmake/cmake)
[0.119s] -- Override CMake install command with custom implementation using symlinks instead of copying resources
[0.129s] -- Found angles: 1.15.0 (/opt/ros/humble/share/angles/cmake)
[0.134s] -- Found controller_interface: 2.53.0 (/opt/ros/humble/share/controller_interface/cmake)
[0.236s] -- Found rosidl_generator_c: 3.1.8 (/opt/ros/humble/share/rosidl_generator_c/cmake)
[0.247s] -- Found rosidl_adapter: 3.1.8 (/opt/ros/humble/share/rosidl_adapter/cmake)
[0.256s] -- Found rosidl_generator_cpp: 3.1.8 (/opt/ros/humble/share/rosidl_generator_cpp/cmake)
[0.273s] -- Using all available rosidl_typesupport_c: rosidl_typesupport_fastrtps_c;rosidl_typesupport_introspection_c
[0.299s] -- Using all available rosidl_typesupport_cpp: rosidl_typesupport_fastrtps_cpp;rosidl_typesupport_introspection_cpp
[0.524s] -- Found rmw_implementation_cmake: 6.1.2 (/opt/ros/humble/share/rmw_implementation_cmake/cmake)
[0.529s] -- Found rmw_fastrtps_cpp: 6.2.9 (/opt/ros/humble/share/rmw_fastrtps_cpp/cmake)
[0.561s] -- Found TinyXML2 via Config file: TinyXML2_DIR-NOTFOUND
[0.609s] -- Found OpenSSL: /usr/lib/aarch64-linux-gnu/libcrypto.so (found version "3.0.2")  
[0.609s] -- Found TinyXML2 via Config file: TinyXML2_DIR-NOTFOUND
[0.619s] -- Found FastRTPS: /opt/ros/humble/include  
[0.619s] -- Found TinyXML2 via Config file: TinyXML2_DIR-NOTFOUND
[0.626s] -- Found TinyXML2 via Config file: TinyXML2_DIR-NOTFOUND
[0.634s] -- Using RMW implementation 'rmw_fastrtps_cpp' as default
[0.651s] -- Looking for pthread.h
[0.748s] -- Looking for pthread.h - found
[0.749s] -- Performing Test CMAKE_HAVE_LIBC_PTHREAD
[0.883s] -- Performing Test CMAKE_HAVE_LIBC_PTHREAD - Success
[0.884s] -- Found Threads: TRUE  
[0.941s] -- Found joint_trajectory_controller: 2.52.0 (/opt/ros/humble/share/joint_trajectory_controller/cmake)
[1.032s] -- Found std_srvs: 4.9.0 (/opt/ros/humble/share/std_srvs/cmake)
[1.037s] -- Found tf2_geometry_msgs: 0.25.18 (/opt/ros/humble/share/tf2_geometry_msgs/cmake)
[1.049s] -- Found eigen3_cmake_module: 0.1.1 (/opt/ros/humble/share/eigen3_cmake_module/cmake)
[1.049s] -- Found Eigen3: TRUE (found version "3.4.0") 
[1.050s] -- Ensuring Eigen3 include directory is part of orocos-kdl CMake target
[1.108s] -- Found ur_dashboard_msgs: 4.5.0 (/workspace/ur5_ws/install/ur_dashboard_msgs/share/ur_dashboard_msgs/cmake)
[1.138s] CMake Error at CMakeLists.txt:24 (find_package):
[1.139s]   By not providing "Findur_msgs.cmake" in CMAKE_MODULE_PATH this project has
[1.139s]   asked CMake to find a package configuration file provided by "ur_msgs", but
[1.140s]   CMake did not find one.
[1.140s] 
[1.140s]   Could not find a package configuration file provided by "ur_msgs" with any
[1.141s]   of the following names:
[1.145s] 
[1.145s]     ur_msgsConfig.cmake
[1.146s]     ur_msgs-config.cmake
[1.147s] 
[1.147s]   Add the installation prefix of "ur_msgs" to CMAKE_PREFIX_PATH or set
[1.147s]   "ur_msgs_DIR" to a directory containing one of the above files.  If
[1.147s]   "ur_msgs" provides a separate development package or SDK, be sure it has
[1.147s]   been installed.
[1.148s] 
[1.148s] 
[1.148s] -- Configuring incomplete, errors occurred!
[1.148s] See also "/workspace/ur5_ws/build/ur_controllers/CMakeFiles/CMakeOutput.log".
[1.148s] Invoked command in '/workspace/ur5_ws/build/ur_controllers' returned '1': AMENT_PREFIX_PATH=/workspace/ur5_ws/install/ur_dashboard_msgs:${AMENT_PREFIX_PATH} CMAKE_PREFIX_PATH=/workspace/ur5_ws/install/ur_dashboard_msgs:/opt/ros/humble LD_LIBRARY_PATH=/workspace/ur5_ws/install/ur_dashboard_msgs/lib:${LD_LIBRARY_PATH} PYTHONPATH=/workspace/ur5_ws/install/ur_dashboard_msgs/local/lib/python3.10/dist-packages:${PYTHONPATH} /usr/bin/cmake /workspace/ur5_ws/src/Universal_Robots_ROS2_Driver/ur_controllers -DAMENT_CMAKE_SYMLINK_INSTALL=1 -DCMAKE_INSTALL_PREFIX=/workspace/ur5_ws/install/ur_controllers
