[0.000000] (-) TimerEvent: {}
[0.001157] (-) JobUnselected: {'identifier': 'ur'}
[0.001339] (-) JobUnselected: {'identifier': 'ur5_minimal_moveit'}
[0.001436] (-) JobUnselected: {'identifier': 'ur_calibration'}
[0.003332] (-) JobUnselected: {'identifier': 'ur_controllers'}
[0.003394] (-) JobUnselected: {'identifier': 'ur_dashboard_msgs'}
[0.003471] (-) JobUnselected: {'identifier': 'ur_description'}
[0.003552] (-) JobUnselected: {'identifier': 'ur_moveit_config'}
[0.003612] (-) JobUnselected: {'identifier': 'ur_robot_driver'}
[0.003706] (ur5_kdl_ik) JobQueued: {'identifier': 'ur5_kdl_ik', 'dependencies': OrderedDict([('ur_description', '/workspace/ur5_ws/install/ur_description'), ('ur_moveit_config', '/workspace/ur5_ws/install/ur_moveit_config')])}
[0.004023] (ur5_kdl_ik) JobStarted: {'identifier': 'ur5_kdl_ik'}
[0.009811] (ur5_kdl_ik) JobProgress: {'identifier': 'ur5_kdl_ik', 'progress': 'cmake'}
[0.011274] (ur5_kdl_ik) JobProgress: {'identifier': 'ur5_kdl_ik', 'progress': 'build'}
[0.012693] (ur5_kdl_ik) Command: {'cmd': ['/usr/bin/cmake', '--build', '/workspace/ur5_ws/build/ur5_kdl_ik', '--', '-j11', '-l11'], 'cwd': '/workspace/ur5_ws/build/ur5_kdl_ik', 'env': OrderedDict([('HOSTNAME', '10a6f84be8b2'), ('SHLVL', '1'), ('LD_LIBRARY_PATH', '/opt/ros/humble/lib/aarch64-linux-gnu:/opt/ros/humble/lib'), ('HOME', '/root'), ('OLDPWD', '/'), ('ROS_PYTHON_VERSION', '3'), ('ROS_DISTRO', 'humble'), ('_', '/usr/bin/colcon'), ('ROS_VERSION', '2'), ('ROS_LOCALHOST_ONLY', '0'), ('PATH', '/opt/ros/humble/bin:/usr/local/sbin:/usr/local/bin:/usr/sbin:/usr/bin:/sbin:/bin'), ('LANG', 'C.UTF-8'), ('AMENT_PREFIX_PATH', '/workspace/ur5_ws/install/ur_moveit_config:/workspace/ur5_ws/install/ur_description:/opt/ros/humble'), ('PWD', '/workspace/ur5_ws/build/ur5_kdl_ik'), ('LC_ALL', 'C.UTF-8'), ('PYTHONPATH', '/opt/ros/humble/lib/python3.10/site-packages:/opt/ros/humble/local/lib/python3.10/dist-packages'), ('COLCON', '1'), ('CMAKE_PREFIX_PATH', '/workspace/ur5_ws/install/ur_moveit_config:/workspace/ur5_ws/install/ur_description:/opt/ros/humble')]), 'shell': False}
[0.041627] (ur5_kdl_ik) StdoutLine: {'line': b'-- Found ament_cmake: 1.3.12 (/opt/ros/humble/share/ament_cmake/cmake)\n'}
[0.100198] (-) TimerEvent: {}
[0.120471] (ur5_kdl_ik) StdoutLine: {'line': b'-- Override CMake install command with custom implementation using symlinks instead of copying resources\n'}
[0.131106] (ur5_kdl_ik) StdoutLine: {'line': b'-- Found rclcpp: 16.0.17 (/opt/ros/humble/share/rclcpp/cmake)\n'}
[0.152029] (ur5_kdl_ik) StdoutLine: {'line': b'-- Found rosidl_generator_c: 3.1.8 (/opt/ros/humble/share/rosidl_generator_c/cmake)\n'}
[0.157424] (ur5_kdl_ik) StdoutLine: {'line': b'-- Found rosidl_adapter: 3.1.8 (/opt/ros/humble/share/rosidl_adapter/cmake)\n'}
[0.162981] (ur5_kdl_ik) StdoutLine: {'line': b'-- Found rosidl_generator_cpp: 3.1.8 (/opt/ros/humble/share/rosidl_generator_cpp/cmake)\n'}
[0.164392] (ur5_kdl_ik) StdoutLine: {'line': b'-- Using all available rosidl_typesupport_c: rosidl_typesupport_fastrtps_c;rosidl_typesupport_introspection_c\n'}
[0.172603] (ur5_kdl_ik) StdoutLine: {'line': b'-- Using all available rosidl_typesupport_cpp: rosidl_typesupport_fastrtps_cpp;rosidl_typesupport_introspection_cpp\n'}
[0.193703] (ur5_kdl_ik) StdoutLine: {'line': b'-- Found rmw_implementation_cmake: 6.1.2 (/opt/ros/humble/share/rmw_implementation_cmake/cmake)\n'}
[0.195353] (ur5_kdl_ik) StdoutLine: {'line': b'-- Found rmw_fastrtps_cpp: 6.2.9 (/opt/ros/humble/share/rmw_fastrtps_cpp/cmake)\n'}
[0.201212] (-) TimerEvent: {}
[0.277345] (ur5_kdl_ik) StdoutLine: {'line': b"-- Using RMW implementation 'rmw_fastrtps_cpp' as default\n"}
[0.301990] (-) TimerEvent: {}
[0.310848] (ur5_kdl_ik) StdoutLine: {'line': b'-- Found geometry_msgs: 4.9.0 (/opt/ros/humble/share/geometry_msgs/cmake)\n'}
[0.319442] (ur5_kdl_ik) StdoutLine: {'line': b'-- Found tf2_geometry_msgs: 0.25.18 (/opt/ros/humble/share/tf2_geometry_msgs/cmake)\n'}
[0.321647] (ur5_kdl_ik) StdoutLine: {'line': b'-- Found eigen3_cmake_module: 0.1.1 (/opt/ros/humble/share/eigen3_cmake_module/cmake)\n'}
[0.322739] (ur5_kdl_ik) StdoutLine: {'line': b'-- Ensuring Eigen3 include directory is part of orocos-kdl CMake target\n'}
[0.379949] (ur5_kdl_ik) StdoutLine: {'line': b'-- Found moveit_core: 2.5.9 (/opt/ros/humble/share/moveit_core/cmake)\n'}
[0.390480] (ur5_kdl_ik) StdoutLine: {'line': b'-- Found Boost: /usr/lib/aarch64-linux-gnu/cmake/Boost-1.74.0/BoostConfig.cmake (found version "1.74.0") found components: chrono date_time filesystem iostreams program_options regex serialization system thread \n'}
[0.403031] (-) TimerEvent: {}
[0.410078] (ur5_kdl_ik) StdoutLine: {'line': b'-- Found parameter_traits: 0.6.0 (/opt/ros/humble/share/parameter_traits/cmake)\n'}
[0.416020] (ur5_kdl_ik) StdoutLine: {'line': b'-- Found rclcpp_lifecycle: 16.0.17 (/opt/ros/humble/share/rclcpp_lifecycle/cmake)\n'}
[0.429146] (ur5_kdl_ik) StdoutLine: {'line': b'-- Found Boost: /usr/lib/aarch64-linux-gnu/cmake/Boost-1.74.0/BoostConfig.cmake (found version "1.74.0") found components: filesystem \n'}
[0.453334] (ur5_kdl_ik) StdoutLine: {'line': b'-- library: /usr/lib/aarch64-linux-gnu/libcurl.so\n'}
[0.503980] (-) TimerEvent: {}
[0.584959] (ur5_kdl_ik) StdoutLine: {'line': b'-- Found moveit_ros_planning_interface: 2.5.9 (/opt/ros/humble/share/moveit_ros_planning_interface/cmake)\n'}
[0.589212] (ur5_kdl_ik) StdoutLine: {'line': b'-- Found Boost: /usr/lib/aarch64-linux-gnu/cmake/Boost-1.74.0/BoostConfig.cmake (found version "1.74.0") found components: date_time filesystem program_options system thread \n'}
[0.597344] (ur5_kdl_ik) StdoutLine: {'line': b'-- Found Boost: /usr/lib/aarch64-linux-gnu/cmake/Boost-1.74.0/BoostConfig.cmake (found version "1.74.0") found components: system filesystem date_time program_options thread chrono \n'}
[0.604975] (-) TimerEvent: {}
[0.620612] (ur5_kdl_ik) StdoutLine: {'line': b'-- Found Boost: /usr/lib/aarch64-linux-gnu/cmake/Boost-1.74.0/BoostConfig.cmake (found version "1.74.0") found components: thread system filesystem regex date_time program_options \n'}
[0.636097] (ur5_kdl_ik) StdoutLine: {'line': b'-- Found Boost: /usr/lib/aarch64-linux-gnu/cmake/Boost-1.74.0/BoostConfig.cmake (found version "1.74.0") found components: system filesystem date_time program_options thread \n'}
[0.656845] (ur5_kdl_ik) StdoutLine: {'line': b'-- Found moveit_kinematics: 2.5.9 (/opt/ros/humble/share/moveit_kinematics/cmake)\n'}
[0.660070] (ur5_kdl_ik) StdoutLine: {'line': b'-- Found Boost: /usr/lib/aarch64-linux-gnu/cmake/Boost-1.74.0/BoostConfig.cmake (found version "1.74.0") found components: program_options system \n'}
[0.705992] (-) TimerEvent: {}
[0.731404] (ur5_kdl_ik) StdoutLine: {'line': b'-- Configuring done\n'}
[0.775918] (ur5_kdl_ik) StdoutLine: {'line': b'-- Generating done\n'}
[0.793888] (ur5_kdl_ik) StdoutLine: {'line': b'-- Build files have been written to: /workspace/ur5_ws/build/ur5_kdl_ik\n'}
[0.807164] (-) TimerEvent: {}
[0.908012] (-) TimerEvent: {}
[0.973418] (ur5_kdl_ik) StdoutLine: {'line': b'Consolidate compiler generated dependencies of target ur5_kdl_ik_baseline\n'}
[0.996505] (ur5_kdl_ik) StdoutLine: {'line': b'[ 50%] Building CXX object CMakeFiles/ur5_kdl_ik_baseline.dir/src/ur5_kdl_ik_node.cpp.o\n'}
[1.008991] (-) TimerEvent: {}
[1.116026] (-) TimerEvent: {}
[1.220521] (-) TimerEvent: {}
[1.323099] (-) TimerEvent: {}
[1.433044] (-) TimerEvent: {}
[1.534080] (-) TimerEvent: {}
[1.635047] (-) TimerEvent: {}
[1.736025] (-) TimerEvent: {}
[1.837043] (-) TimerEvent: {}
[1.939289] (-) TimerEvent: {}
[2.040777] (-) TimerEvent: {}
[2.143045] (-) TimerEvent: {}
[2.245510] (-) TimerEvent: {}
[2.346067] (-) TimerEvent: {}
[2.449325] (-) TimerEvent: {}
[2.553298] (-) TimerEvent: {}
[2.654794] (-) TimerEvent: {}
[2.756387] (-) TimerEvent: {}
[2.857283] (-) TimerEvent: {}
[2.959836] (-) TimerEvent: {}
[3.066159] (-) TimerEvent: {}
[3.168044] (-) TimerEvent: {}
[3.272547] (-) TimerEvent: {}
[3.373048] (-) TimerEvent: {}
[3.476830] (-) TimerEvent: {}
[3.578897] (-) TimerEvent: {}
[3.682330] (-) TimerEvent: {}
[3.788115] (-) TimerEvent: {}
[3.890543] (-) TimerEvent: {}
[3.993104] (-) TimerEvent: {}
[4.094044] (-) TimerEvent: {}
[4.195072] (-) TimerEvent: {}
[4.296307] (-) TimerEvent: {}
[4.397761] (-) TimerEvent: {}
[4.501060] (-) TimerEvent: {}
[4.602362] (-) TimerEvent: {}
[4.706088] (-) TimerEvent: {}
[4.807068] (-) TimerEvent: {}
[4.908543] (-) TimerEvent: {}
[5.013189] (-) TimerEvent: {}
[5.115554] (-) TimerEvent: {}
[5.216412] (-) TimerEvent: {}
[5.317486] (-) TimerEvent: {}
[5.420426] (-) TimerEvent: {}
[5.521106] (-) TimerEvent: {}
[5.622185] (-) TimerEvent: {}
[5.723339] (-) TimerEvent: {}
[5.813664] (ur5_kdl_ik) StdoutLine: {'line': b'[100%] Linking CXX executable ur5_kdl_ik_baseline\n'}
[5.824439] (-) TimerEvent: {}
[5.927240] (-) TimerEvent: {}
[6.032085] (-) TimerEvent: {}
[6.114794] (ur5_kdl_ik) StdoutLine: {'line': b'[100%] Built target ur5_kdl_ik_baseline\n'}
[6.125795] (ur5_kdl_ik) CommandEnded: {'returncode': 0}
[6.128222] (ur5_kdl_ik) JobProgress: {'identifier': 'ur5_kdl_ik', 'progress': 'install'}
[6.132996] (-) TimerEvent: {}
[6.135212] (ur5_kdl_ik) Command: {'cmd': ['/usr/bin/cmake', '--install', '/workspace/ur5_ws/build/ur5_kdl_ik'], 'cwd': '/workspace/ur5_ws/build/ur5_kdl_ik', 'env': OrderedDict([('HOSTNAME', '10a6f84be8b2'), ('SHLVL', '1'), ('LD_LIBRARY_PATH', '/opt/ros/humble/lib/aarch64-linux-gnu:/opt/ros/humble/lib'), ('HOME', '/root'), ('OLDPWD', '/'), ('ROS_PYTHON_VERSION', '3'), ('ROS_DISTRO', 'humble'), ('_', '/usr/bin/colcon'), ('ROS_VERSION', '2'), ('ROS_LOCALHOST_ONLY', '0'), ('PATH', '/opt/ros/humble/bin:/usr/local/sbin:/usr/local/bin:/usr/sbin:/usr/bin:/sbin:/bin'), ('LANG', 'C.UTF-8'), ('AMENT_PREFIX_PATH', '/workspace/ur5_ws/install/ur_moveit_config:/workspace/ur5_ws/install/ur_description:/opt/ros/humble'), ('PWD', '/workspace/ur5_ws/build/ur5_kdl_ik'), ('LC_ALL', 'C.UTF-8'), ('PYTHONPATH', '/opt/ros/humble/lib/python3.10/site-packages:/opt/ros/humble/local/lib/python3.10/dist-packages'), ('COLCON', '1'), ('CMAKE_PREFIX_PATH', '/workspace/ur5_ws/install/ur_moveit_config:/workspace/ur5_ws/install/ur_description:/opt/ros/humble')]), 'shell': False}
[6.139995] (ur5_kdl_ik) StdoutLine: {'line': b'-- Install configuration: ""\n'}
[6.141200] (ur5_kdl_ik) StdoutLine: {'line': b'-- Execute custom install script\n'}
[6.142228] (ur5_kdl_ik) StdoutLine: {'line': b'-- Up-to-date symlink: /workspace/ur5_ws/install/ur5_kdl_ik/lib/ur5_kdl_ik/ur5_kdl_ik_baseline\n'}
[6.143237] (ur5_kdl_ik) StdoutLine: {'line': b'-- Up-to-date symlink: /workspace/ur5_ws/install/ur5_kdl_ik/share/ur5_kdl_ik/launch/run_ik_baseline.launch.py\n'}
[6.143751] (ur5_kdl_ik) StdoutLine: {'line': b'-- Up-to-date symlink: /workspace/ur5_ws/install/ur5_kdl_ik/share/ament_index/resource_index/package_run_dependencies/ur5_kdl_ik\n'}
[6.144362] (ur5_kdl_ik) StdoutLine: {'line': b'-- Up-to-date symlink: /workspace/ur5_ws/install/ur5_kdl_ik/share/ament_index/resource_index/parent_prefix_path/ur5_kdl_ik\n'}
[6.144956] (ur5_kdl_ik) StdoutLine: {'line': b'-- Up-to-date symlink: /workspace/ur5_ws/install/ur5_kdl_ik/share/ur5_kdl_ik/environment/ament_prefix_path.sh\n'}
[6.145572] (ur5_kdl_ik) StdoutLine: {'line': b'-- Up-to-date symlink: /workspace/ur5_ws/install/ur5_kdl_ik/share/ur5_kdl_ik/environment/ament_prefix_path.dsv\n'}
[6.146130] (ur5_kdl_ik) StdoutLine: {'line': b'-- Up-to-date symlink: /workspace/ur5_ws/install/ur5_kdl_ik/share/ur5_kdl_ik/environment/path.sh\n'}
[6.146787] (ur5_kdl_ik) StdoutLine: {'line': b'-- Up-to-date symlink: /workspace/ur5_ws/install/ur5_kdl_ik/share/ur5_kdl_ik/environment/path.dsv\n'}
[6.147193] (ur5_kdl_ik) StdoutLine: {'line': b'-- Up-to-date symlink: /workspace/ur5_ws/install/ur5_kdl_ik/share/ur5_kdl_ik/local_setup.bash\n'}
[6.147661] (ur5_kdl_ik) StdoutLine: {'line': b'-- Up-to-date symlink: /workspace/ur5_ws/install/ur5_kdl_ik/share/ur5_kdl_ik/local_setup.sh\n'}
[6.148181] (ur5_kdl_ik) StdoutLine: {'line': b'-- Up-to-date symlink: /workspace/ur5_ws/install/ur5_kdl_ik/share/ur5_kdl_ik/local_setup.zsh\n'}
[6.148620] (ur5_kdl_ik) StdoutLine: {'line': b'-- Up-to-date symlink: /workspace/ur5_ws/install/ur5_kdl_ik/share/ur5_kdl_ik/local_setup.dsv\n'}
[6.149023] (ur5_kdl_ik) StdoutLine: {'line': b'-- Symlinking: /workspace/ur5_ws/install/ur5_kdl_ik/share/ur5_kdl_ik/package.dsv\n'}
[6.156085] (ur5_kdl_ik) StdoutLine: {'line': b'-- Up-to-date symlink: /workspace/ur5_ws/install/ur5_kdl_ik/share/ament_index/resource_index/packages/ur5_kdl_ik\n'}
[6.156721] (ur5_kdl_ik) StdoutLine: {'line': b'-- Up-to-date symlink: /workspace/ur5_ws/install/ur5_kdl_ik/share/ur5_kdl_ik/cmake/ur5_kdl_ikConfig.cmake\n'}
[6.157228] (ur5_kdl_ik) StdoutLine: {'line': b'-- Up-to-date symlink: /workspace/ur5_ws/install/ur5_kdl_ik/share/ur5_kdl_ik/cmake/ur5_kdl_ikConfig-version.cmake\n'}
[6.157606] (ur5_kdl_ik) StdoutLine: {'line': b'-- Up-to-date symlink: /workspace/ur5_ws/install/ur5_kdl_ik/share/ur5_kdl_ik/package.xml\n'}
[6.160211] (ur5_kdl_ik) CommandEnded: {'returncode': 0}
[6.189376] (ur5_kdl_ik) JobEnded: {'identifier': 'ur5_kdl_ik', 'rc': 0}
[6.191205] (-) EventReactorShutdown: {}
