[0.150s] Invoking command in '/workspace/ur5_ws/build/ur5_kdl_ik': CMAKE_PREFIX_PATH=/workspace/ur5_ws/install/ur_moveit_config:/workspace/ur5_ws/install/ur_description:/workspace/ur5_ws/install/ur5_motion_planning:/workspace/ur5_ws/install/ur5_kdl_ik:/workspace/ur5_ws/install/ur5_minimal_moveit:/opt/ros/humble /usr/bin/cmake --build /workspace/ur5_ws/build/ur5_kdl_ik -- -j11 -l11
[0.194s] -- Found ament_cmake: 1.3.12 (/opt/ros/humble/share/ament_cmake/cmake)
[0.286s] -- Override CMake install command with custom implementation using symlinks instead of copying resources
[0.306s] -- Found rclcpp: 16.0.17 (/opt/ros/humble/share/rclcpp/cmake)
[0.347s] -- Found rosidl_generator_c: 3.1.8 (/opt/ros/humble/share/rosidl_generator_c/cmake)
[0.350s] -- Found rosidl_adapter: 3.1.8 (/opt/ros/humble/share/rosidl_adapter/cmake)
[0.359s] -- Found rosidl_generator_cpp: 3.1.8 (/opt/ros/humble/share/rosidl_generator_cpp/cmake)
[0.369s] -- Using all available rosidl_typesupport_c: rosidl_typesupport_fastrtps_c;rosidl_typesupport_introspection_c
[0.385s] -- Using all available rosidl_typesupport_cpp: rosidl_typesupport_fastrtps_cpp;rosidl_typesupport_introspection_cpp
[0.416s] -- Found rmw_implementation_cmake: 6.1.2 (/opt/ros/humble/share/rmw_implementation_cmake/cmake)
[0.418s] -- Found rmw_fastrtps_cpp: 6.2.9 (/opt/ros/humble/share/rmw_fastrtps_cpp/cmake)
[0.557s] -- Using RMW implementation 'rmw_fastrtps_cpp' as default
[0.600s] -- Found geometry_msgs: 4.9.0 (/opt/ros/humble/share/geometry_msgs/cmake)
[0.610s] -- Found tf2_geometry_msgs: 0.25.18 (/opt/ros/humble/share/tf2_geometry_msgs/cmake)
[0.613s] -- Found eigen3_cmake_module: 0.1.1 (/opt/ros/humble/share/eigen3_cmake_module/cmake)
[0.615s] -- Ensuring Eigen3 include directory is part of orocos-kdl CMake target
[0.687s] -- Found moveit_core: 2.5.9 (/opt/ros/humble/share/moveit_core/cmake)
[0.702s] -- Found Boost: /usr/lib/aarch64-linux-gnu/cmake/Boost-1.74.0/BoostConfig.cmake (found version "1.74.0") found components: chrono date_time filesystem iostreams program_options regex serialization system thread 
[0.727s] -- Found parameter_traits: 0.6.0 (/opt/ros/humble/share/parameter_traits/cmake)
[0.733s] -- Found rclcpp_lifecycle: 16.0.17 (/opt/ros/humble/share/rclcpp_lifecycle/cmake)
[0.750s] -- Found Boost: /usr/lib/aarch64-linux-gnu/cmake/Boost-1.74.0/BoostConfig.cmake (found version "1.74.0") found components: filesystem 
[0.784s] -- library: /usr/lib/aarch64-linux-gnu/libcurl.so
[0.948s] -- Found moveit_ros_planning_interface: 2.5.9 (/opt/ros/humble/share/moveit_ros_planning_interface/cmake)
[0.952s] -- Found Boost: /usr/lib/aarch64-linux-gnu/cmake/Boost-1.74.0/BoostConfig.cmake (found version "1.74.0") found components: date_time filesystem program_options system thread 
[0.959s] -- Found Boost: /usr/lib/aarch64-linux-gnu/cmake/Boost-1.74.0/BoostConfig.cmake (found version "1.74.0") found components: system filesystem date_time program_options thread chrono 
[0.986s] -- Found Boost: /usr/lib/aarch64-linux-gnu/cmake/Boost-1.74.0/BoostConfig.cmake (found version "1.74.0") found components: thread system filesystem regex date_time program_options 
[1.000s] -- Found Boost: /usr/lib/aarch64-linux-gnu/cmake/Boost-1.74.0/BoostConfig.cmake (found version "1.74.0") found components: system filesystem date_time program_options thread 
[1.020s] -- Found moveit_kinematics: 2.5.9 (/opt/ros/humble/share/moveit_kinematics/cmake)
[1.023s] -- Found Boost: /usr/lib/aarch64-linux-gnu/cmake/Boost-1.74.0/BoostConfig.cmake (found version "1.74.0") found components: program_options system 
[1.100s] -- Configuring done
[1.153s] -- Generating done
[1.177s] -- Build files have been written to: /workspace/ur5_ws/build/ur5_kdl_ik
[1.195s] [35m[1mConsolidate compiler generated dependencies of target ur5_kdl_ik_baseline[0m
[1.366s] [100%] Built target ur5_kdl_ik_baseline
[1.372s] Invoked command in '/workspace/ur5_ws/build/ur5_kdl_ik' returned '0': CMAKE_PREFIX_PATH=/workspace/ur5_ws/install/ur_moveit_config:/workspace/ur5_ws/install/ur_description:/workspace/ur5_ws/install/ur5_motion_planning:/workspace/ur5_ws/install/ur5_kdl_ik:/workspace/ur5_ws/install/ur5_minimal_moveit:/opt/ros/humble /usr/bin/cmake --build /workspace/ur5_ws/build/ur5_kdl_ik -- -j11 -l11
[1.374s] Invoking command in '/workspace/ur5_ws/build/ur5_kdl_ik': CMAKE_PREFIX_PATH=/workspace/ur5_ws/install/ur_moveit_config:/workspace/ur5_ws/install/ur_description:/workspace/ur5_ws/install/ur5_motion_planning:/workspace/ur5_ws/install/ur5_kdl_ik:/workspace/ur5_ws/install/ur5_minimal_moveit:/opt/ros/humble /usr/bin/cmake --install /workspace/ur5_ws/build/ur5_kdl_ik
[1.385s] -- Install configuration: ""
[1.386s] -- Execute custom install script
[1.388s] -- Up-to-date symlink: /workspace/ur5_ws/install/ur5_kdl_ik/lib/ur5_kdl_ik/ur5_kdl_ik_baseline
[1.391s] -- Up-to-date symlink: /workspace/ur5_ws/install/ur5_kdl_ik/share/ur5_kdl_ik/launch/run_ik_baseline.launch.py
[1.392s] -- Up-to-date symlink: /workspace/ur5_ws/install/ur5_kdl_ik/share/ament_index/resource_index/package_run_dependencies/ur5_kdl_ik
[1.393s] -- Up-to-date symlink: /workspace/ur5_ws/install/ur5_kdl_ik/share/ament_index/resource_index/parent_prefix_path/ur5_kdl_ik
[1.393s] -- Up-to-date symlink: /workspace/ur5_ws/install/ur5_kdl_ik/share/ur5_kdl_ik/environment/ament_prefix_path.sh
[1.394s] -- Up-to-date symlink: /workspace/ur5_ws/install/ur5_kdl_ik/share/ur5_kdl_ik/environment/ament_prefix_path.dsv
[1.394s] -- Up-to-date symlink: /workspace/ur5_ws/install/ur5_kdl_ik/share/ur5_kdl_ik/environment/path.sh
[1.395s] -- Up-to-date symlink: /workspace/ur5_ws/install/ur5_kdl_ik/share/ur5_kdl_ik/environment/path.dsv
[1.396s] -- Up-to-date symlink: /workspace/ur5_ws/install/ur5_kdl_ik/share/ur5_kdl_ik/local_setup.bash
[1.396s] -- Up-to-date symlink: /workspace/ur5_ws/install/ur5_kdl_ik/share/ur5_kdl_ik/local_setup.sh
[1.397s] -- Up-to-date symlink: /workspace/ur5_ws/install/ur5_kdl_ik/share/ur5_kdl_ik/local_setup.zsh
[1.398s] -- Up-to-date symlink: /workspace/ur5_ws/install/ur5_kdl_ik/share/ur5_kdl_ik/local_setup.dsv
[1.398s] -- Symlinking: /workspace/ur5_ws/install/ur5_kdl_ik/share/ur5_kdl_ik/package.dsv
[1.404s] -- Up-to-date symlink: /workspace/ur5_ws/install/ur5_kdl_ik/share/ament_index/resource_index/packages/ur5_kdl_ik
[1.405s] -- Up-to-date symlink: /workspace/ur5_ws/install/ur5_kdl_ik/share/ur5_kdl_ik/cmake/ur5_kdl_ikConfig.cmake
[1.405s] -- Up-to-date symlink: /workspace/ur5_ws/install/ur5_kdl_ik/share/ur5_kdl_ik/cmake/ur5_kdl_ikConfig-version.cmake
[1.406s] -- Up-to-date symlink: /workspace/ur5_ws/install/ur5_kdl_ik/share/ur5_kdl_ik/package.xml
[1.410s] Invoked command in '/workspace/ur5_ws/build/ur5_kdl_ik' returned '0': CMAKE_PREFIX_PATH=/workspace/ur5_ws/install/ur_moveit_config:/workspace/ur5_ws/install/ur_description:/workspace/ur5_ws/install/ur5_motion_planning:/workspace/ur5_ws/install/ur5_kdl_ik:/workspace/ur5_ws/install/ur5_minimal_moveit:/opt/ros/humble /usr/bin/cmake --install /workspace/ur5_ws/build/ur5_kdl_ik
