[0.487s] Invoking command in '/workspace/ur5_ws/build/ur5_minimal_moveit': AMENT_PREFIX_PATH=/workspace/ur5_ws/install/ur_moveit_config:/workspace/ur5_ws/install/ur_description:${AMENT_PREFIX_PATH} CMAKE_PREFIX_PATH=/workspace/ur5_ws/install/ur_moveit_config:/workspace/ur5_ws/install/ur_description PYTHONPATH=/workspace/ur5_ws/build/ur5_minimal_moveit/prefix_override:/usr/lib/python3/dist-packages/colcon_core/task/python/colcon_distutils_commands:/workspace/ur5_ws/install/ur5_minimal_moveit/lib/python3.10/site-packages:${PYTHONPATH} /usr/bin/python3 -W ignore:setup.py install is deprecated -W ignore:easy_install command is deprecated setup.py develop --uninstall --editable --build-directory /workspace/ur5_ws/build/ur5_minimal_moveit/build
[0.627s] running develop
[0.681s] Removing /workspace/ur5_ws/install/ur5_minimal_moveit/lib/python3.10/site-packages/ur5-minimal-moveit.egg-link (link to .)
[0.699s] Invoked command in '/workspace/ur5_ws/build/ur5_minimal_moveit' returned '0': AMENT_PREFIX_PATH=/workspace/ur5_ws/install/ur_moveit_config:/workspace/ur5_ws/install/ur_description:${AMENT_PREFIX_PATH} CMAKE_PREFIX_PATH=/workspace/ur5_ws/install/ur_moveit_config:/workspace/ur5_ws/install/ur_description PYTHONPATH=/workspace/ur5_ws/build/ur5_minimal_moveit/prefix_override:/usr/lib/python3/dist-packages/colcon_core/task/python/colcon_distutils_commands:/workspace/ur5_ws/install/ur5_minimal_moveit/lib/python3.10/site-packages:${PYTHONPATH} /usr/bin/python3 -W ignore:setup.py install is deprecated -W ignore:easy_install command is deprecated setup.py develop --uninstall --editable --build-directory /workspace/ur5_ws/build/ur5_minimal_moveit/build
[0.702s] Invoking command in '/workspace/ur5_ws/src/ur5_minimal_moveit': AMENT_PREFIX_PATH=/workspace/ur5_ws/install/ur_moveit_config:/workspace/ur5_ws/install/ur_description:${AMENT_PREFIX_PATH} CMAKE_PREFIX_PATH=/workspace/ur5_ws/install/ur_moveit_config:/workspace/ur5_ws/install/ur_description PYTHONPATH=/workspace/ur5_ws/build/ur5_minimal_moveit/prefix_override:/usr/lib/python3/dist-packages/colcon_core/task/python/colcon_distutils_commands:/workspace/ur5_ws/install/ur5_minimal_moveit/lib/python3.10/site-packages:${PYTHONPATH} /usr/bin/python3 -W ignore:setup.py install is deprecated -W ignore:easy_install command is deprecated setup.py egg_info --egg-base ../../build/ur5_minimal_moveit build --build-base /workspace/ur5_ws/build/ur5_minimal_moveit/build install --record /workspace/ur5_ws/build/ur5_minimal_moveit/install.log --single-version-externally-managed install_data --force
[0.817s] running egg_info
[0.817s] writing ../../build/ur5_minimal_moveit/ur5_minimal_moveit.egg-info/PKG-INFO
[0.818s] writing dependency_links to ../../build/ur5_minimal_moveit/ur5_minimal_moveit.egg-info/dependency_links.txt
[0.819s] writing entry points to ../../build/ur5_minimal_moveit/ur5_minimal_moveit.egg-info/entry_points.txt
[0.819s] writing requirements to ../../build/ur5_minimal_moveit/ur5_minimal_moveit.egg-info/requires.txt
[0.820s] writing top-level names to ../../build/ur5_minimal_moveit/ur5_minimal_moveit.egg-info/top_level.txt
[0.823s] reading manifest file '../../build/ur5_minimal_moveit/ur5_minimal_moveit.egg-info/SOURCES.txt'
[0.825s] writing manifest file '../../build/ur5_minimal_moveit/ur5_minimal_moveit.egg-info/SOURCES.txt'
[0.825s] running build
[0.826s] running build_py
[0.826s] copying ur5_minimal_moveit/fake_joint_trajectory_controller.py -> /workspace/ur5_ws/build/ur5_minimal_moveit/build/lib/ur5_minimal_moveit
[0.828s] running install
[0.828s] running install_lib
[0.829s] creating /workspace/ur5_ws/install/ur5_minimal_moveit/lib/python3.10/site-packages/ur5_minimal_moveit
[0.829s] copying /workspace/ur5_ws/build/ur5_minimal_moveit/build/lib/ur5_minimal_moveit/__init__.py -> /workspace/ur5_ws/install/ur5_minimal_moveit/lib/python3.10/site-packages/ur5_minimal_moveit
[0.830s] copying /workspace/ur5_ws/build/ur5_minimal_moveit/build/lib/ur5_minimal_moveit/fake_joint_trajectory_controller.py -> /workspace/ur5_ws/install/ur5_minimal_moveit/lib/python3.10/site-packages/ur5_minimal_moveit
[0.832s] byte-compiling /workspace/ur5_ws/install/ur5_minimal_moveit/lib/python3.10/site-packages/ur5_minimal_moveit/__init__.py to __init__.cpython-310.pyc
[0.833s] byte-compiling /workspace/ur5_ws/install/ur5_minimal_moveit/lib/python3.10/site-packages/ur5_minimal_moveit/fake_joint_trajectory_controller.py to fake_joint_trajectory_controller.cpython-310.pyc
[0.834s] running install_data
[0.835s] copying resource/ur5_minimal_moveit -> /workspace/ur5_ws/install/ur5_minimal_moveit/share/ament_index/resource_index/packages
[0.836s] copying package.xml -> /workspace/ur5_ws/install/ur5_minimal_moveit/share/ur5_minimal_moveit
[0.837s] copying launch/ur5_moveit_minimal.launch.py -> /workspace/ur5_ws/install/ur5_minimal_moveit/share/ur5_minimal_moveit/launch
[0.839s] copying launch/ur5_visualize.launch.py -> /workspace/ur5_ws/install/ur5_minimal_moveit/share/ur5_minimal_moveit/launch
[0.841s] running install_egg_info
[0.841s] Copying ../../build/ur5_minimal_moveit/ur5_minimal_moveit.egg-info to /workspace/ur5_ws/install/ur5_minimal_moveit/lib/python3.10/site-packages/ur5_minimal_moveit-0.0.0-py3.10.egg-info
[0.849s] running install_scripts
[0.861s] Installing fake_joint_trajectory_controller script to /workspace/ur5_ws/install/ur5_minimal_moveit/lib/ur5_minimal_moveit
[0.863s] writing list of installed files to '/workspace/ur5_ws/build/ur5_minimal_moveit/install.log'
[0.882s] Invoked command in '/workspace/ur5_ws/src/ur5_minimal_moveit' returned '0': AMENT_PREFIX_PATH=/workspace/ur5_ws/install/ur_moveit_config:/workspace/ur5_ws/install/ur_description:${AMENT_PREFIX_PATH} CMAKE_PREFIX_PATH=/workspace/ur5_ws/install/ur_moveit_config:/workspace/ur5_ws/install/ur_description PYTHONPATH=/workspace/ur5_ws/build/ur5_minimal_moveit/prefix_override:/usr/lib/python3/dist-packages/colcon_core/task/python/colcon_distutils_commands:/workspace/ur5_ws/install/ur5_minimal_moveit/lib/python3.10/site-packages:${PYTHONPATH} /usr/bin/python3 -W ignore:setup.py install is deprecated -W ignore:easy_install command is deprecated setup.py egg_info --egg-base ../../build/ur5_minimal_moveit build --build-base /workspace/ur5_ws/build/ur5_minimal_moveit/build install --record /workspace/ur5_ws/build/ur5_minimal_moveit/install.log --single-version-externally-managed install_data --force
