[0.000000] (-) TimerEvent: {}
[0.001085] (-) JobUnselected: {'identifier': 'ur'}
[0.002633] (-) JobUnselected: {'identifier': 'ur5_kdl_ik'}
[0.002960] (-) JobUnselected: {'identifier': 'ur_calibration'}
[0.003367] (-) JobUnselected: {'identifier': 'ur_controllers'}
[0.003622] (-) JobUnselected: {'identifier': 'ur_dashboard_msgs'}
[0.003813] (-) JobUnselected: {'identifier': 'ur_description'}
[0.004187] (-) JobUnselected: {'identifier': 'ur_moveit_config'}
[0.004299] (-) JobUnselected: {'identifier': 'ur_robot_driver'}
[0.004487] (ur5_minimal_moveit) JobQueued: {'identifier': 'ur5_minimal_moveit', 'dependencies': OrderedDict([('ur_description', '/workspace/ur5_ws/install/ur_description'), ('ur_moveit_config', '/workspace/ur5_ws/install/ur_moveit_config')])}
[0.004771] (ur5_motion_planning) JobQueued: {'identifier': 'ur5_motion_planning', 'dependencies': OrderedDict([('ur_description', '/workspace/ur5_ws/install/ur_description'), ('ur_moveit_config', '/workspace/ur5_ws/install/ur_moveit_config'), ('ur5_minimal_moveit', '/workspace/ur5_ws/install/ur5_minimal_moveit')])}
[0.004938] (ur5_minimal_moveit) JobStarted: {'identifier': 'ur5_minimal_moveit'}
[0.098114] (-) TimerEvent: {}
[0.198748] (-) TimerEvent: {}
[0.306639] (-) TimerEvent: {}
[0.407517] (-) TimerEvent: {}
[0.512800] (-) TimerEvent: {}
[0.578542] (ur5_minimal_moveit) Command: {'cmd': ['/usr/bin/python3', '-W', 'ignore:setup.py install is deprecated', '-W', 'ignore:easy_install command is deprecated', 'setup.py', 'egg_info', '--egg-base', '../../build/ur5_minimal_moveit', 'build', '--build-base', '/workspace/ur5_ws/build/ur5_minimal_moveit/build', 'install', '--record', '/workspace/ur5_ws/build/ur5_minimal_moveit/install.log', '--single-version-externally-managed', 'install_data'], 'cwd': '/workspace/ur5_ws/src/ur5_minimal_moveit', 'env': {'HOSTNAME': '10a6f84be8b2', 'SHLVL': '0', 'LD_LIBRARY_PATH': '/opt/ros/humble/opt/rviz_ogre_vendor/lib:/opt/ros/humble/lib/aarch64-linux-gnu:/opt/ros/humble/lib', 'HOME': '/root', 'OLDPWD': '/', 'ROS_PYTHON_VERSION': '3', 'ROS_DISTRO': 'humble', '_': '/usr/bin/colcon', 'ROS_VERSION': '2', 'ROS_LOCALHOST_ONLY': '0', 'PATH': '/opt/ros/humble/bin:/usr/local/sbin:/usr/local/bin:/usr/sbin:/usr/bin:/sbin:/bin', 'LANG': 'C.UTF-8', 'AMENT_PREFIX_PATH': '/workspace/ur5_ws/install/ur_moveit_config:/workspace/ur5_ws/install/ur_description:/opt/ros/humble', 'PWD': '/workspace/ur5_ws/build/ur5_minimal_moveit', 'LC_ALL': 'C.UTF-8', 'PYTHONPATH': '/workspace/ur5_ws/build/ur5_minimal_moveit/prefix_override:/usr/lib/python3/dist-packages/colcon_core/task/python/colcon_distutils_commands:/workspace/ur5_ws/install/ur5_minimal_moveit/lib/python3.10/site-packages:/opt/ros/humble/lib/python3.10/site-packages:/opt/ros/humble/local/lib/python3.10/dist-packages', 'COLCON': '1', 'CMAKE_PREFIX_PATH': '/workspace/ur5_ws/install/ur_moveit_config:/workspace/ur5_ws/install/ur_description'}, 'shell': False}
[0.613400] (-) TimerEvent: {}
[0.723372] (-) TimerEvent: {}
[0.831436] (-) TimerEvent: {}
[0.912218] (ur5_minimal_moveit) StdoutLine: {'line': b'running egg_info\n'}
[0.913228] (ur5_minimal_moveit) StdoutLine: {'line': b'writing ../../build/ur5_minimal_moveit/ur5_minimal_moveit.egg-info/PKG-INFO\n'}
[0.913909] (ur5_minimal_moveit) StdoutLine: {'line': b'writing dependency_links to ../../build/ur5_minimal_moveit/ur5_minimal_moveit.egg-info/dependency_links.txt\n'}
[0.914795] (ur5_minimal_moveit) StdoutLine: {'line': b'writing entry points to ../../build/ur5_minimal_moveit/ur5_minimal_moveit.egg-info/entry_points.txt\n'}
[0.915670] (ur5_minimal_moveit) StdoutLine: {'line': b'writing requirements to ../../build/ur5_minimal_moveit/ur5_minimal_moveit.egg-info/requires.txt\n'}
[0.916242] (ur5_minimal_moveit) StdoutLine: {'line': b'writing top-level names to ../../build/ur5_minimal_moveit/ur5_minimal_moveit.egg-info/top_level.txt\n'}
[0.921099] (ur5_minimal_moveit) StdoutLine: {'line': b"reading manifest file '../../build/ur5_minimal_moveit/ur5_minimal_moveit.egg-info/SOURCES.txt'\n"}
[0.922679] (ur5_minimal_moveit) StdoutLine: {'line': b"writing manifest file '../../build/ur5_minimal_moveit/ur5_minimal_moveit.egg-info/SOURCES.txt'\n"}
[0.923279] (ur5_minimal_moveit) StdoutLine: {'line': b'running build\n'}
[0.923766] (ur5_minimal_moveit) StdoutLine: {'line': b'running build_py\n'}
[0.924214] (ur5_minimal_moveit) StdoutLine: {'line': b'copying ur5_minimal_moveit/fake_joint_trajectory_controller.py -> /workspace/ur5_ws/build/ur5_minimal_moveit/build/lib/ur5_minimal_moveit\n'}
[0.925626] (ur5_minimal_moveit) StdoutLine: {'line': b'running install\n'}
[0.927866] (ur5_minimal_moveit) StdoutLine: {'line': b'running install_lib\n'}
[0.929093] (ur5_minimal_moveit) StdoutLine: {'line': b'copying /workspace/ur5_ws/build/ur5_minimal_moveit/build/lib/ur5_minimal_moveit/fake_joint_trajectory_controller.py -> /workspace/ur5_ws/install/ur5_minimal_moveit/lib/python3.10/site-packages/ur5_minimal_moveit\n'}
[0.932838] (-) TimerEvent: {}
[0.935353] (ur5_minimal_moveit) StdoutLine: {'line': b'byte-compiling /workspace/ur5_ws/install/ur5_minimal_moveit/lib/python3.10/site-packages/ur5_minimal_moveit/fake_joint_trajectory_controller.py to fake_joint_trajectory_controller.cpython-310.pyc\n'}
[0.938657] (ur5_minimal_moveit) StdoutLine: {'line': b'running install_data\n'}
[0.940278] (ur5_minimal_moveit) StdoutLine: {'line': b'copying package.xml -> /workspace/ur5_ws/install/ur5_minimal_moveit/share/ur5_minimal_moveit\n'}
[0.945255] (ur5_minimal_moveit) StdoutLine: {'line': b'copying launch/ur5_visualize.launch.py -> /workspace/ur5_ws/install/ur5_minimal_moveit/share/ur5_minimal_moveit/launch\n'}
[0.948548] (ur5_minimal_moveit) StdoutLine: {'line': b'running install_egg_info\n'}
[0.950904] (ur5_minimal_moveit) StdoutLine: {'line': b"removing '/workspace/ur5_ws/install/ur5_minimal_moveit/lib/python3.10/site-packages/ur5_minimal_moveit-0.0.0-py3.10.egg-info' (and everything under it)\n"}
[0.956567] (ur5_minimal_moveit) StdoutLine: {'line': b'Copying ../../build/ur5_minimal_moveit/ur5_minimal_moveit.egg-info to /workspace/ur5_ws/install/ur5_minimal_moveit/lib/python3.10/site-packages/ur5_minimal_moveit-0.0.0-py3.10.egg-info\n'}
[1.001614] (ur5_minimal_moveit) StdoutLine: {'line': b'running install_scripts\n'}
[1.027578] (ur5_minimal_moveit) StdoutLine: {'line': b'Installing fake_joint_trajectory_controller script to /workspace/ur5_ws/install/ur5_minimal_moveit/lib/ur5_minimal_moveit\n'}
[1.032436] (ur5_minimal_moveit) StdoutLine: {'line': b"writing list of installed files to '/workspace/ur5_ws/build/ur5_minimal_moveit/install.log'\n"}
[1.034712] (-) TimerEvent: {}
[1.072189] (ur5_minimal_moveit) CommandEnded: {'returncode': 0}
[1.135844] (-) TimerEvent: {}
[1.142546] (ur5_minimal_moveit) JobEnded: {'identifier': 'ur5_minimal_moveit', 'rc': 0}
[1.161501] (ur5_motion_planning) JobStarted: {'identifier': 'ur5_motion_planning'}
[1.218036] (ur5_motion_planning) JobProgress: {'identifier': 'ur5_motion_planning', 'progress': 'cmake'}
[1.223824] (ur5_motion_planning) JobProgress: {'identifier': 'ur5_motion_planning', 'progress': 'build'}
[1.236593] (ur5_motion_planning) Command: {'cmd': ['/usr/bin/cmake', '--build', '/workspace/ur5_ws/build/ur5_motion_planning', '--', '-j11', '-l11'], 'cwd': '/workspace/ur5_ws/build/ur5_motion_planning', 'env': OrderedDict([('HOSTNAME', '10a6f84be8b2'), ('SHLVL', '0'), ('LD_LIBRARY_PATH', '/opt/ros/humble/opt/rviz_ogre_vendor/lib:/opt/ros/humble/lib/aarch64-linux-gnu:/opt/ros/humble/lib'), ('HOME', '/root'), ('OLDPWD', '/'), ('ROS_PYTHON_VERSION', '3'), ('ROS_DISTRO', 'humble'), ('_', '/usr/bin/colcon'), ('ROS_VERSION', '2'), ('ROS_LOCALHOST_ONLY', '0'), ('PATH', '/opt/ros/humble/bin:/usr/local/sbin:/usr/local/bin:/usr/sbin:/usr/bin:/sbin:/bin'), ('LANG', 'C.UTF-8'), ('AMENT_PREFIX_PATH', '/workspace/ur5_ws/install/ur5_minimal_moveit:/workspace/ur5_ws/install/ur_moveit_config:/workspace/ur5_ws/install/ur_description:/opt/ros/humble'), ('PWD', '/workspace/ur5_ws/build/ur5_motion_planning'), ('LC_ALL', 'C.UTF-8'), ('PYTHONPATH', '/workspace/ur5_ws/install/ur5_minimal_moveit/lib/python3.10/site-packages:/opt/ros/humble/lib/python3.10/site-packages:/opt/ros/humble/local/lib/python3.10/dist-packages'), ('COLCON', '1'), ('CMAKE_PREFIX_PATH', '/workspace/ur5_ws/install/ur_moveit_config:/workspace/ur5_ws/install/ur_description:/opt/ros/humble')]), 'shell': False}
[1.263266] (-) TimerEvent: {}
[1.364673] (-) TimerEvent: {}
[1.386628] (ur5_motion_planning) StdoutLine: {'line': b'[100%] Built target ur5_plan_and_analyze_node\n'}
[1.405158] (ur5_motion_planning) CommandEnded: {'returncode': 0}
[1.408312] (ur5_motion_planning) JobProgress: {'identifier': 'ur5_motion_planning', 'progress': 'install'}
[1.415255] (ur5_motion_planning) Command: {'cmd': ['/usr/bin/cmake', '--install', '/workspace/ur5_ws/build/ur5_motion_planning'], 'cwd': '/workspace/ur5_ws/build/ur5_motion_planning', 'env': OrderedDict([('HOSTNAME', '10a6f84be8b2'), ('SHLVL', '0'), ('LD_LIBRARY_PATH', '/opt/ros/humble/opt/rviz_ogre_vendor/lib:/opt/ros/humble/lib/aarch64-linux-gnu:/opt/ros/humble/lib'), ('HOME', '/root'), ('OLDPWD', '/'), ('ROS_PYTHON_VERSION', '3'), ('ROS_DISTRO', 'humble'), ('_', '/usr/bin/colcon'), ('ROS_VERSION', '2'), ('ROS_LOCALHOST_ONLY', '0'), ('PATH', '/opt/ros/humble/bin:/usr/local/sbin:/usr/local/bin:/usr/sbin:/usr/bin:/sbin:/bin'), ('LANG', 'C.UTF-8'), ('AMENT_PREFIX_PATH', '/workspace/ur5_ws/install/ur5_minimal_moveit:/workspace/ur5_ws/install/ur_moveit_config:/workspace/ur5_ws/install/ur_description:/opt/ros/humble'), ('PWD', '/workspace/ur5_ws/build/ur5_motion_planning'), ('LC_ALL', 'C.UTF-8'), ('PYTHONPATH', '/workspace/ur5_ws/install/ur5_minimal_moveit/lib/python3.10/site-packages:/opt/ros/humble/lib/python3.10/site-packages:/opt/ros/humble/local/lib/python3.10/dist-packages'), ('COLCON', '1'), ('CMAKE_PREFIX_PATH', '/workspace/ur5_ws/install/ur_moveit_config:/workspace/ur5_ws/install/ur_description:/opt/ros/humble')]), 'shell': False}
[1.421505] (ur5_motion_planning) StdoutLine: {'line': b'-- Install configuration: ""\n'}
[1.423146] (ur5_motion_planning) StdoutLine: {'line': b'-- Execute custom install script\n'}
[1.424841] (ur5_motion_planning) StdoutLine: {'line': b'-- Up-to-date symlink: /workspace/ur5_ws/install/ur5_motion_planning/lib/ur5_motion_planning/ur5_plan_and_analyze_node\n'}
[1.426982] (ur5_motion_planning) StdoutLine: {'line': b'-- Up-to-date symlink: /workspace/ur5_ws/install/ur5_motion_planning/share/ur5_motion_planning/launch/run_plan_and_analyze.launch.py\n'}
[1.427697] (ur5_motion_planning) StdoutLine: {'line': b'-- Up-to-date symlink: /workspace/ur5_ws/install/ur5_motion_planning/share/ur5_motion_planning/launch/ur5_visualize.launch.py\n'}
[1.429782] (ur5_motion_planning) StdoutLine: {'line': b'-- Up-to-date symlink: /workspace/ur5_ws/install/ur5_motion_planning/share/ament_index/resource_index/package_run_dependencies/ur5_motion_planning\n'}
[1.435676] (ur5_motion_planning) StdoutLine: {'line': b'-- Up-to-date symlink: /workspace/ur5_ws/install/ur5_motion_planning/share/ament_index/resource_index/parent_prefix_path/ur5_motion_planning\n'}
[1.436634] (ur5_motion_planning) StdoutLine: {'line': b'-- Up-to-date symlink: /workspace/ur5_ws/install/ur5_motion_planning/share/ur5_motion_planning/environment/ament_prefix_path.sh\n'}
[1.437869] (ur5_motion_planning) StdoutLine: {'line': b'-- Up-to-date symlink: /workspace/ur5_ws/install/ur5_motion_planning/share/ur5_motion_planning/environment/ament_prefix_path.dsv\n'}
[1.438556] (ur5_motion_planning) StdoutLine: {'line': b'-- Up-to-date symlink: /workspace/ur5_ws/install/ur5_motion_planning/share/ur5_motion_planning/environment/path.sh\n'}
[1.440002] (ur5_motion_planning) StdoutLine: {'line': b'-- Up-to-date symlink: /workspace/ur5_ws/install/ur5_motion_planning/share/ur5_motion_planning/environment/path.dsv\n'}
[1.441383] (ur5_motion_planning) StdoutLine: {'line': b'-- Up-to-date symlink: /workspace/ur5_ws/install/ur5_motion_planning/share/ur5_motion_planning/local_setup.bash\n'}
[1.442248] (ur5_motion_planning) StdoutLine: {'line': b'-- Up-to-date symlink: /workspace/ur5_ws/install/ur5_motion_planning/share/ur5_motion_planning/local_setup.sh\n'}
[1.442872] (ur5_motion_planning) StdoutLine: {'line': b'-- Up-to-date symlink: /workspace/ur5_ws/install/ur5_motion_planning/share/ur5_motion_planning/local_setup.zsh\n'}
[1.443550] (ur5_motion_planning) StdoutLine: {'line': b'-- Up-to-date symlink: /workspace/ur5_ws/install/ur5_motion_planning/share/ur5_motion_planning/local_setup.dsv\n'}
[1.443944] (ur5_motion_planning) StdoutLine: {'line': b'-- Symlinking: /workspace/ur5_ws/install/ur5_motion_planning/share/ur5_motion_planning/package.dsv\n'}
[1.460870] (ur5_motion_planning) StdoutLine: {'line': b'-- Up-to-date symlink: /workspace/ur5_ws/install/ur5_motion_planning/share/ament_index/resource_index/packages/ur5_motion_planning\n'}
[1.463910] (ur5_motion_planning) StdoutLine: {'line': b'-- Up-to-date symlink: /workspace/ur5_ws/install/ur5_motion_planning/share/ur5_motion_planning/cmake/ur5_motion_planningConfig.cmake\n'}
[1.465188] (-) TimerEvent: {}
[1.465877] (ur5_motion_planning) StdoutLine: {'line': b'-- Up-to-date symlink: /workspace/ur5_ws/install/ur5_motion_planning/share/ur5_motion_planning/cmake/ur5_motion_planningConfig-version.cmake\n'}
[1.474931] (ur5_motion_planning) StdoutLine: {'line': b'-- Up-to-date symlink: /workspace/ur5_ws/install/ur5_motion_planning/share/ur5_motion_planning/package.xml\n'}
[1.479000] (ur5_motion_planning) CommandEnded: {'returncode': 0}
[1.524807] (ur5_motion_planning) JobEnded: {'identifier': 'ur5_motion_planning', 'rc': 0}
[1.526751] (-) EventReactorShutdown: {}
