[0.000000] (-) TimerEvent: {}
[0.000207] (-) JobUnselected: {'identifier': 'ur'}
[0.000307] (-) JobUnselected: {'identifier': 'ur5_kdl_ik'}
[0.000354] (-) JobUnselected: {'identifier': 'ur5_minimal_moveit'}
[0.002545] (-) JobUnselected: {'identifier': 'ur_calibration'}
[0.002608] (-) JobUnselected: {'identifier': 'ur_controllers'}
[0.002684] (-) JobUnselected: {'identifier': 'ur_dashboard_msgs'}
[0.002742] (-) JobUnselected: {'identifier': 'ur_description'}
[0.002952] (-) JobUnselected: {'identifier': 'ur_moveit_config'}
[0.003025] (-) JobUnselected: {'identifier': 'ur_robot_driver'}
[0.003275] (ur5_motion_planning) JobQueued: {'identifier': 'ur5_motion_planning', 'dependencies': OrderedDict([('ur_description', '/workspace/ur5_ws/install/ur_description'), ('ur_moveit_config', '/workspace/ur5_ws/install/ur_moveit_config'), ('ur5_minimal_moveit', '/workspace/ur5_ws/install/ur5_minimal_moveit')])}
[0.003697] (ur5_motion_planning) JobStarted: {'identifier': 'ur5_motion_planning'}
[0.014294] (ur5_motion_planning) JobProgress: {'identifier': 'ur5_motion_planning', 'progress': 'cmake'}
[0.015608] (ur5_motion_planning) JobProgress: {'identifier': 'ur5_motion_planning', 'progress': 'build'}
[0.016815] (ur5_motion_planning) Command: {'cmd': ['/usr/bin/cmake', '--build', '/workspace/ur5_ws/build/ur5_motion_planning', '--', '-j11', '-l11'], 'cwd': '/workspace/ur5_ws/build/ur5_motion_planning', 'env': OrderedDict([('HOSTNAME', '10a6f84be8b2'), ('SHLVL', '0'), ('LD_LIBRARY_PATH', '/opt/ros/humble/opt/rviz_ogre_vendor/lib:/opt/ros/humble/lib/aarch64-linux-gnu:/opt/ros/humble/lib'), ('HOME', '/root'), ('OLDPWD', '/'), ('ROS_PYTHON_VERSION', '3'), ('ROS_DISTRO', 'humble'), ('_', '/usr/bin/colcon'), ('ROS_VERSION', '2'), ('ROS_LOCALHOST_ONLY', '0'), ('PATH', '/opt/ros/humble/bin:/usr/local/sbin:/usr/local/bin:/usr/sbin:/usr/bin:/sbin:/bin'), ('LANG', 'C.UTF-8'), ('AMENT_PREFIX_PATH', '/workspace/ur5_ws/install/ur5_minimal_moveit:/workspace/ur5_ws/install/ur_moveit_config:/workspace/ur5_ws/install/ur_description:/opt/ros/humble'), ('PWD', '/workspace/ur5_ws/build/ur5_motion_planning'), ('LC_ALL', 'C.UTF-8'), ('PYTHONPATH', '/workspace/ur5_ws/build/ur5_minimal_moveit:/workspace/ur5_ws/install/ur5_minimal_moveit/lib/python3.10/site-packages:/opt/ros/humble/lib/python3.10/site-packages:/opt/ros/humble/local/lib/python3.10/dist-packages'), ('COLCON', '1'), ('CMAKE_PREFIX_PATH', '/workspace/ur5_ws/install/ur_moveit_config:/workspace/ur5_ws/install/ur_description:/opt/ros/humble')]), 'shell': False}
[0.098634] (-) TimerEvent: {}
[0.199630] (-) TimerEvent: {}
[0.280209] (ur5_motion_planning) StdoutLine: {'line': b'Consolidate compiler generated dependencies of target ur5_plan_and_analyze_node\n'}
[0.300797] (-) TimerEvent: {}
[0.303481] (ur5_motion_planning) StdoutLine: {'line': b'[ 50%] Building CXX object CMakeFiles/ur5_plan_and_analyze_node.dir/src/ur5_plan_and_analyze_node.cpp.o\n'}
[0.401624] (-) TimerEvent: {}
[0.504941] (-) TimerEvent: {}
[0.608618] (-) TimerEvent: {}
[0.709715] (-) TimerEvent: {}
[0.810647] (-) TimerEvent: {}
[0.911630] (-) TimerEvent: {}
[1.012629] (-) TimerEvent: {}
[1.113627] (-) TimerEvent: {}
[1.214631] (-) TimerEvent: {}
[1.315634] (-) TimerEvent: {}
[1.416671] (-) TimerEvent: {}
[1.520596] (-) TimerEvent: {}
[1.623630] (-) TimerEvent: {}
[1.726630] (-) TimerEvent: {}
[1.827636] (-) TimerEvent: {}
[1.928636] (-) TimerEvent: {}
[2.029638] (-) TimerEvent: {}
[2.130644] (-) TimerEvent: {}
[2.232628] (-) TimerEvent: {}
[2.333635] (-) TimerEvent: {}
[2.434691] (-) TimerEvent: {}
[2.535724] (-) TimerEvent: {}
[2.636633] (-) TimerEvent: {}
[2.737638] (-) TimerEvent: {}
[2.840636] (-) TimerEvent: {}
[2.941648] (-) TimerEvent: {}
[3.042630] (-) TimerEvent: {}
[3.143742] (-) TimerEvent: {}
[3.246272] (-) TimerEvent: {}
[3.349744] (-) TimerEvent: {}
[3.450656] (-) TimerEvent: {}
[3.551652] (-) TimerEvent: {}
[3.652661] (-) TimerEvent: {}
[3.762096] (-) TimerEvent: {}
[3.867635] (-) TimerEvent: {}
[3.968643] (-) TimerEvent: {}
[4.069637] (-) TimerEvent: {}
[4.170669] (-) TimerEvent: {}
[4.271634] (-) TimerEvent: {}
[4.375671] (-) TimerEvent: {}
[4.480639] (-) TimerEvent: {}
[4.581637] (-) TimerEvent: {}
[4.682641] (-) TimerEvent: {}
[4.783642] (-) TimerEvent: {}
[4.884699] (-) TimerEvent: {}
[4.985658] (-) TimerEvent: {}
[5.086634] (-) TimerEvent: {}
[5.187636] (-) TimerEvent: {}
[5.288634] (-) TimerEvent: {}
[5.389626] (-) TimerEvent: {}
[5.490625] (-) TimerEvent: {}
[5.592671] (-) TimerEvent: {}
[5.695657] (-) TimerEvent: {}
[5.797770] (-) TimerEvent: {}
[5.904652] (-) TimerEvent: {}
[6.005634] (-) TimerEvent: {}
[6.106640] (-) TimerEvent: {}
[6.207637] (-) TimerEvent: {}
[6.308646] (-) TimerEvent: {}
[6.409632] (-) TimerEvent: {}
[6.510638] (-) TimerEvent: {}
[6.611635] (-) TimerEvent: {}
[6.712637] (-) TimerEvent: {}
[6.813636] (-) TimerEvent: {}
[6.914667] (-) TimerEvent: {}
[7.015629] (-) TimerEvent: {}
[7.116643] (-) TimerEvent: {}
[7.217643] (-) TimerEvent: {}
[7.318635] (-) TimerEvent: {}
[7.419632] (-) TimerEvent: {}
[7.520631] (-) TimerEvent: {}
[7.621629] (-) TimerEvent: {}
[7.722621] (-) TimerEvent: {}
[7.823621] (-) TimerEvent: {}
[7.924627] (-) TimerEvent: {}
[8.025627] (-) TimerEvent: {}
[8.126635] (-) TimerEvent: {}
[8.227634] (-) TimerEvent: {}
[8.328631] (-) TimerEvent: {}
[8.429783] (-) TimerEvent: {}
[8.530655] (-) TimerEvent: {}
[8.631652] (-) TimerEvent: {}
[8.688971] (ur5_motion_planning) StdoutLine: {'line': b'[100%] Linking CXX executable ur5_plan_and_analyze_node\n'}
[8.732841] (-) TimerEvent: {}
[8.836621] (-) TimerEvent: {}
[8.937621] (-) TimerEvent: {}
[9.042635] (-) TimerEvent: {}
[9.133568] (ur5_motion_planning) StdoutLine: {'line': b'[100%] Built target ur5_plan_and_analyze_node\n'}
[9.144110] (-) TimerEvent: {}
[9.146483] (ur5_motion_planning) CommandEnded: {'returncode': 0}
[9.152161] (ur5_motion_planning) JobProgress: {'identifier': 'ur5_motion_planning', 'progress': 'install'}
[9.161144] (ur5_motion_planning) Command: {'cmd': ['/usr/bin/cmake', '--install', '/workspace/ur5_ws/build/ur5_motion_planning'], 'cwd': '/workspace/ur5_ws/build/ur5_motion_planning', 'env': OrderedDict([('HOSTNAME', '10a6f84be8b2'), ('SHLVL', '0'), ('LD_LIBRARY_PATH', '/opt/ros/humble/opt/rviz_ogre_vendor/lib:/opt/ros/humble/lib/aarch64-linux-gnu:/opt/ros/humble/lib'), ('HOME', '/root'), ('OLDPWD', '/'), ('ROS_PYTHON_VERSION', '3'), ('ROS_DISTRO', 'humble'), ('_', '/usr/bin/colcon'), ('ROS_VERSION', '2'), ('ROS_LOCALHOST_ONLY', '0'), ('PATH', '/opt/ros/humble/bin:/usr/local/sbin:/usr/local/bin:/usr/sbin:/usr/bin:/sbin:/bin'), ('LANG', 'C.UTF-8'), ('AMENT_PREFIX_PATH', '/workspace/ur5_ws/install/ur5_minimal_moveit:/workspace/ur5_ws/install/ur_moveit_config:/workspace/ur5_ws/install/ur_description:/opt/ros/humble'), ('PWD', '/workspace/ur5_ws/build/ur5_motion_planning'), ('LC_ALL', 'C.UTF-8'), ('PYTHONPATH', '/workspace/ur5_ws/build/ur5_minimal_moveit:/workspace/ur5_ws/install/ur5_minimal_moveit/lib/python3.10/site-packages:/opt/ros/humble/lib/python3.10/site-packages:/opt/ros/humble/local/lib/python3.10/dist-packages'), ('COLCON', '1'), ('CMAKE_PREFIX_PATH', '/workspace/ur5_ws/install/ur_moveit_config:/workspace/ur5_ws/install/ur_description:/opt/ros/humble')]), 'shell': False}
[9.166401] (ur5_motion_planning) StdoutLine: {'line': b'-- Install configuration: ""\n'}
[9.166914] (ur5_motion_planning) StdoutLine: {'line': b'-- Up-to-date: /workspace/ur5_ws/install/ur5_motion_planning/share/ur5_motion_planning/launch\n'}
[9.171908] (ur5_motion_planning) StdoutLine: {'line': b'-- Installing: /workspace/ur5_ws/install/ur5_motion_planning/share/ur5_motion_planning/package.dsv\n'}
[9.176024] (ur5_motion_planning) CommandEnded: {'returncode': 0}
[9.215773] (ur5_motion_planning) JobEnded: {'identifier': 'ur5_motion_planning', 'rc': 0}
[9.218047] (-) EventReactorShutdown: {}
