[0.051s] Invoking command in '/workspace/ur5_ws/build/ur_dashboard_msgs': CMAKE_PREFIX_PATH=/opt/ros/humble /usr/bin/cmake --build /workspace/ur5_ws/build/ur_dashboard_msgs -- -j11 -l11
[0.188s] [  0%] Built target ament_cmake_python_symlink_ur_dashboard_msgs
[0.236s] [  0%] Built target ur_dashboard_msgs__cpp
[0.472s] [ 12%] Built target ur_dashboard_msgs__rosidl_generator_c
[0.563s] running egg_info
[0.565s] [ 30%] Built target ur_dashboard_msgs__rosidl_typesupport_cpp
[0.568s] writing ur_dashboard_msgs.egg-info/PKG-INFO
[0.570s] writing dependency_links to ur_dashboard_msgs.egg-info/dependency_links.txt
[0.579s] writing top-level names to ur_dashboard_msgs.egg-info/top_level.txt
[0.586s] [ 43%] Built target ur_dashboard_msgs__rosidl_typesupport_introspection_cpp
[0.607s] [ 48%] Built target ur_dashboard_msgs__rosidl_typesupport_fastrtps_cpp
[0.628s] reading manifest file 'ur_dashboard_msgs.egg-info/SOURCES.txt'
[0.630s] writing manifest file 'ur_dashboard_msgs.egg-info/SOURCES.txt'
[0.641s] [ 69%] Built target ur_dashboard_msgs__rosidl_typesupport_introspection_c
[0.644s] [ 69%] Built target ament_cmake_python_build_ur_dashboard_msgs_egg
[0.645s] [ 72%] Built target ur_dashboard_msgs__rosidl_typesupport_c
[0.675s] [ 84%] Built target ur_dashboard_msgs__rosidl_typesupport_fastrtps_c
[0.717s] [ 84%] Built target ur_dashboard_msgs
[0.765s] [ 85%] Built target ur_dashboard_msgs__py
[0.846s] [ 96%] Built target ur_dashboard_msgs__rosidl_generator_py
[0.889s] [100%] Built target ur_dashboard_msgs__rosidl_typesupport_introspection_c__pyext
[0.892s] [100%] Built target ur_dashboard_msgs__rosidl_typesupport_fastrtps_c__pyext
[0.893s] [100%] Built target ur_dashboard_msgs__rosidl_typesupport_c__pyext
[0.937s] Invoked command in '/workspace/ur5_ws/build/ur_dashboard_msgs' returned '0': CMAKE_PREFIX_PATH=/opt/ros/humble /usr/bin/cmake --build /workspace/ur5_ws/build/ur_dashboard_msgs -- -j11 -l11
[0.941s] Invoking command in '/workspace/ur5_ws/build/ur_dashboard_msgs': CMAKE_PREFIX_PATH=/opt/ros/humble /usr/bin/cmake --install /workspace/ur5_ws/build/ur_dashboard_msgs
[0.947s] -- Install configuration: ""
[0.948s] -- Execute custom install script
[0.949s] -- Up-to-date symlink: /workspace/ur5_ws/install/ur_dashboard_msgs/share/ament_index/resource_index/rosidl_interfaces/ur_dashboard_msgs
[0.952s] -- Up-to-date symlink: /workspace/ur5_ws/install/ur_dashboard_msgs/include/ur_dashboard_msgs/ur_dashboard_msgs/action/detail/set_mode__functions.h
[0.953s] -- Up-to-date symlink: /workspace/ur5_ws/install/ur_dashboard_msgs/include/ur_dashboard_msgs/ur_dashboard_msgs/action/detail/set_mode__struct.h
[0.953s] -- Up-to-date symlink: /workspace/ur5_ws/install/ur_dashboard_msgs/include/ur_dashboard_msgs/ur_dashboard_msgs/action/detail/set_mode__type_support.h
[0.954s] -- Up-to-date symlink: /workspace/ur5_ws/install/ur_dashboard_msgs/include/ur_dashboard_msgs/ur_dashboard_msgs/action/set_mode.h
[0.955s] -- Up-to-date symlink: /workspace/ur5_ws/install/ur_dashboard_msgs/include/ur_dashboard_msgs/ur_dashboard_msgs/msg/detail/program_state__functions.h
[0.956s] -- Up-to-date symlink: /workspace/ur5_ws/install/ur_dashboard_msgs/include/ur_dashboard_msgs/ur_dashboard_msgs/msg/detail/program_state__struct.h
[0.957s] -- Up-to-date symlink: /workspace/ur5_ws/install/ur_dashboard_msgs/include/ur_dashboard_msgs/ur_dashboard_msgs/msg/detail/program_state__type_support.h
[0.957s] -- Up-to-date symlink: /workspace/ur5_ws/install/ur_dashboard_msgs/include/ur_dashboard_msgs/ur_dashboard_msgs/msg/detail/robot_mode__functions.h
[0.958s] -- Up-to-date symlink: /workspace/ur5_ws/install/ur_dashboard_msgs/include/ur_dashboard_msgs/ur_dashboard_msgs/msg/detail/robot_mode__struct.h
[0.959s] -- Up-to-date symlink: /workspace/ur5_ws/install/ur_dashboard_msgs/include/ur_dashboard_msgs/ur_dashboard_msgs/msg/detail/robot_mode__type_support.h
[0.959s] -- Up-to-date symlink: /workspace/ur5_ws/install/ur_dashboard_msgs/include/ur_dashboard_msgs/ur_dashboard_msgs/msg/detail/safety_mode__functions.h
[0.959s] -- Up-to-date symlink: /workspace/ur5_ws/install/ur_dashboard_msgs/include/ur_dashboard_msgs/ur_dashboard_msgs/msg/detail/safety_mode__struct.h
[0.960s] -- Up-to-date symlink: /workspace/ur5_ws/install/ur_dashboard_msgs/include/ur_dashboard_msgs/ur_dashboard_msgs/msg/detail/safety_mode__type_support.h
[0.961s] -- Up-to-date symlink: /workspace/ur5_ws/install/ur_dashboard_msgs/include/ur_dashboard_msgs/ur_dashboard_msgs/msg/program_state.h
[0.962s] -- Up-to-date symlink: /workspace/ur5_ws/install/ur_dashboard_msgs/include/ur_dashboard_msgs/ur_dashboard_msgs/msg/robot_mode.h
[0.962s] -- Up-to-date symlink: /workspace/ur5_ws/install/ur_dashboard_msgs/include/ur_dashboard_msgs/ur_dashboard_msgs/msg/rosidl_generator_c__visibility_control.h
[0.963s] -- Up-to-date symlink: /workspace/ur5_ws/install/ur_dashboard_msgs/include/ur_dashboard_msgs/ur_dashboard_msgs/msg/safety_mode.h
[0.964s] -- Up-to-date symlink: /workspace/ur5_ws/install/ur_dashboard_msgs/include/ur_dashboard_msgs/ur_dashboard_msgs/srv/add_to_log.h
[0.965s] -- Up-to-date symlink: /workspace/ur5_ws/install/ur_dashboard_msgs/include/ur_dashboard_msgs/ur_dashboard_msgs/srv/detail/add_to_log__functions.h
[0.965s] -- Up-to-date symlink: /workspace/ur5_ws/install/ur_dashboard_msgs/include/ur_dashboard_msgs/ur_dashboard_msgs/srv/detail/add_to_log__struct.h
[0.966s] -- Up-to-date symlink: /workspace/ur5_ws/install/ur_dashboard_msgs/include/ur_dashboard_msgs/ur_dashboard_msgs/srv/detail/add_to_log__type_support.h
[0.967s] -- Up-to-date symlink: /workspace/ur5_ws/install/ur_dashboard_msgs/include/ur_dashboard_msgs/ur_dashboard_msgs/srv/detail/get_loaded_program__functions.h
[0.967s] -- Up-to-date symlink: /workspace/ur5_ws/install/ur_dashboard_msgs/include/ur_dashboard_msgs/ur_dashboard_msgs/srv/detail/get_loaded_program__struct.h
[0.968s] -- Up-to-date symlink: /workspace/ur5_ws/install/ur_dashboard_msgs/include/ur_dashboard_msgs/ur_dashboard_msgs/srv/detail/get_loaded_program__type_support.h
[0.969s] -- Up-to-date symlink: /workspace/ur5_ws/install/ur_dashboard_msgs/include/ur_dashboard_msgs/ur_dashboard_msgs/srv/detail/get_program_state__functions.h
[0.969s] -- Up-to-date symlink: /workspace/ur5_ws/install/ur_dashboard_msgs/include/ur_dashboard_msgs/ur_dashboard_msgs/srv/detail/get_program_state__struct.h
[0.970s] -- Up-to-date symlink: /workspace/ur5_ws/install/ur_dashboard_msgs/include/ur_dashboard_msgs/ur_dashboard_msgs/srv/detail/get_program_state__type_support.h
[0.971s] -- Up-to-date symlink: /workspace/ur5_ws/install/ur_dashboard_msgs/include/ur_dashboard_msgs/ur_dashboard_msgs/srv/detail/get_robot_mode__functions.h
[0.972s] -- Up-to-date symlink: /workspace/ur5_ws/install/ur_dashboard_msgs/include/ur_dashboard_msgs/ur_dashboard_msgs/srv/detail/get_robot_mode__struct.h
[0.972s] -- Up-to-date symlink: /workspace/ur5_ws/install/ur_dashboard_msgs/include/ur_dashboard_msgs/ur_dashboard_msgs/srv/detail/get_robot_mode__type_support.h
[0.973s] -- Up-to-date symlink: /workspace/ur5_ws/install/ur_dashboard_msgs/include/ur_dashboard_msgs/ur_dashboard_msgs/srv/detail/get_safety_mode__functions.h
[0.974s] -- Up-to-date symlink: /workspace/ur5_ws/install/ur_dashboard_msgs/include/ur_dashboard_msgs/ur_dashboard_msgs/srv/detail/get_safety_mode__struct.h
[0.974s] -- Up-to-date symlink: /workspace/ur5_ws/install/ur_dashboard_msgs/include/ur_dashboard_msgs/ur_dashboard_msgs/srv/detail/get_safety_mode__type_support.h
[0.976s] -- Up-to-date symlink: /workspace/ur5_ws/install/ur_dashboard_msgs/include/ur_dashboard_msgs/ur_dashboard_msgs/srv/detail/is_in_remote_control__functions.h
[0.977s] -- Up-to-date symlink: /workspace/ur5_ws/install/ur_dashboard_msgs/include/ur_dashboard_msgs/ur_dashboard_msgs/srv/detail/is_in_remote_control__struct.h
[0.978s] -- Up-to-date symlink: /workspace/ur5_ws/install/ur_dashboard_msgs/include/ur_dashboard_msgs/ur_dashboard_msgs/srv/detail/is_in_remote_control__type_support.h
[0.978s] -- Up-to-date symlink: /workspace/ur5_ws/install/ur_dashboard_msgs/include/ur_dashboard_msgs/ur_dashboard_msgs/srv/detail/is_program_running__functions.h
[0.978s] -- Up-to-date symlink: /workspace/ur5_ws/install/ur_dashboard_msgs/include/ur_dashboard_msgs/ur_dashboard_msgs/srv/detail/is_program_running__struct.h
[0.980s] -- Up-to-date symlink: /workspace/ur5_ws/install/ur_dashboard_msgs/include/ur_dashboard_msgs/ur_dashboard_msgs/srv/detail/is_program_running__type_support.h
[0.981s] -- Up-to-date symlink: /workspace/ur5_ws/install/ur_dashboard_msgs/include/ur_dashboard_msgs/ur_dashboard_msgs/srv/detail/is_program_saved__functions.h
[0.983s] -- Up-to-date symlink: /workspace/ur5_ws/install/ur_dashboard_msgs/include/ur_dashboard_msgs/ur_dashboard_msgs/srv/detail/is_program_saved__struct.h
[0.985s] -- Up-to-date symlink: /workspace/ur5_ws/install/ur_dashboard_msgs/include/ur_dashboard_msgs/ur_dashboard_msgs/srv/detail/is_program_saved__type_support.h
[0.988s] -- Up-to-date symlink: /workspace/ur5_ws/install/ur_dashboard_msgs/include/ur_dashboard_msgs/ur_dashboard_msgs/srv/detail/load__functions.h
[0.989s] -- Up-to-date symlink: /workspace/ur5_ws/install/ur_dashboard_msgs/include/ur_dashboard_msgs/ur_dashboard_msgs/srv/detail/load__struct.h
[0.991s] -- Up-to-date symlink: /workspace/ur5_ws/install/ur_dashboard_msgs/include/ur_dashboard_msgs/ur_dashboard_msgs/srv/detail/load__type_support.h
[1.053s] -- Up-to-date symlink: /workspace/ur5_ws/install/ur_dashboard_msgs/include/ur_dashboard_msgs/ur_dashboard_msgs/srv/detail/popup__functions.h
[1.054s] -- Up-to-date symlink: /workspace/ur5_ws/install/ur_dashboard_msgs/include/ur_dashboard_msgs/ur_dashboard_msgs/srv/detail/popup__struct.h
[1.055s] -- Up-to-date symlink: /workspace/ur5_ws/install/ur_dashboard_msgs/include/ur_dashboard_msgs/ur_dashboard_msgs/srv/detail/popup__type_support.h
[1.056s] -- Up-to-date symlink: /workspace/ur5_ws/install/ur_dashboard_msgs/include/ur_dashboard_msgs/ur_dashboard_msgs/srv/detail/raw_request__functions.h
[1.056s] -- Up-to-date symlink: /workspace/ur5_ws/install/ur_dashboard_msgs/include/ur_dashboard_msgs/ur_dashboard_msgs/srv/detail/raw_request__struct.h
[1.057s] -- Up-to-date symlink: /workspace/ur5_ws/install/ur_dashboard_msgs/include/ur_dashboard_msgs/ur_dashboard_msgs/srv/detail/raw_request__type_support.h
[1.057s] -- Up-to-date symlink: /workspace/ur5_ws/install/ur_dashboard_msgs/include/ur_dashboard_msgs/ur_dashboard_msgs/srv/get_loaded_program.h
[1.058s] -- Up-to-date symlink: /workspace/ur5_ws/install/ur_dashboard_msgs/include/ur_dashboard_msgs/ur_dashboard_msgs/srv/get_program_state.h
[1.060s] -- Up-to-date symlink: /workspace/ur5_ws/install/ur_dashboard_msgs/include/ur_dashboard_msgs/ur_dashboard_msgs/srv/get_robot_mode.h
[1.061s] -- Up-to-date symlink: /workspace/ur5_ws/install/ur_dashboard_msgs/include/ur_dashboard_msgs/ur_dashboard_msgs/srv/get_safety_mode.h
[1.062s] -- Up-to-date symlink: /workspace/ur5_ws/install/ur_dashboard_msgs/include/ur_dashboard_msgs/ur_dashboard_msgs/srv/is_in_remote_control.h
[1.062s] -- Up-to-date symlink: /workspace/ur5_ws/install/ur_dashboard_msgs/include/ur_dashboard_msgs/ur_dashboard_msgs/srv/is_program_running.h
[1.063s] -- Up-to-date symlink: /workspace/ur5_ws/install/ur_dashboard_msgs/include/ur_dashboard_msgs/ur_dashboard_msgs/srv/is_program_saved.h
[1.063s] -- Up-to-date symlink: /workspace/ur5_ws/install/ur_dashboard_msgs/include/ur_dashboard_msgs/ur_dashboard_msgs/srv/load.h
[1.064s] -- Up-to-date symlink: /workspace/ur5_ws/install/ur_dashboard_msgs/include/ur_dashboard_msgs/ur_dashboard_msgs/srv/popup.h
[1.065s] -- Up-to-date symlink: /workspace/ur5_ws/install/ur_dashboard_msgs/include/ur_dashboard_msgs/ur_dashboard_msgs/srv/raw_request.h
[1.066s] -- Up-to-date symlink: /workspace/ur5_ws/install/ur_dashboard_msgs/share/ur_dashboard_msgs/environment/library_path.sh
[1.066s] -- Up-to-date symlink: /workspace/ur5_ws/install/ur_dashboard_msgs/share/ur_dashboard_msgs/environment/library_path.dsv
[1.067s] -- Up-to-date symlink: /workspace/ur5_ws/install/ur_dashboard_msgs/include/ur_dashboard_msgs/ur_dashboard_msgs/action/detail/set_mode__rosidl_typesupport_fastrtps_c.h
[1.068s] -- Up-to-date symlink: /workspace/ur5_ws/install/ur_dashboard_msgs/include/ur_dashboard_msgs/ur_dashboard_msgs/msg/detail/program_state__rosidl_typesupport_fastrtps_c.h
[1.068s] -- Up-to-date symlink: /workspace/ur5_ws/install/ur_dashboard_msgs/include/ur_dashboard_msgs/ur_dashboard_msgs/msg/detail/robot_mode__rosidl_typesupport_fastrtps_c.h
[1.069s] -- Up-to-date symlink: /workspace/ur5_ws/install/ur_dashboard_msgs/include/ur_dashboard_msgs/ur_dashboard_msgs/msg/detail/safety_mode__rosidl_typesupport_fastrtps_c.h
[1.070s] -- Up-to-date symlink: /workspace/ur5_ws/install/ur_dashboard_msgs/include/ur_dashboard_msgs/ur_dashboard_msgs/msg/rosidl_typesupport_fastrtps_c__visibility_control.h
[1.071s] -- Up-to-date symlink: /workspace/ur5_ws/install/ur_dashboard_msgs/include/ur_dashboard_msgs/ur_dashboard_msgs/srv/detail/add_to_log__rosidl_typesupport_fastrtps_c.h
[1.072s] -- Up-to-date symlink: /workspace/ur5_ws/install/ur_dashboard_msgs/include/ur_dashboard_msgs/ur_dashboard_msgs/srv/detail/get_loaded_program__rosidl_typesupport_fastrtps_c.h
[1.072s] -- Up-to-date symlink: /workspace/ur5_ws/install/ur_dashboard_msgs/include/ur_dashboard_msgs/ur_dashboard_msgs/srv/detail/get_program_state__rosidl_typesupport_fastrtps_c.h
[1.073s] -- Up-to-date symlink: /workspace/ur5_ws/install/ur_dashboard_msgs/include/ur_dashboard_msgs/ur_dashboard_msgs/srv/detail/get_robot_mode__rosidl_typesupport_fastrtps_c.h
[1.073s] -- Up-to-date symlink: /workspace/ur5_ws/install/ur_dashboard_msgs/include/ur_dashboard_msgs/ur_dashboard_msgs/srv/detail/get_safety_mode__rosidl_typesupport_fastrtps_c.h
[1.074s] -- Up-to-date symlink: /workspace/ur5_ws/install/ur_dashboard_msgs/include/ur_dashboard_msgs/ur_dashboard_msgs/srv/detail/is_in_remote_control__rosidl_typesupport_fastrtps_c.h
[1.074s] -- Up-to-date symlink: /workspace/ur5_ws/install/ur_dashboard_msgs/include/ur_dashboard_msgs/ur_dashboard_msgs/srv/detail/is_program_running__rosidl_typesupport_fastrtps_c.h
[1.075s] -- Up-to-date symlink: /workspace/ur5_ws/install/ur_dashboard_msgs/include/ur_dashboard_msgs/ur_dashboard_msgs/srv/detail/is_program_saved__rosidl_typesupport_fastrtps_c.h
[1.076s] -- Up-to-date symlink: /workspace/ur5_ws/install/ur_dashboard_msgs/include/ur_dashboard_msgs/ur_dashboard_msgs/srv/detail/load__rosidl_typesupport_fastrtps_c.h
[1.077s] -- Up-to-date symlink: /workspace/ur5_ws/install/ur_dashboard_msgs/include/ur_dashboard_msgs/ur_dashboard_msgs/srv/detail/popup__rosidl_typesupport_fastrtps_c.h
[1.077s] -- Up-to-date symlink: /workspace/ur5_ws/install/ur_dashboard_msgs/include/ur_dashboard_msgs/ur_dashboard_msgs/srv/detail/raw_request__rosidl_typesupport_fastrtps_c.h
[1.078s] -- Up-to-date symlink: /workspace/ur5_ws/install/ur_dashboard_msgs/include/ur_dashboard_msgs/ur_dashboard_msgs/action/detail/set_mode__rosidl_typesupport_introspection_c.h
[1.078s] -- Up-to-date symlink: /workspace/ur5_ws/install/ur_dashboard_msgs/include/ur_dashboard_msgs/ur_dashboard_msgs/msg/detail/program_state__rosidl_typesupport_introspection_c.h
[1.078s] -- Up-to-date symlink: /workspace/ur5_ws/install/ur_dashboard_msgs/include/ur_dashboard_msgs/ur_dashboard_msgs/msg/detail/robot_mode__rosidl_typesupport_introspection_c.h
[1.079s] -- Up-to-date symlink: /workspace/ur5_ws/install/ur_dashboard_msgs/include/ur_dashboard_msgs/ur_dashboard_msgs/msg/detail/safety_mode__rosidl_typesupport_introspection_c.h
[1.079s] -- Up-to-date symlink: /workspace/ur5_ws/install/ur_dashboard_msgs/include/ur_dashboard_msgs/ur_dashboard_msgs/msg/rosidl_typesupport_introspection_c__visibility_control.h
[1.080s] -- Up-to-date symlink: /workspace/ur5_ws/install/ur_dashboard_msgs/include/ur_dashboard_msgs/ur_dashboard_msgs/srv/detail/add_to_log__rosidl_typesupport_introspection_c.h
[1.080s] -- Up-to-date symlink: /workspace/ur5_ws/install/ur_dashboard_msgs/include/ur_dashboard_msgs/ur_dashboard_msgs/srv/detail/get_loaded_program__rosidl_typesupport_introspection_c.h
[1.081s] -- Up-to-date symlink: /workspace/ur5_ws/install/ur_dashboard_msgs/include/ur_dashboard_msgs/ur_dashboard_msgs/srv/detail/get_program_state__rosidl_typesupport_introspection_c.h
[1.081s] -- Up-to-date symlink: /workspace/ur5_ws/install/ur_dashboard_msgs/include/ur_dashboard_msgs/ur_dashboard_msgs/srv/detail/get_robot_mode__rosidl_typesupport_introspection_c.h
[1.088s] -- Up-to-date symlink: /workspace/ur5_ws/install/ur_dashboard_msgs/include/ur_dashboard_msgs/ur_dashboard_msgs/srv/detail/get_safety_mode__rosidl_typesupport_introspection_c.h
[1.088s] -- Up-to-date symlink: /workspace/ur5_ws/install/ur_dashboard_msgs/include/ur_dashboard_msgs/ur_dashboard_msgs/srv/detail/is_in_remote_control__rosidl_typesupport_introspection_c.h
[1.089s] -- Up-to-date symlink: /workspace/ur5_ws/install/ur_dashboard_msgs/include/ur_dashboard_msgs/ur_dashboard_msgs/srv/detail/is_program_running__rosidl_typesupport_introspection_c.h
[1.089s] -- Up-to-date symlink: /workspace/ur5_ws/install/ur_dashboard_msgs/include/ur_dashboard_msgs/ur_dashboard_msgs/srv/detail/is_program_saved__rosidl_typesupport_introspection_c.h
[1.090s] -- Up-to-date symlink: /workspace/ur5_ws/install/ur_dashboard_msgs/include/ur_dashboard_msgs/ur_dashboard_msgs/srv/detail/load__rosidl_typesupport_introspection_c.h
[1.091s] -- Up-to-date symlink: /workspace/ur5_ws/install/ur_dashboard_msgs/include/ur_dashboard_msgs/ur_dashboard_msgs/srv/detail/popup__rosidl_typesupport_introspection_c.h
[1.091s] -- Up-to-date symlink: /workspace/ur5_ws/install/ur_dashboard_msgs/include/ur_dashboard_msgs/ur_dashboard_msgs/srv/detail/raw_request__rosidl_typesupport_introspection_c.h
[1.092s] -- Up-to-date symlink: /workspace/ur5_ws/install/ur_dashboard_msgs/include/ur_dashboard_msgs/ur_dashboard_msgs/action/detail/set_mode__builder.hpp
[1.092s] -- Up-to-date symlink: /workspace/ur5_ws/install/ur_dashboard_msgs/include/ur_dashboard_msgs/ur_dashboard_msgs/action/detail/set_mode__struct.hpp
[1.093s] -- Up-to-date symlink: /workspace/ur5_ws/install/ur_dashboard_msgs/include/ur_dashboard_msgs/ur_dashboard_msgs/action/detail/set_mode__traits.hpp
[1.094s] -- Up-to-date symlink: /workspace/ur5_ws/install/ur_dashboard_msgs/include/ur_dashboard_msgs/ur_dashboard_msgs/action/detail/set_mode__type_support.hpp
[1.094s] -- Up-to-date symlink: /workspace/ur5_ws/install/ur_dashboard_msgs/include/ur_dashboard_msgs/ur_dashboard_msgs/action/set_mode.hpp
[1.095s] -- Up-to-date symlink: /workspace/ur5_ws/install/ur_dashboard_msgs/include/ur_dashboard_msgs/ur_dashboard_msgs/msg/detail/program_state__builder.hpp
[1.096s] -- Up-to-date symlink: /workspace/ur5_ws/install/ur_dashboard_msgs/include/ur_dashboard_msgs/ur_dashboard_msgs/msg/detail/program_state__struct.hpp
[1.096s] -- Up-to-date symlink: /workspace/ur5_ws/install/ur_dashboard_msgs/include/ur_dashboard_msgs/ur_dashboard_msgs/msg/detail/program_state__traits.hpp
[1.097s] -- Up-to-date symlink: /workspace/ur5_ws/install/ur_dashboard_msgs/include/ur_dashboard_msgs/ur_dashboard_msgs/msg/detail/program_state__type_support.hpp
[1.097s] -- Up-to-date symlink: /workspace/ur5_ws/install/ur_dashboard_msgs/include/ur_dashboard_msgs/ur_dashboard_msgs/msg/detail/robot_mode__builder.hpp
[1.099s] -- Up-to-date symlink: /workspace/ur5_ws/install/ur_dashboard_msgs/include/ur_dashboard_msgs/ur_dashboard_msgs/msg/detail/robot_mode__struct.hpp
[1.100s] -- Up-to-date symlink: /workspace/ur5_ws/install/ur_dashboard_msgs/include/ur_dashboard_msgs/ur_dashboard_msgs/msg/detail/robot_mode__traits.hpp
[1.101s] -- Up-to-date symlink: /workspace/ur5_ws/install/ur_dashboard_msgs/include/ur_dashboard_msgs/ur_dashboard_msgs/msg/detail/robot_mode__type_support.hpp
[1.101s] -- Up-to-date symlink: /workspace/ur5_ws/install/ur_dashboard_msgs/include/ur_dashboard_msgs/ur_dashboard_msgs/msg/detail/safety_mode__builder.hpp
[1.101s] -- Up-to-date symlink: /workspace/ur5_ws/install/ur_dashboard_msgs/include/ur_dashboard_msgs/ur_dashboard_msgs/msg/detail/safety_mode__struct.hpp
[1.103s] -- Up-to-date symlink: /workspace/ur5_ws/install/ur_dashboard_msgs/include/ur_dashboard_msgs/ur_dashboard_msgs/msg/detail/safety_mode__traits.hpp
[1.104s] -- Up-to-date symlink: /workspace/ur5_ws/install/ur_dashboard_msgs/include/ur_dashboard_msgs/ur_dashboard_msgs/msg/detail/safety_mode__type_support.hpp
[1.104s] -- Up-to-date symlink: /workspace/ur5_ws/install/ur_dashboard_msgs/include/ur_dashboard_msgs/ur_dashboard_msgs/msg/program_state.hpp
[1.105s] -- Up-to-date symlink: /workspace/ur5_ws/install/ur_dashboard_msgs/include/ur_dashboard_msgs/ur_dashboard_msgs/msg/robot_mode.hpp
[1.105s] -- Up-to-date symlink: /workspace/ur5_ws/install/ur_dashboard_msgs/include/ur_dashboard_msgs/ur_dashboard_msgs/msg/rosidl_generator_cpp__visibility_control.hpp
[1.106s] -- Up-to-date symlink: /workspace/ur5_ws/install/ur_dashboard_msgs/include/ur_dashboard_msgs/ur_dashboard_msgs/msg/safety_mode.hpp
[1.106s] -- Up-to-date symlink: /workspace/ur5_ws/install/ur_dashboard_msgs/include/ur_dashboard_msgs/ur_dashboard_msgs/srv/add_to_log.hpp
[1.108s] -- Up-to-date symlink: /workspace/ur5_ws/install/ur_dashboard_msgs/include/ur_dashboard_msgs/ur_dashboard_msgs/srv/detail/add_to_log__builder.hpp
[1.109s] -- Up-to-date symlink: /workspace/ur5_ws/install/ur_dashboard_msgs/include/ur_dashboard_msgs/ur_dashboard_msgs/srv/detail/add_to_log__struct.hpp
[1.110s] -- Up-to-date symlink: /workspace/ur5_ws/install/ur_dashboard_msgs/include/ur_dashboard_msgs/ur_dashboard_msgs/srv/detail/add_to_log__traits.hpp
[1.110s] -- Up-to-date symlink: /workspace/ur5_ws/install/ur_dashboard_msgs/include/ur_dashboard_msgs/ur_dashboard_msgs/srv/detail/add_to_log__type_support.hpp
[1.111s] -- Up-to-date symlink: /workspace/ur5_ws/install/ur_dashboard_msgs/include/ur_dashboard_msgs/ur_dashboard_msgs/srv/detail/get_loaded_program__builder.hpp
[1.111s] -- Up-to-date symlink: /workspace/ur5_ws/install/ur_dashboard_msgs/include/ur_dashboard_msgs/ur_dashboard_msgs/srv/detail/get_loaded_program__struct.hpp
[1.112s] -- Up-to-date symlink: /workspace/ur5_ws/install/ur_dashboard_msgs/include/ur_dashboard_msgs/ur_dashboard_msgs/srv/detail/get_loaded_program__traits.hpp
[1.113s] -- Up-to-date symlink: /workspace/ur5_ws/install/ur_dashboard_msgs/include/ur_dashboard_msgs/ur_dashboard_msgs/srv/detail/get_loaded_program__type_support.hpp
[1.114s] -- Up-to-date symlink: /workspace/ur5_ws/install/ur_dashboard_msgs/include/ur_dashboard_msgs/ur_dashboard_msgs/srv/detail/get_program_state__builder.hpp
[1.114s] -- Up-to-date symlink: /workspace/ur5_ws/install/ur_dashboard_msgs/include/ur_dashboard_msgs/ur_dashboard_msgs/srv/detail/get_program_state__struct.hpp
[1.116s] -- Up-to-date symlink: /workspace/ur5_ws/install/ur_dashboard_msgs/include/ur_dashboard_msgs/ur_dashboard_msgs/srv/detail/get_program_state__traits.hpp
[1.117s] -- Up-to-date symlink: /workspace/ur5_ws/install/ur_dashboard_msgs/include/ur_dashboard_msgs/ur_dashboard_msgs/srv/detail/get_program_state__type_support.hpp
[1.118s] -- Up-to-date symlink: /workspace/ur5_ws/install/ur_dashboard_msgs/include/ur_dashboard_msgs/ur_dashboard_msgs/srv/detail/get_robot_mode__builder.hpp
[1.119s] -- Up-to-date symlink: /workspace/ur5_ws/install/ur_dashboard_msgs/include/ur_dashboard_msgs/ur_dashboard_msgs/srv/detail/get_robot_mode__struct.hpp
[1.120s] -- Up-to-date symlink: /workspace/ur5_ws/install/ur_dashboard_msgs/include/ur_dashboard_msgs/ur_dashboard_msgs/srv/detail/get_robot_mode__traits.hpp
[1.120s] -- Up-to-date symlink: /workspace/ur5_ws/install/ur_dashboard_msgs/include/ur_dashboard_msgs/ur_dashboard_msgs/srv/detail/get_robot_mode__type_support.hpp
[1.121s] -- Up-to-date symlink: /workspace/ur5_ws/install/ur_dashboard_msgs/include/ur_dashboard_msgs/ur_dashboard_msgs/srv/detail/get_safety_mode__builder.hpp
[1.122s] -- Up-to-date symlink: /workspace/ur5_ws/install/ur_dashboard_msgs/include/ur_dashboard_msgs/ur_dashboard_msgs/srv/detail/get_safety_mode__struct.hpp
[1.122s] -- Up-to-date symlink: /workspace/ur5_ws/install/ur_dashboard_msgs/include/ur_dashboard_msgs/ur_dashboard_msgs/srv/detail/get_safety_mode__traits.hpp
[1.123s] -- Up-to-date symlink: /workspace/ur5_ws/install/ur_dashboard_msgs/include/ur_dashboard_msgs/ur_dashboard_msgs/srv/detail/get_safety_mode__type_support.hpp
[1.124s] -- Up-to-date symlink: /workspace/ur5_ws/install/ur_dashboard_msgs/include/ur_dashboard_msgs/ur_dashboard_msgs/srv/detail/is_in_remote_control__builder.hpp
[1.125s] -- Up-to-date symlink: /workspace/ur5_ws/install/ur_dashboard_msgs/include/ur_dashboard_msgs/ur_dashboard_msgs/srv/detail/is_in_remote_control__struct.hpp
[1.125s] -- Up-to-date symlink: /workspace/ur5_ws/install/ur_dashboard_msgs/include/ur_dashboard_msgs/ur_dashboard_msgs/srv/detail/is_in_remote_control__traits.hpp
[1.126s] -- Up-to-date symlink: /workspace/ur5_ws/install/ur_dashboard_msgs/include/ur_dashboard_msgs/ur_dashboard_msgs/srv/detail/is_in_remote_control__type_support.hpp
[1.126s] -- Up-to-date symlink: /workspace/ur5_ws/install/ur_dashboard_msgs/include/ur_dashboard_msgs/ur_dashboard_msgs/srv/detail/is_program_running__builder.hpp
[1.127s] -- Up-to-date symlink: /workspace/ur5_ws/install/ur_dashboard_msgs/include/ur_dashboard_msgs/ur_dashboard_msgs/srv/detail/is_program_running__struct.hpp
[1.127s] -- Up-to-date symlink: /workspace/ur5_ws/install/ur_dashboard_msgs/include/ur_dashboard_msgs/ur_dashboard_msgs/srv/detail/is_program_running__traits.hpp
[1.128s] -- Up-to-date symlink: /workspace/ur5_ws/install/ur_dashboard_msgs/include/ur_dashboard_msgs/ur_dashboard_msgs/srv/detail/is_program_running__type_support.hpp
[1.128s] -- Up-to-date symlink: /workspace/ur5_ws/install/ur_dashboard_msgs/include/ur_dashboard_msgs/ur_dashboard_msgs/srv/detail/is_program_saved__builder.hpp
[1.130s] -- Up-to-date symlink: /workspace/ur5_ws/install/ur_dashboard_msgs/include/ur_dashboard_msgs/ur_dashboard_msgs/srv/detail/is_program_saved__struct.hpp
[1.131s] -- Up-to-date symlink: /workspace/ur5_ws/install/ur_dashboard_msgs/include/ur_dashboard_msgs/ur_dashboard_msgs/srv/detail/is_program_saved__traits.hpp
[1.131s] -- Up-to-date symlink: /workspace/ur5_ws/install/ur_dashboard_msgs/include/ur_dashboard_msgs/ur_dashboard_msgs/srv/detail/is_program_saved__type_support.hpp
[1.132s] -- Up-to-date symlink: /workspace/ur5_ws/install/ur_dashboard_msgs/include/ur_dashboard_msgs/ur_dashboard_msgs/srv/detail/load__builder.hpp
[1.132s] -- Up-to-date symlink: /workspace/ur5_ws/install/ur_dashboard_msgs/include/ur_dashboard_msgs/ur_dashboard_msgs/srv/detail/load__struct.hpp
[1.134s] -- Up-to-date symlink: /workspace/ur5_ws/install/ur_dashboard_msgs/include/ur_dashboard_msgs/ur_dashboard_msgs/srv/detail/load__traits.hpp
[1.134s] -- Up-to-date symlink: /workspace/ur5_ws/install/ur_dashboard_msgs/include/ur_dashboard_msgs/ur_dashboard_msgs/srv/detail/load__type_support.hpp
[1.135s] -- Up-to-date symlink: /workspace/ur5_ws/install/ur_dashboard_msgs/include/ur_dashboard_msgs/ur_dashboard_msgs/srv/detail/popup__builder.hpp
[1.136s] -- Up-to-date symlink: /workspace/ur5_ws/install/ur_dashboard_msgs/include/ur_dashboard_msgs/ur_dashboard_msgs/srv/detail/popup__struct.hpp
[1.137s] -- Up-to-date symlink: /workspace/ur5_ws/install/ur_dashboard_msgs/include/ur_dashboard_msgs/ur_dashboard_msgs/srv/detail/popup__traits.hpp
[1.138s] -- Up-to-date symlink: /workspace/ur5_ws/install/ur_dashboard_msgs/include/ur_dashboard_msgs/ur_dashboard_msgs/srv/detail/popup__type_support.hpp
[1.139s] -- Up-to-date symlink: /workspace/ur5_ws/install/ur_dashboard_msgs/include/ur_dashboard_msgs/ur_dashboard_msgs/srv/detail/raw_request__builder.hpp
[1.139s] -- Up-to-date symlink: /workspace/ur5_ws/install/ur_dashboard_msgs/include/ur_dashboard_msgs/ur_dashboard_msgs/srv/detail/raw_request__struct.hpp
[1.140s] -- Up-to-date symlink: /workspace/ur5_ws/install/ur_dashboard_msgs/include/ur_dashboard_msgs/ur_dashboard_msgs/srv/detail/raw_request__traits.hpp
[1.140s] -- Up-to-date symlink: /workspace/ur5_ws/install/ur_dashboard_msgs/include/ur_dashboard_msgs/ur_dashboard_msgs/srv/detail/raw_request__type_support.hpp
[1.141s] -- Up-to-date symlink: /workspace/ur5_ws/install/ur_dashboard_msgs/include/ur_dashboard_msgs/ur_dashboard_msgs/srv/get_loaded_program.hpp
[1.142s] -- Up-to-date symlink: /workspace/ur5_ws/install/ur_dashboard_msgs/include/ur_dashboard_msgs/ur_dashboard_msgs/srv/get_program_state.hpp
[1.142s] -- Up-to-date symlink: /workspace/ur5_ws/install/ur_dashboard_msgs/include/ur_dashboard_msgs/ur_dashboard_msgs/srv/get_robot_mode.hpp
[1.187s] -- Up-to-date symlink: /workspace/ur5_ws/install/ur_dashboard_msgs/include/ur_dashboard_msgs/ur_dashboard_msgs/srv/get_safety_mode.hpp
[1.188s] -- Up-to-date symlink: /workspace/ur5_ws/install/ur_dashboard_msgs/include/ur_dashboard_msgs/ur_dashboard_msgs/srv/is_in_remote_control.hpp
[1.188s] -- Up-to-date symlink: /workspace/ur5_ws/install/ur_dashboard_msgs/include/ur_dashboard_msgs/ur_dashboard_msgs/srv/is_program_running.hpp
[1.189s] -- Up-to-date symlink: /workspace/ur5_ws/install/ur_dashboard_msgs/include/ur_dashboard_msgs/ur_dashboard_msgs/srv/is_program_saved.hpp
[1.190s] -- Up-to-date symlink: /workspace/ur5_ws/install/ur_dashboard_msgs/include/ur_dashboard_msgs/ur_dashboard_msgs/srv/load.hpp
[1.191s] -- Up-to-date symlink: /workspace/ur5_ws/install/ur_dashboard_msgs/include/ur_dashboard_msgs/ur_dashboard_msgs/srv/popup.hpp
[1.192s] -- Up-to-date symlink: /workspace/ur5_ws/install/ur_dashboard_msgs/include/ur_dashboard_msgs/ur_dashboard_msgs/srv/raw_request.hpp
[1.193s] -- Up-to-date symlink: /workspace/ur5_ws/install/ur_dashboard_msgs/include/ur_dashboard_msgs/ur_dashboard_msgs/action/detail/set_mode__rosidl_typesupport_fastrtps_cpp.hpp
[1.194s] -- Up-to-date symlink: /workspace/ur5_ws/install/ur_dashboard_msgs/include/ur_dashboard_msgs/ur_dashboard_msgs/msg/detail/program_state__rosidl_typesupport_fastrtps_cpp.hpp
[1.194s] -- Up-to-date symlink: /workspace/ur5_ws/install/ur_dashboard_msgs/include/ur_dashboard_msgs/ur_dashboard_msgs/msg/detail/robot_mode__rosidl_typesupport_fastrtps_cpp.hpp
[1.194s] -- Up-to-date symlink: /workspace/ur5_ws/install/ur_dashboard_msgs/include/ur_dashboard_msgs/ur_dashboard_msgs/msg/detail/safety_mode__rosidl_typesupport_fastrtps_cpp.hpp
[1.194s] -- Up-to-date symlink: /workspace/ur5_ws/install/ur_dashboard_msgs/include/ur_dashboard_msgs/ur_dashboard_msgs/msg/rosidl_typesupport_fastrtps_cpp__visibility_control.h
[1.195s] -- Up-to-date symlink: /workspace/ur5_ws/install/ur_dashboard_msgs/include/ur_dashboard_msgs/ur_dashboard_msgs/srv/detail/add_to_log__rosidl_typesupport_fastrtps_cpp.hpp
[1.195s] -- Up-to-date symlink: /workspace/ur5_ws/install/ur_dashboard_msgs/include/ur_dashboard_msgs/ur_dashboard_msgs/srv/detail/get_loaded_program__rosidl_typesupport_fastrtps_cpp.hpp
[1.195s] -- Up-to-date symlink: /workspace/ur5_ws/install/ur_dashboard_msgs/include/ur_dashboard_msgs/ur_dashboard_msgs/srv/detail/get_program_state__rosidl_typesupport_fastrtps_cpp.hpp
[1.196s] -- Up-to-date symlink: /workspace/ur5_ws/install/ur_dashboard_msgs/include/ur_dashboard_msgs/ur_dashboard_msgs/srv/detail/get_robot_mode__rosidl_typesupport_fastrtps_cpp.hpp
[1.196s] -- Up-to-date symlink: /workspace/ur5_ws/install/ur_dashboard_msgs/include/ur_dashboard_msgs/ur_dashboard_msgs/srv/detail/get_safety_mode__rosidl_typesupport_fastrtps_cpp.hpp
[1.196s] -- Up-to-date symlink: /workspace/ur5_ws/install/ur_dashboard_msgs/include/ur_dashboard_msgs/ur_dashboard_msgs/srv/detail/is_in_remote_control__rosidl_typesupport_fastrtps_cpp.hpp
[1.196s] -- Up-to-date symlink: /workspace/ur5_ws/install/ur_dashboard_msgs/include/ur_dashboard_msgs/ur_dashboard_msgs/srv/detail/is_program_running__rosidl_typesupport_fastrtps_cpp.hpp
[1.196s] -- Up-to-date symlink: /workspace/ur5_ws/install/ur_dashboard_msgs/include/ur_dashboard_msgs/ur_dashboard_msgs/srv/detail/is_program_saved__rosidl_typesupport_fastrtps_cpp.hpp
[1.197s] -- Up-to-date symlink: /workspace/ur5_ws/install/ur_dashboard_msgs/include/ur_dashboard_msgs/ur_dashboard_msgs/srv/detail/load__rosidl_typesupport_fastrtps_cpp.hpp
[1.197s] -- Up-to-date symlink: /workspace/ur5_ws/install/ur_dashboard_msgs/include/ur_dashboard_msgs/ur_dashboard_msgs/srv/detail/popup__rosidl_typesupport_fastrtps_cpp.hpp
[1.197s] -- Up-to-date symlink: /workspace/ur5_ws/install/ur_dashboard_msgs/include/ur_dashboard_msgs/ur_dashboard_msgs/srv/detail/raw_request__rosidl_typesupport_fastrtps_cpp.hpp
[1.197s] -- Up-to-date symlink: /workspace/ur5_ws/install/ur_dashboard_msgs/include/ur_dashboard_msgs/ur_dashboard_msgs/action/detail/set_mode__rosidl_typesupport_introspection_cpp.hpp
[1.198s] -- Up-to-date symlink: /workspace/ur5_ws/install/ur_dashboard_msgs/include/ur_dashboard_msgs/ur_dashboard_msgs/msg/detail/program_state__rosidl_typesupport_introspection_cpp.hpp
[1.198s] -- Up-to-date symlink: /workspace/ur5_ws/install/ur_dashboard_msgs/include/ur_dashboard_msgs/ur_dashboard_msgs/msg/detail/robot_mode__rosidl_typesupport_introspection_cpp.hpp
[1.198s] -- Up-to-date symlink: /workspace/ur5_ws/install/ur_dashboard_msgs/include/ur_dashboard_msgs/ur_dashboard_msgs/msg/detail/safety_mode__rosidl_typesupport_introspection_cpp.hpp
[1.198s] -- Up-to-date symlink: /workspace/ur5_ws/install/ur_dashboard_msgs/include/ur_dashboard_msgs/ur_dashboard_msgs/srv/detail/add_to_log__rosidl_typesupport_introspection_cpp.hpp
[1.198s] -- Up-to-date symlink: /workspace/ur5_ws/install/ur_dashboard_msgs/include/ur_dashboard_msgs/ur_dashboard_msgs/srv/detail/get_loaded_program__rosidl_typesupport_introspection_cpp.hpp
[1.199s] -- Up-to-date symlink: /workspace/ur5_ws/install/ur_dashboard_msgs/include/ur_dashboard_msgs/ur_dashboard_msgs/srv/detail/get_program_state__rosidl_typesupport_introspection_cpp.hpp
[1.199s] -- Up-to-date symlink: /workspace/ur5_ws/install/ur_dashboard_msgs/include/ur_dashboard_msgs/ur_dashboard_msgs/srv/detail/get_robot_mode__rosidl_typesupport_introspection_cpp.hpp
[1.199s] -- Up-to-date symlink: /workspace/ur5_ws/install/ur_dashboard_msgs/include/ur_dashboard_msgs/ur_dashboard_msgs/srv/detail/get_safety_mode__rosidl_typesupport_introspection_cpp.hpp
[1.199s] -- Up-to-date symlink: /workspace/ur5_ws/install/ur_dashboard_msgs/include/ur_dashboard_msgs/ur_dashboard_msgs/srv/detail/is_in_remote_control__rosidl_typesupport_introspection_cpp.hpp
[1.200s] -- Up-to-date symlink: /workspace/ur5_ws/install/ur_dashboard_msgs/include/ur_dashboard_msgs/ur_dashboard_msgs/srv/detail/is_program_running__rosidl_typesupport_introspection_cpp.hpp
[1.200s] -- Up-to-date symlink: /workspace/ur5_ws/install/ur_dashboard_msgs/include/ur_dashboard_msgs/ur_dashboard_msgs/srv/detail/is_program_saved__rosidl_typesupport_introspection_cpp.hpp
[1.200s] -- Up-to-date symlink: /workspace/ur5_ws/install/ur_dashboard_msgs/include/ur_dashboard_msgs/ur_dashboard_msgs/srv/detail/load__rosidl_typesupport_introspection_cpp.hpp
[1.201s] -- Up-to-date symlink: /workspace/ur5_ws/install/ur_dashboard_msgs/include/ur_dashboard_msgs/ur_dashboard_msgs/srv/detail/popup__rosidl_typesupport_introspection_cpp.hpp
[1.201s] -- Up-to-date symlink: /workspace/ur5_ws/install/ur_dashboard_msgs/include/ur_dashboard_msgs/ur_dashboard_msgs/srv/detail/raw_request__rosidl_typesupport_introspection_cpp.hpp
[1.201s] -- Up-to-date symlink: /workspace/ur5_ws/install/ur_dashboard_msgs/share/ur_dashboard_msgs/environment/pythonpath.sh
[1.201s] -- Up-to-date symlink: /workspace/ur5_ws/install/ur_dashboard_msgs/share/ur_dashboard_msgs/environment/pythonpath.dsv
[1.201s] -- Up-to-date symlink: /workspace/ur5_ws/install/ur_dashboard_msgs/local/lib/python3.10/dist-packages/ur_dashboard_msgs-4.5.0-py3.10.egg-info/PKG-INFO
[1.202s] -- Up-to-date symlink: /workspace/ur5_ws/install/ur_dashboard_msgs/local/lib/python3.10/dist-packages/ur_dashboard_msgs-4.5.0-py3.10.egg-info/SOURCES.txt
[1.202s] -- Up-to-date symlink: /workspace/ur5_ws/install/ur_dashboard_msgs/local/lib/python3.10/dist-packages/ur_dashboard_msgs-4.5.0-py3.10.egg-info/dependency_links.txt
[1.202s] -- Up-to-date symlink: /workspace/ur5_ws/install/ur_dashboard_msgs/local/lib/python3.10/dist-packages/ur_dashboard_msgs-4.5.0-py3.10.egg-info/top_level.txt
[1.203s] -- Up-to-date symlink: /workspace/ur5_ws/install/ur_dashboard_msgs/local/lib/python3.10/dist-packages/ur_dashboard_msgs/__init__.py
[1.203s] -- Up-to-date symlink: /workspace/ur5_ws/install/ur_dashboard_msgs/local/lib/python3.10/dist-packages/ur_dashboard_msgs/_ur_dashboard_msgs_s.ep.rosidl_typesupport_c.c
[1.203s] -- Up-to-date symlink: /workspace/ur5_ws/install/ur_dashboard_msgs/local/lib/python3.10/dist-packages/ur_dashboard_msgs/_ur_dashboard_msgs_s.ep.rosidl_typesupport_fastrtps_c.c
[1.203s] -- Up-to-date symlink: /workspace/ur5_ws/install/ur_dashboard_msgs/local/lib/python3.10/dist-packages/ur_dashboard_msgs/_ur_dashboard_msgs_s.ep.rosidl_typesupport_introspection_c.c
[1.203s] -- Up-to-date symlink: /workspace/ur5_ws/install/ur_dashboard_msgs/local/lib/python3.10/dist-packages/ur_dashboard_msgs/action/__init__.py
[1.204s] -- Up-to-date symlink: /workspace/ur5_ws/install/ur_dashboard_msgs/local/lib/python3.10/dist-packages/ur_dashboard_msgs/action/_set_mode.py
[1.204s] -- Up-to-date symlink: /workspace/ur5_ws/install/ur_dashboard_msgs/local/lib/python3.10/dist-packages/ur_dashboard_msgs/action/_set_mode_s.c
[1.204s] -- Up-to-date symlink: /workspace/ur5_ws/install/ur_dashboard_msgs/local/lib/python3.10/dist-packages/ur_dashboard_msgs/libur_dashboard_msgs__rosidl_generator_py.so
[1.204s] -- Up-to-date symlink: /workspace/ur5_ws/install/ur_dashboard_msgs/local/lib/python3.10/dist-packages/ur_dashboard_msgs/msg/__init__.py
[1.205s] -- Up-to-date symlink: /workspace/ur5_ws/install/ur_dashboard_msgs/local/lib/python3.10/dist-packages/ur_dashboard_msgs/msg/_program_state.py
[1.205s] -- Up-to-date symlink: /workspace/ur5_ws/install/ur_dashboard_msgs/local/lib/python3.10/dist-packages/ur_dashboard_msgs/msg/_program_state_s.c
[1.293s] -- Up-to-date symlink: /workspace/ur5_ws/install/ur_dashboard_msgs/local/lib/python3.10/dist-packages/ur_dashboard_msgs/msg/_robot_mode.py
[1.294s] -- Up-to-date symlink: /workspace/ur5_ws/install/ur_dashboard_msgs/local/lib/python3.10/dist-packages/ur_dashboard_msgs/msg/_robot_mode_s.c
[1.295s] -- Up-to-date symlink: /workspace/ur5_ws/install/ur_dashboard_msgs/local/lib/python3.10/dist-packages/ur_dashboard_msgs/msg/_safety_mode.py
[1.295s] -- Up-to-date symlink: /workspace/ur5_ws/install/ur_dashboard_msgs/local/lib/python3.10/dist-packages/ur_dashboard_msgs/msg/_safety_mode_s.c
[1.296s] -- Up-to-date symlink: /workspace/ur5_ws/install/ur_dashboard_msgs/local/lib/python3.10/dist-packages/ur_dashboard_msgs/srv/__init__.py
[1.297s] -- Up-to-date symlink: /workspace/ur5_ws/install/ur_dashboard_msgs/local/lib/python3.10/dist-packages/ur_dashboard_msgs/srv/_add_to_log.py
[1.297s] -- Up-to-date symlink: /workspace/ur5_ws/install/ur_dashboard_msgs/local/lib/python3.10/dist-packages/ur_dashboard_msgs/srv/_add_to_log_s.c
[1.298s] -- Up-to-date symlink: /workspace/ur5_ws/install/ur_dashboard_msgs/local/lib/python3.10/dist-packages/ur_dashboard_msgs/srv/_get_loaded_program.py
[1.299s] -- Up-to-date symlink: /workspace/ur5_ws/install/ur_dashboard_msgs/local/lib/python3.10/dist-packages/ur_dashboard_msgs/srv/_get_loaded_program_s.c
[1.301s] -- Up-to-date symlink: /workspace/ur5_ws/install/ur_dashboard_msgs/local/lib/python3.10/dist-packages/ur_dashboard_msgs/srv/_get_program_state.py
[1.301s] -- Up-to-date symlink: /workspace/ur5_ws/install/ur_dashboard_msgs/local/lib/python3.10/dist-packages/ur_dashboard_msgs/srv/_get_program_state_s.c
[1.302s] -- Up-to-date symlink: /workspace/ur5_ws/install/ur_dashboard_msgs/local/lib/python3.10/dist-packages/ur_dashboard_msgs/srv/_get_robot_mode.py
[1.303s] -- Up-to-date symlink: /workspace/ur5_ws/install/ur_dashboard_msgs/local/lib/python3.10/dist-packages/ur_dashboard_msgs/srv/_get_robot_mode_s.c
[1.304s] -- Up-to-date symlink: /workspace/ur5_ws/install/ur_dashboard_msgs/local/lib/python3.10/dist-packages/ur_dashboard_msgs/srv/_get_safety_mode.py
[1.305s] -- Up-to-date symlink: /workspace/ur5_ws/install/ur_dashboard_msgs/local/lib/python3.10/dist-packages/ur_dashboard_msgs/srv/_get_safety_mode_s.c
[1.305s] -- Up-to-date symlink: /workspace/ur5_ws/install/ur_dashboard_msgs/local/lib/python3.10/dist-packages/ur_dashboard_msgs/srv/_is_in_remote_control.py
[1.306s] -- Up-to-date symlink: /workspace/ur5_ws/install/ur_dashboard_msgs/local/lib/python3.10/dist-packages/ur_dashboard_msgs/srv/_is_in_remote_control_s.c
[1.306s] -- Up-to-date symlink: /workspace/ur5_ws/install/ur_dashboard_msgs/local/lib/python3.10/dist-packages/ur_dashboard_msgs/srv/_is_program_running.py
[1.307s] -- Up-to-date symlink: /workspace/ur5_ws/install/ur_dashboard_msgs/local/lib/python3.10/dist-packages/ur_dashboard_msgs/srv/_is_program_running_s.c
[1.307s] -- Up-to-date symlink: /workspace/ur5_ws/install/ur_dashboard_msgs/local/lib/python3.10/dist-packages/ur_dashboard_msgs/srv/_is_program_saved.py
[1.308s] -- Up-to-date symlink: /workspace/ur5_ws/install/ur_dashboard_msgs/local/lib/python3.10/dist-packages/ur_dashboard_msgs/srv/_is_program_saved_s.c
[1.308s] -- Up-to-date symlink: /workspace/ur5_ws/install/ur_dashboard_msgs/local/lib/python3.10/dist-packages/ur_dashboard_msgs/srv/_load.py
[1.309s] -- Up-to-date symlink: /workspace/ur5_ws/install/ur_dashboard_msgs/local/lib/python3.10/dist-packages/ur_dashboard_msgs/srv/_load_s.c
[1.310s] -- Up-to-date symlink: /workspace/ur5_ws/install/ur_dashboard_msgs/local/lib/python3.10/dist-packages/ur_dashboard_msgs/srv/_popup.py
[1.310s] -- Up-to-date symlink: /workspace/ur5_ws/install/ur_dashboard_msgs/local/lib/python3.10/dist-packages/ur_dashboard_msgs/srv/_popup_s.c
[1.311s] -- Up-to-date symlink: /workspace/ur5_ws/install/ur_dashboard_msgs/local/lib/python3.10/dist-packages/ur_dashboard_msgs/srv/_raw_request.py
[1.311s] -- Up-to-date symlink: /workspace/ur5_ws/install/ur_dashboard_msgs/local/lib/python3.10/dist-packages/ur_dashboard_msgs/srv/_raw_request_s.c
[1.311s] -- Up-to-date symlink: /workspace/ur5_ws/install/ur_dashboard_msgs/local/lib/python3.10/dist-packages/ur_dashboard_msgs/ur_dashboard_msgs_s__rosidl_typesupport_c.cpython-310-aarch64-linux-gnu.so
[1.312s] -- Up-to-date symlink: /workspace/ur5_ws/install/ur_dashboard_msgs/local/lib/python3.10/dist-packages/ur_dashboard_msgs/ur_dashboard_msgs_s__rosidl_typesupport_fastrtps_c.cpython-310-aarch64-linux-gnu.so
[1.312s] -- Up-to-date symlink: /workspace/ur5_ws/install/ur_dashboard_msgs/local/lib/python3.10/dist-packages/ur_dashboard_msgs/ur_dashboard_msgs_s__rosidl_typesupport_introspection_c.cpython-310-aarch64-linux-gnu.so
[1.313s] -- Up-to-date symlink: /workspace/ur5_ws/install/ur_dashboard_msgs/local/lib/python3.10/dist-packages/ur_dashboard_msgs/ur_dashboard_msgs_s__rosidl_typesupport_fastrtps_c.cpython-310-aarch64-linux-gnu.so
[1.313s] -- Up-to-date symlink: /workspace/ur5_ws/install/ur_dashboard_msgs/local/lib/python3.10/dist-packages/ur_dashboard_msgs/ur_dashboard_msgs_s__rosidl_typesupport_introspection_c.cpython-310-aarch64-linux-gnu.so
[1.313s] -- Up-to-date symlink: /workspace/ur5_ws/install/ur_dashboard_msgs/local/lib/python3.10/dist-packages/ur_dashboard_msgs/ur_dashboard_msgs_s__rosidl_typesupport_c.cpython-310-aarch64-linux-gnu.so
[1.314s] -- Up-to-date symlink: /workspace/ur5_ws/install/ur_dashboard_msgs/share/ur_dashboard_msgs/msg/ProgramState.idl
[1.314s] -- Up-to-date symlink: /workspace/ur5_ws/install/ur_dashboard_msgs/share/ur_dashboard_msgs/msg/RobotMode.idl
[1.314s] -- Up-to-date symlink: /workspace/ur5_ws/install/ur_dashboard_msgs/share/ur_dashboard_msgs/msg/SafetyMode.idl
[1.314s] -- Up-to-date symlink: /workspace/ur5_ws/install/ur_dashboard_msgs/share/ur_dashboard_msgs/srv/AddToLog.idl
[1.316s] -- Up-to-date symlink: /workspace/ur5_ws/install/ur_dashboard_msgs/share/ur_dashboard_msgs/srv/GetLoadedProgram.idl
[1.316s] -- Up-to-date symlink: /workspace/ur5_ws/install/ur_dashboard_msgs/share/ur_dashboard_msgs/srv/GetProgramState.idl
[1.317s] -- Up-to-date symlink: /workspace/ur5_ws/install/ur_dashboard_msgs/share/ur_dashboard_msgs/srv/GetRobotMode.idl
[1.319s] -- Up-to-date symlink: /workspace/ur5_ws/install/ur_dashboard_msgs/share/ur_dashboard_msgs/srv/GetSafetyMode.idl
[1.326s] -- Up-to-date symlink: /workspace/ur5_ws/install/ur_dashboard_msgs/share/ur_dashboard_msgs/srv/IsProgramRunning.idl
[1.328s] -- Up-to-date symlink: /workspace/ur5_ws/install/ur_dashboard_msgs/share/ur_dashboard_msgs/srv/IsProgramSaved.idl
[1.329s] -- Up-to-date symlink: /workspace/ur5_ws/install/ur_dashboard_msgs/share/ur_dashboard_msgs/srv/Load.idl
[1.329s] -- Up-to-date symlink: /workspace/ur5_ws/install/ur_dashboard_msgs/share/ur_dashboard_msgs/srv/Popup.idl
[1.331s] -- Up-to-date symlink: /workspace/ur5_ws/install/ur_dashboard_msgs/share/ur_dashboard_msgs/srv/RawRequest.idl
[1.331s] -- Up-to-date symlink: /workspace/ur5_ws/install/ur_dashboard_msgs/share/ur_dashboard_msgs/srv/IsInRemoteControl.idl
[1.336s] -- Up-to-date symlink: /workspace/ur5_ws/install/ur_dashboard_msgs/share/ur_dashboard_msgs/action/SetMode.idl
[1.340s] -- Up-to-date symlink: /workspace/ur5_ws/install/ur_dashboard_msgs/share/ur_dashboard_msgs/msg/ProgramState.msg
[1.341s] -- Up-to-date symlink: /workspace/ur5_ws/install/ur_dashboard_msgs/share/ur_dashboard_msgs/msg/RobotMode.msg
[1.342s] -- Up-to-date symlink: /workspace/ur5_ws/install/ur_dashboard_msgs/share/ur_dashboard_msgs/msg/SafetyMode.msg
[1.343s] -- Up-to-date symlink: /workspace/ur5_ws/install/ur_dashboard_msgs/share/ur_dashboard_msgs/srv/AddToLog.srv
[1.343s] -- Up-to-date symlink: /workspace/ur5_ws/install/ur_dashboard_msgs/share/ur_dashboard_msgs/srv/AddToLog_Request.msg
[1.343s] -- Up-to-date symlink: /workspace/ur5_ws/install/ur_dashboard_msgs/share/ur_dashboard_msgs/srv/AddToLog_Response.msg
[1.344s] -- Up-to-date symlink: /workspace/ur5_ws/install/ur_dashboard_msgs/share/ur_dashboard_msgs/srv/GetLoadedProgram.srv
[1.344s] -- Up-to-date symlink: /workspace/ur5_ws/install/ur_dashboard_msgs/share/ur_dashboard_msgs/srv/GetLoadedProgram_Request.msg
[1.345s] -- Up-to-date symlink: /workspace/ur5_ws/install/ur_dashboard_msgs/share/ur_dashboard_msgs/srv/GetLoadedProgram_Response.msg
[1.345s] -- Up-to-date symlink: /workspace/ur5_ws/install/ur_dashboard_msgs/share/ur_dashboard_msgs/srv/GetProgramState.srv
[1.345s] -- Up-to-date symlink: /workspace/ur5_ws/install/ur_dashboard_msgs/share/ur_dashboard_msgs/srv/GetProgramState_Request.msg
[1.346s] -- Up-to-date symlink: /workspace/ur5_ws/install/ur_dashboard_msgs/share/ur_dashboard_msgs/srv/GetProgramState_Response.msg
[1.346s] -- Up-to-date symlink: /workspace/ur5_ws/install/ur_dashboard_msgs/share/ur_dashboard_msgs/srv/GetRobotMode.srv
[1.346s] -- Up-to-date symlink: /workspace/ur5_ws/install/ur_dashboard_msgs/share/ur_dashboard_msgs/srv/GetRobotMode_Request.msg
[1.346s] -- Up-to-date symlink: /workspace/ur5_ws/install/ur_dashboard_msgs/share/ur_dashboard_msgs/srv/GetRobotMode_Response.msg
[1.348s] -- Up-to-date symlink: /workspace/ur5_ws/install/ur_dashboard_msgs/share/ur_dashboard_msgs/srv/GetSafetyMode.srv
[1.348s] -- Up-to-date symlink: /workspace/ur5_ws/install/ur_dashboard_msgs/share/ur_dashboard_msgs/srv/GetSafetyMode_Request.msg
[1.348s] -- Up-to-date symlink: /workspace/ur5_ws/install/ur_dashboard_msgs/share/ur_dashboard_msgs/srv/GetSafetyMode_Response.msg
[1.348s] -- Up-to-date symlink: /workspace/ur5_ws/install/ur_dashboard_msgs/share/ur_dashboard_msgs/srv/IsProgramRunning.srv
[1.349s] -- Up-to-date symlink: /workspace/ur5_ws/install/ur_dashboard_msgs/share/ur_dashboard_msgs/srv/IsProgramRunning_Request.msg
[1.350s] -- Up-to-date symlink: /workspace/ur5_ws/install/ur_dashboard_msgs/share/ur_dashboard_msgs/srv/IsProgramRunning_Response.msg
[1.350s] -- Up-to-date symlink: /workspace/ur5_ws/install/ur_dashboard_msgs/share/ur_dashboard_msgs/srv/IsProgramSaved.srv
[1.351s] -- Up-to-date symlink: /workspace/ur5_ws/install/ur_dashboard_msgs/share/ur_dashboard_msgs/srv/IsProgramSaved_Request.msg
[1.351s] -- Up-to-date symlink: /workspace/ur5_ws/install/ur_dashboard_msgs/share/ur_dashboard_msgs/srv/IsProgramSaved_Response.msg
[1.352s] -- Up-to-date symlink: /workspace/ur5_ws/install/ur_dashboard_msgs/share/ur_dashboard_msgs/srv/Load.srv
[1.352s] -- Up-to-date symlink: /workspace/ur5_ws/install/ur_dashboard_msgs/share/ur_dashboard_msgs/srv/Load_Request.msg
[1.353s] -- Up-to-date symlink: /workspace/ur5_ws/install/ur_dashboard_msgs/share/ur_dashboard_msgs/srv/Load_Response.msg
[1.353s] -- Up-to-date symlink: /workspace/ur5_ws/install/ur_dashboard_msgs/share/ur_dashboard_msgs/srv/Popup.srv
[1.353s] -- Up-to-date symlink: /workspace/ur5_ws/install/ur_dashboard_msgs/share/ur_dashboard_msgs/srv/Popup_Request.msg
[1.354s] -- Up-to-date symlink: /workspace/ur5_ws/install/ur_dashboard_msgs/share/ur_dashboard_msgs/srv/Popup_Response.msg
[1.354s] -- Up-to-date symlink: /workspace/ur5_ws/install/ur_dashboard_msgs/share/ur_dashboard_msgs/srv/RawRequest.srv
[1.355s] -- Up-to-date symlink: /workspace/ur5_ws/install/ur_dashboard_msgs/share/ur_dashboard_msgs/srv/RawRequest_Request.msg
[1.355s] -- Up-to-date symlink: /workspace/ur5_ws/install/ur_dashboard_msgs/share/ur_dashboard_msgs/srv/RawRequest_Response.msg
[1.356s] -- Up-to-date symlink: /workspace/ur5_ws/install/ur_dashboard_msgs/share/ur_dashboard_msgs/srv/IsInRemoteControl.srv
[1.356s] -- Up-to-date symlink: /workspace/ur5_ws/install/ur_dashboard_msgs/share/ur_dashboard_msgs/srv/IsInRemoteControl_Request.msg
[1.356s] -- Up-to-date symlink: /workspace/ur5_ws/install/ur_dashboard_msgs/share/ur_dashboard_msgs/srv/IsInRemoteControl_Response.msg
[1.357s] -- Up-to-date symlink: /workspace/ur5_ws/install/ur_dashboard_msgs/share/ur_dashboard_msgs/action/SetMode.action
[1.357s] -- Up-to-date symlink: /workspace/ur5_ws/install/ur_dashboard_msgs/share/ament_index/resource_index/package_run_dependencies/ur_dashboard_msgs
[1.358s] -- Up-to-date symlink: /workspace/ur5_ws/install/ur_dashboard_msgs/share/ament_index/resource_index/parent_prefix_path/ur_dashboard_msgs
[1.359s] -- Up-to-date symlink: /workspace/ur5_ws/install/ur_dashboard_msgs/share/ur_dashboard_msgs/environment/ament_prefix_path.sh
[1.359s] -- Up-to-date symlink: /workspace/ur5_ws/install/ur_dashboard_msgs/share/ur_dashboard_msgs/environment/ament_prefix_path.dsv
[1.360s] -- Up-to-date symlink: /workspace/ur5_ws/install/ur_dashboard_msgs/share/ur_dashboard_msgs/environment/path.sh
[1.360s] -- Up-to-date symlink: /workspace/ur5_ws/install/ur_dashboard_msgs/share/ur_dashboard_msgs/environment/path.dsv
[1.360s] -- Up-to-date symlink: /workspace/ur5_ws/install/ur_dashboard_msgs/share/ur_dashboard_msgs/local_setup.bash
[1.360s] -- Up-to-date symlink: /workspace/ur5_ws/install/ur_dashboard_msgs/share/ur_dashboard_msgs/local_setup.sh
[1.361s] -- Up-to-date symlink: /workspace/ur5_ws/install/ur_dashboard_msgs/share/ur_dashboard_msgs/local_setup.zsh
[1.361s] -- Up-to-date symlink: /workspace/ur5_ws/install/ur_dashboard_msgs/share/ur_dashboard_msgs/local_setup.dsv
[1.361s] -- Symlinking: /workspace/ur5_ws/install/ur_dashboard_msgs/share/ur_dashboard_msgs/package.dsv
[1.361s] -- Up-to-date symlink: /workspace/ur5_ws/install/ur_dashboard_msgs/share/ament_index/resource_index/packages/ur_dashboard_msgs
[1.362s] -- Up-to-date symlink: /workspace/ur5_ws/install/ur_dashboard_msgs/share/ur_dashboard_msgs/cmake/rosidl_cmake-extras.cmake
[1.362s] -- Up-to-date symlink: /workspace/ur5_ws/install/ur_dashboard_msgs/share/ur_dashboard_msgs/cmake/ament_cmake_export_dependencies-extras.cmake
[1.363s] -- Up-to-date symlink: /workspace/ur5_ws/install/ur_dashboard_msgs/share/ur_dashboard_msgs/cmake/ament_cmake_export_include_directories-extras.cmake
[1.363s] -- Up-to-date symlink: /workspace/ur5_ws/install/ur_dashboard_msgs/share/ur_dashboard_msgs/cmake/ament_cmake_export_libraries-extras.cmake
[1.363s] -- Up-to-date symlink: /workspace/ur5_ws/install/ur_dashboard_msgs/share/ur_dashboard_msgs/cmake/ament_cmake_export_targets-extras.cmake
[1.364s] -- Up-to-date symlink: /workspace/ur5_ws/install/ur_dashboard_msgs/share/ur_dashboard_msgs/cmake/rosidl_cmake_export_typesupport_targets-extras.cmake
[1.364s] -- Up-to-date symlink: /workspace/ur5_ws/install/ur_dashboard_msgs/share/ur_dashboard_msgs/cmake/rosidl_cmake_export_typesupport_libraries-extras.cmake
[1.365s] -- Up-to-date symlink: /workspace/ur5_ws/install/ur_dashboard_msgs/share/ur_dashboard_msgs/cmake/ur_dashboard_msgsConfig.cmake
[1.366s] -- Up-to-date symlink: /workspace/ur5_ws/install/ur_dashboard_msgs/share/ur_dashboard_msgs/cmake/ur_dashboard_msgsConfig-version.cmake
[1.367s] -- Up-to-date symlink: /workspace/ur5_ws/install/ur_dashboard_msgs/share/ur_dashboard_msgs/package.xml
[1.368s] -- Up-to-date: /workspace/ur5_ws/install/ur_dashboard_msgs/lib/libur_dashboard_msgs__rosidl_generator_c.so
[1.369s] -- Up-to-date: /workspace/ur5_ws/install/ur_dashboard_msgs/lib/libur_dashboard_msgs__rosidl_typesupport_fastrtps_c.so
[1.369s] -- Up-to-date: /workspace/ur5_ws/install/ur_dashboard_msgs/lib/libur_dashboard_msgs__rosidl_typesupport_introspection_c.so
[1.369s] -- Up-to-date: /workspace/ur5_ws/install/ur_dashboard_msgs/lib/libur_dashboard_msgs__rosidl_typesupport_c.so
[1.370s] -- Up-to-date: /workspace/ur5_ws/install/ur_dashboard_msgs/lib/libur_dashboard_msgs__rosidl_typesupport_fastrtps_cpp.so
[1.370s] -- Up-to-date: /workspace/ur5_ws/install/ur_dashboard_msgs/lib/libur_dashboard_msgs__rosidl_typesupport_introspection_cpp.so
[1.370s] -- Up-to-date: /workspace/ur5_ws/install/ur_dashboard_msgs/lib/libur_dashboard_msgs__rosidl_typesupport_cpp.so
[1.371s] Listing '/workspace/ur5_ws/install/ur_dashboard_msgs/local/lib/python3.10/dist-packages/ur_dashboard_msgs'...
[1.371s] Listing '/workspace/ur5_ws/install/ur_dashboard_msgs/local/lib/python3.10/dist-packages/ur_dashboard_msgs/action'...
[1.371s] Listing '/workspace/ur5_ws/install/ur_dashboard_msgs/local/lib/python3.10/dist-packages/ur_dashboard_msgs/msg'...
[1.371s] Listing '/workspace/ur5_ws/install/ur_dashboard_msgs/local/lib/python3.10/dist-packages/ur_dashboard_msgs/srv'...
[1.372s] -- Up-to-date: /workspace/ur5_ws/install/ur_dashboard_msgs/lib/libur_dashboard_msgs__rosidl_generator_py.so
[1.372s] -- Up-to-date: /workspace/ur5_ws/install/ur_dashboard_msgs/share/ur_dashboard_msgs/cmake/export_ur_dashboard_msgs__rosidl_generator_cExport.cmake
[1.372s] -- Up-to-date: /workspace/ur5_ws/install/ur_dashboard_msgs/share/ur_dashboard_msgs/cmake/export_ur_dashboard_msgs__rosidl_generator_cExport-noconfig.cmake
[1.373s] -- Up-to-date: /workspace/ur5_ws/install/ur_dashboard_msgs/share/ur_dashboard_msgs/cmake/export_ur_dashboard_msgs__rosidl_typesupport_fastrtps_cExport.cmake
[1.373s] -- Up-to-date: /workspace/ur5_ws/install/ur_dashboard_msgs/share/ur_dashboard_msgs/cmake/export_ur_dashboard_msgs__rosidl_typesupport_fastrtps_cExport-noconfig.cmake
[1.373s] -- Up-to-date: /workspace/ur5_ws/install/ur_dashboard_msgs/share/ur_dashboard_msgs/cmake/ur_dashboard_msgs__rosidl_typesupport_introspection_cExport.cmake
[1.373s] -- Up-to-date: /workspace/ur5_ws/install/ur_dashboard_msgs/share/ur_dashboard_msgs/cmake/ur_dashboard_msgs__rosidl_typesupport_introspection_cExport-noconfig.cmake
[1.374s] -- Up-to-date: /workspace/ur5_ws/install/ur_dashboard_msgs/share/ur_dashboard_msgs/cmake/ur_dashboard_msgs__rosidl_typesupport_cExport.cmake
[1.374s] -- Up-to-date: /workspace/ur5_ws/install/ur_dashboard_msgs/share/ur_dashboard_msgs/cmake/ur_dashboard_msgs__rosidl_typesupport_cExport-noconfig.cmake
[1.375s] -- Up-to-date: /workspace/ur5_ws/install/ur_dashboard_msgs/share/ur_dashboard_msgs/cmake/export_ur_dashboard_msgs__rosidl_generator_cppExport.cmake
[1.375s] -- Up-to-date: /workspace/ur5_ws/install/ur_dashboard_msgs/share/ur_dashboard_msgs/cmake/export_ur_dashboard_msgs__rosidl_typesupport_fastrtps_cppExport.cmake
[1.376s] -- Up-to-date: /workspace/ur5_ws/install/ur_dashboard_msgs/share/ur_dashboard_msgs/cmake/export_ur_dashboard_msgs__rosidl_typesupport_fastrtps_cppExport-noconfig.cmake
[1.380s] -- Up-to-date: /workspace/ur5_ws/install/ur_dashboard_msgs/share/ur_dashboard_msgs/cmake/ur_dashboard_msgs__rosidl_typesupport_introspection_cppExport.cmake
[1.381s] -- Up-to-date: /workspace/ur5_ws/install/ur_dashboard_msgs/share/ur_dashboard_msgs/cmake/ur_dashboard_msgs__rosidl_typesupport_introspection_cppExport-noconfig.cmake
[1.382s] -- Up-to-date: /workspace/ur5_ws/install/ur_dashboard_msgs/share/ur_dashboard_msgs/cmake/ur_dashboard_msgs__rosidl_typesupport_cppExport.cmake
[1.384s] -- Up-to-date: /workspace/ur5_ws/install/ur_dashboard_msgs/share/ur_dashboard_msgs/cmake/ur_dashboard_msgs__rosidl_typesupport_cppExport-noconfig.cmake
[1.387s] -- Up-to-date: /workspace/ur5_ws/install/ur_dashboard_msgs/share/ur_dashboard_msgs/cmake/export_ur_dashboard_msgs__rosidl_generator_pyExport.cmake
[1.389s] -- Up-to-date: /workspace/ur5_ws/install/ur_dashboard_msgs/share/ur_dashboard_msgs/cmake/export_ur_dashboard_msgs__rosidl_generator_pyExport-noconfig.cmake
[1.389s] Invoked command in '/workspace/ur5_ws/build/ur_dashboard_msgs' returned '0': CMAKE_PREFIX_PATH=/opt/ros/humble /usr/bin/cmake --install /workspace/ur5_ws/build/ur_dashboard_msgs
