-- Found ament_cmake: 1.3.12 (/opt/ros/humble/share/ament_cmake/cmake)
-- Override CMake install command with custom implementation using symlinks instead of copying resources
-- Found rclcpp: 16.0.17 (/opt/ros/humble/share/rclcpp/cmake)
-- Found rosidl_generator_c: 3.1.8 (/opt/ros/humble/share/rosidl_generator_c/cmake)
-- Found rosidl_adapter: 3.1.8 (/opt/ros/humble/share/rosidl_adapter/cmake)
-- Found rosidl_generator_cpp: 3.1.8 (/opt/ros/humble/share/rosidl_generator_cpp/cmake)
-- Using all available rosidl_typesupport_c: rosidl_typesupport_fastrtps_c;rosidl_typesupport_introspection_c
-- Using all available rosidl_typesupport_cpp: rosidl_typesupport_fastrtps_cpp;rosidl_typesupport_introspection_cpp
-- Found rmw_implementation_cmake: 6.1.2 (/opt/ros/humble/share/rmw_implementation_cmake/cmake)
-- Found rmw_fastrtps_cpp: 6.2.9 (/opt/ros/humble/share/rmw_fastrtps_cpp/cmake)
-- Using RMW implementation 'rmw_fastrtps_cpp' as default
-- Found geometry_msgs: 4.9.0 (/opt/ros/humble/share/geometry_msgs/cmake)
-- Found tf2_geometry_msgs: 0.25.18 (/opt/ros/humble/share/tf2_geometry_msgs/cmake)
-- Found eigen3_cmake_module: 0.1.1 (/opt/ros/humble/share/eigen3_cmake_module/cmake)
-- Ensuring Eigen3 include directory is part of orocos-kdl CMake target
-- Found moveit_core: 2.5.9 (/opt/ros/humble/share/moveit_core/cmake)
-- Found Boost: /usr/lib/aarch64-linux-gnu/cmake/Boost-1.74.0/BoostConfig.cmake (found version "1.74.0") found components: chrono date_time filesystem iostreams program_options regex serialization system thread 
-- Found parameter_traits: 0.6.0 (/opt/ros/humble/share/parameter_traits/cmake)
-- Found rclcpp_lifecycle: 16.0.17 (/opt/ros/humble/share/rclcpp_lifecycle/cmake)
-- Found Boost: /usr/lib/aarch64-linux-gnu/cmake/Boost-1.74.0/BoostConfig.cmake (found version "1.74.0") found components: filesystem 
-- library: /usr/lib/aarch64-linux-gnu/libcurl.so
-- Found moveit_ros_planning_interface: 2.5.9 (/opt/ros/humble/share/moveit_ros_planning_interface/cmake)
-- Found Boost: /usr/lib/aarch64-linux-gnu/cmake/Boost-1.74.0/BoostConfig.cmake (found version "1.74.0") found components: date_time filesystem program_options system thread 
-- Found Boost: /usr/lib/aarch64-linux-gnu/cmake/Boost-1.74.0/BoostConfig.cmake (found version "1.74.0") found components: system filesystem date_time program_options thread chrono 
-- Found Boost: /usr/lib/aarch64-linux-gnu/cmake/Boost-1.74.0/BoostConfig.cmake (found version "1.74.0") found components: thread system filesystem regex date_time program_options 
-- Found Boost: /usr/lib/aarch64-linux-gnu/cmake/Boost-1.74.0/BoostConfig.cmake (found version "1.74.0") found components: system filesystem date_time program_options thread 
-- Found moveit_kinematics: 2.5.9 (/opt/ros/humble/share/moveit_kinematics/cmake)
-- Found Boost: /usr/lib/aarch64-linux-gnu/cmake/Boost-1.74.0/BoostConfig.cmake (found version "1.74.0") found components: program_options system 
-- Configuring done
-- Generating done
-- Build files have been written to: /workspace/ur5_ws/build/ur5_kdl_ik
Consolidate compiler generated dependencies of target ur5_kdl_ik_baseline
[100%] Built target ur5_kdl_ik_baseline
-- Install configuration: ""
-- Execute custom install script
-- Up-to-date symlink: /workspace/ur5_ws/install/ur5_kdl_ik/lib/ur5_kdl_ik/ur5_kdl_ik_baseline
-- Up-to-date symlink: /workspace/ur5_ws/install/ur5_kdl_ik/share/ur5_kdl_ik/launch/run_ik_baseline.launch.py
-- Up-to-date symlink: /workspace/ur5_ws/install/ur5_kdl_ik/share/ament_index/resource_index/package_run_dependencies/ur5_kdl_ik
-- Up-to-date symlink: /workspace/ur5_ws/install/ur5_kdl_ik/share/ament_index/resource_index/parent_prefix_path/ur5_kdl_ik
-- Up-to-date symlink: /workspace/ur5_ws/install/ur5_kdl_ik/share/ur5_kdl_ik/environment/ament_prefix_path.sh
-- Up-to-date symlink: /workspace/ur5_ws/install/ur5_kdl_ik/share/ur5_kdl_ik/environment/ament_prefix_path.dsv
-- Up-to-date symlink: /workspace/ur5_ws/install/ur5_kdl_ik/share/ur5_kdl_ik/environment/path.sh
-- Up-to-date symlink: /workspace/ur5_ws/install/ur5_kdl_ik/share/ur5_kdl_ik/environment/path.dsv
-- Up-to-date symlink: /workspace/ur5_ws/install/ur5_kdl_ik/share/ur5_kdl_ik/local_setup.bash
-- Up-to-date symlink: /workspace/ur5_ws/install/ur5_kdl_ik/share/ur5_kdl_ik/local_setup.sh
-- Up-to-date symlink: /workspace/ur5_ws/install/ur5_kdl_ik/share/ur5_kdl_ik/local_setup.zsh
-- Up-to-date symlink: /workspace/ur5_ws/install/ur5_kdl_ik/share/ur5_kdl_ik/local_setup.dsv
-- Symlinking: /workspace/ur5_ws/install/ur5_kdl_ik/share/ur5_kdl_ik/package.dsv
-- Up-to-date symlink: /workspace/ur5_ws/install/ur5_kdl_ik/share/ament_index/resource_index/packages/ur5_kdl_ik
-- Up-to-date symlink: /workspace/ur5_ws/install/ur5_kdl_ik/share/ur5_kdl_ik/cmake/ur5_kdl_ikConfig.cmake
-- Up-to-date symlink: /workspace/ur5_ws/install/ur5_kdl_ik/share/ur5_kdl_ik/cmake/ur5_kdl_ikConfig-version.cmake
-- Up-to-date symlink: /workspace/ur5_ws/install/ur5_kdl_ik/share/ur5_kdl_ik/package.xml
