[0.081s] DEBUG:colcon:Command line arguments: ['/usr/bin/colcon', 'build', '--symlink-install']
[0.081s] DEBUG:colcon:Parsed command line arguments: Namespace(log_base=None, log_level=None, verb_name='build', build_base='build', install_base='install', merge_install=False, symlink_install=True, test_result_base=None, continue_on_error=False, executor='parallel', parallel_workers=11, event_handlers=None, ignore_user_meta=False, metas=['./colcon.meta'], base_paths=['.'], packages_ignore=None, packages_ignore_regex=None, paths=None, packages_up_to=None, packages_up_to_regex=None, packages_above=None, packages_above_and_dependencies=None, packages_above_depth=None, packages_select_by_dep=None, packages_skip_by_dep=None, packages_skip_up_to=None, packages_select_build_failed=False, packages_skip_build_finished=False, packages_select_test_failures=False, packages_skip_test_passed=False, packages_select=None, packages_skip=None, packages_select_regex=None, packages_skip_regex=None, packages_start=None, packages_end=None, cmake_args=None, cmake_target=None, cmake_target_skip_unavailable=False, cmake_clean_cache=False, cmake_clean_first=False, cmake_force_configure=False, ament_cmake_args=None, catkin_cmake_args=None, catkin_skip_building_tests=False, mixin_files=None, mixin=None, verb_parser=<colcon_mixin.mixin.mixin_argument.MixinArgumentDecorator object at 0xffff87a8e3e0>, verb_extension=<colcon_core.verb.build.BuildVerb object at 0xffff87a8d9c0>, main=<bound method BuildVerb.main of <colcon_core.verb.build.BuildVerb object at 0xffff87a8d9c0>>, mixin_verb=('build',))
[0.207s] Level 1:colcon.colcon_core.package_discovery:discover_packages(colcon_meta) check parameters
[0.207s] INFO:colcon.colcon_metadata.package_discovery.colcon_meta:Using configuration from '/root/.colcon/metadata/default/Gazebo.meta'
[0.207s] INFO:colcon.colcon_metadata.package_discovery.colcon_meta:Using configuration from '/root/.colcon/metadata/default/fastdds.meta'
[0.208s] INFO:colcon.colcon_metadata.package_discovery.colcon_meta:Using configuration from '/root/.colcon/metadata/default/fastrtps.meta'
[0.208s] Level 1:colcon.colcon_core.package_discovery:discover_packages(recursive) check parameters
[0.208s] Level 1:colcon.colcon_core.package_discovery:discover_packages(ignore) check parameters
[0.208s] Level 1:colcon.colcon_core.package_discovery:discover_packages(path) check parameters
[0.208s] Level 1:colcon.colcon_core.package_discovery:discover_packages(colcon_meta) discover
[0.208s] Level 1:colcon.colcon_core.package_discovery:discover_packages(recursive) discover
[0.209s] INFO:colcon.colcon_core.package_discovery:Crawling recursively for packages in '/workspace/ur5_ws'
[0.209s] Level 1:colcon.colcon_core.package_identification:_identify(.) by extensions ['ignore', 'ignore_ament_install']
[0.209s] Level 1:colcon.colcon_core.package_identification:_identify(.) by extension 'ignore'
[0.209s] Level 1:colcon.colcon_core.package_identification:_identify(.) by extension 'ignore_ament_install'
[0.210s] Level 1:colcon.colcon_core.package_identification:_identify(.) by extensions ['colcon_pkg']
[0.210s] Level 1:colcon.colcon_core.package_identification:_identify(.) by extension 'colcon_pkg'
[0.210s] Level 1:colcon.colcon_core.package_identification:_identify(.) by extensions ['colcon_meta']
[0.210s] Level 1:colcon.colcon_core.package_identification:_identify(.) by extension 'colcon_meta'
[0.210s] Level 1:colcon.colcon_core.package_identification:_identify(.) by extensions ['ros']
[0.210s] Level 1:colcon.colcon_core.package_identification:_identify(.) by extension 'ros'
[0.221s] Level 1:colcon.colcon_core.package_identification:_identify(.) by extensions ['cmake', 'python']
[0.221s] Level 1:colcon.colcon_core.package_identification:_identify(.) by extension 'cmake'
[0.221s] Level 1:colcon.colcon_core.package_identification:_identify(.) by extension 'python'
[0.221s] Level 1:colcon.colcon_core.package_identification:_identify(.) by extensions ['python_setup_py']
[0.222s] Level 1:colcon.colcon_core.package_identification:_identify(.) by extension 'python_setup_py'
[0.223s] Level 1:colcon.colcon_core.package_identification:_identify(build) by extensions ['ignore', 'ignore_ament_install']
[0.223s] Level 1:colcon.colcon_core.package_identification:_identify(build) by extension 'ignore'
[0.223s] Level 1:colcon.colcon_core.package_identification:_identify(build) ignored
[0.224s] Level 1:colcon.colcon_core.package_identification:_identify(install) by extensions ['ignore', 'ignore_ament_install']
[0.224s] Level 1:colcon.colcon_core.package_identification:_identify(install) by extension 'ignore'
[0.224s] Level 1:colcon.colcon_core.package_identification:_identify(install) ignored
[0.226s] Level 1:colcon.colcon_core.package_identification:_identify(log) by extensions ['ignore', 'ignore_ament_install']
[0.226s] Level 1:colcon.colcon_core.package_identification:_identify(log) by extension 'ignore'
[0.226s] Level 1:colcon.colcon_core.package_identification:_identify(log) ignored
[0.226s] Level 1:colcon.colcon_core.package_identification:_identify(src) by extensions ['ignore', 'ignore_ament_install']
[0.226s] Level 1:colcon.colcon_core.package_identification:_identify(src) by extension 'ignore'
[0.226s] Level 1:colcon.colcon_core.package_identification:_identify(src) by extension 'ignore_ament_install'
[0.227s] Level 1:colcon.colcon_core.package_identification:_identify(src) by extensions ['colcon_pkg']
[0.227s] Level 1:colcon.colcon_core.package_identification:_identify(src) by extension 'colcon_pkg'
[0.227s] Level 1:colcon.colcon_core.package_identification:_identify(src) by extensions ['colcon_meta']
[0.227s] Level 1:colcon.colcon_core.package_identification:_identify(src) by extension 'colcon_meta'
[0.227s] Level 1:colcon.colcon_core.package_identification:_identify(src) by extensions ['ros']
[0.227s] Level 1:colcon.colcon_core.package_identification:_identify(src) by extension 'ros'
[0.228s] Level 1:colcon.colcon_core.package_identification:_identify(src) by extensions ['cmake', 'python']
[0.228s] Level 1:colcon.colcon_core.package_identification:_identify(src) by extension 'cmake'
[0.228s] Level 1:colcon.colcon_core.package_identification:_identify(src) by extension 'python'
[0.228s] Level 1:colcon.colcon_core.package_identification:_identify(src) by extensions ['python_setup_py']
[0.228s] Level 1:colcon.colcon_core.package_identification:_identify(src) by extension 'python_setup_py'
[0.230s] Level 1:colcon.colcon_core.package_identification:_identify(src/Universal_Robots_ROS2_Description) by extensions ['ignore', 'ignore_ament_install']
[0.230s] Level 1:colcon.colcon_core.package_identification:_identify(src/Universal_Robots_ROS2_Description) by extension 'ignore'
[0.230s] Level 1:colcon.colcon_core.package_identification:_identify(src/Universal_Robots_ROS2_Description) by extension 'ignore_ament_install'
[0.230s] Level 1:colcon.colcon_core.package_identification:_identify(src/Universal_Robots_ROS2_Description) by extensions ['colcon_pkg']
[0.231s] Level 1:colcon.colcon_core.package_identification:_identify(src/Universal_Robots_ROS2_Description) by extension 'colcon_pkg'
[0.231s] Level 1:colcon.colcon_core.package_identification:_identify(src/Universal_Robots_ROS2_Description) by extensions ['colcon_meta']
[0.231s] Level 1:colcon.colcon_core.package_identification:_identify(src/Universal_Robots_ROS2_Description) by extension 'colcon_meta'
[0.231s] Level 1:colcon.colcon_core.package_identification:_identify(src/Universal_Robots_ROS2_Description) by extensions ['ros']
[0.231s] Level 1:colcon.colcon_core.package_identification:_identify(src/Universal_Robots_ROS2_Description) by extension 'ros'
[0.235s] DEBUG:colcon.colcon_core.package_identification:Package 'src/Universal_Robots_ROS2_Description' with type 'ros.ament_cmake' and name 'ur_description'
[0.236s] Level 1:colcon.colcon_core.package_identification:_identify(src/Universal_Robots_ROS2_Driver) by extensions ['ignore', 'ignore_ament_install']
[0.236s] Level 1:colcon.colcon_core.package_identification:_identify(src/Universal_Robots_ROS2_Driver) by extension 'ignore'
[0.236s] Level 1:colcon.colcon_core.package_identification:_identify(src/Universal_Robots_ROS2_Driver) by extension 'ignore_ament_install'
[0.236s] Level 1:colcon.colcon_core.package_identification:_identify(src/Universal_Robots_ROS2_Driver) by extensions ['colcon_pkg']
[0.236s] Level 1:colcon.colcon_core.package_identification:_identify(src/Universal_Robots_ROS2_Driver) by extension 'colcon_pkg'
[0.236s] Level 1:colcon.colcon_core.package_identification:_identify(src/Universal_Robots_ROS2_Driver) by extensions ['colcon_meta']
[0.236s] Level 1:colcon.colcon_core.package_identification:_identify(src/Universal_Robots_ROS2_Driver) by extension 'colcon_meta'
[0.237s] Level 1:colcon.colcon_core.package_identification:_identify(src/Universal_Robots_ROS2_Driver) by extensions ['ros']
[0.237s] Level 1:colcon.colcon_core.package_identification:_identify(src/Universal_Robots_ROS2_Driver) by extension 'ros'
[0.238s] Level 1:colcon.colcon_core.package_identification:_identify(src/Universal_Robots_ROS2_Driver) by extensions ['cmake', 'python']
[0.238s] Level 1:colcon.colcon_core.package_identification:_identify(src/Universal_Robots_ROS2_Driver) by extension 'cmake'
[0.238s] Level 1:colcon.colcon_core.package_identification:_identify(src/Universal_Robots_ROS2_Driver) by extension 'python'
[0.238s] Level 1:colcon.colcon_core.package_identification:_identify(src/Universal_Robots_ROS2_Driver) by extensions ['python_setup_py']
[0.238s] Level 1:colcon.colcon_core.package_identification:_identify(src/Universal_Robots_ROS2_Driver) by extension 'python_setup_py'
[0.239s] Level 1:colcon.colcon_core.package_identification:_identify(src/Universal_Robots_ROS2_Driver/ur) by extensions ['ignore', 'ignore_ament_install']
[0.239s] Level 1:colcon.colcon_core.package_identification:_identify(src/Universal_Robots_ROS2_Driver/ur) by extension 'ignore'
[0.239s] Level 1:colcon.colcon_core.package_identification:_identify(src/Universal_Robots_ROS2_Driver/ur) by extension 'ignore_ament_install'
[0.239s] Level 1:colcon.colcon_core.package_identification:_identify(src/Universal_Robots_ROS2_Driver/ur) by extensions ['colcon_pkg']
[0.239s] Level 1:colcon.colcon_core.package_identification:_identify(src/Universal_Robots_ROS2_Driver/ur) by extension 'colcon_pkg'
[0.240s] Level 1:colcon.colcon_core.package_identification:_identify(src/Universal_Robots_ROS2_Driver/ur) by extensions ['colcon_meta']
[0.240s] Level 1:colcon.colcon_core.package_identification:_identify(src/Universal_Robots_ROS2_Driver/ur) by extension 'colcon_meta'
[0.240s] Level 1:colcon.colcon_core.package_identification:_identify(src/Universal_Robots_ROS2_Driver/ur) by extensions ['ros']
[0.240s] Level 1:colcon.colcon_core.package_identification:_identify(src/Universal_Robots_ROS2_Driver/ur) by extension 'ros'
[0.240s] DEBUG:colcon.colcon_core.package_identification:Package 'src/Universal_Robots_ROS2_Driver/ur' with type 'ros.ament_cmake' and name 'ur'
[0.241s] Level 1:colcon.colcon_core.package_identification:_identify(src/Universal_Robots_ROS2_Driver/ur_calibration) by extensions ['ignore', 'ignore_ament_install']
[0.241s] Level 1:colcon.colcon_core.package_identification:_identify(src/Universal_Robots_ROS2_Driver/ur_calibration) by extension 'ignore'
[0.242s] Level 1:colcon.colcon_core.package_identification:_identify(src/Universal_Robots_ROS2_Driver/ur_calibration) by extension 'ignore_ament_install'
[0.242s] Level 1:colcon.colcon_core.package_identification:_identify(src/Universal_Robots_ROS2_Driver/ur_calibration) by extensions ['colcon_pkg']
[0.242s] Level 1:colcon.colcon_core.package_identification:_identify(src/Universal_Robots_ROS2_Driver/ur_calibration) by extension 'colcon_pkg'
[0.242s] Level 1:colcon.colcon_core.package_identification:_identify(src/Universal_Robots_ROS2_Driver/ur_calibration) by extensions ['colcon_meta']
[0.242s] Level 1:colcon.colcon_core.package_identification:_identify(src/Universal_Robots_ROS2_Driver/ur_calibration) by extension 'colcon_meta'
[0.242s] Level 1:colcon.colcon_core.package_identification:_identify(src/Universal_Robots_ROS2_Driver/ur_calibration) by extensions ['ros']
[0.242s] Level 1:colcon.colcon_core.package_identification:_identify(src/Universal_Robots_ROS2_Driver/ur_calibration) by extension 'ros'
[0.243s] DEBUG:colcon.colcon_core.package_identification:Package 'src/Universal_Robots_ROS2_Driver/ur_calibration' with type 'ros.ament_cmake' and name 'ur_calibration'
[0.244s] Level 1:colcon.colcon_core.package_identification:_identify(src/Universal_Robots_ROS2_Driver/ur_controllers) by extensions ['ignore', 'ignore_ament_install']
[0.244s] Level 1:colcon.colcon_core.package_identification:_identify(src/Universal_Robots_ROS2_Driver/ur_controllers) by extension 'ignore'
[0.244s] Level 1:colcon.colcon_core.package_identification:_identify(src/Universal_Robots_ROS2_Driver/ur_controllers) by extension 'ignore_ament_install'
[0.245s] Level 1:colcon.colcon_core.package_identification:_identify(src/Universal_Robots_ROS2_Driver/ur_controllers) by extensions ['colcon_pkg']
[0.245s] Level 1:colcon.colcon_core.package_identification:_identify(src/Universal_Robots_ROS2_Driver/ur_controllers) by extension 'colcon_pkg'
[0.245s] Level 1:colcon.colcon_core.package_identification:_identify(src/Universal_Robots_ROS2_Driver/ur_controllers) by extensions ['colcon_meta']
[0.245s] Level 1:colcon.colcon_core.package_identification:_identify(src/Universal_Robots_ROS2_Driver/ur_controllers) by extension 'colcon_meta'
[0.245s] Level 1:colcon.colcon_core.package_identification:_identify(src/Universal_Robots_ROS2_Driver/ur_controllers) by extensions ['ros']
[0.245s] Level 1:colcon.colcon_core.package_identification:_identify(src/Universal_Robots_ROS2_Driver/ur_controllers) by extension 'ros'
[0.248s] DEBUG:colcon.colcon_core.package_identification:Package 'src/Universal_Robots_ROS2_Driver/ur_controllers' with type 'ros.ament_cmake' and name 'ur_controllers'
[0.249s] Level 1:colcon.colcon_core.package_identification:_identify(src/Universal_Robots_ROS2_Driver/ur_dashboard_msgs) by extensions ['ignore', 'ignore_ament_install']
[0.249s] Level 1:colcon.colcon_core.package_identification:_identify(src/Universal_Robots_ROS2_Driver/ur_dashboard_msgs) by extension 'ignore'
[0.249s] Level 1:colcon.colcon_core.package_identification:_identify(src/Universal_Robots_ROS2_Driver/ur_dashboard_msgs) by extension 'ignore_ament_install'
[0.249s] Level 1:colcon.colcon_core.package_identification:_identify(src/Universal_Robots_ROS2_Driver/ur_dashboard_msgs) by extensions ['colcon_pkg']
[0.250s] Level 1:colcon.colcon_core.package_identification:_identify(src/Universal_Robots_ROS2_Driver/ur_dashboard_msgs) by extension 'colcon_pkg'
[0.250s] Level 1:colcon.colcon_core.package_identification:_identify(src/Universal_Robots_ROS2_Driver/ur_dashboard_msgs) by extensions ['colcon_meta']
[0.251s] Level 1:colcon.colcon_core.package_identification:_identify(src/Universal_Robots_ROS2_Driver/ur_dashboard_msgs) by extension 'colcon_meta'
[0.251s] Level 1:colcon.colcon_core.package_identification:_identify(src/Universal_Robots_ROS2_Driver/ur_dashboard_msgs) by extensions ['ros']
[0.251s] Level 1:colcon.colcon_core.package_identification:_identify(src/Universal_Robots_ROS2_Driver/ur_dashboard_msgs) by extension 'ros'
[0.253s] DEBUG:colcon.colcon_core.package_identification:Package 'src/Universal_Robots_ROS2_Driver/ur_dashboard_msgs' with type 'ros.ament_cmake' and name 'ur_dashboard_msgs'
[0.253s] Level 1:colcon.colcon_core.package_identification:_identify(src/Universal_Robots_ROS2_Driver/ur_moveit_config) by extensions ['ignore', 'ignore_ament_install']
[0.253s] Level 1:colcon.colcon_core.package_identification:_identify(src/Universal_Robots_ROS2_Driver/ur_moveit_config) by extension 'ignore'
[0.253s] Level 1:colcon.colcon_core.package_identification:_identify(src/Universal_Robots_ROS2_Driver/ur_moveit_config) by extension 'ignore_ament_install'
[0.254s] Level 1:colcon.colcon_core.package_identification:_identify(src/Universal_Robots_ROS2_Driver/ur_moveit_config) by extensions ['colcon_pkg']
[0.254s] Level 1:colcon.colcon_core.package_identification:_identify(src/Universal_Robots_ROS2_Driver/ur_moveit_config) by extension 'colcon_pkg'
[0.254s] Level 1:colcon.colcon_core.package_identification:_identify(src/Universal_Robots_ROS2_Driver/ur_moveit_config) by extensions ['colcon_meta']
[0.254s] Level 1:colcon.colcon_core.package_identification:_identify(src/Universal_Robots_ROS2_Driver/ur_moveit_config) by extension 'colcon_meta'
[0.255s] Level 1:colcon.colcon_core.package_identification:_identify(src/Universal_Robots_ROS2_Driver/ur_moveit_config) by extensions ['ros']
[0.255s] Level 1:colcon.colcon_core.package_identification:_identify(src/Universal_Robots_ROS2_Driver/ur_moveit_config) by extension 'ros'
[0.256s] DEBUG:colcon.colcon_core.package_identification:Package 'src/Universal_Robots_ROS2_Driver/ur_moveit_config' with type 'ros.ament_cmake' and name 'ur_moveit_config'
[0.257s] Level 1:colcon.colcon_core.package_identification:_identify(src/Universal_Robots_ROS2_Driver/ur_robot_driver) by extensions ['ignore', 'ignore_ament_install']
[0.257s] Level 1:colcon.colcon_core.package_identification:_identify(src/Universal_Robots_ROS2_Driver/ur_robot_driver) by extension 'ignore'
[0.258s] Level 1:colcon.colcon_core.package_identification:_identify(src/Universal_Robots_ROS2_Driver/ur_robot_driver) by extension 'ignore_ament_install'
[0.259s] Level 1:colcon.colcon_core.package_identification:_identify(src/Universal_Robots_ROS2_Driver/ur_robot_driver) by extensions ['colcon_pkg']
[0.259s] Level 1:colcon.colcon_core.package_identification:_identify(src/Universal_Robots_ROS2_Driver/ur_robot_driver) by extension 'colcon_pkg'
[0.259s] Level 1:colcon.colcon_core.package_identification:_identify(src/Universal_Robots_ROS2_Driver/ur_robot_driver) by extensions ['colcon_meta']
[0.259s] Level 1:colcon.colcon_core.package_identification:_identify(src/Universal_Robots_ROS2_Driver/ur_robot_driver) by extension 'colcon_meta'
[0.259s] Level 1:colcon.colcon_core.package_identification:_identify(src/Universal_Robots_ROS2_Driver/ur_robot_driver) by extensions ['ros']
[0.259s] Level 1:colcon.colcon_core.package_identification:_identify(src/Universal_Robots_ROS2_Driver/ur_robot_driver) by extension 'ros'
[0.264s] DEBUG:colcon.colcon_core.package_identification:Package 'src/Universal_Robots_ROS2_Driver/ur_robot_driver' with type 'ros.ament_cmake' and name 'ur_robot_driver'
[0.264s] Level 1:colcon.colcon_core.package_identification:_identify(src/ur5_kdl_ik) by extensions ['ignore', 'ignore_ament_install']
[0.264s] Level 1:colcon.colcon_core.package_identification:_identify(src/ur5_kdl_ik) by extension 'ignore'
[0.264s] Level 1:colcon.colcon_core.package_identification:_identify(src/ur5_kdl_ik) by extension 'ignore_ament_install'
[0.264s] Level 1:colcon.colcon_core.package_identification:_identify(src/ur5_kdl_ik) by extensions ['colcon_pkg']
[0.265s] Level 1:colcon.colcon_core.package_identification:_identify(src/ur5_kdl_ik) by extension 'colcon_pkg'
[0.265s] Level 1:colcon.colcon_core.package_identification:_identify(src/ur5_kdl_ik) by extensions ['colcon_meta']
[0.265s] Level 1:colcon.colcon_core.package_identification:_identify(src/ur5_kdl_ik) by extension 'colcon_meta'
[0.265s] Level 1:colcon.colcon_core.package_identification:_identify(src/ur5_kdl_ik) by extensions ['ros']
[0.265s] Level 1:colcon.colcon_core.package_identification:_identify(src/ur5_kdl_ik) by extension 'ros'
[0.267s] DEBUG:colcon.colcon_core.package_identification:Package 'src/ur5_kdl_ik' with type 'ros.ament_cmake' and name 'ur5_kdl_ik'
[0.267s] Level 1:colcon.colcon_core.package_identification:_identify(src/ur5_minimal_moveit) by extensions ['ignore', 'ignore_ament_install']
[0.267s] Level 1:colcon.colcon_core.package_identification:_identify(src/ur5_minimal_moveit) by extension 'ignore'
[0.268s] Level 1:colcon.colcon_core.package_identification:_identify(src/ur5_minimal_moveit) by extension 'ignore_ament_install'
[0.268s] Level 1:colcon.colcon_core.package_identification:_identify(src/ur5_minimal_moveit) by extensions ['colcon_pkg']
[0.268s] Level 1:colcon.colcon_core.package_identification:_identify(src/ur5_minimal_moveit) by extension 'colcon_pkg'
[0.268s] Level 1:colcon.colcon_core.package_identification:_identify(src/ur5_minimal_moveit) by extensions ['colcon_meta']
[0.268s] Level 1:colcon.colcon_core.package_identification:_identify(src/ur5_minimal_moveit) by extension 'colcon_meta'
[0.268s] Level 1:colcon.colcon_core.package_identification:_identify(src/ur5_minimal_moveit) by extensions ['ros']
[0.268s] Level 1:colcon.colcon_core.package_identification:_identify(src/ur5_minimal_moveit) by extension 'ros'
[0.270s] DEBUG:colcon.colcon_core.package_identification:Package 'src/ur5_minimal_moveit' with type 'ros.ament_python' and name 'ur5_minimal_moveit'
[0.270s] Level 1:colcon.colcon_core.package_identification:_identify(src/ur5_motion_planning) by extensions ['ignore', 'ignore_ament_install']
[0.270s] Level 1:colcon.colcon_core.package_identification:_identify(src/ur5_motion_planning) by extension 'ignore'
[0.271s] Level 1:colcon.colcon_core.package_identification:_identify(src/ur5_motion_planning) by extension 'ignore_ament_install'
[0.271s] Level 1:colcon.colcon_core.package_identification:_identify(src/ur5_motion_planning) by extensions ['colcon_pkg']
[0.271s] Level 1:colcon.colcon_core.package_identification:_identify(src/ur5_motion_planning) by extension 'colcon_pkg'
[0.271s] Level 1:colcon.colcon_core.package_identification:_identify(src/ur5_motion_planning) by extensions ['colcon_meta']
[0.271s] Level 1:colcon.colcon_core.package_identification:_identify(src/ur5_motion_planning) by extension 'colcon_meta'
[0.271s] Level 1:colcon.colcon_core.package_identification:_identify(src/ur5_motion_planning) by extensions ['ros']
[0.271s] Level 1:colcon.colcon_core.package_identification:_identify(src/ur5_motion_planning) by extension 'ros'
[0.273s] DEBUG:colcon.colcon_core.package_identification:Package 'src/ur5_motion_planning' with type 'ros.ament_cmake' and name 'ur5_motion_planning'
[0.273s] Level 1:colcon.colcon_core.package_discovery:discover_packages(recursive) using defaults
[0.273s] Level 1:colcon.colcon_core.package_discovery:discover_packages(ignore) discover
[0.273s] Level 1:colcon.colcon_core.package_discovery:discover_packages(ignore) using defaults
[0.274s] Level 1:colcon.colcon_core.package_discovery:discover_packages(path) discover
[0.274s] Level 1:colcon.colcon_core.package_discovery:discover_packages(path) using defaults
[0.302s] Level 5:colcon.colcon_core.verb:set package 'ur_dashboard_msgs' build argument 'cmake_args' from command line to 'None'
[0.303s] Level 5:colcon.colcon_core.verb:set package 'ur_dashboard_msgs' build argument 'cmake_target' from command line to 'None'
[0.303s] Level 5:colcon.colcon_core.verb:set package 'ur_dashboard_msgs' build argument 'cmake_target_skip_unavailable' from command line to 'False'
[0.303s] Level 5:colcon.colcon_core.verb:set package 'ur_dashboard_msgs' build argument 'cmake_clean_cache' from command line to 'False'
[0.305s] Level 5:colcon.colcon_core.verb:set package 'ur_dashboard_msgs' build argument 'cmake_clean_first' from command line to 'False'
[0.305s] Level 5:colcon.colcon_core.verb:set package 'ur_dashboard_msgs' build argument 'cmake_force_configure' from command line to 'False'
[0.306s] Level 5:colcon.colcon_core.verb:set package 'ur_dashboard_msgs' build argument 'ament_cmake_args' from command line to 'None'
[0.306s] Level 5:colcon.colcon_core.verb:set package 'ur_dashboard_msgs' build argument 'catkin_cmake_args' from command line to 'None'
[0.307s] Level 5:colcon.colcon_core.verb:set package 'ur_dashboard_msgs' build argument 'catkin_skip_building_tests' from command line to 'False'
[0.307s] DEBUG:colcon.colcon_core.verb:Building package 'ur_dashboard_msgs' with the following arguments: {'ament_cmake_args': None, 'build_base': '/workspace/ur5_ws/build/ur_dashboard_msgs', 'catkin_cmake_args': None, 'catkin_skip_building_tests': False, 'cmake_args': None, 'cmake_clean_cache': False, 'cmake_clean_first': False, 'cmake_force_configure': False, 'cmake_target': None, 'cmake_target_skip_unavailable': False, 'install_base': '/workspace/ur5_ws/install/ur_dashboard_msgs', 'merge_install': False, 'path': '/workspace/ur5_ws/src/Universal_Robots_ROS2_Driver/ur_dashboard_msgs', 'symlink_install': True, 'test_result_base': None}
[0.309s] Level 5:colcon.colcon_core.verb:set package 'ur_description' build argument 'cmake_args' from command line to 'None'
[0.310s] Level 5:colcon.colcon_core.verb:set package 'ur_description' build argument 'cmake_target' from command line to 'None'
[0.310s] Level 5:colcon.colcon_core.verb:set package 'ur_description' build argument 'cmake_target_skip_unavailable' from command line to 'False'
[0.310s] Level 5:colcon.colcon_core.verb:set package 'ur_description' build argument 'cmake_clean_cache' from command line to 'False'
[0.311s] Level 5:colcon.colcon_core.verb:set package 'ur_description' build argument 'cmake_clean_first' from command line to 'False'
[0.311s] Level 5:colcon.colcon_core.verb:set package 'ur_description' build argument 'cmake_force_configure' from command line to 'False'
[0.311s] Level 5:colcon.colcon_core.verb:set package 'ur_description' build argument 'ament_cmake_args' from command line to 'None'
[0.312s] Level 5:colcon.colcon_core.verb:set package 'ur_description' build argument 'catkin_cmake_args' from command line to 'None'
[0.312s] Level 5:colcon.colcon_core.verb:set package 'ur_description' build argument 'catkin_skip_building_tests' from command line to 'False'
[0.312s] DEBUG:colcon.colcon_core.verb:Building package 'ur_description' with the following arguments: {'ament_cmake_args': None, 'build_base': '/workspace/ur5_ws/build/ur_description', 'catkin_cmake_args': None, 'catkin_skip_building_tests': False, 'cmake_args': None, 'cmake_clean_cache': False, 'cmake_clean_first': False, 'cmake_force_configure': False, 'cmake_target': None, 'cmake_target_skip_unavailable': False, 'install_base': '/workspace/ur5_ws/install/ur_description', 'merge_install': False, 'path': '/workspace/ur5_ws/src/Universal_Robots_ROS2_Description', 'symlink_install': True, 'test_result_base': None}
[0.314s] Level 5:colcon.colcon_core.verb:set package 'ur_controllers' build argument 'cmake_args' from command line to 'None'
[0.315s] Level 5:colcon.colcon_core.verb:set package 'ur_controllers' build argument 'cmake_target' from command line to 'None'
[0.316s] Level 5:colcon.colcon_core.verb:set package 'ur_controllers' build argument 'cmake_target_skip_unavailable' from command line to 'False'
[0.316s] Level 5:colcon.colcon_core.verb:set package 'ur_controllers' build argument 'cmake_clean_cache' from command line to 'False'
[0.316s] Level 5:colcon.colcon_core.verb:set package 'ur_controllers' build argument 'cmake_clean_first' from command line to 'False'
[0.317s] Level 5:colcon.colcon_core.verb:set package 'ur_controllers' build argument 'cmake_force_configure' from command line to 'False'
[0.317s] Level 5:colcon.colcon_core.verb:set package 'ur_controllers' build argument 'ament_cmake_args' from command line to 'None'
[0.317s] Level 5:colcon.colcon_core.verb:set package 'ur_controllers' build argument 'catkin_cmake_args' from command line to 'None'
[0.318s] Level 5:colcon.colcon_core.verb:set package 'ur_controllers' build argument 'catkin_skip_building_tests' from command line to 'False'
[0.318s] DEBUG:colcon.colcon_core.verb:Building package 'ur_controllers' with the following arguments: {'ament_cmake_args': None, 'build_base': '/workspace/ur5_ws/build/ur_controllers', 'catkin_cmake_args': None, 'catkin_skip_building_tests': False, 'cmake_args': None, 'cmake_clean_cache': False, 'cmake_clean_first': False, 'cmake_force_configure': False, 'cmake_target': None, 'cmake_target_skip_unavailable': False, 'install_base': '/workspace/ur5_ws/install/ur_controllers', 'merge_install': False, 'path': '/workspace/ur5_ws/src/Universal_Robots_ROS2_Driver/ur_controllers', 'symlink_install': True, 'test_result_base': None}
[0.320s] Level 5:colcon.colcon_core.verb:set package 'ur_moveit_config' build argument 'cmake_args' from command line to 'None'
[0.320s] Level 5:colcon.colcon_core.verb:set package 'ur_moveit_config' build argument 'cmake_target' from command line to 'None'
[0.320s] Level 5:colcon.colcon_core.verb:set package 'ur_moveit_config' build argument 'cmake_target_skip_unavailable' from command line to 'False'
[0.320s] Level 5:colcon.colcon_core.verb:set package 'ur_moveit_config' build argument 'cmake_clean_cache' from command line to 'False'
[0.322s] Level 5:colcon.colcon_core.verb:set package 'ur_moveit_config' build argument 'cmake_clean_first' from command line to 'False'
[0.322s] Level 5:colcon.colcon_core.verb:set package 'ur_moveit_config' build argument 'cmake_force_configure' from command line to 'False'
[0.323s] Level 5:colcon.colcon_core.verb:set package 'ur_moveit_config' build argument 'ament_cmake_args' from command line to 'None'
[0.323s] Level 5:colcon.colcon_core.verb:set package 'ur_moveit_config' build argument 'catkin_cmake_args' from command line to 'None'
[0.323s] Level 5:colcon.colcon_core.verb:set package 'ur_moveit_config' build argument 'catkin_skip_building_tests' from command line to 'False'
[0.323s] DEBUG:colcon.colcon_core.verb:Building package 'ur_moveit_config' with the following arguments: {'ament_cmake_args': None, 'build_base': '/workspace/ur5_ws/build/ur_moveit_config', 'catkin_cmake_args': None, 'catkin_skip_building_tests': False, 'cmake_args': None, 'cmake_clean_cache': False, 'cmake_clean_first': False, 'cmake_force_configure': False, 'cmake_target': None, 'cmake_target_skip_unavailable': False, 'install_base': '/workspace/ur5_ws/install/ur_moveit_config', 'merge_install': False, 'path': '/workspace/ur5_ws/src/Universal_Robots_ROS2_Driver/ur_moveit_config', 'symlink_install': True, 'test_result_base': None}
[0.324s] Level 5:colcon.colcon_core.verb:set package 'ur5_kdl_ik' build argument 'cmake_args' from command line to 'None'
[0.325s] Level 5:colcon.colcon_core.verb:set package 'ur5_kdl_ik' build argument 'cmake_target' from command line to 'None'
[0.325s] Level 5:colcon.colcon_core.verb:set package 'ur5_kdl_ik' build argument 'cmake_target_skip_unavailable' from command line to 'False'
[0.325s] Level 5:colcon.colcon_core.verb:set package 'ur5_kdl_ik' build argument 'cmake_clean_cache' from command line to 'False'
[0.325s] Level 5:colcon.colcon_core.verb:set package 'ur5_kdl_ik' build argument 'cmake_clean_first' from command line to 'False'
[0.326s] Level 5:colcon.colcon_core.verb:set package 'ur5_kdl_ik' build argument 'cmake_force_configure' from command line to 'False'
[0.326s] Level 5:colcon.colcon_core.verb:set package 'ur5_kdl_ik' build argument 'ament_cmake_args' from command line to 'None'
[0.326s] Level 5:colcon.colcon_core.verb:set package 'ur5_kdl_ik' build argument 'catkin_cmake_args' from command line to 'None'
[0.326s] Level 5:colcon.colcon_core.verb:set package 'ur5_kdl_ik' build argument 'catkin_skip_building_tests' from command line to 'False'
[0.327s] DEBUG:colcon.colcon_core.verb:Building package 'ur5_kdl_ik' with the following arguments: {'ament_cmake_args': None, 'build_base': '/workspace/ur5_ws/build/ur5_kdl_ik', 'catkin_cmake_args': None, 'catkin_skip_building_tests': False, 'cmake_args': None, 'cmake_clean_cache': False, 'cmake_clean_first': False, 'cmake_force_configure': False, 'cmake_target': None, 'cmake_target_skip_unavailable': False, 'install_base': '/workspace/ur5_ws/install/ur5_kdl_ik', 'merge_install': False, 'path': '/workspace/ur5_ws/src/ur5_kdl_ik', 'symlink_install': True, 'test_result_base': None}
[0.328s] Level 5:colcon.colcon_core.verb:set package 'ur5_minimal_moveit' build argument 'cmake_args' from command line to 'None'
[0.329s] Level 5:colcon.colcon_core.verb:set package 'ur5_minimal_moveit' build argument 'cmake_target' from command line to 'None'
[0.329s] Level 5:colcon.colcon_core.verb:set package 'ur5_minimal_moveit' build argument 'cmake_target_skip_unavailable' from command line to 'False'
[0.330s] Level 5:colcon.colcon_core.verb:set package 'ur5_minimal_moveit' build argument 'cmake_clean_cache' from command line to 'False'
[0.331s] Level 5:colcon.colcon_core.verb:set package 'ur5_minimal_moveit' build argument 'cmake_clean_first' from command line to 'False'
[0.331s] Level 5:colcon.colcon_core.verb:set package 'ur5_minimal_moveit' build argument 'cmake_force_configure' from command line to 'False'
[0.331s] Level 5:colcon.colcon_core.verb:set package 'ur5_minimal_moveit' build argument 'ament_cmake_args' from command line to 'None'
[0.332s] Level 5:colcon.colcon_core.verb:set package 'ur5_minimal_moveit' build argument 'catkin_cmake_args' from command line to 'None'
[0.332s] Level 5:colcon.colcon_core.verb:set package 'ur5_minimal_moveit' build argument 'catkin_skip_building_tests' from command line to 'False'
[0.333s] DEBUG:colcon.colcon_core.verb:Building package 'ur5_minimal_moveit' with the following arguments: {'ament_cmake_args': None, 'build_base': '/workspace/ur5_ws/build/ur5_minimal_moveit', 'catkin_cmake_args': None, 'catkin_skip_building_tests': False, 'cmake_args': None, 'cmake_clean_cache': False, 'cmake_clean_first': False, 'cmake_force_configure': False, 'cmake_target': None, 'cmake_target_skip_unavailable': False, 'install_base': '/workspace/ur5_ws/install/ur5_minimal_moveit', 'merge_install': False, 'path': '/workspace/ur5_ws/src/ur5_minimal_moveit', 'symlink_install': True, 'test_result_base': None}
[0.334s] Level 5:colcon.colcon_core.verb:set package 'ur_robot_driver' build argument 'cmake_args' from command line to 'None'
[0.334s] Level 5:colcon.colcon_core.verb:set package 'ur_robot_driver' build argument 'cmake_target' from command line to 'None'
[0.334s] Level 5:colcon.colcon_core.verb:set package 'ur_robot_driver' build argument 'cmake_target_skip_unavailable' from command line to 'False'
[0.335s] Level 5:colcon.colcon_core.verb:set package 'ur_robot_driver' build argument 'cmake_clean_cache' from command line to 'False'
[0.335s] Level 5:colcon.colcon_core.verb:set package 'ur_robot_driver' build argument 'cmake_clean_first' from command line to 'False'
[0.335s] Level 5:colcon.colcon_core.verb:set package 'ur_robot_driver' build argument 'cmake_force_configure' from command line to 'False'
[0.335s] Level 5:colcon.colcon_core.verb:set package 'ur_robot_driver' build argument 'ament_cmake_args' from command line to 'None'
[0.336s] Level 5:colcon.colcon_core.verb:set package 'ur_robot_driver' build argument 'catkin_cmake_args' from command line to 'None'
[0.336s] Level 5:colcon.colcon_core.verb:set package 'ur_robot_driver' build argument 'catkin_skip_building_tests' from command line to 'False'
[0.336s] DEBUG:colcon.colcon_core.verb:Building package 'ur_robot_driver' with the following arguments: {'ament_cmake_args': None, 'build_base': '/workspace/ur5_ws/build/ur_robot_driver', 'catkin_cmake_args': None, 'catkin_skip_building_tests': False, 'cmake_args': None, 'cmake_clean_cache': False, 'cmake_clean_first': False, 'cmake_force_configure': False, 'cmake_target': None, 'cmake_target_skip_unavailable': False, 'install_base': '/workspace/ur5_ws/install/ur_robot_driver', 'merge_install': False, 'path': '/workspace/ur5_ws/src/Universal_Robots_ROS2_Driver/ur_robot_driver', 'symlink_install': True, 'test_result_base': None}
[0.340s] Level 5:colcon.colcon_core.verb:set package 'ur5_motion_planning' build argument 'cmake_args' from command line to 'None'
[0.340s] Level 5:colcon.colcon_core.verb:set package 'ur5_motion_planning' build argument 'cmake_target' from command line to 'None'
[0.341s] Level 5:colcon.colcon_core.verb:set package 'ur5_motion_planning' build argument 'cmake_target_skip_unavailable' from command line to 'False'
[0.341s] Level 5:colcon.colcon_core.verb:set package 'ur5_motion_planning' build argument 'cmake_clean_cache' from command line to 'False'
[0.341s] Level 5:colcon.colcon_core.verb:set package 'ur5_motion_planning' build argument 'cmake_clean_first' from command line to 'False'
[0.342s] Level 5:colcon.colcon_core.verb:set package 'ur5_motion_planning' build argument 'cmake_force_configure' from command line to 'False'
[0.342s] Level 5:colcon.colcon_core.verb:set package 'ur5_motion_planning' build argument 'ament_cmake_args' from command line to 'None'
[0.342s] Level 5:colcon.colcon_core.verb:set package 'ur5_motion_planning' build argument 'catkin_cmake_args' from command line to 'None'
[0.342s] Level 5:colcon.colcon_core.verb:set package 'ur5_motion_planning' build argument 'catkin_skip_building_tests' from command line to 'False'
[0.343s] DEBUG:colcon.colcon_core.verb:Building package 'ur5_motion_planning' with the following arguments: {'ament_cmake_args': None, 'build_base': '/workspace/ur5_ws/build/ur5_motion_planning', 'catkin_cmake_args': None, 'catkin_skip_building_tests': False, 'cmake_args': None, 'cmake_clean_cache': False, 'cmake_clean_first': False, 'cmake_force_configure': False, 'cmake_target': None, 'cmake_target_skip_unavailable': False, 'install_base': '/workspace/ur5_ws/install/ur5_motion_planning', 'merge_install': False, 'path': '/workspace/ur5_ws/src/ur5_motion_planning', 'symlink_install': True, 'test_result_base': None}
[0.344s] Level 5:colcon.colcon_core.verb:set package 'ur_calibration' build argument 'cmake_args' from command line to 'None'
[0.345s] Level 5:colcon.colcon_core.verb:set package 'ur_calibration' build argument 'cmake_target' from command line to 'None'
[0.345s] Level 5:colcon.colcon_core.verb:set package 'ur_calibration' build argument 'cmake_target_skip_unavailable' from command line to 'False'
[0.345s] Level 5:colcon.colcon_core.verb:set package 'ur_calibration' build argument 'cmake_clean_cache' from command line to 'False'
[0.345s] Level 5:colcon.colcon_core.verb:set package 'ur_calibration' build argument 'cmake_clean_first' from command line to 'False'
[0.346s] Level 5:colcon.colcon_core.verb:set package 'ur_calibration' build argument 'cmake_force_configure' from command line to 'False'
[0.346s] Level 5:colcon.colcon_core.verb:set package 'ur_calibration' build argument 'ament_cmake_args' from command line to 'None'
[0.347s] Level 5:colcon.colcon_core.verb:set package 'ur_calibration' build argument 'catkin_cmake_args' from command line to 'None'
[0.347s] Level 5:colcon.colcon_core.verb:set package 'ur_calibration' build argument 'catkin_skip_building_tests' from command line to 'False'
[0.347s] DEBUG:colcon.colcon_core.verb:Building package 'ur_calibration' with the following arguments: {'ament_cmake_args': None, 'build_base': '/workspace/ur5_ws/build/ur_calibration', 'catkin_cmake_args': None, 'catkin_skip_building_tests': False, 'cmake_args': None, 'cmake_clean_cache': False, 'cmake_clean_first': False, 'cmake_force_configure': False, 'cmake_target': None, 'cmake_target_skip_unavailable': False, 'install_base': '/workspace/ur5_ws/install/ur_calibration', 'merge_install': False, 'path': '/workspace/ur5_ws/src/Universal_Robots_ROS2_Driver/ur_calibration', 'symlink_install': True, 'test_result_base': None}
[0.349s] Level 5:colcon.colcon_core.verb:set package 'ur' build argument 'cmake_args' from command line to 'None'
[0.349s] Level 5:colcon.colcon_core.verb:set package 'ur' build argument 'cmake_target' from command line to 'None'
[0.349s] Level 5:colcon.colcon_core.verb:set package 'ur' build argument 'cmake_target_skip_unavailable' from command line to 'False'
[0.350s] Level 5:colcon.colcon_core.verb:set package 'ur' build argument 'cmake_clean_cache' from command line to 'False'
[0.350s] Level 5:colcon.colcon_core.verb:set package 'ur' build argument 'cmake_clean_first' from command line to 'False'
[0.350s] Level 5:colcon.colcon_core.verb:set package 'ur' build argument 'cmake_force_configure' from command line to 'False'
[0.350s] Level 5:colcon.colcon_core.verb:set package 'ur' build argument 'ament_cmake_args' from command line to 'None'
[0.351s] Level 5:colcon.colcon_core.verb:set package 'ur' build argument 'catkin_cmake_args' from command line to 'None'
[0.351s] Level 5:colcon.colcon_core.verb:set package 'ur' build argument 'catkin_skip_building_tests' from command line to 'False'
[0.351s] DEBUG:colcon.colcon_core.verb:Building package 'ur' with the following arguments: {'ament_cmake_args': None, 'build_base': '/workspace/ur5_ws/build/ur', 'catkin_cmake_args': None, 'catkin_skip_building_tests': False, 'cmake_args': None, 'cmake_clean_cache': False, 'cmake_clean_first': False, 'cmake_force_configure': False, 'cmake_target': None, 'cmake_target_skip_unavailable': False, 'install_base': '/workspace/ur5_ws/install/ur', 'merge_install': False, 'path': '/workspace/ur5_ws/src/Universal_Robots_ROS2_Driver/ur', 'symlink_install': True, 'test_result_base': None}
[0.352s] INFO:colcon.colcon_core.executor:Executing jobs using 'parallel' executor
[0.355s] DEBUG:colcon.colcon_parallel_executor.executor.parallel:run_until_complete
[0.357s] INFO:colcon.colcon_ros.task.ament_cmake.build:Building ROS package in '/workspace/ur5_ws/src/Universal_Robots_ROS2_Description' with build type 'ament_cmake'
[0.357s] INFO:colcon.colcon_cmake.task.cmake.build:Building CMake package in '/workspace/ur5_ws/src/Universal_Robots_ROS2_Description'
[0.369s] INFO:colcon.colcon_core.plugin_system:Skipping extension 'colcon_core.shell.bat': Not used on non-Windows systems
[0.372s] INFO:colcon.colcon_core.shell:Skip shell extension 'powershell' for command environment: Not usable outside of PowerShell
[0.373s] DEBUG:colcon.colcon_core.shell:Skip shell extension 'dsv' for command environment
[0.387s] INFO:colcon.colcon_ros.task.ament_cmake.build:Building ROS package in '/workspace/ur5_ws/src/Universal_Robots_ROS2_Driver/ur_dashboard_msgs' with build type 'ament_cmake'
[0.387s] INFO:colcon.colcon_cmake.task.cmake.build:Building CMake package in '/workspace/ur5_ws/src/Universal_Robots_ROS2_Driver/ur_dashboard_msgs'
[0.389s] INFO:colcon.colcon_core.shell:Skip shell extension 'powershell' for command environment: Not usable outside of PowerShell
[0.390s] DEBUG:colcon.colcon_core.shell:Skip shell extension 'dsv' for command environment
[0.430s] DEBUG:colcon.colcon_core.event_handler.log_command:Invoking command in '/workspace/ur5_ws/build/ur_description': CMAKE_PREFIX_PATH=/opt/ros/humble /usr/bin/cmake --build /workspace/ur5_ws/build/ur_description -- -j11 -l11
[0.440s] DEBUG:colcon.colcon_core.event_handler.log_command:Invoking command in '/workspace/ur5_ws/build/ur_dashboard_msgs': CMAKE_PREFIX_PATH=/opt/ros/humble /usr/bin/cmake --build /workspace/ur5_ws/build/ur_dashboard_msgs -- -j11 -l11
[0.484s] DEBUG:colcon.colcon_core.event_handler.log_command:Invoked command in '/workspace/ur5_ws/build/ur_description' returned '0': CMAKE_PREFIX_PATH=/opt/ros/humble /usr/bin/cmake --build /workspace/ur5_ws/build/ur_description -- -j11 -l11
[0.502s] DEBUG:colcon.colcon_core.event_handler.log_command:Invoking command in '/workspace/ur5_ws/build/ur_description': CMAKE_PREFIX_PATH=/opt/ros/humble /usr/bin/cmake --install /workspace/ur5_ws/build/ur_description
[1.325s] DEBUG:colcon.colcon_core.event_handler.log_command:Invoked command in '/workspace/ur5_ws/build/ur_dashboard_msgs' returned '0': CMAKE_PREFIX_PATH=/opt/ros/humble /usr/bin/cmake --build /workspace/ur5_ws/build/ur_dashboard_msgs -- -j11 -l11
[1.329s] DEBUG:colcon.colcon_core.event_handler.log_command:Invoking command in '/workspace/ur5_ws/build/ur_dashboard_msgs': CMAKE_PREFIX_PATH=/opt/ros/humble /usr/bin/cmake --install /workspace/ur5_ws/build/ur_dashboard_msgs
[1.374s] Level 1:colcon.colcon_core.environment:create_environment_scripts_only(ur_description)
[1.375s] Level 1:colcon.colcon_core.environment:checking '/workspace/ur5_ws/install/ur_description' for CMake module files
[1.380s] DEBUG:colcon.colcon_core.event_handler.log_command:Invoked command in '/workspace/ur5_ws/build/ur_description' returned '0': CMAKE_PREFIX_PATH=/opt/ros/humble /usr/bin/cmake --install /workspace/ur5_ws/build/ur_description
[1.385s] Level 1:colcon.colcon_core.environment:checking '/workspace/ur5_ws/install/ur_description' for CMake config files
[1.391s] Level 1:colcon.colcon_core.shell:create_environment_hook('ur_description', 'cmake_prefix_path')
[1.392s] INFO:colcon.colcon_core.shell:Creating environment hook '/workspace/ur5_ws/install/ur_description/share/ur_description/hook/cmake_prefix_path.ps1'
[1.393s] INFO:colcon.colcon_core.shell:Creating environment descriptor '/workspace/ur5_ws/install/ur_description/share/ur_description/hook/cmake_prefix_path.dsv'
[1.394s] INFO:colcon.colcon_core.shell:Creating environment hook '/workspace/ur5_ws/install/ur_description/share/ur_description/hook/cmake_prefix_path.sh'
[1.396s] Level 1:colcon.colcon_core.environment:checking '/workspace/ur5_ws/install/ur_description/bin'
[1.396s] Level 1:colcon.colcon_core.environment:checking '/workspace/ur5_ws/install/ur_description/lib/pkgconfig/ur_description.pc'
[1.398s] Level 1:colcon.colcon_core.environment:checking '/workspace/ur5_ws/install/ur_description/lib/python3.10/site-packages'
[1.399s] Level 1:colcon.colcon_core.environment:checking '/workspace/ur5_ws/install/ur_description/bin'
[1.399s] INFO:colcon.colcon_core.shell:Creating package script '/workspace/ur5_ws/install/ur_description/share/ur_description/package.ps1'
[1.402s] INFO:colcon.colcon_core.shell:Creating package descriptor '/workspace/ur5_ws/install/ur_description/share/ur_description/package.dsv'
[1.403s] INFO:colcon.colcon_core.shell:Creating package script '/workspace/ur5_ws/install/ur_description/share/ur_description/package.sh'
[1.406s] INFO:colcon.colcon_core.shell:Creating package script '/workspace/ur5_ws/install/ur_description/share/ur_description/package.bash'
[1.408s] INFO:colcon.colcon_core.shell:Creating package script '/workspace/ur5_ws/install/ur_description/share/ur_description/package.zsh'
[1.410s] Level 1:colcon.colcon_core.environment:create_file_with_runtime_dependencies(/workspace/ur5_ws/install/ur_description/share/colcon-core/packages/ur_description)
[1.414s] Level 1:colcon.colcon_core.environment:create_environment_scripts_only(ur_description)
[1.414s] Level 1:colcon.colcon_core.environment:checking '/workspace/ur5_ws/install/ur_description' for CMake module files
[1.419s] Level 1:colcon.colcon_core.environment:checking '/workspace/ur5_ws/install/ur_description' for CMake config files
[1.422s] Level 1:colcon.colcon_core.shell:create_environment_hook('ur_description', 'cmake_prefix_path')
[1.422s] INFO:colcon.colcon_core.shell:Creating environment hook '/workspace/ur5_ws/install/ur_description/share/ur_description/hook/cmake_prefix_path.ps1'
[1.423s] INFO:colcon.colcon_core.shell:Creating environment descriptor '/workspace/ur5_ws/install/ur_description/share/ur_description/hook/cmake_prefix_path.dsv'
[1.424s] INFO:colcon.colcon_core.shell:Creating environment hook '/workspace/ur5_ws/install/ur_description/share/ur_description/hook/cmake_prefix_path.sh'
[1.427s] Level 1:colcon.colcon_core.environment:checking '/workspace/ur5_ws/install/ur_description/bin'
[1.427s] Level 1:colcon.colcon_core.environment:checking '/workspace/ur5_ws/install/ur_description/lib/pkgconfig/ur_description.pc'
[1.427s] Level 1:colcon.colcon_core.environment:checking '/workspace/ur5_ws/install/ur_description/lib/python3.10/site-packages'
[1.428s] Level 1:colcon.colcon_core.environment:checking '/workspace/ur5_ws/install/ur_description/bin'
[1.428s] INFO:colcon.colcon_core.shell:Creating package script '/workspace/ur5_ws/install/ur_description/share/ur_description/package.ps1'
[1.430s] INFO:colcon.colcon_core.shell:Creating package descriptor '/workspace/ur5_ws/install/ur_description/share/ur_description/package.dsv'
[1.431s] INFO:colcon.colcon_core.shell:Creating package script '/workspace/ur5_ws/install/ur_description/share/ur_description/package.sh'
[1.432s] INFO:colcon.colcon_core.shell:Creating package script '/workspace/ur5_ws/install/ur_description/share/ur_description/package.bash'
[1.433s] INFO:colcon.colcon_core.shell:Creating package script '/workspace/ur5_ws/install/ur_description/share/ur_description/package.zsh'
[1.433s] Level 1:colcon.colcon_core.environment:create_file_with_runtime_dependencies(/workspace/ur5_ws/install/ur_description/share/colcon-core/packages/ur_description)
[1.435s] INFO:colcon.colcon_ros.task.ament_cmake.build:Building ROS package in '/workspace/ur5_ws/src/Universal_Robots_ROS2_Driver/ur_moveit_config' with build type 'ament_cmake'
[1.435s] INFO:colcon.colcon_cmake.task.cmake.build:Building CMake package in '/workspace/ur5_ws/src/Universal_Robots_ROS2_Driver/ur_moveit_config'
[1.435s] INFO:colcon.colcon_core.shell:Skip shell extension 'powershell' for command environment: Not usable outside of PowerShell
[1.436s] DEBUG:colcon.colcon_core.shell:Skip shell extension 'dsv' for command environment
[1.475s] DEBUG:colcon.colcon_core.event_handler.log_command:Invoking command in '/workspace/ur5_ws/build/ur_moveit_config': AMENT_PREFIX_PATH=/workspace/ur5_ws/install/ur_description:${AMENT_PREFIX_PATH} CMAKE_PREFIX_PATH=/workspace/ur5_ws/install/ur_description:/opt/ros/humble /usr/bin/cmake --build /workspace/ur5_ws/build/ur_moveit_config -- -j11 -l11
[1.494s] DEBUG:colcon.colcon_core.event_handler.log_command:Invoked command in '/workspace/ur5_ws/build/ur_moveit_config' returned '0': AMENT_PREFIX_PATH=/workspace/ur5_ws/install/ur_description:${AMENT_PREFIX_PATH} CMAKE_PREFIX_PATH=/workspace/ur5_ws/install/ur_description:/opt/ros/humble /usr/bin/cmake --build /workspace/ur5_ws/build/ur_moveit_config -- -j11 -l11
[1.495s] DEBUG:colcon.colcon_core.event_handler.log_command:Invoking command in '/workspace/ur5_ws/build/ur_moveit_config': AMENT_PREFIX_PATH=/workspace/ur5_ws/install/ur_description:${AMENT_PREFIX_PATH} CMAKE_PREFIX_PATH=/workspace/ur5_ws/install/ur_description:/opt/ros/humble /usr/bin/cmake --install /workspace/ur5_ws/build/ur_moveit_config
[1.524s] Level 1:colcon.colcon_core.environment:create_environment_scripts_only(ur_moveit_config)
[1.524s] Level 1:colcon.colcon_core.environment:checking '/workspace/ur5_ws/install/ur_moveit_config' for CMake module files
[1.528s] Level 1:colcon.colcon_core.environment:checking '/workspace/ur5_ws/install/ur_moveit_config' for CMake config files
[1.530s] DEBUG:colcon.colcon_core.event_handler.log_command:Invoked command in '/workspace/ur5_ws/build/ur_moveit_config' returned '0': AMENT_PREFIX_PATH=/workspace/ur5_ws/install/ur_description:${AMENT_PREFIX_PATH} CMAKE_PREFIX_PATH=/workspace/ur5_ws/install/ur_description:/opt/ros/humble /usr/bin/cmake --install /workspace/ur5_ws/build/ur_moveit_config
[1.532s] Level 1:colcon.colcon_core.shell:create_environment_hook('ur_moveit_config', 'cmake_prefix_path')
[1.532s] INFO:colcon.colcon_core.shell:Creating environment hook '/workspace/ur5_ws/install/ur_moveit_config/share/ur_moveit_config/hook/cmake_prefix_path.ps1'
[1.533s] INFO:colcon.colcon_core.shell:Creating environment descriptor '/workspace/ur5_ws/install/ur_moveit_config/share/ur_moveit_config/hook/cmake_prefix_path.dsv'
[1.534s] INFO:colcon.colcon_core.shell:Creating environment hook '/workspace/ur5_ws/install/ur_moveit_config/share/ur_moveit_config/hook/cmake_prefix_path.sh'
[1.535s] Level 1:colcon.colcon_core.environment:checking '/workspace/ur5_ws/install/ur_moveit_config/bin'
[1.535s] Level 1:colcon.colcon_core.environment:checking '/workspace/ur5_ws/install/ur_moveit_config/lib/pkgconfig/ur_moveit_config.pc'
[1.535s] Level 1:colcon.colcon_core.environment:checking '/workspace/ur5_ws/install/ur_moveit_config/lib/python3.10/site-packages'
[1.535s] Level 1:colcon.colcon_core.environment:checking '/workspace/ur5_ws/install/ur_moveit_config/bin'
[1.536s] INFO:colcon.colcon_core.shell:Creating package script '/workspace/ur5_ws/install/ur_moveit_config/share/ur_moveit_config/package.ps1'
[1.536s] INFO:colcon.colcon_core.shell:Creating package descriptor '/workspace/ur5_ws/install/ur_moveit_config/share/ur_moveit_config/package.dsv'
[1.537s] INFO:colcon.colcon_core.shell:Creating package script '/workspace/ur5_ws/install/ur_moveit_config/share/ur_moveit_config/package.sh'
[1.538s] INFO:colcon.colcon_core.shell:Creating package script '/workspace/ur5_ws/install/ur_moveit_config/share/ur_moveit_config/package.bash'
[1.539s] INFO:colcon.colcon_core.shell:Creating package script '/workspace/ur5_ws/install/ur_moveit_config/share/ur_moveit_config/package.zsh'
[1.539s] Level 1:colcon.colcon_core.environment:create_file_with_runtime_dependencies(/workspace/ur5_ws/install/ur_moveit_config/share/colcon-core/packages/ur_moveit_config)
[1.541s] Level 1:colcon.colcon_core.environment:create_environment_scripts_only(ur_moveit_config)
[1.541s] Level 1:colcon.colcon_core.environment:checking '/workspace/ur5_ws/install/ur_moveit_config' for CMake module files
[1.543s] Level 1:colcon.colcon_core.environment:checking '/workspace/ur5_ws/install/ur_moveit_config' for CMake config files
[1.547s] Level 1:colcon.colcon_core.shell:create_environment_hook('ur_moveit_config', 'cmake_prefix_path')
[1.547s] INFO:colcon.colcon_core.shell:Creating environment hook '/workspace/ur5_ws/install/ur_moveit_config/share/ur_moveit_config/hook/cmake_prefix_path.ps1'
[1.548s] INFO:colcon.colcon_core.shell:Creating environment descriptor '/workspace/ur5_ws/install/ur_moveit_config/share/ur_moveit_config/hook/cmake_prefix_path.dsv'
[1.548s] INFO:colcon.colcon_core.shell:Creating environment hook '/workspace/ur5_ws/install/ur_moveit_config/share/ur_moveit_config/hook/cmake_prefix_path.sh'
[1.549s] Level 1:colcon.colcon_core.environment:checking '/workspace/ur5_ws/install/ur_moveit_config/bin'
[1.550s] Level 1:colcon.colcon_core.environment:checking '/workspace/ur5_ws/install/ur_moveit_config/lib/pkgconfig/ur_moveit_config.pc'
[1.550s] Level 1:colcon.colcon_core.environment:checking '/workspace/ur5_ws/install/ur_moveit_config/lib/python3.10/site-packages'
[1.550s] Level 1:colcon.colcon_core.environment:checking '/workspace/ur5_ws/install/ur_moveit_config/bin'
[1.550s] INFO:colcon.colcon_core.shell:Creating package script '/workspace/ur5_ws/install/ur_moveit_config/share/ur_moveit_config/package.ps1'
[1.560s] INFO:colcon.colcon_core.shell:Creating package descriptor '/workspace/ur5_ws/install/ur_moveit_config/share/ur_moveit_config/package.dsv'
[1.561s] INFO:colcon.colcon_core.shell:Creating package script '/workspace/ur5_ws/install/ur_moveit_config/share/ur_moveit_config/package.sh'
[1.562s] INFO:colcon.colcon_core.shell:Creating package script '/workspace/ur5_ws/install/ur_moveit_config/share/ur_moveit_config/package.bash'
[1.562s] INFO:colcon.colcon_core.shell:Creating package script '/workspace/ur5_ws/install/ur_moveit_config/share/ur_moveit_config/package.zsh'
[1.563s] Level 1:colcon.colcon_core.environment:create_file_with_runtime_dependencies(/workspace/ur5_ws/install/ur_moveit_config/share/colcon-core/packages/ur_moveit_config)
[1.564s] INFO:colcon.colcon_ros.task.ament_python.build:Building ROS package in '/workspace/ur5_ws/src/ur5_minimal_moveit' with build type 'ament_python'
[1.564s] Level 1:colcon.colcon_core.shell:create_environment_hook('ur5_minimal_moveit', 'ament_prefix_path')
[1.565s] INFO:colcon.colcon_core.shell:Creating environment hook '/workspace/ur5_ws/install/ur5_minimal_moveit/share/ur5_minimal_moveit/hook/ament_prefix_path.ps1'
[1.566s] INFO:colcon.colcon_core.shell:Creating environment descriptor '/workspace/ur5_ws/install/ur5_minimal_moveit/share/ur5_minimal_moveit/hook/ament_prefix_path.dsv'
[1.567s] INFO:colcon.colcon_core.shell:Creating environment hook '/workspace/ur5_ws/install/ur5_minimal_moveit/share/ur5_minimal_moveit/hook/ament_prefix_path.sh'
[1.568s] INFO:colcon.colcon_core.shell:Skip shell extension 'powershell' for command environment: Not usable outside of PowerShell
[1.568s] DEBUG:colcon.colcon_core.shell:Skip shell extension 'dsv' for command environment
[1.570s] INFO:colcon.colcon_ros.task.ament_cmake.build:Building ROS package in '/workspace/ur5_ws/src/ur5_kdl_ik' with build type 'ament_cmake'
[1.571s] INFO:colcon.colcon_cmake.task.cmake.build:Building CMake package in '/workspace/ur5_ws/src/ur5_kdl_ik'
[1.571s] INFO:colcon.colcon_core.shell:Skip shell extension 'powershell' for command environment: Not usable outside of PowerShell
[1.571s] DEBUG:colcon.colcon_core.shell:Skip shell extension 'dsv' for command environment
[1.677s] INFO:colcon.colcon_core.task.python.build:Building Python package in '/workspace/ur5_ws/src/ur5_minimal_moveit'
[1.677s] INFO:colcon.colcon_core.shell:Skip shell extension 'powershell' for command environment: Not usable outside of PowerShell
[1.677s] DEBUG:colcon.colcon_core.shell:Skip shell extension 'dsv' for command environment
[1.691s] Level 1:colcon.colcon_core.environment:create_environment_scripts_only(ur_dashboard_msgs)
[1.692s] Level 1:colcon.colcon_core.environment:checking '/workspace/ur5_ws/install/ur_dashboard_msgs' for CMake module files
[1.702s] Level 1:colcon.colcon_core.environment:checking '/workspace/ur5_ws/install/ur_dashboard_msgs' for CMake config files
[1.740s] Level 1:colcon.colcon_core.shell:create_environment_hook('ur_dashboard_msgs', 'cmake_prefix_path')
[1.740s] INFO:colcon.colcon_core.shell:Creating environment hook '/workspace/ur5_ws/install/ur_dashboard_msgs/share/ur_dashboard_msgs/hook/cmake_prefix_path.ps1'
[1.742s] INFO:colcon.colcon_core.shell:Creating environment descriptor '/workspace/ur5_ws/install/ur_dashboard_msgs/share/ur_dashboard_msgs/hook/cmake_prefix_path.dsv'
[1.742s] INFO:colcon.colcon_core.shell:Creating environment hook '/workspace/ur5_ws/install/ur_dashboard_msgs/share/ur_dashboard_msgs/hook/cmake_prefix_path.sh'
[1.744s] Level 1:colcon.colcon_core.environment:checking '/workspace/ur5_ws/install/ur_dashboard_msgs/lib'
[1.744s] Level 1:colcon.colcon_core.shell:create_environment_hook('ur_dashboard_msgs', 'ld_library_path_lib')
[1.744s] INFO:colcon.colcon_core.shell:Creating environment hook '/workspace/ur5_ws/install/ur_dashboard_msgs/share/ur_dashboard_msgs/hook/ld_library_path_lib.ps1'
[1.746s] INFO:colcon.colcon_core.shell:Creating environment descriptor '/workspace/ur5_ws/install/ur_dashboard_msgs/share/ur_dashboard_msgs/hook/ld_library_path_lib.dsv'
[1.747s] INFO:colcon.colcon_core.shell:Creating environment hook '/workspace/ur5_ws/install/ur_dashboard_msgs/share/ur_dashboard_msgs/hook/ld_library_path_lib.sh'
[1.748s] Level 1:colcon.colcon_core.environment:checking '/workspace/ur5_ws/install/ur_dashboard_msgs/bin'
[1.748s] Level 1:colcon.colcon_core.environment:checking '/workspace/ur5_ws/install/ur_dashboard_msgs/lib/pkgconfig/ur_dashboard_msgs.pc'
[1.748s] Level 1:colcon.colcon_core.environment:checking '/workspace/ur5_ws/install/ur_dashboard_msgs/lib/python3.10/site-packages'
[1.749s] Level 1:colcon.colcon_core.environment:checking '/workspace/ur5_ws/install/ur_dashboard_msgs/bin'
[1.749s] INFO:colcon.colcon_core.shell:Creating package script '/workspace/ur5_ws/install/ur_dashboard_msgs/share/ur_dashboard_msgs/package.ps1'
[1.750s] INFO:colcon.colcon_core.shell:Creating package descriptor '/workspace/ur5_ws/install/ur_dashboard_msgs/share/ur_dashboard_msgs/package.dsv'
[1.751s] INFO:colcon.colcon_core.shell:Creating package script '/workspace/ur5_ws/install/ur_dashboard_msgs/share/ur_dashboard_msgs/package.sh'
[1.752s] INFO:colcon.colcon_core.shell:Creating package script '/workspace/ur5_ws/install/ur_dashboard_msgs/share/ur_dashboard_msgs/package.bash'
[1.754s] INFO:colcon.colcon_core.shell:Creating package script '/workspace/ur5_ws/install/ur_dashboard_msgs/share/ur_dashboard_msgs/package.zsh'
[1.756s] Level 1:colcon.colcon_core.environment:create_file_with_runtime_dependencies(/workspace/ur5_ws/install/ur_dashboard_msgs/share/colcon-core/packages/ur_dashboard_msgs)
[1.758s] Level 1:colcon.colcon_core.environment:create_environment_scripts_only(ur_dashboard_msgs)
[1.758s] Level 1:colcon.colcon_core.environment:checking '/workspace/ur5_ws/install/ur_dashboard_msgs' for CMake module files
[1.763s] Level 1:colcon.colcon_core.environment:checking '/workspace/ur5_ws/install/ur_dashboard_msgs' for CMake config files
[1.768s] DEBUG:colcon.colcon_core.event_handler.log_command:Invoking command in '/workspace/ur5_ws/build/ur5_kdl_ik': AMENT_PREFIX_PATH=/workspace/ur5_ws/install/ur_moveit_config:/workspace/ur5_ws/install/ur_description:${AMENT_PREFIX_PATH} CMAKE_PREFIX_PATH=/workspace/ur5_ws/install/ur_moveit_config:/workspace/ur5_ws/install/ur_description:/opt/ros/humble /usr/bin/cmake --build /workspace/ur5_ws/build/ur5_kdl_ik -- -j11 -l11
[1.777s] DEBUG:colcon.colcon_core.event_handler.log_command:Invoked command in '/workspace/ur5_ws/build/ur_dashboard_msgs' returned '0': CMAKE_PREFIX_PATH=/opt/ros/humble /usr/bin/cmake --install /workspace/ur5_ws/build/ur_dashboard_msgs
[1.787s] Level 1:colcon.colcon_core.shell:create_environment_hook('ur_dashboard_msgs', 'cmake_prefix_path')
[1.788s] INFO:colcon.colcon_core.shell:Creating environment hook '/workspace/ur5_ws/install/ur_dashboard_msgs/share/ur_dashboard_msgs/hook/cmake_prefix_path.ps1'
[1.789s] INFO:colcon.colcon_core.shell:Creating environment descriptor '/workspace/ur5_ws/install/ur_dashboard_msgs/share/ur_dashboard_msgs/hook/cmake_prefix_path.dsv'
[1.790s] INFO:colcon.colcon_core.shell:Creating environment hook '/workspace/ur5_ws/install/ur_dashboard_msgs/share/ur_dashboard_msgs/hook/cmake_prefix_path.sh'
[1.791s] Level 1:colcon.colcon_core.environment:checking '/workspace/ur5_ws/install/ur_dashboard_msgs/lib'
[1.792s] Level 1:colcon.colcon_core.shell:create_environment_hook('ur_dashboard_msgs', 'ld_library_path_lib')
[1.792s] INFO:colcon.colcon_core.shell:Creating environment hook '/workspace/ur5_ws/install/ur_dashboard_msgs/share/ur_dashboard_msgs/hook/ld_library_path_lib.ps1'
[1.793s] INFO:colcon.colcon_core.shell:Creating environment descriptor '/workspace/ur5_ws/install/ur_dashboard_msgs/share/ur_dashboard_msgs/hook/ld_library_path_lib.dsv'
[1.794s] INFO:colcon.colcon_core.shell:Creating environment hook '/workspace/ur5_ws/install/ur_dashboard_msgs/share/ur_dashboard_msgs/hook/ld_library_path_lib.sh'
[1.795s] Level 1:colcon.colcon_core.environment:checking '/workspace/ur5_ws/install/ur_dashboard_msgs/bin'
[1.795s] Level 1:colcon.colcon_core.environment:checking '/workspace/ur5_ws/install/ur_dashboard_msgs/lib/pkgconfig/ur_dashboard_msgs.pc'
[1.796s] Level 1:colcon.colcon_core.environment:checking '/workspace/ur5_ws/install/ur_dashboard_msgs/lib/python3.10/site-packages'
[1.797s] Level 1:colcon.colcon_core.environment:checking '/workspace/ur5_ws/install/ur_dashboard_msgs/bin'
[1.797s] INFO:colcon.colcon_core.shell:Creating package script '/workspace/ur5_ws/install/ur_dashboard_msgs/share/ur_dashboard_msgs/package.ps1'
[1.798s] INFO:colcon.colcon_core.shell:Creating package descriptor '/workspace/ur5_ws/install/ur_dashboard_msgs/share/ur_dashboard_msgs/package.dsv'
[1.801s] INFO:colcon.colcon_core.shell:Creating package script '/workspace/ur5_ws/install/ur_dashboard_msgs/share/ur_dashboard_msgs/package.sh'
[1.801s] INFO:colcon.colcon_core.shell:Creating package script '/workspace/ur5_ws/install/ur_dashboard_msgs/share/ur_dashboard_msgs/package.bash'
[1.802s] INFO:colcon.colcon_core.shell:Creating package script '/workspace/ur5_ws/install/ur_dashboard_msgs/share/ur_dashboard_msgs/package.zsh'
[1.807s] Level 1:colcon.colcon_core.environment:create_file_with_runtime_dependencies(/workspace/ur5_ws/install/ur_dashboard_msgs/share/colcon-core/packages/ur_dashboard_msgs)
[1.809s] INFO:colcon.colcon_ros.task.ament_cmake.build:Building ROS package in '/workspace/ur5_ws/src/Universal_Robots_ROS2_Driver/ur_controllers' with build type 'ament_cmake'
[1.809s] INFO:colcon.colcon_cmake.task.cmake.build:Building CMake package in '/workspace/ur5_ws/src/Universal_Robots_ROS2_Driver/ur_controllers'
[1.811s] INFO:colcon.colcon_core.shell:Skip shell extension 'powershell' for command environment: Not usable outside of PowerShell
[1.811s] DEBUG:colcon.colcon_core.shell:Skip shell extension 'dsv' for command environment
[1.826s] DEBUG:colcon.colcon_core.event_handler.log_command:Invoking command in '/workspace/ur5_ws/build/ur_controllers': AMENT_PREFIX_PATH=/workspace/ur5_ws/install/ur_dashboard_msgs:${AMENT_PREFIX_PATH} CMAKE_PREFIX_PATH=/workspace/ur5_ws/install/ur_dashboard_msgs:/opt/ros/humble LD_LIBRARY_PATH=/workspace/ur5_ws/install/ur_dashboard_msgs/lib:${LD_LIBRARY_PATH} PYTHONPATH=/workspace/ur5_ws/install/ur_dashboard_msgs/local/lib/python3.10/dist-packages:${PYTHONPATH} /usr/bin/cmake /workspace/ur5_ws/src/Universal_Robots_ROS2_Driver/ur_controllers -DAMENT_CMAKE_SYMLINK_INSTALL=1 -DCMAKE_INSTALL_PREFIX=/workspace/ur5_ws/install/ur_controllers
[1.876s] DEBUG:colcon.colcon_core.event_handler.log_command:Invoking command in '/workspace/ur5_ws/build/ur5_minimal_moveit': AMENT_PREFIX_PATH=/workspace/ur5_ws/install/ur_moveit_config:/workspace/ur5_ws/install/ur_description:${AMENT_PREFIX_PATH} CMAKE_PREFIX_PATH=/workspace/ur5_ws/install/ur_moveit_config:/workspace/ur5_ws/install/ur_description PYTHONPATH=/workspace/ur5_ws/build/ur5_minimal_moveit/prefix_override:/usr/lib/python3/dist-packages/colcon_core/task/python/colcon_distutils_commands:/workspace/ur5_ws/install/ur5_minimal_moveit/lib/python3.10/site-packages:${PYTHONPATH} /usr/bin/python3 -W ignore:setup.py install is deprecated -W ignore:easy_install command is deprecated setup.py develop --editable --build-directory /workspace/ur5_ws/build/ur5_minimal_moveit/build --no-deps symlink_data
[2.083s] Level 1:colcon.colcon_core.shell:create_environment_hook('ur5_minimal_moveit', 'pythonpath_develop')
[2.083s] INFO:colcon.colcon_core.shell:Creating environment hook '/workspace/ur5_ws/build/ur5_minimal_moveit/share/ur5_minimal_moveit/hook/pythonpath_develop.ps1'
[2.084s] DEBUG:colcon.colcon_core.event_handler.log_command:Invoked command in '/workspace/ur5_ws/build/ur5_minimal_moveit' returned '0': AMENT_PREFIX_PATH=/workspace/ur5_ws/install/ur_moveit_config:/workspace/ur5_ws/install/ur_description:${AMENT_PREFIX_PATH} CMAKE_PREFIX_PATH=/workspace/ur5_ws/install/ur_moveit_config:/workspace/ur5_ws/install/ur_description PYTHONPATH=/workspace/ur5_ws/build/ur5_minimal_moveit/prefix_override:/usr/lib/python3/dist-packages/colcon_core/task/python/colcon_distutils_commands:/workspace/ur5_ws/install/ur5_minimal_moveit/lib/python3.10/site-packages:${PYTHONPATH} /usr/bin/python3 -W ignore:setup.py install is deprecated -W ignore:easy_install command is deprecated setup.py develop --editable --build-directory /workspace/ur5_ws/build/ur5_minimal_moveit/build --no-deps symlink_data
[2.085s] INFO:colcon.colcon_core.shell:Creating environment descriptor '/workspace/ur5_ws/build/ur5_minimal_moveit/share/ur5_minimal_moveit/hook/pythonpath_develop.dsv'
[2.086s] INFO:colcon.colcon_core.shell:Creating environment hook '/workspace/ur5_ws/build/ur5_minimal_moveit/share/ur5_minimal_moveit/hook/pythonpath_develop.sh'
[2.087s] Level 1:colcon.colcon_core.environment:checking '/workspace/ur5_ws/install/ur5_minimal_moveit' for CMake module files
[2.089s] Level 1:colcon.colcon_core.environment:checking '/workspace/ur5_ws/install/ur5_minimal_moveit' for CMake config files
[2.092s] Level 1:colcon.colcon_core.environment:checking '/workspace/ur5_ws/install/ur5_minimal_moveit/lib'
[2.092s] Level 1:colcon.colcon_core.environment:checking '/workspace/ur5_ws/install/ur5_minimal_moveit/bin'
[2.092s] Level 1:colcon.colcon_core.environment:checking '/workspace/ur5_ws/install/ur5_minimal_moveit/lib/pkgconfig/ur5_minimal_moveit.pc'
[2.092s] Level 1:colcon.colcon_core.environment:checking '/workspace/ur5_ws/install/ur5_minimal_moveit/lib/python3.10/site-packages'
[2.092s] Level 1:colcon.colcon_core.shell:create_environment_hook('ur5_minimal_moveit', 'pythonpath')
[2.093s] INFO:colcon.colcon_core.shell:Creating environment hook '/workspace/ur5_ws/install/ur5_minimal_moveit/share/ur5_minimal_moveit/hook/pythonpath.ps1'
[2.093s] INFO:colcon.colcon_core.shell:Creating environment descriptor '/workspace/ur5_ws/install/ur5_minimal_moveit/share/ur5_minimal_moveit/hook/pythonpath.dsv'
[2.094s] INFO:colcon.colcon_core.shell:Creating environment hook '/workspace/ur5_ws/install/ur5_minimal_moveit/share/ur5_minimal_moveit/hook/pythonpath.sh'
[2.094s] Level 1:colcon.colcon_core.environment:checking '/workspace/ur5_ws/install/ur5_minimal_moveit/bin'
[2.095s] Level 1:colcon.colcon_core.environment:create_environment_scripts_only(ur5_minimal_moveit)
[2.095s] INFO:colcon.colcon_core.shell:Creating package script '/workspace/ur5_ws/install/ur5_minimal_moveit/share/ur5_minimal_moveit/package.ps1'
[2.095s] INFO:colcon.colcon_core.shell:Creating package descriptor '/workspace/ur5_ws/install/ur5_minimal_moveit/share/ur5_minimal_moveit/package.dsv'
[2.096s] INFO:colcon.colcon_core.shell:Creating package script '/workspace/ur5_ws/install/ur5_minimal_moveit/share/ur5_minimal_moveit/package.sh'
[2.096s] INFO:colcon.colcon_core.shell:Creating package script '/workspace/ur5_ws/install/ur5_minimal_moveit/share/ur5_minimal_moveit/package.bash'
[2.097s] INFO:colcon.colcon_core.shell:Creating package script '/workspace/ur5_ws/install/ur5_minimal_moveit/share/ur5_minimal_moveit/package.zsh'
[2.097s] Level 1:colcon.colcon_core.environment:create_file_with_runtime_dependencies(/workspace/ur5_ws/install/ur5_minimal_moveit/share/colcon-core/packages/ur5_minimal_moveit)
[2.098s] INFO:colcon.colcon_ros.task.ament_cmake.build:Building ROS package in '/workspace/ur5_ws/src/ur5_motion_planning' with build type 'ament_cmake'
[2.098s] INFO:colcon.colcon_cmake.task.cmake.build:Building CMake package in '/workspace/ur5_ws/src/ur5_motion_planning'
[2.098s] INFO:colcon.colcon_core.shell:Skip shell extension 'powershell' for command environment: Not usable outside of PowerShell
[2.098s] DEBUG:colcon.colcon_core.shell:Skip shell extension 'dsv' for command environment
[2.111s] DEBUG:colcon.colcon_core.event_handler.log_command:Invoking command in '/workspace/ur5_ws/build/ur5_motion_planning': AMENT_PREFIX_PATH=/workspace/ur5_ws/install/ur5_minimal_moveit:/workspace/ur5_ws/install/ur_moveit_config:/workspace/ur5_ws/install/ur_description:${AMENT_PREFIX_PATH} CMAKE_PREFIX_PATH=/workspace/ur5_ws/install/ur_moveit_config:/workspace/ur5_ws/install/ur_description:/opt/ros/humble PYTHONPATH=/workspace/ur5_ws/build/ur5_minimal_moveit:/workspace/ur5_ws/install/ur5_minimal_moveit/lib/python3.10/site-packages:${PYTHONPATH} /usr/bin/cmake --build /workspace/ur5_ws/build/ur5_motion_planning -- -j11 -l11
[2.633s] DEBUG:colcon.colcon_core.event_handler.log_command:Invoked command in '/workspace/ur5_ws/build/ur5_kdl_ik' returned '0': AMENT_PREFIX_PATH=/workspace/ur5_ws/install/ur_moveit_config:/workspace/ur5_ws/install/ur_description:${AMENT_PREFIX_PATH} CMAKE_PREFIX_PATH=/workspace/ur5_ws/install/ur_moveit_config:/workspace/ur5_ws/install/ur_description:/opt/ros/humble /usr/bin/cmake --build /workspace/ur5_ws/build/ur5_kdl_ik -- -j11 -l11
[2.637s] DEBUG:colcon.colcon_core.event_handler.log_command:Invoking command in '/workspace/ur5_ws/build/ur5_kdl_ik': AMENT_PREFIX_PATH=/workspace/ur5_ws/install/ur_moveit_config:/workspace/ur5_ws/install/ur_description:${AMENT_PREFIX_PATH} CMAKE_PREFIX_PATH=/workspace/ur5_ws/install/ur_moveit_config:/workspace/ur5_ws/install/ur_description:/opt/ros/humble /usr/bin/cmake --install /workspace/ur5_ws/build/ur5_kdl_ik
[2.666s] Level 1:colcon.colcon_core.environment:create_environment_scripts_only(ur5_kdl_ik)
[2.666s] Level 1:colcon.colcon_core.environment:checking '/workspace/ur5_ws/install/ur5_kdl_ik' for CMake module files
[2.666s] DEBUG:colcon.colcon_core.event_handler.log_command:Invoked command in '/workspace/ur5_ws/build/ur5_kdl_ik' returned '0': AMENT_PREFIX_PATH=/workspace/ur5_ws/install/ur_moveit_config:/workspace/ur5_ws/install/ur_description:${AMENT_PREFIX_PATH} CMAKE_PREFIX_PATH=/workspace/ur5_ws/install/ur_moveit_config:/workspace/ur5_ws/install/ur_description:/opt/ros/humble /usr/bin/cmake --install /workspace/ur5_ws/build/ur5_kdl_ik
[2.670s] Level 1:colcon.colcon_core.environment:checking '/workspace/ur5_ws/install/ur5_kdl_ik' for CMake config files
[2.672s] Level 1:colcon.colcon_core.shell:create_environment_hook('ur5_kdl_ik', 'cmake_prefix_path')
[2.672s] INFO:colcon.colcon_core.shell:Creating environment hook '/workspace/ur5_ws/install/ur5_kdl_ik/share/ur5_kdl_ik/hook/cmake_prefix_path.ps1'
[2.673s] INFO:colcon.colcon_core.shell:Creating environment descriptor '/workspace/ur5_ws/install/ur5_kdl_ik/share/ur5_kdl_ik/hook/cmake_prefix_path.dsv'
[2.673s] INFO:colcon.colcon_core.shell:Creating environment hook '/workspace/ur5_ws/install/ur5_kdl_ik/share/ur5_kdl_ik/hook/cmake_prefix_path.sh'
[2.674s] Level 1:colcon.colcon_core.environment:checking '/workspace/ur5_ws/install/ur5_kdl_ik/lib'
[2.674s] Level 1:colcon.colcon_core.environment:checking '/workspace/ur5_ws/install/ur5_kdl_ik/bin'
[2.674s] Level 1:colcon.colcon_core.environment:checking '/workspace/ur5_ws/install/ur5_kdl_ik/lib/pkgconfig/ur5_kdl_ik.pc'
[2.675s] Level 1:colcon.colcon_core.environment:checking '/workspace/ur5_ws/install/ur5_kdl_ik/lib/python3.10/site-packages'
[2.675s] Level 1:colcon.colcon_core.environment:checking '/workspace/ur5_ws/install/ur5_kdl_ik/bin'
[2.675s] INFO:colcon.colcon_core.shell:Creating package script '/workspace/ur5_ws/install/ur5_kdl_ik/share/ur5_kdl_ik/package.ps1'
[2.676s] INFO:colcon.colcon_core.shell:Creating package descriptor '/workspace/ur5_ws/install/ur5_kdl_ik/share/ur5_kdl_ik/package.dsv'
[2.676s] INFO:colcon.colcon_core.shell:Creating package script '/workspace/ur5_ws/install/ur5_kdl_ik/share/ur5_kdl_ik/package.sh'
[2.676s] INFO:colcon.colcon_core.shell:Creating package script '/workspace/ur5_ws/install/ur5_kdl_ik/share/ur5_kdl_ik/package.bash'
[2.677s] INFO:colcon.colcon_core.shell:Creating package script '/workspace/ur5_ws/install/ur5_kdl_ik/share/ur5_kdl_ik/package.zsh'
[2.677s] Level 1:colcon.colcon_core.environment:create_file_with_runtime_dependencies(/workspace/ur5_ws/install/ur5_kdl_ik/share/colcon-core/packages/ur5_kdl_ik)
[2.678s] Level 1:colcon.colcon_core.environment:create_environment_scripts_only(ur5_kdl_ik)
[2.678s] Level 1:colcon.colcon_core.environment:checking '/workspace/ur5_ws/install/ur5_kdl_ik' for CMake module files
[2.682s] Level 1:colcon.colcon_core.environment:checking '/workspace/ur5_ws/install/ur5_kdl_ik' for CMake config files
[2.683s] Level 1:colcon.colcon_core.shell:create_environment_hook('ur5_kdl_ik', 'cmake_prefix_path')
[2.683s] INFO:colcon.colcon_core.shell:Creating environment hook '/workspace/ur5_ws/install/ur5_kdl_ik/share/ur5_kdl_ik/hook/cmake_prefix_path.ps1'
[2.684s] INFO:colcon.colcon_core.shell:Creating environment descriptor '/workspace/ur5_ws/install/ur5_kdl_ik/share/ur5_kdl_ik/hook/cmake_prefix_path.dsv'
[2.684s] INFO:colcon.colcon_core.shell:Creating environment hook '/workspace/ur5_ws/install/ur5_kdl_ik/share/ur5_kdl_ik/hook/cmake_prefix_path.sh'
[2.685s] Level 1:colcon.colcon_core.environment:checking '/workspace/ur5_ws/install/ur5_kdl_ik/lib'
[2.685s] Level 1:colcon.colcon_core.environment:checking '/workspace/ur5_ws/install/ur5_kdl_ik/bin'
[2.685s] Level 1:colcon.colcon_core.environment:checking '/workspace/ur5_ws/install/ur5_kdl_ik/lib/pkgconfig/ur5_kdl_ik.pc'
[2.685s] Level 1:colcon.colcon_core.environment:checking '/workspace/ur5_ws/install/ur5_kdl_ik/lib/python3.10/site-packages'
[2.686s] Level 1:colcon.colcon_core.environment:checking '/workspace/ur5_ws/install/ur5_kdl_ik/bin'
[2.686s] INFO:colcon.colcon_core.shell:Creating package script '/workspace/ur5_ws/install/ur5_kdl_ik/share/ur5_kdl_ik/package.ps1'
[2.686s] INFO:colcon.colcon_core.shell:Creating package descriptor '/workspace/ur5_ws/install/ur5_kdl_ik/share/ur5_kdl_ik/package.dsv'
[2.687s] INFO:colcon.colcon_core.shell:Creating package script '/workspace/ur5_ws/install/ur5_kdl_ik/share/ur5_kdl_ik/package.sh'
[2.687s] INFO:colcon.colcon_core.shell:Creating package script '/workspace/ur5_ws/install/ur5_kdl_ik/share/ur5_kdl_ik/package.bash'
[2.687s] INFO:colcon.colcon_core.shell:Creating package script '/workspace/ur5_ws/install/ur5_kdl_ik/share/ur5_kdl_ik/package.zsh'
[2.688s] Level 1:colcon.colcon_core.environment:create_file_with_runtime_dependencies(/workspace/ur5_ws/install/ur5_kdl_ik/share/colcon-core/packages/ur5_kdl_ik)
[2.693s] DEBUG:colcon.colcon_core.event_handler.log_command:Invoked command in '/workspace/ur5_ws/build/ur_controllers' returned '0': AMENT_PREFIX_PATH=/workspace/ur5_ws/install/ur_dashboard_msgs:${AMENT_PREFIX_PATH} CMAKE_PREFIX_PATH=/workspace/ur5_ws/install/ur_dashboard_msgs:/opt/ros/humble LD_LIBRARY_PATH=/workspace/ur5_ws/install/ur_dashboard_msgs/lib:${LD_LIBRARY_PATH} PYTHONPATH=/workspace/ur5_ws/install/ur_dashboard_msgs/local/lib/python3.10/dist-packages:${PYTHONPATH} /usr/bin/cmake /workspace/ur5_ws/src/Universal_Robots_ROS2_Driver/ur_controllers -DAMENT_CMAKE_SYMLINK_INSTALL=1 -DCMAKE_INSTALL_PREFIX=/workspace/ur5_ws/install/ur_controllers
[2.698s] DEBUG:colcon.colcon_core.event_handler.log_command:Invoking command in '/workspace/ur5_ws/build/ur_controllers': AMENT_PREFIX_PATH=/workspace/ur5_ws/install/ur_dashboard_msgs:${AMENT_PREFIX_PATH} CMAKE_PREFIX_PATH=/workspace/ur5_ws/install/ur_dashboard_msgs:/opt/ros/humble LD_LIBRARY_PATH=/workspace/ur5_ws/install/ur_dashboard_msgs/lib:${LD_LIBRARY_PATH} PYTHONPATH=/workspace/ur5_ws/install/ur_dashboard_msgs/local/lib/python3.10/dist-packages:${PYTHONPATH} /usr/bin/cmake --build /workspace/ur5_ws/build/ur_controllers -- -j11 -l11
[8.202s] DEBUG:colcon.colcon_core.event_handler.log_command:Invoked command in '/workspace/ur5_ws/build/ur_controllers' returned '2': AMENT_PREFIX_PATH=/workspace/ur5_ws/install/ur_dashboard_msgs:${AMENT_PREFIX_PATH} CMAKE_PREFIX_PATH=/workspace/ur5_ws/install/ur_dashboard_msgs:/opt/ros/humble LD_LIBRARY_PATH=/workspace/ur5_ws/install/ur_dashboard_msgs/lib:${LD_LIBRARY_PATH} PYTHONPATH=/workspace/ur5_ws/install/ur_dashboard_msgs/local/lib/python3.10/dist-packages:${PYTHONPATH} /usr/bin/cmake --build /workspace/ur5_ws/build/ur_controllers -- -j11 -l11
[8.204s] Level 1:colcon.colcon_core.environment:create_environment_scripts_only(ur_controllers)
[8.204s] Level 1:colcon.colcon_core.environment:checking '/workspace/ur5_ws/install/ur_controllers' for CMake module files
[8.206s] Level 1:colcon.colcon_core.environment:checking '/workspace/ur5_ws/install/ur_controllers' for CMake config files
[8.208s] Level 1:colcon.colcon_core.environment:checking '/workspace/ur5_ws/install/ur_controllers/bin'
[8.208s] Level 1:colcon.colcon_core.environment:checking '/workspace/ur5_ws/install/ur_controllers/lib/pkgconfig/ur_controllers.pc'
[8.208s] Level 1:colcon.colcon_core.environment:checking '/workspace/ur5_ws/install/ur_controllers/lib/python3.10/site-packages'
[8.208s] Level 1:colcon.colcon_core.environment:checking '/workspace/ur5_ws/install/ur_controllers/bin'
[8.209s] INFO:colcon.colcon_core.shell:Creating package script '/workspace/ur5_ws/install/ur_controllers/share/ur_controllers/package.ps1'
[8.209s] INFO:colcon.colcon_core.shell:Creating package descriptor '/workspace/ur5_ws/install/ur_controllers/share/ur_controllers/package.dsv'
[8.210s] INFO:colcon.colcon_core.shell:Creating package script '/workspace/ur5_ws/install/ur_controllers/share/ur_controllers/package.sh'
[8.210s] INFO:colcon.colcon_core.shell:Creating package script '/workspace/ur5_ws/install/ur_controllers/share/ur_controllers/package.bash'
[8.210s] INFO:colcon.colcon_core.shell:Creating package script '/workspace/ur5_ws/install/ur_controllers/share/ur_controllers/package.zsh'
[8.211s] Level 1:colcon.colcon_core.environment:create_file_with_runtime_dependencies(/workspace/ur5_ws/install/ur_controllers/share/colcon-core/packages/ur_controllers)
[10.609s] DEBUG:colcon.colcon_parallel_executor.executor.parallel:closing loop
[10.609s] DEBUG:colcon.colcon_parallel_executor.executor.parallel:loop closed
[10.609s] DEBUG:colcon.colcon_parallel_executor.executor.parallel:run_until_complete finished with '2'
[10.610s] DEBUG:colcon.colcon_core.event_reactor:joining thread
[10.620s] INFO:colcon.colcon_core.plugin_system:Skipping extension 'colcon_notification.desktop_notification.notify_send': Could not find 'notify-send'
[10.621s] INFO:colcon.colcon_core.plugin_system:Skipping extension 'colcon_notification.desktop_notification.terminal_notifier': Not used on non-Darwin systems
[10.621s] INFO:colcon.colcon_core.plugin_system:Skipping extension 'colcon_notification.desktop_notification.win32': Not used on non-Windows systems
[10.621s] INFO:colcon.colcon_notification.desktop_notification:Sending desktop notification using 'notify2'
[10.621s] DEBUG:colcon.colcon_notification.desktop_notification.notify2:Failed to initialize notify2: org.freedesktop.DBus.Error.NotSupported: Unable to autolaunch a dbus-daemon without a $DISPLAY for X11
[10.621s] DEBUG:colcon.colcon_core.event_reactor:joined thread
[10.622s] INFO:colcon.colcon_core.shell:Creating prefix script '/workspace/ur5_ws/install/local_setup.ps1'
[10.623s] INFO:colcon.colcon_core.shell:Creating prefix util module '/workspace/ur5_ws/install/_local_setup_util_ps1.py'
[10.625s] INFO:colcon.colcon_core.shell:Creating prefix chain script '/workspace/ur5_ws/install/setup.ps1'
[10.625s] INFO:colcon.colcon_core.shell:Creating prefix script '/workspace/ur5_ws/install/local_setup.sh'
[10.626s] INFO:colcon.colcon_core.shell:Creating prefix util module '/workspace/ur5_ws/install/_local_setup_util_sh.py'
[10.627s] INFO:colcon.colcon_core.shell:Creating prefix chain script '/workspace/ur5_ws/install/setup.sh'
[10.628s] INFO:colcon.colcon_core.shell:Creating prefix script '/workspace/ur5_ws/install/local_setup.bash'
[10.629s] INFO:colcon.colcon_core.shell:Creating prefix chain script '/workspace/ur5_ws/install/setup.bash'
[10.630s] INFO:colcon.colcon_core.shell:Creating prefix script '/workspace/ur5_ws/install/local_setup.zsh'
[10.631s] INFO:colcon.colcon_core.shell:Creating prefix chain script '/workspace/ur5_ws/install/setup.zsh'
