[0.000000] (-) TimerEvent: {}
[0.000116] (-) JobUnselected: {'identifier': 'ur'}
[0.001477] (-) JobUnselected: {'identifier': 'ur5_kdl_ik'}
[0.002218] (-) JobUnselected: {'identifier': 'ur5_minimal_moveit'}
[0.002286] (-) JobUnselected: {'identifier': 'ur_calibration'}
[0.002333] (-) JobUnselected: {'identifier': 'ur_controllers'}
[0.002423] (-) JobUnselected: {'identifier': 'ur_dashboard_msgs'}
[0.002505] (-) JobUnselected: {'identifier': 'ur_description'}
[0.002592] (-) JobUnselected: {'identifier': 'ur_moveit_config'}
[0.002657] (-) JobUnselected: {'identifier': 'ur_robot_driver'}
[0.002817] (ur5_motion_planning) JobQueued: {'identifier': 'ur5_motion_planning', 'dependencies': OrderedDict([('ur_description', '/workspace/ur5_ws/install/ur_description'), ('ur_moveit_config', '/workspace/ur5_ws/install/ur_moveit_config')])}
[0.002912] (ur5_motion_planning) JobStarted: {'identifier': 'ur5_motion_planning'}
[0.008681] (ur5_motion_planning) JobProgress: {'identifier': 'ur5_motion_planning', 'progress': 'cmake'}
[0.009952] (ur5_motion_planning) JobProgress: {'identifier': 'ur5_motion_planning', 'progress': 'build'}
[0.011426] (ur5_motion_planning) Command: {'cmd': ['/usr/bin/cmake', '--build', '/workspace/ur5_ws/build/ur5_motion_planning', '--', '-j11', '-l11'], 'cwd': '/workspace/ur5_ws/build/ur5_motion_planning', 'env': OrderedDict([('HOSTNAME', '10a6f84be8b2'), ('SHLVL', '1'), ('LD_LIBRARY_PATH', '/opt/ros/humble/lib/aarch64-linux-gnu:/opt/ros/humble/lib'), ('HOME', '/root'), ('OLDPWD', '/'), ('ROS_PYTHON_VERSION', '3'), ('ROS_DISTRO', 'humble'), ('_', '/usr/bin/colcon'), ('ROS_VERSION', '2'), ('ROS_LOCALHOST_ONLY', '0'), ('PATH', '/opt/ros/humble/bin:/usr/local/sbin:/usr/local/bin:/usr/sbin:/usr/bin:/sbin:/bin'), ('LANG', 'C.UTF-8'), ('AMENT_PREFIX_PATH', '/workspace/ur5_ws/install/ur_moveit_config:/workspace/ur5_ws/install/ur_description:/opt/ros/humble'), ('PWD', '/workspace/ur5_ws/build/ur5_motion_planning'), ('LC_ALL', 'C.UTF-8'), ('PYTHONPATH', '/opt/ros/humble/lib/python3.10/site-packages:/opt/ros/humble/local/lib/python3.10/dist-packages'), ('COLCON', '1'), ('CMAKE_PREFIX_PATH', '/workspace/ur5_ws/install/ur_moveit_config:/workspace/ur5_ws/install/ur_description:/opt/ros/humble')]), 'shell': False}
[0.098465] (-) TimerEvent: {}
[0.199629] (-) TimerEvent: {}
[0.300467] (-) TimerEvent: {}
[0.321241] (ur5_motion_planning) StdoutLine: {'line': b'Consolidate compiler generated dependencies of target ur5_plan_and_analyze_node\n'}
[0.354005] (ur5_motion_planning) StdoutLine: {'line': b'[ 50%] Building CXX object CMakeFiles/ur5_plan_and_analyze_node.dir/src/ur5_plan_and_analyze_node.cpp.o\n'}
[0.401514] (-) TimerEvent: {}
[0.507492] (-) TimerEvent: {}
[0.612621] (-) TimerEvent: {}
[0.721479] (-) TimerEvent: {}
[0.822520] (-) TimerEvent: {}
[0.923554] (-) TimerEvent: {}
[1.024536] (-) TimerEvent: {}
[1.125528] (-) TimerEvent: {}
[1.226478] (-) TimerEvent: {}
[1.327515] (-) TimerEvent: {}
[1.428519] (-) TimerEvent: {}
[1.529518] (-) TimerEvent: {}
[1.630542] (-) TimerEvent: {}
[1.731515] (-) TimerEvent: {}
[1.832527] (-) TimerEvent: {}
[1.936496] (-) TimerEvent: {}
[2.037496] (-) TimerEvent: {}
[2.138519] (-) TimerEvent: {}
[2.239495] (-) TimerEvent: {}
[2.340468] (-) TimerEvent: {}
[2.443564] (-) TimerEvent: {}
[2.544513] (-) TimerEvent: {}
[2.645542] (-) TimerEvent: {}
[2.746547] (-) TimerEvent: {}
[2.847513] (-) TimerEvent: {}
[2.948481] (-) TimerEvent: {}
[3.049464] (-) TimerEvent: {}
[3.152052] (-) TimerEvent: {}
[3.256517] (-) TimerEvent: {}
[3.357497] (-) TimerEvent: {}
[3.458516] (-) TimerEvent: {}
[3.559582] (-) TimerEvent: {}
[3.660533] (-) TimerEvent: {}
[3.761591] (-) TimerEvent: {}
[3.862527] (-) TimerEvent: {}
[3.963539] (-) TimerEvent: {}
[4.064524] (-) TimerEvent: {}
[4.165509] (-) TimerEvent: {}
[4.266511] (-) TimerEvent: {}
[4.367816] (-) TimerEvent: {}
[4.470120] (-) TimerEvent: {}
[4.573841] (-) TimerEvent: {}
[4.679084] (-) TimerEvent: {}
[4.781530] (-) TimerEvent: {}
[4.884477] (-) TimerEvent: {}
[4.985465] (-) TimerEvent: {}
[5.086473] (-) TimerEvent: {}
[5.187470] (-) TimerEvent: {}
[5.288465] (-) TimerEvent: {}
[5.389483] (-) TimerEvent: {}
[5.490482] (-) TimerEvent: {}
[5.591552] (-) TimerEvent: {}
[5.692464] (-) TimerEvent: {}
[5.794528] (-) TimerEvent: {}
[5.898499] (-) TimerEvent: {}
[5.999465] (-) TimerEvent: {}
[6.100493] (-) TimerEvent: {}
[6.201507] (-) TimerEvent: {}
[6.302527] (-) TimerEvent: {}
[6.403487] (-) TimerEvent: {}
[6.504490] (-) TimerEvent: {}
[6.605492] (-) TimerEvent: {}
[6.706483] (-) TimerEvent: {}
[6.814853] (-) TimerEvent: {}
[6.922558] (-) TimerEvent: {}
[7.026503] (-) TimerEvent: {}
[7.127490] (-) TimerEvent: {}
[7.228509] (-) TimerEvent: {}
[7.329503] (-) TimerEvent: {}
[7.430486] (-) TimerEvent: {}
[7.531488] (-) TimerEvent: {}
[7.632523] (-) TimerEvent: {}
[7.733507] (-) TimerEvent: {}
[7.834600] (-) TimerEvent: {}
[7.935947] (-) TimerEvent: {}
[8.036854] (-) TimerEvent: {}
[8.131450] (ur5_motion_planning) StdoutLine: {'line': b'[100%] Linking CXX executable ur5_plan_and_analyze_node\n'}
[8.137760] (-) TimerEvent: {}
[8.241161] (-) TimerEvent: {}
[8.346618] (-) TimerEvent: {}
[8.450677] (-) TimerEvent: {}
[8.551517] (-) TimerEvent: {}
[8.655872] (-) TimerEvent: {}
[8.732175] (ur5_motion_planning) StdoutLine: {'line': b'[100%] Built target ur5_plan_and_analyze_node\n'}
[8.741792] (ur5_motion_planning) CommandEnded: {'returncode': 0}
[8.743965] (ur5_motion_planning) JobProgress: {'identifier': 'ur5_motion_planning', 'progress': 'install'}
[8.751523] (ur5_motion_planning) Command: {'cmd': ['/usr/bin/cmake', '--install', '/workspace/ur5_ws/build/ur5_motion_planning'], 'cwd': '/workspace/ur5_ws/build/ur5_motion_planning', 'env': OrderedDict([('HOSTNAME', '10a6f84be8b2'), ('SHLVL', '1'), ('LD_LIBRARY_PATH', '/opt/ros/humble/lib/aarch64-linux-gnu:/opt/ros/humble/lib'), ('HOME', '/root'), ('OLDPWD', '/'), ('ROS_PYTHON_VERSION', '3'), ('ROS_DISTRO', 'humble'), ('_', '/usr/bin/colcon'), ('ROS_VERSION', '2'), ('ROS_LOCALHOST_ONLY', '0'), ('PATH', '/opt/ros/humble/bin:/usr/local/sbin:/usr/local/bin:/usr/sbin:/usr/bin:/sbin:/bin'), ('LANG', 'C.UTF-8'), ('AMENT_PREFIX_PATH', '/workspace/ur5_ws/install/ur_moveit_config:/workspace/ur5_ws/install/ur_description:/opt/ros/humble'), ('PWD', '/workspace/ur5_ws/build/ur5_motion_planning'), ('LC_ALL', 'C.UTF-8'), ('PYTHONPATH', '/opt/ros/humble/lib/python3.10/site-packages:/opt/ros/humble/local/lib/python3.10/dist-packages'), ('COLCON', '1'), ('CMAKE_PREFIX_PATH', '/workspace/ur5_ws/install/ur_moveit_config:/workspace/ur5_ws/install/ur_description:/opt/ros/humble')]), 'shell': False}
[8.756105] (ur5_motion_planning) StdoutLine: {'line': b'-- Install configuration: ""\n'}
[8.756893] (-) TimerEvent: {}
[8.757482] (ur5_motion_planning) StdoutLine: {'line': b'-- Execute custom install script\n'}
[8.758427] (ur5_motion_planning) StdoutLine: {'line': b'-- Up-to-date symlink: /workspace/ur5_ws/install/ur5_motion_planning/lib/ur5_motion_planning/ur5_plan_and_analyze_node\n'}
[8.759411] (ur5_motion_planning) StdoutLine: {'line': b'-- Up-to-date symlink: /workspace/ur5_ws/install/ur5_motion_planning/share/ur5_motion_planning/launch/run_plan_and_analyze.launch.py\n'}
[8.760029] (ur5_motion_planning) StdoutLine: {'line': b'-- Up-to-date symlink: /workspace/ur5_ws/install/ur5_motion_planning/share/ament_index/resource_index/package_run_dependencies/ur5_motion_planning\n'}
[8.760567] (ur5_motion_planning) StdoutLine: {'line': b'-- Up-to-date symlink: /workspace/ur5_ws/install/ur5_motion_planning/share/ament_index/resource_index/parent_prefix_path/ur5_motion_planning\n'}
[8.760978] (ur5_motion_planning) StdoutLine: {'line': b'-- Up-to-date symlink: /workspace/ur5_ws/install/ur5_motion_planning/share/ur5_motion_planning/environment/ament_prefix_path.sh\n'}
[8.761480] (ur5_motion_planning) StdoutLine: {'line': b'-- Up-to-date symlink: /workspace/ur5_ws/install/ur5_motion_planning/share/ur5_motion_planning/environment/ament_prefix_path.dsv\n'}
[8.761933] (ur5_motion_planning) StdoutLine: {'line': b'-- Up-to-date symlink: /workspace/ur5_ws/install/ur5_motion_planning/share/ur5_motion_planning/environment/path.sh\n'}
[8.762320] (ur5_motion_planning) StdoutLine: {'line': b'-- Up-to-date symlink: /workspace/ur5_ws/install/ur5_motion_planning/share/ur5_motion_planning/environment/path.dsv\n'}
[8.762957] (ur5_motion_planning) StdoutLine: {'line': b'-- Up-to-date symlink: /workspace/ur5_ws/install/ur5_motion_planning/share/ur5_motion_planning/local_setup.bash\n'}
[8.763423] (ur5_motion_planning) StdoutLine: {'line': b'-- Up-to-date symlink: /workspace/ur5_ws/install/ur5_motion_planning/share/ur5_motion_planning/local_setup.sh\n'}
[8.763839] (ur5_motion_planning) StdoutLine: {'line': b'-- Up-to-date symlink: /workspace/ur5_ws/install/ur5_motion_planning/share/ur5_motion_planning/local_setup.zsh\n'}
[8.764288] (ur5_motion_planning) StdoutLine: {'line': b'-- Up-to-date symlink: /workspace/ur5_ws/install/ur5_motion_planning/share/ur5_motion_planning/local_setup.dsv\n'}
[8.764561] (ur5_motion_planning) StdoutLine: {'line': b'-- Symlinking: /workspace/ur5_ws/install/ur5_motion_planning/share/ur5_motion_planning/package.dsv\n'}
[8.770657] (ur5_motion_planning) StdoutLine: {'line': b'-- Up-to-date symlink: /workspace/ur5_ws/install/ur5_motion_planning/share/ament_index/resource_index/packages/ur5_motion_planning\n'}
[8.771378] (ur5_motion_planning) StdoutLine: {'line': b'-- Up-to-date symlink: /workspace/ur5_ws/install/ur5_motion_planning/share/ur5_motion_planning/cmake/ur5_motion_planningConfig.cmake\n'}
[8.771920] (ur5_motion_planning) StdoutLine: {'line': b'-- Up-to-date symlink: /workspace/ur5_ws/install/ur5_motion_planning/share/ur5_motion_planning/cmake/ur5_motion_planningConfig-version.cmake\n'}
[8.772431] (ur5_motion_planning) StdoutLine: {'line': b'-- Up-to-date symlink: /workspace/ur5_ws/install/ur5_motion_planning/share/ur5_motion_planning/package.xml\n'}
[8.774053] (ur5_motion_planning) CommandEnded: {'returncode': 0}
[8.806331] (ur5_motion_planning) JobEnded: {'identifier': 'ur5_motion_planning', 'rc': 0}
[8.808185] (-) EventReactorShutdown: {}
