[0.000000] (-) TimerEvent: {}
[0.000091] (-) JobUnselected: {'identifier': 'ur'}
[0.001371] (-) JobUnselected: {'identifier': 'ur5_kdl_ik'}
[0.001406] (-) JobUnselected: {'identifier': 'ur5_minimal_moveit'}
[0.001567] (-) JobUnselected: {'identifier': 'ur_calibration'}
[0.001619] (-) JobUnselected: {'identifier': 'ur_controllers'}
[0.001673] (-) JobUnselected: {'identifier': 'ur_dashboard_msgs'}
[0.001767] (-) JobUnselected: {'identifier': 'ur_description'}
[0.001835] (-) JobUnselected: {'identifier': 'ur_moveit_config'}
[0.001902] (-) JobUnselected: {'identifier': 'ur_robot_driver'}
[0.001954] (ur5_motion_planning) JobQueued: {'identifier': 'ur5_motion_planning', 'dependencies': OrderedDict([('ur_description', '/workspace/ur5_ws/install/ur_description'), ('ur_moveit_config', '/workspace/ur5_ws/install/ur_moveit_config')])}
[0.002016] (ur5_motion_planning) JobStarted: {'identifier': 'ur5_motion_planning'}
[0.006737] (ur5_motion_planning) JobProgress: {'identifier': 'ur5_motion_planning', 'progress': 'cmake'}
[0.008520] (ur5_motion_planning) Command: {'cmd': ['/usr/bin/cmake', '/workspace/ur5_ws/src/ur5_motion_planning', '-DCMAKE_INSTALL_PREFIX=/workspace/ur5_ws/install/ur5_motion_planning'], 'cwd': '/workspace/ur5_ws/build/ur5_motion_planning', 'env': OrderedDict([('HOSTNAME', '10a6f84be8b2'), ('SHLVL', '1'), ('LD_LIBRARY_PATH', '/opt/ros/humble/opt/rviz_ogre_vendor/lib:/opt/ros/humble/lib/aarch64-linux-gnu:/opt/ros/humble/lib'), ('HOME', '/root'), ('OLDPWD', '/'), ('ROS_PYTHON_VERSION', '3'), ('ROS_DISTRO', 'humble'), ('_', '/usr/bin/colcon'), ('ROS_VERSION', '2'), ('ROS_LOCALHOST_ONLY', '0'), ('PATH', '/opt/ros/humble/bin:/usr/local/sbin:/usr/local/bin:/usr/sbin:/usr/bin:/sbin:/bin'), ('LANG', 'C.UTF-8'), ('AMENT_PREFIX_PATH', '/workspace/ur5_ws/install/ur_moveit_config:/workspace/ur5_ws/install/ur_description:/opt/ros/humble'), ('PWD', '/workspace/ur5_ws/build/ur5_motion_planning'), ('LC_ALL', 'C.UTF-8'), ('PYTHONPATH', '/opt/ros/humble/lib/python3.10/site-packages:/opt/ros/humble/local/lib/python3.10/dist-packages'), ('COLCON', '1'), ('CMAKE_PREFIX_PATH', '/workspace/ur5_ws/install/ur_moveit_config:/workspace/ur5_ws/install/ur_description:/opt/ros/humble')]), 'shell': False}
[0.059664] (ur5_motion_planning) StdoutLine: {'line': b'-- The C compiler identification is GNU 11.4.0\n'}
[0.100070] (-) TimerEvent: {}
[0.148602] (ur5_motion_planning) StdoutLine: {'line': b'-- The CXX compiler identification is GNU 11.4.0\n'}
[0.164062] (ur5_motion_planning) StdoutLine: {'line': b'-- Detecting C compiler ABI info\n'}
[0.200606] (-) TimerEvent: {}
[0.235986] (ur5_motion_planning) StdoutLine: {'line': b'-- Detecting C compiler ABI info - done\n'}
[0.241514] (ur5_motion_planning) StdoutLine: {'line': b'-- Check for working C compiler: /usr/bin/cc - skipped\n'}
[0.241910] (ur5_motion_planning) StdoutLine: {'line': b'-- Detecting C compile features\n'}
[0.242256] (ur5_motion_planning) StdoutLine: {'line': b'-- Detecting C compile features - done\n'}
[0.245085] (ur5_motion_planning) StdoutLine: {'line': b'-- Detecting CXX compiler ABI info\n'}
[0.301528] (-) TimerEvent: {}
[0.301796] (ur5_motion_planning) StdoutLine: {'line': b'-- Detecting CXX compiler ABI info - done\n'}
[0.306894] (ur5_motion_planning) StdoutLine: {'line': b'-- Check for working CXX compiler: /usr/bin/c++ - skipped\n'}
[0.307336] (ur5_motion_planning) StdoutLine: {'line': b'-- Detecting CXX compile features\n'}
[0.307624] (ur5_motion_planning) StdoutLine: {'line': b'-- Detecting CXX compile features - done\n'}
[0.314083] (ur5_motion_planning) StdoutLine: {'line': b'-- Found ament_cmake: 1.3.12 (/opt/ros/humble/share/ament_cmake/cmake)\n'}
[0.377521] (ur5_motion_planning) StdoutLine: {'line': b'-- Found Python3: /usr/bin/python3 (found version "3.10.12") found components: Interpreter \n'}
[0.402600] (-) TimerEvent: {}
[0.470787] (ur5_motion_planning) StdoutLine: {'line': b'-- Found rclcpp: 16.0.17 (/opt/ros/humble/share/rclcpp/cmake)\n'}
[0.503522] (-) TimerEvent: {}
[0.525995] (ur5_motion_planning) StdoutLine: {'line': b'-- Found rosidl_generator_c: 3.1.8 (/opt/ros/humble/share/rosidl_generator_c/cmake)\n'}
[0.535518] (ur5_motion_planning) StdoutLine: {'line': b'-- Found rosidl_adapter: 3.1.8 (/opt/ros/humble/share/rosidl_adapter/cmake)\n'}
[0.544511] (ur5_motion_planning) StdoutLine: {'line': b'-- Found rosidl_generator_cpp: 3.1.8 (/opt/ros/humble/share/rosidl_generator_cpp/cmake)\n'}
[0.555942] (ur5_motion_planning) StdoutLine: {'line': b'-- Using all available rosidl_typesupport_c: rosidl_typesupport_fastrtps_c;rosidl_typesupport_introspection_c\n'}
[0.573549] (ur5_motion_planning) StdoutLine: {'line': b'-- Using all available rosidl_typesupport_cpp: rosidl_typesupport_fastrtps_cpp;rosidl_typesupport_introspection_cpp\n'}
[0.604505] (-) TimerEvent: {}
[0.625640] (ur5_motion_planning) StdoutLine: {'line': b'-- Found rmw_implementation_cmake: 6.1.2 (/opt/ros/humble/share/rmw_implementation_cmake/cmake)\n'}
[0.630314] (ur5_motion_planning) StdoutLine: {'line': b'-- Found rmw_fastrtps_cpp: 6.2.9 (/opt/ros/humble/share/rmw_fastrtps_cpp/cmake)\n'}
[0.688622] (ur5_motion_planning) StdoutLine: {'line': b'-- Found OpenSSL: /usr/lib/aarch64-linux-gnu/libcrypto.so (found version "3.0.2")  \n'}
[0.703516] (ur5_motion_planning) StdoutLine: {'line': b'-- Found FastRTPS: /opt/ros/humble/include  \n'}
[0.705216] (-) TimerEvent: {}
[0.727242] (ur5_motion_planning) StdoutLine: {'line': b"-- Using RMW implementation 'rmw_fastrtps_cpp' as default\n"}
[0.742093] (ur5_motion_planning) StdoutLine: {'line': b'-- Looking for pthread.h\n'}
[0.791774] (ur5_motion_planning) StdoutLine: {'line': b'-- Looking for pthread.h - found\n'}
[0.792770] (ur5_motion_planning) StdoutLine: {'line': b'-- Performing Test CMAKE_HAVE_LIBC_PTHREAD\n'}
[0.805538] (-) TimerEvent: {}
[0.843789] (ur5_motion_planning) StdoutLine: {'line': b'-- Performing Test CMAKE_HAVE_LIBC_PTHREAD - Success\n'}
[0.845034] (ur5_motion_planning) StdoutLine: {'line': b'-- Found Threads: TRUE  \n'}
[0.885519] (ur5_motion_planning) StdoutLine: {'line': b'-- Found geometry_msgs: 4.9.0 (/opt/ros/humble/share/geometry_msgs/cmake)\n'}
[0.894512] (ur5_motion_planning) StdoutLine: {'line': b'-- Found trajectory_msgs: 4.9.0 (/opt/ros/humble/share/trajectory_msgs/cmake)\n'}
[0.906516] (-) TimerEvent: {}
[0.907867] (ur5_motion_planning) StdoutLine: {'line': b'-- Found tf2_geometry_msgs: 0.25.18 (/opt/ros/humble/share/tf2_geometry_msgs/cmake)\n'}
[0.926825] (ur5_motion_planning) StdoutLine: {'line': b'-- Found eigen3_cmake_module: 0.1.1 (/opt/ros/humble/share/eigen3_cmake_module/cmake)\n'}
[0.927105] (ur5_motion_planning) StdoutLine: {'line': b'-- Found Eigen3: TRUE (found version "3.4.0") \n'}
[0.927312] (ur5_motion_planning) StdoutLine: {'line': b'-- Ensuring Eigen3 include directory is part of orocos-kdl CMake target\n'}
[1.010507] (-) TimerEvent: {}
[1.019519] (ur5_motion_planning) StdoutLine: {'line': b'-- Found moveit_core: 2.5.9 (/opt/ros/humble/share/moveit_core/cmake)\n'}
[1.070586] (ur5_motion_planning) StdoutLine: {'line': b'-- Found Boost: /usr/lib/aarch64-linux-gnu/cmake/Boost-1.74.0/BoostConfig.cmake (found version "1.74.0") found components: chrono date_time filesystem iostreams program_options regex serialization system thread \n'}
[1.111520] (-) TimerEvent: {}
[1.116394] (ur5_motion_planning) StdoutLine: {'line': b'-- Found parameter_traits: 0.6.0 (/opt/ros/humble/share/parameter_traits/cmake)\n'}
[1.133903] (ur5_motion_planning) StdoutLine: {'line': b'-- Found rclcpp_lifecycle: 16.0.17 (/opt/ros/humble/share/rclcpp_lifecycle/cmake)\n'}
[1.164122] (ur5_motion_planning) StdoutLine: {'line': b'-- Found Boost: /usr/lib/aarch64-linux-gnu/cmake/Boost-1.74.0/BoostConfig.cmake (found version "1.74.0") found components: filesystem \n'}
[1.213071] (-) TimerEvent: {}
[1.286276] (ur5_motion_planning) StdoutLine: {'line': b'-- library: /usr/lib/aarch64-linux-gnu/libcurl.so\n'}
[1.313702] (-) TimerEvent: {}
[1.416529] (-) TimerEvent: {}
[1.461499] (ur5_motion_planning) StdoutLine: {'line': b'-- Found moveit_ros_planning_interface: 2.5.9 (/opt/ros/humble/share/moveit_ros_planning_interface/cmake)\n'}
[1.464667] (ur5_motion_planning) StdoutLine: {'line': b'-- Found Boost: /usr/lib/aarch64-linux-gnu/cmake/Boost-1.74.0/BoostConfig.cmake (found version "1.74.0") found components: date_time filesystem program_options system thread \n'}
[1.472128] (ur5_motion_planning) StdoutLine: {'line': b'-- Found Boost: /usr/lib/aarch64-linux-gnu/cmake/Boost-1.74.0/BoostConfig.cmake (found version "1.74.0") found components: system filesystem date_time program_options thread chrono \n'}
[1.496438] (ur5_motion_planning) StdoutLine: {'line': b'-- Found Boost: /usr/lib/aarch64-linux-gnu/cmake/Boost-1.74.0/BoostConfig.cmake (found version "1.74.0") found components: thread system filesystem regex date_time program_options \n'}
[1.515506] (ur5_motion_planning) StdoutLine: {'line': b'-- Found Boost: /usr/lib/aarch64-linux-gnu/cmake/Boost-1.74.0/BoostConfig.cmake (found version "1.74.0") found components: system filesystem date_time program_options thread \n'}
[1.517146] (-) TimerEvent: {}
[1.581147] (ur5_motion_planning) StdoutLine: {'line': b'-- Configuring done\n'}
[1.611282] (ur5_motion_planning) StdoutLine: {'line': b'-- Generating done\n'}
[1.617497] (-) TimerEvent: {}
[1.627496] (ur5_motion_planning) StdoutLine: {'line': b'-- Build files have been written to: /workspace/ur5_ws/build/ur5_motion_planning\n'}
[1.630268] (ur5_motion_planning) CommandEnded: {'returncode': 0}
[1.630677] (ur5_motion_planning) JobProgress: {'identifier': 'ur5_motion_planning', 'progress': 'build'}
[1.631134] (ur5_motion_planning) Command: {'cmd': ['/usr/bin/cmake', '--build', '/workspace/ur5_ws/build/ur5_motion_planning', '--', '-j11', '-l11'], 'cwd': '/workspace/ur5_ws/build/ur5_motion_planning', 'env': OrderedDict([('HOSTNAME', '10a6f84be8b2'), ('SHLVL', '1'), ('LD_LIBRARY_PATH', '/opt/ros/humble/opt/rviz_ogre_vendor/lib:/opt/ros/humble/lib/aarch64-linux-gnu:/opt/ros/humble/lib'), ('HOME', '/root'), ('OLDPWD', '/'), ('ROS_PYTHON_VERSION', '3'), ('ROS_DISTRO', 'humble'), ('_', '/usr/bin/colcon'), ('ROS_VERSION', '2'), ('ROS_LOCALHOST_ONLY', '0'), ('PATH', '/opt/ros/humble/bin:/usr/local/sbin:/usr/local/bin:/usr/sbin:/usr/bin:/sbin:/bin'), ('LANG', 'C.UTF-8'), ('AMENT_PREFIX_PATH', '/workspace/ur5_ws/install/ur_moveit_config:/workspace/ur5_ws/install/ur_description:/opt/ros/humble'), ('PWD', '/workspace/ur5_ws/build/ur5_motion_planning'), ('LC_ALL', 'C.UTF-8'), ('PYTHONPATH', '/opt/ros/humble/lib/python3.10/site-packages:/opt/ros/humble/local/lib/python3.10/dist-packages'), ('COLCON', '1'), ('CMAKE_PREFIX_PATH', '/workspace/ur5_ws/install/ur_moveit_config:/workspace/ur5_ws/install/ur_description:/opt/ros/humble')]), 'shell': False}
[1.660269] (ur5_motion_planning) StdoutLine: {'line': b'[ 50%] Building CXX object CMakeFiles/ur5_plan_and_analyze_node.dir/src/ur5_plan_and_analyze_node.cpp.o\n'}
[1.662523] (ur5_motion_planning) StderrLine: {'line': b'cc1plus: warning: /workspace/ur5_ws/src/ur5_motion_planning/src/ur5_plan_and_analyze_node.cpp is shorter than expected\n'}
[1.718504] (-) TimerEvent: {}
[1.819505] (-) TimerEvent: {}
[1.920506] (-) TimerEvent: {}
[2.021512] (-) TimerEvent: {}
[2.122527] (-) TimerEvent: {}
[2.223519] (-) TimerEvent: {}
[2.324516] (-) TimerEvent: {}
[2.425518] (-) TimerEvent: {}
[2.526506] (-) TimerEvent: {}
[2.627509] (-) TimerEvent: {}
[2.728514] (-) TimerEvent: {}
[2.829512] (-) TimerEvent: {}
[2.930509] (-) TimerEvent: {}
[3.031506] (-) TimerEvent: {}
[3.132556] (-) TimerEvent: {}
[3.233510] (-) TimerEvent: {}
[3.334508] (-) TimerEvent: {}
[3.435510] (-) TimerEvent: {}
[3.536535] (-) TimerEvent: {}
[3.637507] (-) TimerEvent: {}
[3.738610] (-) TimerEvent: {}
[3.839572] (-) TimerEvent: {}
[3.940520] (-) TimerEvent: {}
[4.041512] (-) TimerEvent: {}
[4.142509] (-) TimerEvent: {}
[4.243511] (-) TimerEvent: {}
[4.344505] (-) TimerEvent: {}
[4.445503] (-) TimerEvent: {}
[4.546504] (-) TimerEvent: {}
[4.647509] (-) TimerEvent: {}
[4.748510] (-) TimerEvent: {}
[4.849511] (-) TimerEvent: {}
[4.950508] (-) TimerEvent: {}
[5.051511] (-) TimerEvent: {}
[5.154026] (-) TimerEvent: {}
[5.255905] (-) TimerEvent: {}
[5.358528] (-) TimerEvent: {}
[5.459509] (-) TimerEvent: {}
[5.560505] (-) TimerEvent: {}
[5.661508] (-) TimerEvent: {}
[5.762507] (-) TimerEvent: {}
[5.863542] (-) TimerEvent: {}
[5.964528] (-) TimerEvent: {}
[6.065536] (-) TimerEvent: {}
[6.068724] (ur5_motion_planning) StdoutLine: {'line': b'[100%] Linking CXX executable ur5_plan_and_analyze_node\n'}
[6.167519] (-) TimerEvent: {}
[6.268506] (-) TimerEvent: {}
[6.369502] (-) TimerEvent: {}
[6.372119] (ur5_motion_planning) StdoutLine: {'line': b'[100%] Built target ur5_plan_and_analyze_node\n'}
[6.378472] (ur5_motion_planning) CommandEnded: {'returncode': 0}
[6.380194] (ur5_motion_planning) JobProgress: {'identifier': 'ur5_motion_planning', 'progress': 'install'}
[6.384244] (ur5_motion_planning) Command: {'cmd': ['/usr/bin/cmake', '--install', '/workspace/ur5_ws/build/ur5_motion_planning'], 'cwd': '/workspace/ur5_ws/build/ur5_motion_planning', 'env': OrderedDict([('HOSTNAME', '10a6f84be8b2'), ('SHLVL', '1'), ('LD_LIBRARY_PATH', '/opt/ros/humble/opt/rviz_ogre_vendor/lib:/opt/ros/humble/lib/aarch64-linux-gnu:/opt/ros/humble/lib'), ('HOME', '/root'), ('OLDPWD', '/'), ('ROS_PYTHON_VERSION', '3'), ('ROS_DISTRO', 'humble'), ('_', '/usr/bin/colcon'), ('ROS_VERSION', '2'), ('ROS_LOCALHOST_ONLY', '0'), ('PATH', '/opt/ros/humble/bin:/usr/local/sbin:/usr/local/bin:/usr/sbin:/usr/bin:/sbin:/bin'), ('LANG', 'C.UTF-8'), ('AMENT_PREFIX_PATH', '/workspace/ur5_ws/install/ur_moveit_config:/workspace/ur5_ws/install/ur_description:/opt/ros/humble'), ('PWD', '/workspace/ur5_ws/build/ur5_motion_planning'), ('LC_ALL', 'C.UTF-8'), ('PYTHONPATH', '/opt/ros/humble/lib/python3.10/site-packages:/opt/ros/humble/local/lib/python3.10/dist-packages'), ('COLCON', '1'), ('CMAKE_PREFIX_PATH', '/workspace/ur5_ws/install/ur_moveit_config:/workspace/ur5_ws/install/ur_description:/opt/ros/humble')]), 'shell': False}
[6.387277] (ur5_motion_planning) StdoutLine: {'line': b'-- Install configuration: ""\n'}
[6.388412] (ur5_motion_planning) StdoutLine: {'line': b'-- Installing: /workspace/ur5_ws/install/ur5_motion_planning/lib/ur5_motion_planning/ur5_plan_and_analyze_node\n'}
[6.407291] (ur5_motion_planning) StdoutLine: {'line': b'-- Set runtime path of "/workspace/ur5_ws/install/ur5_motion_planning/lib/ur5_motion_planning/ur5_plan_and_analyze_node" to ""\n'}
[6.407653] (ur5_motion_planning) StdoutLine: {'line': b'-- Installing: /workspace/ur5_ws/install/ur5_motion_planning/share/ur5_motion_planning/launch\n'}
[6.408650] (ur5_motion_planning) StdoutLine: {'line': b'-- Installing: /workspace/ur5_ws/install/ur5_motion_planning/share/ur5_motion_planning/launch/run_plan_and_analyze.launch.py\n'}
[6.411417] (ur5_motion_planning) StdoutLine: {'line': b'-- Installing: /workspace/ur5_ws/install/ur5_motion_planning/share/ament_index/resource_index/package_run_dependencies/ur5_motion_planning\n'}
[6.413562] (ur5_motion_planning) StdoutLine: {'line': b'-- Installing: /workspace/ur5_ws/install/ur5_motion_planning/share/ament_index/resource_index/parent_prefix_path/ur5_motion_planning\n'}
[6.415683] (ur5_motion_planning) StdoutLine: {'line': b'-- Installing: /workspace/ur5_ws/install/ur5_motion_planning/share/ur5_motion_planning/environment/ament_prefix_path.sh\n'}
[6.417223] (ur5_motion_planning) StdoutLine: {'line': b'-- Installing: /workspace/ur5_ws/install/ur5_motion_planning/share/ur5_motion_planning/environment/ament_prefix_path.dsv\n'}
[6.418817] (ur5_motion_planning) StdoutLine: {'line': b'-- Installing: /workspace/ur5_ws/install/ur5_motion_planning/share/ur5_motion_planning/environment/path.sh\n'}
[6.420536] (ur5_motion_planning) StdoutLine: {'line': b'-- Installing: /workspace/ur5_ws/install/ur5_motion_planning/share/ur5_motion_planning/environment/path.dsv\n'}
[6.421849] (ur5_motion_planning) StdoutLine: {'line': b'-- Installing: /workspace/ur5_ws/install/ur5_motion_planning/share/ur5_motion_planning/local_setup.bash\n'}
[6.423160] (ur5_motion_planning) StdoutLine: {'line': b'-- Installing: /workspace/ur5_ws/install/ur5_motion_planning/share/ur5_motion_planning/local_setup.sh\n'}
[6.424735] (ur5_motion_planning) StdoutLine: {'line': b'-- Installing: /workspace/ur5_ws/install/ur5_motion_planning/share/ur5_motion_planning/local_setup.zsh\n'}
[6.426069] (ur5_motion_planning) StdoutLine: {'line': b'-- Installing: /workspace/ur5_ws/install/ur5_motion_planning/share/ur5_motion_planning/local_setup.dsv\n'}
[6.427516] (ur5_motion_planning) StdoutLine: {'line': b'-- Installing: /workspace/ur5_ws/install/ur5_motion_planning/share/ur5_motion_planning/package.dsv\n'}
[6.429229] (ur5_motion_planning) StdoutLine: {'line': b'-- Installing: /workspace/ur5_ws/install/ur5_motion_planning/share/ament_index/resource_index/packages/ur5_motion_planning\n'}
[6.430731] (ur5_motion_planning) StdoutLine: {'line': b'-- Installing: /workspace/ur5_ws/install/ur5_motion_planning/share/ur5_motion_planning/cmake/ur5_motion_planningConfig.cmake\n'}
[6.431956] (ur5_motion_planning) StdoutLine: {'line': b'-- Installing: /workspace/ur5_ws/install/ur5_motion_planning/share/ur5_motion_planning/cmake/ur5_motion_planningConfig-version.cmake\n'}
[6.433221] (ur5_motion_planning) StdoutLine: {'line': b'-- Installing: /workspace/ur5_ws/install/ur5_motion_planning/share/ur5_motion_planning/package.xml\n'}
[6.435962] (ur5_motion_planning) CommandEnded: {'returncode': 0}
[6.464337] (ur5_motion_planning) JobEnded: {'identifier': 'ur5_motion_planning', 'rc': 0}
[6.465538] (-) EventReactorShutdown: {}
