[0.000000] (-) TimerEvent: {}
[0.000516] (-) JobUnselected: {'identifier': 'ur'}
[0.000602] (-) JobUnselected: {'identifier': 'ur5_kdl_ik'}
[0.000657] (-) JobUnselected: {'identifier': 'ur_calibration'}
[0.000785] (-) JobUnselected: {'identifier': 'ur_controllers'}
[0.000853] (-) JobUnselected: {'identifier': 'ur_dashboard_msgs'}
[0.000951] (-) JobUnselected: {'identifier': 'ur_description'}
[0.001086] (-) JobUnselected: {'identifier': 'ur_moveit_config'}
[0.001163] (-) JobUnselected: {'identifier': 'ur_robot_driver'}
[0.001230] (ur5_minimal_moveit) JobQueued: {'identifier': 'ur5_minimal_moveit', 'dependencies': OrderedDict([('ur_description', '/workspace/ur5_ws/install/ur_description'), ('ur_moveit_config', '/workspace/ur5_ws/install/ur_moveit_config')])}
[0.001386] (ur5_motion_planning) JobQueued: {'identifier': 'ur5_motion_planning', 'dependencies': OrderedDict([('ur_description', '/workspace/ur5_ws/install/ur_description'), ('ur_moveit_config', '/workspace/ur5_ws/install/ur_moveit_config'), ('ur5_minimal_moveit', '/workspace/ur5_ws/install/ur5_minimal_moveit')])}
[0.001486] (ur5_minimal_moveit) JobStarted: {'identifier': 'ur5_minimal_moveit'}
[0.098822] (-) TimerEvent: {}
[0.199821] (-) TimerEvent: {}
[0.303812] (-) TimerEvent: {}
[0.342724] (ur5_minimal_moveit) Command: {'cmd': ['/usr/bin/python3', '-W', 'ignore:setup.py install is deprecated', '-W', 'ignore:easy_install command is deprecated', 'setup.py', 'egg_info', '--egg-base', '../../build/ur5_minimal_moveit', 'build', '--build-base', '/workspace/ur5_ws/build/ur5_minimal_moveit/build', 'install', '--record', '/workspace/ur5_ws/build/ur5_minimal_moveit/install.log', '--single-version-externally-managed', 'install_data'], 'cwd': '/workspace/ur5_ws/src/ur5_minimal_moveit', 'env': {'HOSTNAME': '10a6f84be8b2', 'SHLVL': '1', 'LD_LIBRARY_PATH': '/opt/ros/humble/opt/rviz_ogre_vendor/lib:/opt/ros/humble/lib/aarch64-linux-gnu:/opt/ros/humble/lib', 'HOME': '/root', 'OLDPWD': '/', 'ROS_PYTHON_VERSION': '3', 'ROS_DISTRO': 'humble', '_': '/usr/bin/colcon', 'ROS_VERSION': '2', 'ROS_LOCALHOST_ONLY': '0', 'PATH': '/opt/ros/humble/bin:/usr/local/sbin:/usr/local/bin:/usr/sbin:/usr/bin:/sbin:/bin', 'LANG': 'C.UTF-8', 'AMENT_PREFIX_PATH': '/workspace/ur5_ws/install/ur_moveit_config:/workspace/ur5_ws/install/ur_description:/opt/ros/humble', 'PWD': '/workspace/ur5_ws/build/ur5_minimal_moveit', 'LC_ALL': 'C.UTF-8', 'PYTHONPATH': '/workspace/ur5_ws/build/ur5_minimal_moveit/prefix_override:/usr/lib/python3/dist-packages/colcon_core/task/python/colcon_distutils_commands:/workspace/ur5_ws/install/ur5_minimal_moveit/lib/python3.10/site-packages:/opt/ros/humble/lib/python3.10/site-packages:/opt/ros/humble/local/lib/python3.10/dist-packages', 'COLCON': '1', 'CMAKE_PREFIX_PATH': '/workspace/ur5_ws/install/ur_moveit_config:/workspace/ur5_ws/install/ur_description'}, 'shell': False}
[0.406715] (-) TimerEvent: {}
[0.469153] (ur5_minimal_moveit) StdoutLine: {'line': b'running egg_info\n'}
[0.469868] (ur5_minimal_moveit) StdoutLine: {'line': b'writing ../../build/ur5_minimal_moveit/ur5_minimal_moveit.egg-info/PKG-INFO\n'}
[0.470833] (ur5_minimal_moveit) StdoutLine: {'line': b'writing dependency_links to ../../build/ur5_minimal_moveit/ur5_minimal_moveit.egg-info/dependency_links.txt\n'}
[0.471527] (ur5_minimal_moveit) StdoutLine: {'line': b'writing entry points to ../../build/ur5_minimal_moveit/ur5_minimal_moveit.egg-info/entry_points.txt\n'}
[0.482712] (ur5_minimal_moveit) StdoutLine: {'line': b'writing requirements to ../../build/ur5_minimal_moveit/ur5_minimal_moveit.egg-info/requires.txt\n'}
[0.484047] (ur5_minimal_moveit) StdoutLine: {'line': b'writing top-level names to ../../build/ur5_minimal_moveit/ur5_minimal_moveit.egg-info/top_level.txt\n'}
[0.494281] (ur5_minimal_moveit) StdoutLine: {'line': b"reading manifest file '../../build/ur5_minimal_moveit/ur5_minimal_moveit.egg-info/SOURCES.txt'\n"}
[0.495961] (ur5_minimal_moveit) StdoutLine: {'line': b"writing manifest file '../../build/ur5_minimal_moveit/ur5_minimal_moveit.egg-info/SOURCES.txt'\n"}
[0.496358] (ur5_minimal_moveit) StdoutLine: {'line': b'running build\n'}
[0.496803] (ur5_minimal_moveit) StdoutLine: {'line': b'running build_py\n'}
[0.497882] (ur5_minimal_moveit) StdoutLine: {'line': b'copying ur5_minimal_moveit/fake_joint_trajectory_controller.py -> /workspace/ur5_ws/build/ur5_minimal_moveit/build/lib/ur5_minimal_moveit\n'}
[0.499533] (ur5_minimal_moveit) StdoutLine: {'line': b'running install\n'}
[0.501491] (ur5_minimal_moveit) StdoutLine: {'line': b'running install_lib\n'}
[0.502493] (ur5_minimal_moveit) StdoutLine: {'line': b'copying /workspace/ur5_ws/build/ur5_minimal_moveit/build/lib/ur5_minimal_moveit/fake_joint_trajectory_controller.py -> /workspace/ur5_ws/install/ur5_minimal_moveit/lib/python3.10/site-packages/ur5_minimal_moveit\n'}
[0.505624] (ur5_minimal_moveit) StdoutLine: {'line': b'byte-compiling /workspace/ur5_ws/install/ur5_minimal_moveit/lib/python3.10/site-packages/ur5_minimal_moveit/fake_joint_trajectory_controller.py to fake_joint_trajectory_controller.cpython-310.pyc\n'}
[0.507835] (ur5_minimal_moveit) StdoutLine: {'line': b'running install_data\n'}
[0.508268] (-) TimerEvent: {}
[0.508380] (ur5_minimal_moveit) StdoutLine: {'line': b'copying package.xml -> /workspace/ur5_ws/install/ur5_minimal_moveit/share/ur5_minimal_moveit\n'}
[0.510094] (ur5_minimal_moveit) StdoutLine: {'line': b'running install_egg_info\n'}
[0.511783] (ur5_minimal_moveit) StdoutLine: {'line': b"removing '/workspace/ur5_ws/install/ur5_minimal_moveit/lib/python3.10/site-packages/ur5_minimal_moveit-0.0.0-py3.10.egg-info' (and everything under it)\n"}
[0.513598] (ur5_minimal_moveit) StdoutLine: {'line': b'Copying ../../build/ur5_minimal_moveit/ur5_minimal_moveit.egg-info to /workspace/ur5_ws/install/ur5_minimal_moveit/lib/python3.10/site-packages/ur5_minimal_moveit-0.0.0-py3.10.egg-info\n'}
[0.523356] (ur5_minimal_moveit) StdoutLine: {'line': b'running install_scripts\n'}
[0.540011] (ur5_minimal_moveit) StdoutLine: {'line': b'Installing fake_joint_trajectory_controller script to /workspace/ur5_ws/install/ur5_minimal_moveit/lib/ur5_minimal_moveit\n'}
[0.543885] (ur5_minimal_moveit) StdoutLine: {'line': b"writing list of installed files to '/workspace/ur5_ws/build/ur5_minimal_moveit/install.log'\n"}
[0.564927] (ur5_minimal_moveit) CommandEnded: {'returncode': 0}
[0.583417] (ur5_minimal_moveit) JobEnded: {'identifier': 'ur5_minimal_moveit', 'rc': 0}
[0.587953] (ur5_motion_planning) JobStarted: {'identifier': 'ur5_motion_planning'}
[0.594773] (ur5_motion_planning) JobProgress: {'identifier': 'ur5_motion_planning', 'progress': 'cmake'}
[0.596565] (ur5_motion_planning) JobProgress: {'identifier': 'ur5_motion_planning', 'progress': 'build'}
[0.597734] (ur5_motion_planning) Command: {'cmd': ['/usr/bin/cmake', '--build', '/workspace/ur5_ws/build/ur5_motion_planning', '--', '-j11', '-l11'], 'cwd': '/workspace/ur5_ws/build/ur5_motion_planning', 'env': OrderedDict([('HOSTNAME', '10a6f84be8b2'), ('SHLVL', '1'), ('LD_LIBRARY_PATH', '/opt/ros/humble/opt/rviz_ogre_vendor/lib:/opt/ros/humble/lib/aarch64-linux-gnu:/opt/ros/humble/lib'), ('HOME', '/root'), ('OLDPWD', '/'), ('ROS_PYTHON_VERSION', '3'), ('ROS_DISTRO', 'humble'), ('_', '/usr/bin/colcon'), ('ROS_VERSION', '2'), ('ROS_LOCALHOST_ONLY', '0'), ('PATH', '/opt/ros/humble/bin:/usr/local/sbin:/usr/local/bin:/usr/sbin:/usr/bin:/sbin:/bin'), ('LANG', 'C.UTF-8'), ('AMENT_PREFIX_PATH', '/workspace/ur5_ws/install/ur5_minimal_moveit:/workspace/ur5_ws/install/ur_moveit_config:/workspace/ur5_ws/install/ur_description:/opt/ros/humble'), ('PWD', '/workspace/ur5_ws/build/ur5_motion_planning'), ('LC_ALL', 'C.UTF-8'), ('PYTHONPATH', '/workspace/ur5_ws/install/ur5_minimal_moveit/lib/python3.10/site-packages:/opt/ros/humble/lib/python3.10/site-packages:/opt/ros/humble/local/lib/python3.10/dist-packages'), ('COLCON', '1'), ('CMAKE_PREFIX_PATH', '/workspace/ur5_ws/install/ur_moveit_config:/workspace/ur5_ws/install/ur_description:/opt/ros/humble')]), 'shell': False}
[0.608919] (-) TimerEvent: {}
[0.709820] (-) TimerEvent: {}
[0.810816] (-) TimerEvent: {}
[0.838668] (ur5_motion_planning) StdoutLine: {'line': b'Consolidate compiler generated dependencies of target ur5_plan_and_analyze_node\n'}
[0.861728] (ur5_motion_planning) StdoutLine: {'line': b'[ 50%] Building CXX object CMakeFiles/ur5_plan_and_analyze_node.dir/src/ur5_plan_and_analyze_node.cpp.o\n'}
[0.913807] (-) TimerEvent: {}
[1.017823] (-) TimerEvent: {}
[1.118829] (-) TimerEvent: {}
[1.219807] (-) TimerEvent: {}
[1.320816] (-) TimerEvent: {}
[1.421816] (-) TimerEvent: {}
[1.522824] (-) TimerEvent: {}
[1.623852] (-) TimerEvent: {}
[1.724823] (-) TimerEvent: {}
[1.825903] (-) TimerEvent: {}
[1.926816] (-) TimerEvent: {}
[2.027810] (-) TimerEvent: {}
[2.129834] (-) TimerEvent: {}
[2.230809] (-) TimerEvent: {}
[2.334828] (-) TimerEvent: {}
[2.435820] (-) TimerEvent: {}
[2.536809] (-) TimerEvent: {}
[2.637817] (-) TimerEvent: {}
[2.738815] (-) TimerEvent: {}
[2.839821] (-) TimerEvent: {}
[2.942816] (-) TimerEvent: {}
[3.043827] (-) TimerEvent: {}
[3.144804] (-) TimerEvent: {}
[3.245811] (-) TimerEvent: {}
[3.346819] (-) TimerEvent: {}
[3.447825] (-) TimerEvent: {}
[3.548829] (-) TimerEvent: {}
[3.649837] (-) TimerEvent: {}
[3.750823] (-) TimerEvent: {}
[3.851833] (-) TimerEvent: {}
[3.952828] (-) TimerEvent: {}
[4.053812] (-) TimerEvent: {}
[4.154818] (-) TimerEvent: {}
[4.258860] (-) TimerEvent: {}
[4.363816] (-) TimerEvent: {}
[4.464823] (-) TimerEvent: {}
[4.565821] (-) TimerEvent: {}
[4.666826] (-) TimerEvent: {}
[4.767853] (-) TimerEvent: {}
[4.868833] (-) TimerEvent: {}
[4.969829] (-) TimerEvent: {}
[5.070859] (-) TimerEvent: {}
[5.171829] (-) TimerEvent: {}
[5.272836] (-) TimerEvent: {}
[5.373827] (-) TimerEvent: {}
[5.474842] (-) TimerEvent: {}
[5.575811] (-) TimerEvent: {}
[5.676810] (-) TimerEvent: {}
[5.777949] (-) TimerEvent: {}
[5.878816] (-) TimerEvent: {}
[5.979815] (-) TimerEvent: {}
[6.080822] (-) TimerEvent: {}
[6.181826] (-) TimerEvent: {}
[6.282848] (-) TimerEvent: {}
[6.383960] (-) TimerEvent: {}
[6.486148] (-) TimerEvent: {}
[6.588129] (-) TimerEvent: {}
[6.689331] (-) TimerEvent: {}
[6.790820] (-) TimerEvent: {}
[6.891832] (-) TimerEvent: {}
[6.992881] (-) TimerEvent: {}
[7.097810] (-) TimerEvent: {}
[7.198834] (-) TimerEvent: {}
[7.299811] (-) TimerEvent: {}
[7.400839] (-) TimerEvent: {}
[7.502061] (-) TimerEvent: {}
[7.602926] (-) TimerEvent: {}
[7.686816] (ur5_motion_planning) StdoutLine: {'line': b'[100%] Linking CXX executable ur5_plan_and_analyze_node\n'}
[7.703856] (-) TimerEvent: {}
[7.806827] (-) TimerEvent: {}
[7.907809] (-) TimerEvent: {}
[8.008810] (-) TimerEvent: {}
[8.028964] (ur5_motion_planning) StdoutLine: {'line': b'[100%] Built target ur5_plan_and_analyze_node\n'}
[8.039831] (ur5_motion_planning) CommandEnded: {'returncode': 0}
[8.044365] (ur5_motion_planning) JobProgress: {'identifier': 'ur5_motion_planning', 'progress': 'install'}
[8.051942] (ur5_motion_planning) Command: {'cmd': ['/usr/bin/cmake', '--install', '/workspace/ur5_ws/build/ur5_motion_planning'], 'cwd': '/workspace/ur5_ws/build/ur5_motion_planning', 'env': OrderedDict([('HOSTNAME', '10a6f84be8b2'), ('SHLVL', '1'), ('LD_LIBRARY_PATH', '/opt/ros/humble/opt/rviz_ogre_vendor/lib:/opt/ros/humble/lib/aarch64-linux-gnu:/opt/ros/humble/lib'), ('HOME', '/root'), ('OLDPWD', '/'), ('ROS_PYTHON_VERSION', '3'), ('ROS_DISTRO', 'humble'), ('_', '/usr/bin/colcon'), ('ROS_VERSION', '2'), ('ROS_LOCALHOST_ONLY', '0'), ('PATH', '/opt/ros/humble/bin:/usr/local/sbin:/usr/local/bin:/usr/sbin:/usr/bin:/sbin:/bin'), ('LANG', 'C.UTF-8'), ('AMENT_PREFIX_PATH', '/workspace/ur5_ws/install/ur5_minimal_moveit:/workspace/ur5_ws/install/ur_moveit_config:/workspace/ur5_ws/install/ur_description:/opt/ros/humble'), ('PWD', '/workspace/ur5_ws/build/ur5_motion_planning'), ('LC_ALL', 'C.UTF-8'), ('PYTHONPATH', '/workspace/ur5_ws/install/ur5_minimal_moveit/lib/python3.10/site-packages:/opt/ros/humble/lib/python3.10/site-packages:/opt/ros/humble/local/lib/python3.10/dist-packages'), ('COLCON', '1'), ('CMAKE_PREFIX_PATH', '/workspace/ur5_ws/install/ur_moveit_config:/workspace/ur5_ws/install/ur_description:/opt/ros/humble')]), 'shell': False}
[8.058608] (ur5_motion_planning) StdoutLine: {'line': b'-- Install configuration: ""\n'}
[8.059501] (ur5_motion_planning) StdoutLine: {'line': b'-- Installing: /workspace/ur5_ws/install/ur5_motion_planning/lib/ur5_motion_planning/ur5_plan_and_analyze_node\n'}
[8.078011] (ur5_motion_planning) StdoutLine: {'line': b'-- Set runtime path of "/workspace/ur5_ws/install/ur5_motion_planning/lib/ur5_motion_planning/ur5_plan_and_analyze_node" to ""\n'}
[8.078464] (ur5_motion_planning) StdoutLine: {'line': b'-- Up-to-date: /workspace/ur5_ws/install/ur5_motion_planning/share/ur5_motion_planning/launch\n'}
[8.079027] (ur5_motion_planning) StdoutLine: {'line': b'-- Up-to-date: /workspace/ur5_ws/install/ur5_motion_planning/share/ur5_motion_planning/launch/run_plan_and_analyze.launch.py\n'}
[8.079549] (ur5_motion_planning) StdoutLine: {'line': b'-- Up-to-date: /workspace/ur5_ws/install/ur5_motion_planning/share/ament_index/resource_index/package_run_dependencies/ur5_motion_planning\n'}
[8.080094] (ur5_motion_planning) StdoutLine: {'line': b'-- Up-to-date: /workspace/ur5_ws/install/ur5_motion_planning/share/ament_index/resource_index/parent_prefix_path/ur5_motion_planning\n'}
[8.080545] (ur5_motion_planning) StdoutLine: {'line': b'-- Up-to-date: /workspace/ur5_ws/install/ur5_motion_planning/share/ur5_motion_planning/environment/ament_prefix_path.sh\n'}
[8.080916] (ur5_motion_planning) StdoutLine: {'line': b'-- Up-to-date: /workspace/ur5_ws/install/ur5_motion_planning/share/ur5_motion_planning/environment/ament_prefix_path.dsv\n'}
[8.081238] (ur5_motion_planning) StdoutLine: {'line': b'-- Up-to-date: /workspace/ur5_ws/install/ur5_motion_planning/share/ur5_motion_planning/environment/path.sh\n'}
[8.081649] (ur5_motion_planning) StdoutLine: {'line': b'-- Up-to-date: /workspace/ur5_ws/install/ur5_motion_planning/share/ur5_motion_planning/environment/path.dsv\n'}
[8.082109] (ur5_motion_planning) StdoutLine: {'line': b'-- Up-to-date: /workspace/ur5_ws/install/ur5_motion_planning/share/ur5_motion_planning/local_setup.bash\n'}
[8.082512] (ur5_motion_planning) StdoutLine: {'line': b'-- Up-to-date: /workspace/ur5_ws/install/ur5_motion_planning/share/ur5_motion_planning/local_setup.sh\n'}
[8.082944] (ur5_motion_planning) StdoutLine: {'line': b'-- Up-to-date: /workspace/ur5_ws/install/ur5_motion_planning/share/ur5_motion_planning/local_setup.zsh\n'}
[8.083315] (ur5_motion_planning) StdoutLine: {'line': b'-- Up-to-date: /workspace/ur5_ws/install/ur5_motion_planning/share/ur5_motion_planning/local_setup.dsv\n'}
[8.083672] (ur5_motion_planning) StdoutLine: {'line': b'-- Installing: /workspace/ur5_ws/install/ur5_motion_planning/share/ur5_motion_planning/package.dsv\n'}
[8.085707] (ur5_motion_planning) StdoutLine: {'line': b'-- Up-to-date: /workspace/ur5_ws/install/ur5_motion_planning/share/ament_index/resource_index/packages/ur5_motion_planning\n'}
[8.086147] (ur5_motion_planning) StdoutLine: {'line': b'-- Up-to-date: /workspace/ur5_ws/install/ur5_motion_planning/share/ur5_motion_planning/cmake/ur5_motion_planningConfig.cmake\n'}
[8.086522] (ur5_motion_planning) StdoutLine: {'line': b'-- Up-to-date: /workspace/ur5_ws/install/ur5_motion_planning/share/ur5_motion_planning/cmake/ur5_motion_planningConfig-version.cmake\n'}
[8.086977] (ur5_motion_planning) StdoutLine: {'line': b'-- Up-to-date: /workspace/ur5_ws/install/ur5_motion_planning/share/ur5_motion_planning/package.xml\n'}
[8.088556] (ur5_motion_planning) CommandEnded: {'returncode': 0}
[8.109822] (-) TimerEvent: {}
[8.113731] (ur5_motion_planning) JobEnded: {'identifier': 'ur5_motion_planning', 'rc': 0}
[8.115101] (-) EventReactorShutdown: {}
