[0.000000] (-) TimerEvent: {}
[0.000199] (-) JobUnselected: {'identifier': 'ur'}
[0.000301] (-) JobUnselected: {'identifier': 'ur5_kdl_ik'}
[0.000377] (-) JobUnselected: {'identifier': 'ur5_minimal_moveit'}
[0.000955] (-) JobUnselected: {'identifier': 'ur_calibration'}
[0.002138] (-) JobUnselected: {'identifier': 'ur_controllers'}
[0.002218] (-) JobUnselected: {'identifier': 'ur_dashboard_msgs'}
[0.002290] (-) JobUnselected: {'identifier': 'ur_description'}
[0.002390] (-) JobUnselected: {'identifier': 'ur_moveit_config'}
[0.002530] (-) JobUnselected: {'identifier': 'ur_robot_driver'}
[0.002594] (ur5_motion_planning) JobQueued: {'identifier': 'ur5_motion_planning', 'dependencies': OrderedDict()}
[0.002647] (ur5_motion_planning) JobStarted: {'identifier': 'ur5_motion_planning'}
[0.005104] (ur5_motion_planning) JobProgress: {'identifier': 'ur5_motion_planning', 'progress': 'cmake'}
[0.006260] (ur5_motion_planning) JobProgress: {'identifier': 'ur5_motion_planning', 'progress': 'build'}
[0.007438] (ur5_motion_planning) Command: {'cmd': ['/usr/bin/cmake', '--build', '/workspace/ur5_ws/build/ur5_motion_planning', '--', '-j11', '-l11'], 'cwd': '/workspace/ur5_ws/build/ur5_motion_planning', 'env': OrderedDict([('HOSTNAME', '10a6f84be8b2'), ('SHLVL', '1'), ('LD_LIBRARY_PATH', '/opt/ros/humble/lib/aarch64-linux-gnu:/opt/ros/humble/lib'), ('HOME', '/root'), ('OLDPWD', '/'), ('ROS_PYTHON_VERSION', '3'), ('ROS_DISTRO', 'humble'), ('_', '/usr/bin/colcon'), ('ROS_VERSION', '2'), ('ROS_LOCALHOST_ONLY', '0'), ('PATH', '/opt/ros/humble/bin:/usr/local/sbin:/usr/local/bin:/usr/sbin:/usr/bin:/sbin:/bin'), ('LANG', 'C.UTF-8'), ('AMENT_PREFIX_PATH', '/opt/ros/humble'), ('PWD', '/workspace/ur5_ws/build/ur5_motion_planning'), ('LC_ALL', 'C.UTF-8'), ('PYTHONPATH', '/opt/ros/humble/lib/python3.10/site-packages:/opt/ros/humble/local/lib/python3.10/dist-packages'), ('COLCON', '1'), ('CMAKE_PREFIX_PATH', '/opt/ros/humble')]), 'shell': False}
[0.098941] (-) TimerEvent: {}
[0.199946] (-) TimerEvent: {}
[0.214954] (ur5_motion_planning) StdoutLine: {'line': b'Consolidate compiler generated dependencies of target ur5_plan_and_analyze_node\n'}
[0.230506] (ur5_motion_planning) StdoutLine: {'line': b'[ 50%] Building CXX object CMakeFiles/ur5_plan_and_analyze_node.dir/src/ur5_plan_and_analyze_node.cpp.o\n'}
[0.300941] (-) TimerEvent: {}
[0.405962] (-) TimerEvent: {}
[0.506954] (-) TimerEvent: {}
[0.607955] (-) TimerEvent: {}
[0.709941] (-) TimerEvent: {}
[0.811010] (-) TimerEvent: {}
[0.912008] (-) TimerEvent: {}
[1.012987] (-) TimerEvent: {}
[1.113968] (-) TimerEvent: {}
[1.215002] (-) TimerEvent: {}
[1.315975] (-) TimerEvent: {}
[1.416930] (-) TimerEvent: {}
[1.517931] (-) TimerEvent: {}
[1.618979] (-) TimerEvent: {}
[1.719977] (-) TimerEvent: {}
[1.820955] (-) TimerEvent: {}
[1.921958] (-) TimerEvent: {}
[2.022948] (-) TimerEvent: {}
[2.123947] (-) TimerEvent: {}
[2.226115] (-) TimerEvent: {}
[2.330930] (-) TimerEvent: {}
[2.431941] (-) TimerEvent: {}
[2.532952] (-) TimerEvent: {}
[2.633925] (-) TimerEvent: {}
[2.734959] (-) TimerEvent: {}
[2.835978] (-) TimerEvent: {}
[2.936986] (-) TimerEvent: {}
[3.037976] (-) TimerEvent: {}
[3.138948] (-) TimerEvent: {}
[3.239983] (-) TimerEvent: {}
[3.341038] (-) TimerEvent: {}
[3.442134] (-) TimerEvent: {}
[3.542957] (-) TimerEvent: {}
[3.644005] (-) TimerEvent: {}
[3.744959] (-) TimerEvent: {}
[3.847987] (-) TimerEvent: {}
[3.948997] (-) TimerEvent: {}
[4.050061] (-) TimerEvent: {}
[4.150946] (-) TimerEvent: {}
[4.251943] (-) TimerEvent: {}
[4.352955] (-) TimerEvent: {}
[4.453980] (-) TimerEvent: {}
[4.554953] (-) TimerEvent: {}
[4.659947] (-) TimerEvent: {}
[4.760937] (-) TimerEvent: {}
[4.861966] (-) TimerEvent: {}
[4.963008] (-) TimerEvent: {}
[5.063974] (-) TimerEvent: {}
[5.164974] (-) TimerEvent: {}
[5.167936] (ur5_motion_planning) StdoutLine: {'line': b'[100%] Linking CXX executable ur5_plan_and_analyze_node\n'}
[5.266151] (-) TimerEvent: {}
[5.369778] (-) TimerEvent: {}
[5.413069] (ur5_motion_planning) StdoutLine: {'line': b'[100%] Built target ur5_plan_and_analyze_node\n'}
[5.421739] (ur5_motion_planning) CommandEnded: {'returncode': 0}
[5.423429] (ur5_motion_planning) JobProgress: {'identifier': 'ur5_motion_planning', 'progress': 'install'}
[5.430130] (ur5_motion_planning) Command: {'cmd': ['/usr/bin/cmake', '--install', '/workspace/ur5_ws/build/ur5_motion_planning'], 'cwd': '/workspace/ur5_ws/build/ur5_motion_planning', 'env': OrderedDict([('HOSTNAME', '10a6f84be8b2'), ('SHLVL', '1'), ('LD_LIBRARY_PATH', '/opt/ros/humble/lib/aarch64-linux-gnu:/opt/ros/humble/lib'), ('HOME', '/root'), ('OLDPWD', '/'), ('ROS_PYTHON_VERSION', '3'), ('ROS_DISTRO', 'humble'), ('_', '/usr/bin/colcon'), ('ROS_VERSION', '2'), ('ROS_LOCALHOST_ONLY', '0'), ('PATH', '/opt/ros/humble/bin:/usr/local/sbin:/usr/local/bin:/usr/sbin:/usr/bin:/sbin:/bin'), ('LANG', 'C.UTF-8'), ('AMENT_PREFIX_PATH', '/opt/ros/humble'), ('PWD', '/workspace/ur5_ws/build/ur5_motion_planning'), ('LC_ALL', 'C.UTF-8'), ('PYTHONPATH', '/opt/ros/humble/lib/python3.10/site-packages:/opt/ros/humble/local/lib/python3.10/dist-packages'), ('COLCON', '1'), ('CMAKE_PREFIX_PATH', '/opt/ros/humble')]), 'shell': False}
[5.435089] (ur5_motion_planning) StdoutLine: {'line': b'-- Install configuration: ""\n'}
[5.436272] (ur5_motion_planning) StdoutLine: {'line': b'-- Execute custom install script\n'}
[5.438038] (ur5_motion_planning) StdoutLine: {'line': b'-- Symlinking: /workspace/ur5_ws/install/ur5_motion_planning/lib/ur5_motion_planning/ur5_plan_and_analyze_node\n'}
[5.446258] (ur5_motion_planning) StdoutLine: {'line': b'-- Symlinking: /workspace/ur5_ws/install/ur5_motion_planning/share/ament_index/resource_index/package_run_dependencies/ur5_motion_planning\n'}
[5.453156] (ur5_motion_planning) StdoutLine: {'line': b'-- Symlinking: /workspace/ur5_ws/install/ur5_motion_planning/share/ament_index/resource_index/parent_prefix_path/ur5_motion_planning\n'}
[5.459385] (ur5_motion_planning) StdoutLine: {'line': b'-- Symlinking: /workspace/ur5_ws/install/ur5_motion_planning/share/ur5_motion_planning/environment/ament_prefix_path.sh\n'}
[5.466061] (ur5_motion_planning) StdoutLine: {'line': b'-- Symlinking: /workspace/ur5_ws/install/ur5_motion_planning/share/ur5_motion_planning/environment/ament_prefix_path.dsv\n'}
[5.470008] (-) TimerEvent: {}
[5.472267] (ur5_motion_planning) StdoutLine: {'line': b'-- Symlinking: /workspace/ur5_ws/install/ur5_motion_planning/share/ur5_motion_planning/environment/path.sh\n'}
[5.478936] (ur5_motion_planning) StdoutLine: {'line': b'-- Symlinking: /workspace/ur5_ws/install/ur5_motion_planning/share/ur5_motion_planning/environment/path.dsv\n'}
[5.484408] (ur5_motion_planning) StdoutLine: {'line': b'-- Symlinking: /workspace/ur5_ws/install/ur5_motion_planning/share/ur5_motion_planning/local_setup.bash\n'}
[5.490212] (ur5_motion_planning) StdoutLine: {'line': b'-- Symlinking: /workspace/ur5_ws/install/ur5_motion_planning/share/ur5_motion_planning/local_setup.sh\n'}
[5.496223] (ur5_motion_planning) StdoutLine: {'line': b'-- Symlinking: /workspace/ur5_ws/install/ur5_motion_planning/share/ur5_motion_planning/local_setup.zsh\n'}
[5.502721] (ur5_motion_planning) StdoutLine: {'line': b'-- Symlinking: /workspace/ur5_ws/install/ur5_motion_planning/share/ur5_motion_planning/local_setup.dsv\n'}
[5.510881] (ur5_motion_planning) StdoutLine: {'line': b'-- Symlinking: /workspace/ur5_ws/install/ur5_motion_planning/share/ur5_motion_planning/package.dsv\n'}
[5.519493] (ur5_motion_planning) StdoutLine: {'line': b'-- Symlinking: /workspace/ur5_ws/install/ur5_motion_planning/share/ament_index/resource_index/packages/ur5_motion_planning\n'}
[5.528137] (ur5_motion_planning) StdoutLine: {'line': b'-- Symlinking: /workspace/ur5_ws/install/ur5_motion_planning/share/ur5_motion_planning/cmake/ur5_motion_planningConfig.cmake\n'}
[5.535058] (ur5_motion_planning) StdoutLine: {'line': b'-- Symlinking: /workspace/ur5_ws/install/ur5_motion_planning/share/ur5_motion_planning/cmake/ur5_motion_planningConfig-version.cmake\n'}
[5.542072] (ur5_motion_planning) StdoutLine: {'line': b'-- Symlinking: /workspace/ur5_ws/install/ur5_motion_planning/share/ur5_motion_planning/package.xml\n'}
[5.550735] (ur5_motion_planning) CommandEnded: {'returncode': 0}
[5.570924] (-) TimerEvent: {}
[5.585028] (ur5_motion_planning) JobEnded: {'identifier': 'ur5_motion_planning', 'rc': 0}
[5.586359] (-) EventReactorShutdown: {}
