[0.000000] (-) TimerEvent: {}
[0.001106] (-) JobUnselected: {'identifier': 'ur'}
[0.001302] (-) JobUnselected: {'identifier': 'ur5_kdl_ik'}
[0.001350] (-) JobUnselected: {'identifier': 'ur_calibration'}
[0.001450] (-) JobUnselected: {'identifier': 'ur_controllers'}
[0.003225] (-) JobUnselected: {'identifier': 'ur_dashboard_msgs'}
[0.003283] (-) JobUnselected: {'identifier': 'ur_robot_driver'}
[0.003389] (ur_description) JobQueued: {'identifier': 'ur_description', 'dependencies': OrderedDict()}
[0.003466] (ur_moveit_config) JobQueued: {'identifier': 'ur_moveit_config', 'dependencies': OrderedDict([('ur_description', '/workspace/ur5_ws/install/ur_description')])}
[0.003604] (ur5_minimal_moveit) JobQueued: {'identifier': 'ur5_minimal_moveit', 'dependencies': OrderedDict([('ur_description', '/workspace/ur5_ws/install/ur_description'), ('ur_moveit_config', '/workspace/ur5_ws/install/ur_moveit_config')])}
[0.003931] (ur5_motion_planning) JobQueued: {'identifier': 'ur5_motion_planning', 'dependencies': OrderedDict([('ur_description', '/workspace/ur5_ws/install/ur_description'), ('ur_moveit_config', '/workspace/ur5_ws/install/ur_moveit_config'), ('ur5_minimal_moveit', '/workspace/ur5_ws/install/ur5_minimal_moveit')])}
[0.004035] (ur_description) JobStarted: {'identifier': 'ur_description'}
[0.006480] (ur_description) JobProgress: {'identifier': 'ur_description', 'progress': 'cmake'}
[0.007744] (ur_description) JobProgress: {'identifier': 'ur_description', 'progress': 'build'}
[0.008632] (ur_description) Command: {'cmd': ['/usr/bin/cmake', '--build', '/workspace/ur5_ws/build/ur_description', '--', '-j11', '-l11'], 'cwd': '/workspace/ur5_ws/build/ur_description', 'env': OrderedDict([('HOSTNAME', 'a0498151e0e9'), ('SHLVL', '1'), ('LD_LIBRARY_PATH', '/opt/ros/humble/lib/aarch64-linux-gnu:/opt/ros/humble/lib'), ('HOME', '/root'), ('OLDPWD', '/workspace'), ('ROS_PYTHON_VERSION', '3'), ('ROS_DISTRO', 'humble'), ('_', '/usr/bin/colcon'), ('ROS_VERSION', '2'), ('ROS_LOCALHOST_ONLY', '0'), ('PATH', '/opt/ros/humble/bin:/usr/local/sbin:/usr/local/bin:/usr/sbin:/usr/bin:/sbin:/bin'), ('LANG', 'C.UTF-8'), ('AMENT_PREFIX_PATH', '/opt/ros/humble'), ('PWD', '/workspace/ur5_ws/build/ur_description'), ('LC_ALL', 'C.UTF-8'), ('PYTHONPATH', '/opt/ros/humble/lib/python3.10/site-packages:/opt/ros/humble/local/lib/python3.10/dist-packages'), ('COLCON', '1'), ('CMAKE_PREFIX_PATH', '/opt/ros/humble')]), 'shell': False}
[0.038755] (ur_description) CommandEnded: {'returncode': 0}
[0.040689] (ur_description) JobProgress: {'identifier': 'ur_description', 'progress': 'install'}
[0.045352] (ur_description) Command: {'cmd': ['/usr/bin/cmake', '--install', '/workspace/ur5_ws/build/ur_description'], 'cwd': '/workspace/ur5_ws/build/ur_description', 'env': OrderedDict([('HOSTNAME', 'a0498151e0e9'), ('SHLVL', '1'), ('LD_LIBRARY_PATH', '/opt/ros/humble/lib/aarch64-linux-gnu:/opt/ros/humble/lib'), ('HOME', '/root'), ('OLDPWD', '/workspace'), ('ROS_PYTHON_VERSION', '3'), ('ROS_DISTRO', 'humble'), ('_', '/usr/bin/colcon'), ('ROS_VERSION', '2'), ('ROS_LOCALHOST_ONLY', '0'), ('PATH', '/opt/ros/humble/bin:/usr/local/sbin:/usr/local/bin:/usr/sbin:/usr/bin:/sbin:/bin'), ('LANG', 'C.UTF-8'), ('AMENT_PREFIX_PATH', '/opt/ros/humble'), ('PWD', '/workspace/ur5_ws/build/ur_description'), ('LC_ALL', 'C.UTF-8'), ('PYTHONPATH', '/opt/ros/humble/lib/python3.10/site-packages:/opt/ros/humble/local/lib/python3.10/dist-packages'), ('COLCON', '1'), ('CMAKE_PREFIX_PATH', '/opt/ros/humble')]), 'shell': False}
[0.050270] (ur_description) StdoutLine: {'line': b'-- Install configuration: ""\n'}
[0.051391] (ur_description) StdoutLine: {'line': b'-- Execute custom install script\n'}
[0.060517] (ur_description) StdoutLine: {'line': b'-- Up-to-date symlink: /workspace/ur5_ws/install/ur_description/share/ur_description/config/initial_positions.yaml\n'}
[0.060992] (ur_description) StdoutLine: {'line': b'-- Up-to-date symlink: /workspace/ur5_ws/install/ur_description/share/ur_description/config/ur10/default_kinematics.yaml\n'}
[0.061466] (ur_description) StdoutLine: {'line': b'-- Up-to-date symlink: /workspace/ur5_ws/install/ur_description/share/ur_description/config/ur10/joint_limits.yaml\n'}
[0.061950] (ur_description) StdoutLine: {'line': b'-- Up-to-date symlink: /workspace/ur5_ws/install/ur_description/share/ur_description/config/ur10/physical_parameters.yaml\n'}
[0.062601] (ur_description) StdoutLine: {'line': b'-- Up-to-date symlink: /workspace/ur5_ws/install/ur_description/share/ur_description/config/ur10/visual_parameters.yaml\n'}
[0.063118] (ur_description) StdoutLine: {'line': b'-- Up-to-date symlink: /workspace/ur5_ws/install/ur_description/share/ur_description/config/ur10e/default_kinematics.yaml\n'}
[0.063800] (ur_description) StdoutLine: {'line': b'-- Up-to-date symlink: /workspace/ur5_ws/install/ur_description/share/ur_description/config/ur10e/joint_limits.yaml\n'}
[0.064316] (ur_description) StdoutLine: {'line': b'-- Up-to-date symlink: /workspace/ur5_ws/install/ur_description/share/ur_description/config/ur10e/physical_parameters.yaml\n'}
[0.064773] (ur_description) StdoutLine: {'line': b'-- Up-to-date symlink: /workspace/ur5_ws/install/ur_description/share/ur_description/config/ur10e/visual_parameters.yaml\n'}
[0.065248] (ur_description) StdoutLine: {'line': b'-- Up-to-date symlink: /workspace/ur5_ws/install/ur_description/share/ur_description/config/ur12e/default_kinematics.yaml\n'}
[0.065711] (ur_description) StdoutLine: {'line': b'-- Up-to-date symlink: /workspace/ur5_ws/install/ur_description/share/ur_description/config/ur12e/joint_limits.yaml\n'}
[0.066158] (ur_description) StdoutLine: {'line': b'-- Up-to-date symlink: /workspace/ur5_ws/install/ur_description/share/ur_description/config/ur12e/physical_parameters.yaml\n'}
[0.066615] (ur_description) StdoutLine: {'line': b'-- Up-to-date symlink: /workspace/ur5_ws/install/ur_description/share/ur_description/config/ur12e/visual_parameters.yaml\n'}
[0.067087] (ur_description) StdoutLine: {'line': b'-- Up-to-date symlink: /workspace/ur5_ws/install/ur_description/share/ur_description/config/ur15/default_kinematics.yaml\n'}
[0.067679] (ur_description) StdoutLine: {'line': b'-- Up-to-date symlink: /workspace/ur5_ws/install/ur_description/share/ur_description/config/ur15/joint_limits.yaml\n'}
[0.068134] (ur_description) StdoutLine: {'line': b'-- Up-to-date symlink: /workspace/ur5_ws/install/ur_description/share/ur_description/config/ur15/physical_parameters.yaml\n'}
[0.068685] (ur_description) StdoutLine: {'line': b'-- Up-to-date symlink: /workspace/ur5_ws/install/ur_description/share/ur_description/config/ur15/visual_parameters.yaml\n'}
[0.069092] (ur_description) StdoutLine: {'line': b'-- Up-to-date symlink: /workspace/ur5_ws/install/ur_description/share/ur_description/config/ur16e/default_kinematics.yaml\n'}
[0.069538] (ur_description) StdoutLine: {'line': b'-- Up-to-date symlink: /workspace/ur5_ws/install/ur_description/share/ur_description/config/ur16e/joint_limits.yaml\n'}
[0.069935] (ur_description) StdoutLine: {'line': b'-- Up-to-date symlink: /workspace/ur5_ws/install/ur_description/share/ur_description/config/ur16e/physical_parameters.yaml\n'}
[0.070327] (ur_description) StdoutLine: {'line': b'-- Up-to-date symlink: /workspace/ur5_ws/install/ur_description/share/ur_description/config/ur16e/visual_parameters.yaml\n'}
[0.070747] (ur_description) StdoutLine: {'line': b'-- Up-to-date symlink: /workspace/ur5_ws/install/ur_description/share/ur_description/config/ur18/default_kinematics.yaml\n'}
[0.071167] (ur_description) StdoutLine: {'line': b'-- Up-to-date symlink: /workspace/ur5_ws/install/ur_description/share/ur_description/config/ur18/joint_limits.yaml\n'}
[0.071591] (ur_description) StdoutLine: {'line': b'-- Up-to-date symlink: /workspace/ur5_ws/install/ur_description/share/ur_description/config/ur18/physical_parameters.yaml\n'}
[0.072043] (ur_description) StdoutLine: {'line': b'-- Up-to-date symlink: /workspace/ur5_ws/install/ur_description/share/ur_description/config/ur18/visual_parameters.yaml\n'}
[0.072660] (ur_description) StdoutLine: {'line': b'-- Up-to-date symlink: /workspace/ur5_ws/install/ur_description/share/ur_description/config/ur20/default_kinematics.yaml\n'}
[0.073130] (ur_description) StdoutLine: {'line': b'-- Up-to-date symlink: /workspace/ur5_ws/install/ur_description/share/ur_description/config/ur20/joint_limits.yaml\n'}
[0.073618] (ur_description) StdoutLine: {'line': b'-- Up-to-date symlink: /workspace/ur5_ws/install/ur_description/share/ur_description/config/ur20/physical_parameters.yaml\n'}
[0.074045] (ur_description) StdoutLine: {'line': b'-- Up-to-date symlink: /workspace/ur5_ws/install/ur_description/share/ur_description/config/ur20/visual_parameters.yaml\n'}
[0.074765] (ur_description) StdoutLine: {'line': b'-- Up-to-date symlink: /workspace/ur5_ws/install/ur_description/share/ur_description/config/ur3/default_kinematics.yaml\n'}
[0.075270] (ur_description) StdoutLine: {'line': b'-- Up-to-date symlink: /workspace/ur5_ws/install/ur_description/share/ur_description/config/ur3/joint_limits.yaml\n'}
[0.075733] (ur_description) StdoutLine: {'line': b'-- Up-to-date symlink: /workspace/ur5_ws/install/ur_description/share/ur_description/config/ur3/physical_parameters.yaml\n'}
[0.076210] (ur_description) StdoutLine: {'line': b'-- Up-to-date symlink: /workspace/ur5_ws/install/ur_description/share/ur_description/config/ur3/visual_parameters.yaml\n'}
[0.076639] (ur_description) StdoutLine: {'line': b'-- Up-to-date symlink: /workspace/ur5_ws/install/ur_description/share/ur_description/config/ur30/default_kinematics.yaml\n'}
[0.077137] (ur_description) StdoutLine: {'line': b'-- Up-to-date symlink: /workspace/ur5_ws/install/ur_description/share/ur_description/config/ur30/joint_limits.yaml\n'}
[0.077541] (ur_description) StdoutLine: {'line': b'-- Up-to-date symlink: /workspace/ur5_ws/install/ur_description/share/ur_description/config/ur30/physical_parameters.yaml\n'}
[0.078106] (ur_description) StdoutLine: {'line': b'-- Up-to-date symlink: /workspace/ur5_ws/install/ur_description/share/ur_description/config/ur30/visual_parameters.yaml\n'}
[0.078529] (ur_description) StdoutLine: {'line': b'-- Up-to-date symlink: /workspace/ur5_ws/install/ur_description/share/ur_description/config/ur3e/default_kinematics.yaml\n'}
[0.078953] (ur_description) StdoutLine: {'line': b'-- Up-to-date symlink: /workspace/ur5_ws/install/ur_description/share/ur_description/config/ur3e/joint_limits.yaml\n'}
[0.079405] (ur_description) StdoutLine: {'line': b'-- Up-to-date symlink: /workspace/ur5_ws/install/ur_description/share/ur_description/config/ur3e/physical_parameters.yaml\n'}
[0.079817] (ur_description) StdoutLine: {'line': b'-- Up-to-date symlink: /workspace/ur5_ws/install/ur_description/share/ur_description/config/ur3e/visual_parameters.yaml\n'}
[0.080247] (ur_description) StdoutLine: {'line': b'-- Up-to-date symlink: /workspace/ur5_ws/install/ur_description/share/ur_description/config/ur5/default_kinematics.yaml\n'}
[0.080727] (ur_description) StdoutLine: {'line': b'-- Up-to-date symlink: /workspace/ur5_ws/install/ur_description/share/ur_description/config/ur5/joint_limits.yaml\n'}
[0.081206] (ur_description) StdoutLine: {'line': b'-- Up-to-date symlink: /workspace/ur5_ws/install/ur_description/share/ur_description/config/ur5/physical_parameters.yaml\n'}
[0.081640] (ur_description) StdoutLine: {'line': b'-- Up-to-date symlink: /workspace/ur5_ws/install/ur_description/share/ur_description/config/ur5/visual_parameters.yaml\n'}
[0.082101] (ur_description) StdoutLine: {'line': b'-- Up-to-date symlink: /workspace/ur5_ws/install/ur_description/share/ur_description/config/ur5e/default_kinematics.yaml\n'}
[0.082590] (ur_description) StdoutLine: {'line': b'-- Up-to-date symlink: /workspace/ur5_ws/install/ur_description/share/ur_description/config/ur5e/joint_limits.yaml\n'}
[0.083160] (ur_description) StdoutLine: {'line': b'-- Up-to-date symlink: /workspace/ur5_ws/install/ur_description/share/ur_description/config/ur5e/physical_parameters.yaml\n'}
[0.083610] (ur_description) StdoutLine: {'line': b'-- Up-to-date symlink: /workspace/ur5_ws/install/ur_description/share/ur_description/config/ur5e/visual_parameters.yaml\n'}
[0.084021] (ur_description) StdoutLine: {'line': b'-- Up-to-date symlink: /workspace/ur5_ws/install/ur_description/share/ur_description/config/ur7e/default_kinematics.yaml\n'}
[0.084493] (ur_description) StdoutLine: {'line': b'-- Up-to-date symlink: /workspace/ur5_ws/install/ur_description/share/ur_description/config/ur7e/joint_limits.yaml\n'}
[0.084908] (ur_description) StdoutLine: {'line': b'-- Up-to-date symlink: /workspace/ur5_ws/install/ur_description/share/ur_description/config/ur7e/physical_parameters.yaml\n'}
[0.085331] (ur_description) StdoutLine: {'line': b'-- Up-to-date symlink: /workspace/ur5_ws/install/ur_description/share/ur_description/config/ur7e/visual_parameters.yaml\n'}
[0.085740] (ur_description) StdoutLine: {'line': b'-- Up-to-date symlink: /workspace/ur5_ws/install/ur_description/share/ur_description/config/ur8long/default_kinematics.yaml\n'}
[0.086343] (ur_description) StdoutLine: {'line': b'-- Up-to-date symlink: /workspace/ur5_ws/install/ur_description/share/ur_description/config/ur8long/joint_limits.yaml\n'}
[0.086856] (ur_description) StdoutLine: {'line': b'-- Up-to-date symlink: /workspace/ur5_ws/install/ur_description/share/ur_description/config/ur8long/physical_parameters.yaml\n'}
[0.087333] (ur_description) StdoutLine: {'line': b'-- Up-to-date symlink: /workspace/ur5_ws/install/ur_description/share/ur_description/config/ur8long/visual_parameters.yaml\n'}
[0.088222] (ur_description) StdoutLine: {'line': b'-- Up-to-date symlink: /workspace/ur5_ws/install/ur_description/share/ur_description/launch/view_ur.launch.py\n'}
[0.100236] (-) TimerEvent: {}
[0.107139] (ur_description) StdoutLine: {'line': b'-- Up-to-date symlink: /workspace/ur5_ws/install/ur_description/share/ur_description/meshes/ur10/collision/base.stl\n'}
[0.107598] (ur_description) StdoutLine: {'line': b'-- Up-to-date symlink: /workspace/ur5_ws/install/ur_description/share/ur_description/meshes/ur10/collision/forearm.stl\n'}
[0.108058] (ur_description) StdoutLine: {'line': b'-- Up-to-date symlink: /workspace/ur5_ws/install/ur_description/share/ur_description/meshes/ur10/collision/shoulder.stl\n'}
[0.108543] (ur_description) StdoutLine: {'line': b'-- Up-to-date symlink: /workspace/ur5_ws/install/ur_description/share/ur_description/meshes/ur10/collision/upperarm.stl\n'}
[0.108955] (ur_description) StdoutLine: {'line': b'-- Up-to-date symlink: /workspace/ur5_ws/install/ur_description/share/ur_description/meshes/ur10/collision/wrist1.stl\n'}
[0.109391] (ur_description) StdoutLine: {'line': b'-- Up-to-date symlink: /workspace/ur5_ws/install/ur_description/share/ur_description/meshes/ur10/collision/wrist2.stl\n'}
[0.109822] (ur_description) StdoutLine: {'line': b'-- Up-to-date symlink: /workspace/ur5_ws/install/ur_description/share/ur_description/meshes/ur10/collision/wrist3.stl\n'}
[0.110230] (ur_description) StdoutLine: {'line': b'-- Up-to-date symlink: /workspace/ur5_ws/install/ur_description/share/ur_description/meshes/ur10/visual/base.dae\n'}
[0.110856] (ur_description) StdoutLine: {'line': b'-- Up-to-date symlink: /workspace/ur5_ws/install/ur_description/share/ur_description/meshes/ur10/visual/forearm.dae\n'}
[0.111434] (ur_description) StdoutLine: {'line': b'-- Up-to-date symlink: /workspace/ur5_ws/install/ur_description/share/ur_description/meshes/ur10/visual/shoulder.dae\n'}
[0.111842] (ur_description) StdoutLine: {'line': b'-- Up-to-date symlink: /workspace/ur5_ws/install/ur_description/share/ur_description/meshes/ur10/visual/upperarm.dae\n'}
[0.112338] (ur_description) StdoutLine: {'line': b'-- Up-to-date symlink: /workspace/ur5_ws/install/ur_description/share/ur_description/meshes/ur10/visual/wrist1.dae\n'}
[0.112777] (ur_description) StdoutLine: {'line': b'-- Up-to-date symlink: /workspace/ur5_ws/install/ur_description/share/ur_description/meshes/ur10/visual/wrist2.dae\n'}
[0.113251] (ur_description) StdoutLine: {'line': b'-- Up-to-date symlink: /workspace/ur5_ws/install/ur_description/share/ur_description/meshes/ur10/visual/wrist3.dae\n'}
[0.113717] (ur_description) StdoutLine: {'line': b'-- Up-to-date symlink: /workspace/ur5_ws/install/ur_description/share/ur_description/meshes/ur10e/collision/base.stl\n'}
[0.114203] (ur_description) StdoutLine: {'line': b'-- Up-to-date symlink: /workspace/ur5_ws/install/ur_description/share/ur_description/meshes/ur10e/collision/forearm.stl\n'}
[0.114618] (ur_description) StdoutLine: {'line': b'-- Up-to-date symlink: /workspace/ur5_ws/install/ur_description/share/ur_description/meshes/ur10e/collision/shoulder.stl\n'}
[0.115047] (ur_description) StdoutLine: {'line': b'-- Up-to-date symlink: /workspace/ur5_ws/install/ur_description/share/ur_description/meshes/ur10e/collision/upperarm.stl\n'}
[0.115495] (ur_description) StdoutLine: {'line': b'-- Up-to-date symlink: /workspace/ur5_ws/install/ur_description/share/ur_description/meshes/ur10e/collision/wrist1.stl\n'}
[0.115884] (ur_description) StdoutLine: {'line': b'-- Up-to-date symlink: /workspace/ur5_ws/install/ur_description/share/ur_description/meshes/ur10e/collision/wrist2.stl\n'}
[0.116297] (ur_description) StdoutLine: {'line': b'-- Up-to-date symlink: /workspace/ur5_ws/install/ur_description/share/ur_description/meshes/ur10e/collision/wrist3.stl\n'}
[0.116844] (ur_description) StdoutLine: {'line': b'-- Up-to-date symlink: /workspace/ur5_ws/install/ur_description/share/ur_description/meshes/ur10e/visual/base.dae\n'}
[0.117319] (ur_description) StdoutLine: {'line': b'-- Up-to-date symlink: /workspace/ur5_ws/install/ur_description/share/ur_description/meshes/ur10e/visual/forearm.dae\n'}
[0.117752] (ur_description) StdoutLine: {'line': b'-- Up-to-date symlink: /workspace/ur5_ws/install/ur_description/share/ur_description/meshes/ur10e/visual/shoulder.dae\n'}
[0.118505] (ur_description) StdoutLine: {'line': b'-- Up-to-date symlink: /workspace/ur5_ws/install/ur_description/share/ur_description/meshes/ur10e/visual/upperarm.dae\n'}
[0.119009] (ur_description) StdoutLine: {'line': b'-- Up-to-date symlink: /workspace/ur5_ws/install/ur_description/share/ur_description/meshes/ur10e/visual/wrist1.dae\n'}
[0.119493] (ur_description) StdoutLine: {'line': b'-- Up-to-date symlink: /workspace/ur5_ws/install/ur_description/share/ur_description/meshes/ur10e/visual/wrist2.dae\n'}
[0.119951] (ur_description) StdoutLine: {'line': b'-- Up-to-date symlink: /workspace/ur5_ws/install/ur_description/share/ur_description/meshes/ur10e/visual/wrist3.dae\n'}
[0.120330] (ur_description) StdoutLine: {'line': b'-- Up-to-date symlink: /workspace/ur5_ws/install/ur_description/share/ur_description/meshes/ur15/LICENSE.txt\n'}
[0.120745] (ur_description) StdoutLine: {'line': b'-- Up-to-date symlink: /workspace/ur5_ws/install/ur_description/share/ur_description/meshes/ur15/collision/base.stl\n'}
[0.121184] (ur_description) StdoutLine: {'line': b'-- Up-to-date symlink: /workspace/ur5_ws/install/ur_description/share/ur_description/meshes/ur15/collision/forearm.stl\n'}
[0.121596] (ur_description) StdoutLine: {'line': b'-- Up-to-date symlink: /workspace/ur5_ws/install/ur_description/share/ur_description/meshes/ur15/collision/shoulder.stl\n'}
[0.122196] (ur_description) StdoutLine: {'line': b'-- Up-to-date symlink: /workspace/ur5_ws/install/ur_description/share/ur_description/meshes/ur15/collision/upperarm.stl\n'}
[0.122602] (ur_description) StdoutLine: {'line': b'-- Up-to-date symlink: /workspace/ur5_ws/install/ur_description/share/ur_description/meshes/ur15/collision/wrist1.stl\n'}
[0.123051] (ur_description) StdoutLine: {'line': b'-- Up-to-date symlink: /workspace/ur5_ws/install/ur_description/share/ur_description/meshes/ur15/collision/wrist2.stl\n'}
[0.123454] (ur_description) StdoutLine: {'line': b'-- Up-to-date symlink: /workspace/ur5_ws/install/ur_description/share/ur_description/meshes/ur15/collision/wrist3.stl\n'}
[0.123852] (ur_description) StdoutLine: {'line': b'-- Up-to-date symlink: /workspace/ur5_ws/install/ur_description/share/ur_description/meshes/ur15/visual/UR15_DIFF_8bit_2K.jpg\n'}
[0.124280] (ur_description) StdoutLine: {'line': b'-- Up-to-date symlink: /workspace/ur5_ws/install/ur_description/share/ur_description/meshes/ur15/visual/base.dae\n'}
[0.124700] (ur_description) StdoutLine: {'line': b'-- Up-to-date symlink: /workspace/ur5_ws/install/ur_description/share/ur_description/meshes/ur15/visual/forearm.dae\n'}
[0.125164] (ur_description) StdoutLine: {'line': b'-- Up-to-date symlink: /workspace/ur5_ws/install/ur_description/share/ur_description/meshes/ur15/visual/shoulder.dae\n'}
[0.125633] (ur_description) StdoutLine: {'line': b'-- Up-to-date symlink: /workspace/ur5_ws/install/ur_description/share/ur_description/meshes/ur15/visual/upperarm.dae\n'}
[0.126132] (ur_description) StdoutLine: {'line': b'-- Up-to-date symlink: /workspace/ur5_ws/install/ur_description/share/ur_description/meshes/ur15/visual/wrist1.dae\n'}
[0.126582] (ur_description) StdoutLine: {'line': b'-- Up-to-date symlink: /workspace/ur5_ws/install/ur_description/share/ur_description/meshes/ur15/visual/wrist2.dae\n'}
[0.126995] (ur_description) StdoutLine: {'line': b'-- Up-to-date symlink: /workspace/ur5_ws/install/ur_description/share/ur_description/meshes/ur15/visual/wrist3.dae\n'}
[0.127594] (ur_description) StdoutLine: {'line': b'-- Up-to-date symlink: /workspace/ur5_ws/install/ur_description/share/ur_description/meshes/ur16e/collision/forearm.stl\n'}
[0.127995] (ur_description) StdoutLine: {'line': b'-- Up-to-date symlink: /workspace/ur5_ws/install/ur_description/share/ur_description/meshes/ur16e/collision/upperarm.stl\n'}
[0.128466] (ur_description) StdoutLine: {'line': b'-- Up-to-date symlink: /workspace/ur5_ws/install/ur_description/share/ur_description/meshes/ur16e/visual/forearm.dae\n'}
[0.128847] (ur_description) StdoutLine: {'line': b'-- Up-to-date symlink: /workspace/ur5_ws/install/ur_description/share/ur_description/meshes/ur16e/visual/upperarm.dae\n'}
[0.129331] (ur_description) StdoutLine: {'line': b'-- Up-to-date symlink: /workspace/ur5_ws/install/ur_description/share/ur_description/meshes/ur18/LICENSE.txt\n'}
[0.129842] (ur_description) StdoutLine: {'line': b'-- Up-to-date symlink: /workspace/ur5_ws/install/ur_description/share/ur_description/meshes/ur18/collision/forearm.stl\n'}
[0.130372] (ur_description) StdoutLine: {'line': b'-- Up-to-date symlink: /workspace/ur5_ws/install/ur_description/share/ur_description/meshes/ur18/collision/upperarm.stl\n'}
[0.130928] (ur_description) StdoutLine: {'line': b'-- Up-to-date symlink: /workspace/ur5_ws/install/ur_description/share/ur_description/meshes/ur18/visual/UR18_DIFF_8bit_2K.jpg\n'}
[0.131408] (ur_description) StdoutLine: {'line': b'-- Up-to-date symlink: /workspace/ur5_ws/install/ur_description/share/ur_description/meshes/ur18/visual/forearm.dae\n'}
[0.131866] (ur_description) StdoutLine: {'line': b'-- Up-to-date symlink: /workspace/ur5_ws/install/ur_description/share/ur_description/meshes/ur18/visual/upperarm.dae\n'}
[0.132437] (ur_description) StdoutLine: {'line': b'-- Up-to-date symlink: /workspace/ur5_ws/install/ur_description/share/ur_description/meshes/ur20/LICENSE.txt\n'}
[0.132929] (ur_description) StdoutLine: {'line': b'-- Up-to-date symlink: /workspace/ur5_ws/install/ur_description/share/ur_description/meshes/ur20/collision/base.stl\n'}
[0.133323] (ur_description) StdoutLine: {'line': b'-- Up-to-date symlink: /workspace/ur5_ws/install/ur_description/share/ur_description/meshes/ur20/collision/forearm.stl\n'}
[0.133739] (ur_description) StdoutLine: {'line': b'-- Up-to-date symlink: /workspace/ur5_ws/install/ur_description/share/ur_description/meshes/ur20/collision/shoulder.stl\n'}
[0.134160] (ur_description) StdoutLine: {'line': b'-- Up-to-date symlink: /workspace/ur5_ws/install/ur_description/share/ur_description/meshes/ur20/collision/upperarm.stl\n'}
[0.134615] (ur_description) StdoutLine: {'line': b'-- Up-to-date symlink: /workspace/ur5_ws/install/ur_description/share/ur_description/meshes/ur20/collision/wrist1.stl\n'}
[0.135070] (ur_description) StdoutLine: {'line': b'-- Up-to-date symlink: /workspace/ur5_ws/install/ur_description/share/ur_description/meshes/ur20/collision/wrist2.stl\n'}
[0.135454] (ur_description) StdoutLine: {'line': b'-- Up-to-date symlink: /workspace/ur5_ws/install/ur_description/share/ur_description/meshes/ur20/collision/wrist3.stl\n'}
[0.135866] (ur_description) StdoutLine: {'line': b'-- Up-to-date symlink: /workspace/ur5_ws/install/ur_description/share/ur_description/meshes/ur20/visual/UR20_DIFF_8bit_2K.png\n'}
[0.136331] (ur_description) StdoutLine: {'line': b'-- Up-to-date symlink: /workspace/ur5_ws/install/ur_description/share/ur_description/meshes/ur20/visual/base.dae\n'}
[0.136749] (ur_description) StdoutLine: {'line': b'-- Up-to-date symlink: /workspace/ur5_ws/install/ur_description/share/ur_description/meshes/ur20/visual/forearm.dae\n'}
[0.137320] (ur_description) StdoutLine: {'line': b'-- Up-to-date symlink: /workspace/ur5_ws/install/ur_description/share/ur_description/meshes/ur20/visual/shoulder.dae\n'}
[0.137820] (ur_description) StdoutLine: {'line': b'-- Up-to-date symlink: /workspace/ur5_ws/install/ur_description/share/ur_description/meshes/ur20/visual/upperarm.dae\n'}
[0.138293] (ur_description) StdoutLine: {'line': b'-- Up-to-date symlink: /workspace/ur5_ws/install/ur_description/share/ur_description/meshes/ur20/visual/wrist1.dae\n'}
[0.138712] (ur_description) StdoutLine: {'line': b'-- Up-to-date symlink: /workspace/ur5_ws/install/ur_description/share/ur_description/meshes/ur20/visual/wrist2.dae\n'}
[0.139125] (ur_description) StdoutLine: {'line': b'-- Up-to-date symlink: /workspace/ur5_ws/install/ur_description/share/ur_description/meshes/ur20/visual/wrist3.dae\n'}
[0.139647] (ur_description) StdoutLine: {'line': b'-- Up-to-date symlink: /workspace/ur5_ws/install/ur_description/share/ur_description/meshes/ur3/collision/base.stl\n'}
[0.140051] (ur_description) StdoutLine: {'line': b'-- Up-to-date symlink: /workspace/ur5_ws/install/ur_description/share/ur_description/meshes/ur3/collision/forearm.stl\n'}
[0.140475] (ur_description) StdoutLine: {'line': b'-- Up-to-date symlink: /workspace/ur5_ws/install/ur_description/share/ur_description/meshes/ur3/collision/shoulder.stl\n'}
[0.141085] (ur_description) StdoutLine: {'line': b'-- Up-to-date symlink: /workspace/ur5_ws/install/ur_description/share/ur_description/meshes/ur3/collision/upperarm.stl\n'}
[0.141584] (ur_description) StdoutLine: {'line': b'-- Up-to-date symlink: /workspace/ur5_ws/install/ur_description/share/ur_description/meshes/ur3/collision/wrist1.stl\n'}
[0.142007] (ur_description) StdoutLine: {'line': b'-- Up-to-date symlink: /workspace/ur5_ws/install/ur_description/share/ur_description/meshes/ur3/collision/wrist2.stl\n'}
[0.142417] (ur_description) StdoutLine: {'line': b'-- Up-to-date symlink: /workspace/ur5_ws/install/ur_description/share/ur_description/meshes/ur3/collision/wrist3.stl\n'}
[0.143012] (ur_description) StdoutLine: {'line': b'-- Up-to-date symlink: /workspace/ur5_ws/install/ur_description/share/ur_description/meshes/ur3/visual/base.dae\n'}
[0.143475] (ur_description) StdoutLine: {'line': b'-- Up-to-date symlink: /workspace/ur5_ws/install/ur_description/share/ur_description/meshes/ur3/visual/forearm.dae\n'}
[0.143925] (ur_description) StdoutLine: {'line': b'-- Up-to-date symlink: /workspace/ur5_ws/install/ur_description/share/ur_description/meshes/ur3/visual/shoulder.dae\n'}
[0.144334] (ur_description) StdoutLine: {'line': b'-- Up-to-date symlink: /workspace/ur5_ws/install/ur_description/share/ur_description/meshes/ur3/visual/upperarm.dae\n'}
[0.144805] (ur_description) StdoutLine: {'line': b'-- Up-to-date symlink: /workspace/ur5_ws/install/ur_description/share/ur_description/meshes/ur3/visual/wrist1.dae\n'}
[0.145261] (ur_description) StdoutLine: {'line': b'-- Up-to-date symlink: /workspace/ur5_ws/install/ur_description/share/ur_description/meshes/ur3/visual/wrist2.dae\n'}
[0.145702] (ur_description) StdoutLine: {'line': b'-- Up-to-date symlink: /workspace/ur5_ws/install/ur_description/share/ur_description/meshes/ur3/visual/wrist3.dae\n'}
[0.146128] (ur_description) StdoutLine: {'line': b'-- Up-to-date symlink: /workspace/ur5_ws/install/ur_description/share/ur_description/meshes/ur30/LICENSE.txt\n'}
[0.146538] (ur_description) StdoutLine: {'line': b'-- Up-to-date symlink: /workspace/ur5_ws/install/ur_description/share/ur_description/meshes/ur30/collision/forearm.stl\n'}
[0.146961] (ur_description) StdoutLine: {'line': b'-- Up-to-date symlink: /workspace/ur5_ws/install/ur_description/share/ur_description/meshes/ur30/collision/upperarm.stl\n'}
[0.147401] (ur_description) StdoutLine: {'line': b'-- Up-to-date symlink: /workspace/ur5_ws/install/ur_description/share/ur_description/meshes/ur30/visual/UR30_DIFF_8bit_2K.png\n'}
[0.148053] (ur_description) StdoutLine: {'line': b'-- Up-to-date symlink: /workspace/ur5_ws/install/ur_description/share/ur_description/meshes/ur30/visual/forearm.dae\n'}
[0.148500] (ur_description) StdoutLine: {'line': b'-- Up-to-date symlink: /workspace/ur5_ws/install/ur_description/share/ur_description/meshes/ur30/visual/upperarm.dae\n'}
[0.148950] (ur_description) StdoutLine: {'line': b'-- Up-to-date symlink: /workspace/ur5_ws/install/ur_description/share/ur_description/meshes/ur3e/collision/base.stl\n'}
[0.149443] (ur_description) StdoutLine: {'line': b'-- Up-to-date symlink: /workspace/ur5_ws/install/ur_description/share/ur_description/meshes/ur3e/collision/forearm.stl\n'}
[0.149922] (ur_description) StdoutLine: {'line': b'-- Up-to-date symlink: /workspace/ur5_ws/install/ur_description/share/ur_description/meshes/ur3e/collision/shoulder.stl\n'}
[0.150366] (ur_description) StdoutLine: {'line': b'-- Up-to-date symlink: /workspace/ur5_ws/install/ur_description/share/ur_description/meshes/ur3e/collision/upperarm.stl\n'}
[0.150864] (ur_description) StdoutLine: {'line': b'-- Up-to-date symlink: /workspace/ur5_ws/install/ur_description/share/ur_description/meshes/ur3e/collision/wrist1.stl\n'}
[0.151383] (ur_description) StdoutLine: {'line': b'-- Up-to-date symlink: /workspace/ur5_ws/install/ur_description/share/ur_description/meshes/ur3e/collision/wrist2.stl\n'}
[0.151954] (ur_description) StdoutLine: {'line': b'-- Up-to-date symlink: /workspace/ur5_ws/install/ur_description/share/ur_description/meshes/ur3e/collision/wrist3.stl\n'}
[0.152424] (ur_description) StdoutLine: {'line': b'-- Up-to-date symlink: /workspace/ur5_ws/install/ur_description/share/ur_description/meshes/ur3e/visual/base.dae\n'}
[0.153013] (ur_description) StdoutLine: {'line': b'-- Up-to-date symlink: /workspace/ur5_ws/install/ur_description/share/ur_description/meshes/ur3e/visual/forearm.dae\n'}
[0.153449] (ur_description) StdoutLine: {'line': b'-- Up-to-date symlink: /workspace/ur5_ws/install/ur_description/share/ur_description/meshes/ur3e/visual/shoulder.dae\n'}
[0.153913] (ur_description) StdoutLine: {'line': b'-- Up-to-date symlink: /workspace/ur5_ws/install/ur_description/share/ur_description/meshes/ur3e/visual/upperarm.dae\n'}
[0.154371] (ur_description) StdoutLine: {'line': b'-- Up-to-date symlink: /workspace/ur5_ws/install/ur_description/share/ur_description/meshes/ur3e/visual/wrist1.dae\n'}
[0.154796] (ur_description) StdoutLine: {'line': b'-- Up-to-date symlink: /workspace/ur5_ws/install/ur_description/share/ur_description/meshes/ur3e/visual/wrist2.dae\n'}
[0.155219] (ur_description) StdoutLine: {'line': b'-- Up-to-date symlink: /workspace/ur5_ws/install/ur_description/share/ur_description/meshes/ur3e/visual/wrist3.dae\n'}
[0.155684] (ur_description) StdoutLine: {'line': b'-- Up-to-date symlink: /workspace/ur5_ws/install/ur_description/share/ur_description/meshes/ur5/collision/base.stl\n'}
[0.156141] (ur_description) StdoutLine: {'line': b'-- Up-to-date symlink: /workspace/ur5_ws/install/ur_description/share/ur_description/meshes/ur5/collision/forearm.stl\n'}
[0.156583] (ur_description) StdoutLine: {'line': b'-- Up-to-date symlink: /workspace/ur5_ws/install/ur_description/share/ur_description/meshes/ur5/collision/shoulder.stl\n'}
[0.157052] (ur_description) StdoutLine: {'line': b'-- Up-to-date symlink: /workspace/ur5_ws/install/ur_description/share/ur_description/meshes/ur5/collision/upperarm.stl\n'}
[0.157520] (ur_description) StdoutLine: {'line': b'-- Up-to-date symlink: /workspace/ur5_ws/install/ur_description/share/ur_description/meshes/ur5/collision/wrist1.stl\n'}
[0.157936] (ur_description) StdoutLine: {'line': b'-- Up-to-date symlink: /workspace/ur5_ws/install/ur_description/share/ur_description/meshes/ur5/collision/wrist2.stl\n'}
[0.158341] (ur_description) StdoutLine: {'line': b'-- Up-to-date symlink: /workspace/ur5_ws/install/ur_description/share/ur_description/meshes/ur5/collision/wrist3.stl\n'}
[0.158943] (ur_description) StdoutLine: {'line': b'-- Up-to-date symlink: /workspace/ur5_ws/install/ur_description/share/ur_description/meshes/ur5/visual/base.dae\n'}
[0.159350] (ur_description) StdoutLine: {'line': b'-- Up-to-date symlink: /workspace/ur5_ws/install/ur_description/share/ur_description/meshes/ur5/visual/forearm.dae\n'}
[0.159746] (ur_description) StdoutLine: {'line': b'-- Up-to-date symlink: /workspace/ur5_ws/install/ur_description/share/ur_description/meshes/ur5/visual/shoulder.dae\n'}
[0.160208] (ur_description) StdoutLine: {'line': b'-- Up-to-date symlink: /workspace/ur5_ws/install/ur_description/share/ur_description/meshes/ur5/visual/upperarm.dae\n'}
[0.160642] (ur_description) StdoutLine: {'line': b'-- Up-to-date symlink: /workspace/ur5_ws/install/ur_description/share/ur_description/meshes/ur5/visual/wrist1.dae\n'}
[0.161094] (ur_description) StdoutLine: {'line': b'-- Up-to-date symlink: /workspace/ur5_ws/install/ur_description/share/ur_description/meshes/ur5/visual/wrist2.dae\n'}
[0.161527] (ur_description) StdoutLine: {'line': b'-- Up-to-date symlink: /workspace/ur5_ws/install/ur_description/share/ur_description/meshes/ur5/visual/wrist3.dae\n'}
[0.161933] (ur_description) StdoutLine: {'line': b'-- Up-to-date symlink: /workspace/ur5_ws/install/ur_description/share/ur_description/meshes/ur5e/collision/base.stl\n'}
[0.162350] (ur_description) StdoutLine: {'line': b'-- Up-to-date symlink: /workspace/ur5_ws/install/ur_description/share/ur_description/meshes/ur5e/collision/forearm.stl\n'}
[0.162908] (ur_description) StdoutLine: {'line': b'-- Up-to-date symlink: /workspace/ur5_ws/install/ur_description/share/ur_description/meshes/ur5e/collision/shoulder.stl\n'}
[0.163535] (ur_description) StdoutLine: {'line': b'-- Up-to-date symlink: /workspace/ur5_ws/install/ur_description/share/ur_description/meshes/ur5e/collision/upperarm.stl\n'}
[0.163946] (ur_description) StdoutLine: {'line': b'-- Up-to-date symlink: /workspace/ur5_ws/install/ur_description/share/ur_description/meshes/ur5e/collision/wrist1.stl\n'}
[0.164412] (ur_description) StdoutLine: {'line': b'-- Up-to-date symlink: /workspace/ur5_ws/install/ur_description/share/ur_description/meshes/ur5e/collision/wrist2.stl\n'}
[0.164898] (ur_description) StdoutLine: {'line': b'-- Up-to-date symlink: /workspace/ur5_ws/install/ur_description/share/ur_description/meshes/ur5e/collision/wrist3.stl\n'}
[0.165319] (ur_description) StdoutLine: {'line': b'-- Up-to-date symlink: /workspace/ur5_ws/install/ur_description/share/ur_description/meshes/ur5e/visual/base.dae\n'}
[0.165802] (ur_description) StdoutLine: {'line': b'-- Up-to-date symlink: /workspace/ur5_ws/install/ur_description/share/ur_description/meshes/ur5e/visual/forearm.dae\n'}
[0.166258] (ur_description) StdoutLine: {'line': b'-- Up-to-date symlink: /workspace/ur5_ws/install/ur_description/share/ur_description/meshes/ur5e/visual/shoulder.dae\n'}
[0.166719] (ur_description) StdoutLine: {'line': b'-- Up-to-date symlink: /workspace/ur5_ws/install/ur_description/share/ur_description/meshes/ur5e/visual/upperarm.dae\n'}
[0.167146] (ur_description) StdoutLine: {'line': b'-- Up-to-date symlink: /workspace/ur5_ws/install/ur_description/share/ur_description/meshes/ur5e/visual/wrist1.dae\n'}
[0.167596] (ur_description) StdoutLine: {'line': b'-- Up-to-date symlink: /workspace/ur5_ws/install/ur_description/share/ur_description/meshes/ur5e/visual/wrist2.dae\n'}
[0.168042] (ur_description) StdoutLine: {'line': b'-- Up-to-date symlink: /workspace/ur5_ws/install/ur_description/share/ur_description/meshes/ur5e/visual/wrist3.dae\n'}
[0.168498] (ur_description) StdoutLine: {'line': b'-- Up-to-date symlink: /workspace/ur5_ws/install/ur_description/share/ur_description/meshes/ur8long/LICENSE.txt\n'}
[0.169073] (ur_description) StdoutLine: {'line': b'-- Up-to-date symlink: /workspace/ur5_ws/install/ur_description/share/ur_description/meshes/ur8long/collision/forearm.stl\n'}
[0.169544] (ur_description) StdoutLine: {'line': b'-- Up-to-date symlink: /workspace/ur5_ws/install/ur_description/share/ur_description/meshes/ur8long/collision/upperarm.stl\n'}
[0.169980] (ur_description) StdoutLine: {'line': b'-- Up-to-date symlink: /workspace/ur5_ws/install/ur_description/share/ur_description/meshes/ur8long/visual/UR8Long_DIFF_8bit_2K.jpg\n'}
[0.170425] (ur_description) StdoutLine: {'line': b'-- Up-to-date symlink: /workspace/ur5_ws/install/ur_description/share/ur_description/meshes/ur8long/visual/forearm.dae\n'}
[0.170887] (ur_description) StdoutLine: {'line': b'-- Up-to-date symlink: /workspace/ur5_ws/install/ur_description/share/ur_description/meshes/ur8long/visual/upperarm.dae\n'}
[0.171770] (ur_description) StdoutLine: {'line': b'-- Up-to-date symlink: /workspace/ur5_ws/install/ur_description/share/ur_description/rviz/view_robot.rviz\n'}
[0.173462] (ur_description) StdoutLine: {'line': b'-- Up-to-date symlink: /workspace/ur5_ws/install/ur_description/share/ur_description/urdf/inc/ur_common.xacro\n'}
[0.173942] (ur_description) StdoutLine: {'line': b'-- Up-to-date symlink: /workspace/ur5_ws/install/ur_description/share/ur_description/urdf/inc/ur_joint_control.xacro\n'}
[0.174416] (ur_description) StdoutLine: {'line': b'-- Up-to-date symlink: /workspace/ur5_ws/install/ur_description/share/ur_description/urdf/inc/ur_sensors.xacro\n'}
[0.174844] (ur_description) StdoutLine: {'line': b'-- Up-to-date symlink: /workspace/ur5_ws/install/ur_description/share/ur_description/urdf/inc/ur_transmissions.xacro\n'}
[0.175390] (ur_description) StdoutLine: {'line': b'-- Up-to-date symlink: /workspace/ur5_ws/install/ur_description/share/ur_description/urdf/ros2_control_mock_hardware.xacro\n'}
[0.175825] (ur_description) StdoutLine: {'line': b'-- Up-to-date symlink: /workspace/ur5_ws/install/ur_description/share/ur_description/urdf/ur.urdf.xacro\n'}
[0.176255] (ur_description) StdoutLine: {'line': b'-- Up-to-date symlink: /workspace/ur5_ws/install/ur_description/share/ur_description/urdf/ur_macro.xacro\n'}
[0.176705] (ur_description) StdoutLine: {'line': b'-- Up-to-date symlink: /workspace/ur5_ws/install/ur_description/share/ur_description/urdf/ur_mocked.urdf.xacro\n'}
[0.177525] (ur_description) StdoutLine: {'line': b'-- Up-to-date symlink: /workspace/ur5_ws/install/ur_description/share/ur_description/test/test_ur_urdf_xacro.py\n'}
[0.177901] (ur_description) StdoutLine: {'line': b'-- Up-to-date symlink: /workspace/ur5_ws/install/ur_description/share/ur_description/test/test_view_ur_launch.py\n'}
[0.178455] (ur_description) StdoutLine: {'line': b'-- Up-to-date symlink: /workspace/ur5_ws/install/ur_description/share/ament_index/resource_index/package_run_dependencies/ur_description\n'}
[0.178955] (ur_description) StdoutLine: {'line': b'-- Up-to-date symlink: /workspace/ur5_ws/install/ur_description/share/ament_index/resource_index/parent_prefix_path/ur_description\n'}
[0.179366] (ur_description) StdoutLine: {'line': b'-- Up-to-date symlink: /workspace/ur5_ws/install/ur_description/share/ur_description/environment/ament_prefix_path.sh\n'}
[0.180011] (ur_description) StdoutLine: {'line': b'-- Up-to-date symlink: /workspace/ur5_ws/install/ur_description/share/ur_description/environment/ament_prefix_path.dsv\n'}
[0.180495] (ur_description) StdoutLine: {'line': b'-- Up-to-date symlink: /workspace/ur5_ws/install/ur_description/share/ur_description/environment/path.sh\n'}
[0.180949] (ur_description) StdoutLine: {'line': b'-- Up-to-date symlink: /workspace/ur5_ws/install/ur_description/share/ur_description/environment/path.dsv\n'}
[0.181376] (ur_description) StdoutLine: {'line': b'-- Up-to-date symlink: /workspace/ur5_ws/install/ur_description/share/ur_description/local_setup.bash\n'}
[0.181841] (ur_description) StdoutLine: {'line': b'-- Up-to-date symlink: /workspace/ur5_ws/install/ur_description/share/ur_description/local_setup.sh\n'}
[0.182285] (ur_description) StdoutLine: {'line': b'-- Up-to-date symlink: /workspace/ur5_ws/install/ur_description/share/ur_description/local_setup.zsh\n'}
[0.182699] (ur_description) StdoutLine: {'line': b'-- Up-to-date symlink: /workspace/ur5_ws/install/ur_description/share/ur_description/local_setup.dsv\n'}
[0.183081] (ur_description) StdoutLine: {'line': b'-- Symlinking: /workspace/ur5_ws/install/ur_description/share/ur_description/package.dsv\n'}
[0.189411] (ur_description) StdoutLine: {'line': b'-- Up-to-date symlink: /workspace/ur5_ws/install/ur_description/share/ament_index/resource_index/packages/ur_description\n'}
[0.189851] (ur_description) StdoutLine: {'line': b'-- Up-to-date symlink: /workspace/ur5_ws/install/ur_description/share/ur_description/cmake/ur_descriptionConfig.cmake\n'}
[0.190261] (ur_description) StdoutLine: {'line': b'-- Up-to-date symlink: /workspace/ur5_ws/install/ur_description/share/ur_description/cmake/ur_descriptionConfig-version.cmake\n'}
[0.190697] (ur_description) StdoutLine: {'line': b'-- Up-to-date symlink: /workspace/ur5_ws/install/ur_description/share/ur_description/package.xml\n'}
[0.191939] (ur_description) CommandEnded: {'returncode': 0}
[0.201380] (-) TimerEvent: {}
[0.219230] (ur_description) JobEnded: {'identifier': 'ur_description', 'rc': 0}
[0.222765] (ur_moveit_config) JobStarted: {'identifier': 'ur_moveit_config'}
[0.226396] (ur_moveit_config) JobProgress: {'identifier': 'ur_moveit_config', 'progress': 'cmake'}
[0.227526] (ur_moveit_config) JobProgress: {'identifier': 'ur_moveit_config', 'progress': 'build'}
[0.228248] (ur_moveit_config) Command: {'cmd': ['/usr/bin/cmake', '--build', '/workspace/ur5_ws/build/ur_moveit_config', '--', '-j11', '-l11'], 'cwd': '/workspace/ur5_ws/build/ur_moveit_config', 'env': OrderedDict([('HOSTNAME', 'a0498151e0e9'), ('SHLVL', '1'), ('LD_LIBRARY_PATH', '/opt/ros/humble/lib/aarch64-linux-gnu:/opt/ros/humble/lib'), ('HOME', '/root'), ('OLDPWD', '/workspace'), ('ROS_PYTHON_VERSION', '3'), ('ROS_DISTRO', 'humble'), ('_', '/usr/bin/colcon'), ('ROS_VERSION', '2'), ('ROS_LOCALHOST_ONLY', '0'), ('PATH', '/opt/ros/humble/bin:/usr/local/sbin:/usr/local/bin:/usr/sbin:/usr/bin:/sbin:/bin'), ('LANG', 'C.UTF-8'), ('AMENT_PREFIX_PATH', '/workspace/ur5_ws/install/ur_description:/opt/ros/humble'), ('PWD', '/workspace/ur5_ws/build/ur_moveit_config'), ('LC_ALL', 'C.UTF-8'), ('PYTHONPATH', '/opt/ros/humble/lib/python3.10/site-packages:/opt/ros/humble/local/lib/python3.10/dist-packages'), ('COLCON', '1'), ('CMAKE_PREFIX_PATH', '/workspace/ur5_ws/install/ur_description:/opt/ros/humble')]), 'shell': False}
[0.255955] (ur_moveit_config) CommandEnded: {'returncode': 0}
[0.257706] (ur_moveit_config) JobProgress: {'identifier': 'ur_moveit_config', 'progress': 'install'}
[0.258016] (ur_moveit_config) Command: {'cmd': ['/usr/bin/cmake', '--install', '/workspace/ur5_ws/build/ur_moveit_config'], 'cwd': '/workspace/ur5_ws/build/ur_moveit_config', 'env': OrderedDict([('HOSTNAME', 'a0498151e0e9'), ('SHLVL', '1'), ('LD_LIBRARY_PATH', '/opt/ros/humble/lib/aarch64-linux-gnu:/opt/ros/humble/lib'), ('HOME', '/root'), ('OLDPWD', '/workspace'), ('ROS_PYTHON_VERSION', '3'), ('ROS_DISTRO', 'humble'), ('_', '/usr/bin/colcon'), ('ROS_VERSION', '2'), ('ROS_LOCALHOST_ONLY', '0'), ('PATH', '/opt/ros/humble/bin:/usr/local/sbin:/usr/local/bin:/usr/sbin:/usr/bin:/sbin:/bin'), ('LANG', 'C.UTF-8'), ('AMENT_PREFIX_PATH', '/workspace/ur5_ws/install/ur_description:/opt/ros/humble'), ('PWD', '/workspace/ur5_ws/build/ur_moveit_config'), ('LC_ALL', 'C.UTF-8'), ('PYTHONPATH', '/opt/ros/humble/lib/python3.10/site-packages:/opt/ros/humble/local/lib/python3.10/dist-packages'), ('COLCON', '1'), ('CMAKE_PREFIX_PATH', '/workspace/ur5_ws/install/ur_description:/opt/ros/humble')]), 'shell': False}
[0.263005] (ur_moveit_config) StdoutLine: {'line': b'-- Install configuration: ""\n'}
[0.264197] (ur_moveit_config) StdoutLine: {'line': b'-- Execute custom install script\n'}
[0.264789] (ur_moveit_config) StdoutLine: {'line': b'-- Up-to-date symlink: /workspace/ur5_ws/install/ur_moveit_config/share/ament_index/resource_index/package_run_dependencies/ur_moveit_config\n'}
[0.265321] (ur_moveit_config) StdoutLine: {'line': b'-- Up-to-date symlink: /workspace/ur5_ws/install/ur_moveit_config/share/ament_index/resource_index/parent_prefix_path/ur_moveit_config\n'}
[0.265878] (ur_moveit_config) StdoutLine: {'line': b'-- Up-to-date symlink: /workspace/ur5_ws/install/ur_moveit_config/share/ur_moveit_config/environment/ament_prefix_path.sh\n'}
[0.266457] (ur_moveit_config) StdoutLine: {'line': b'-- Up-to-date symlink: /workspace/ur5_ws/install/ur_moveit_config/share/ur_moveit_config/environment/ament_prefix_path.dsv\n'}
[0.266920] (ur_moveit_config) StdoutLine: {'line': b'-- Up-to-date symlink: /workspace/ur5_ws/install/ur_moveit_config/share/ur_moveit_config/environment/path.sh\n'}
[0.267544] (ur_moveit_config) StdoutLine: {'line': b'-- Up-to-date symlink: /workspace/ur5_ws/install/ur_moveit_config/share/ur_moveit_config/environment/path.dsv\n'}
[0.268054] (ur_moveit_config) StdoutLine: {'line': b'-- Up-to-date symlink: /workspace/ur5_ws/install/ur_moveit_config/share/ur_moveit_config/local_setup.bash\n'}
[0.268536] (ur_moveit_config) StdoutLine: {'line': b'-- Up-to-date symlink: /workspace/ur5_ws/install/ur_moveit_config/share/ur_moveit_config/local_setup.sh\n'}
[0.268991] (ur_moveit_config) StdoutLine: {'line': b'-- Up-to-date symlink: /workspace/ur5_ws/install/ur_moveit_config/share/ur_moveit_config/local_setup.zsh\n'}
[0.269447] (ur_moveit_config) StdoutLine: {'line': b'-- Up-to-date symlink: /workspace/ur5_ws/install/ur_moveit_config/share/ur_moveit_config/local_setup.dsv\n'}
[0.269777] (ur_moveit_config) StdoutLine: {'line': b'-- Symlinking: /workspace/ur5_ws/install/ur_moveit_config/share/ur_moveit_config/package.dsv\n'}
[0.276510] (ur_moveit_config) StdoutLine: {'line': b'-- Up-to-date symlink: /workspace/ur5_ws/install/ur_moveit_config/share/ament_index/resource_index/packages/ur_moveit_config\n'}
[0.277156] (ur_moveit_config) StdoutLine: {'line': b'-- Up-to-date symlink: /workspace/ur5_ws/install/ur_moveit_config/share/ur_moveit_config/cmake/ur_moveit_configConfig.cmake\n'}
[0.277741] (ur_moveit_config) StdoutLine: {'line': b'-- Up-to-date symlink: /workspace/ur5_ws/install/ur_moveit_config/share/ur_moveit_config/cmake/ur_moveit_configConfig-version.cmake\n'}
[0.278274] (ur_moveit_config) StdoutLine: {'line': b'-- Up-to-date symlink: /workspace/ur5_ws/install/ur_moveit_config/share/ur_moveit_config/package.xml\n'}
[0.279784] (ur_moveit_config) StdoutLine: {'line': b'-- Up-to-date symlink: /workspace/ur5_ws/install/ur_moveit_config/share/ur_moveit_config/config/chomp_planning.yaml\n'}
[0.280327] (ur_moveit_config) StdoutLine: {'line': b'-- Up-to-date symlink: /workspace/ur5_ws/install/ur_moveit_config/share/ur_moveit_config/config/joint_limits.yaml\n'}
[0.280826] (ur_moveit_config) StdoutLine: {'line': b'-- Up-to-date symlink: /workspace/ur5_ws/install/ur_moveit_config/share/ur_moveit_config/config/kinematics.yaml\n'}
[0.281290] (ur_moveit_config) StdoutLine: {'line': b'-- Up-to-date symlink: /workspace/ur5_ws/install/ur_moveit_config/share/ur_moveit_config/config/moveit.rviz\n'}
[0.281786] (ur_moveit_config) StdoutLine: {'line': b'-- Up-to-date symlink: /workspace/ur5_ws/install/ur_moveit_config/share/ur_moveit_config/config/moveit_controllers.yaml\n'}
[0.282283] (ur_moveit_config) StdoutLine: {'line': b'-- Up-to-date symlink: /workspace/ur5_ws/install/ur_moveit_config/share/ur_moveit_config/config/ompl_planning.yaml\n'}
[0.282707] (ur_moveit_config) StdoutLine: {'line': b'-- Up-to-date symlink: /workspace/ur5_ws/install/ur_moveit_config/share/ur_moveit_config/config/pilz_cartesian_limits.yaml\n'}
[0.283092] (ur_moveit_config) StdoutLine: {'line': b'-- Up-to-date symlink: /workspace/ur5_ws/install/ur_moveit_config/share/ur_moveit_config/config/pilz_industrial_motion_planner_planning.yaml\n'}
[0.283591] (ur_moveit_config) StdoutLine: {'line': b'-- Up-to-date symlink: /workspace/ur5_ws/install/ur_moveit_config/share/ur_moveit_config/config/ur_servo.yaml\n'}
[0.284398] (ur_moveit_config) StdoutLine: {'line': b'-- Up-to-date symlink: /workspace/ur5_ws/install/ur_moveit_config/share/ur_moveit_config/launch/ur_moveit.launch.py\n'}
[0.285258] (ur_moveit_config) StdoutLine: {'line': b'-- Up-to-date symlink: /workspace/ur5_ws/install/ur_moveit_config/share/ur_moveit_config/srdf/ur.srdf.xacro\n'}
[0.285787] (ur_moveit_config) StdoutLine: {'line': b'-- Up-to-date symlink: /workspace/ur5_ws/install/ur_moveit_config/share/ur_moveit_config/srdf/ur_macro.srdf.xacro\n'}
[0.287233] (ur_moveit_config) CommandEnded: {'returncode': 0}
[0.302238] (-) TimerEvent: {}
[0.312442] (ur_moveit_config) JobEnded: {'identifier': 'ur_moveit_config', 'rc': 0}
[0.314537] (ur5_minimal_moveit) JobStarted: {'identifier': 'ur5_minimal_moveit'}
[0.404758] (-) TimerEvent: {}
[0.505271] (-) TimerEvent: {}
[0.607495] (-) TimerEvent: {}
[0.653878] (ur5_minimal_moveit) Command: {'cmd': ['/usr/bin/python3', '-W', 'ignore:setup.py install is deprecated', '-W', 'ignore:easy_install command is deprecated', 'setup.py', 'develop', '--editable', '--build-directory', '/workspace/ur5_ws/build/ur5_minimal_moveit/build', '--no-deps', 'symlink_data'], 'cwd': '/workspace/ur5_ws/build/ur5_minimal_moveit', 'env': {'HOSTNAME': 'a0498151e0e9', 'SHLVL': '1', 'LD_LIBRARY_PATH': '/opt/ros/humble/lib/aarch64-linux-gnu:/opt/ros/humble/lib', 'HOME': '/root', 'OLDPWD': '/workspace', 'ROS_PYTHON_VERSION': '3', 'ROS_DISTRO': 'humble', '_': '/usr/bin/colcon', 'ROS_VERSION': '2', 'ROS_LOCALHOST_ONLY': '0', 'PATH': '/opt/ros/humble/bin:/usr/local/sbin:/usr/local/bin:/usr/sbin:/usr/bin:/sbin:/bin', 'LANG': 'C.UTF-8', 'AMENT_PREFIX_PATH': '/workspace/ur5_ws/install/ur_moveit_config:/workspace/ur5_ws/install/ur_description:/opt/ros/humble', 'PWD': '/workspace/ur5_ws/build/ur5_minimal_moveit', 'LC_ALL': 'C.UTF-8', 'PYTHONPATH': '/workspace/ur5_ws/build/ur5_minimal_moveit/prefix_override:/usr/lib/python3/dist-packages/colcon_core/task/python/colcon_distutils_commands:/workspace/ur5_ws/install/ur5_minimal_moveit/lib/python3.10/site-packages:/opt/ros/humble/lib/python3.10/site-packages:/opt/ros/humble/local/lib/python3.10/dist-packages', 'COLCON': '1', 'CMAKE_PREFIX_PATH': '/workspace/ur5_ws/install/ur_moveit_config:/workspace/ur5_ws/install/ur_description'}, 'shell': False}
[0.708252] (-) TimerEvent: {}
[0.778654] (ur5_minimal_moveit) StdoutLine: {'line': b'running develop\n'}
[0.810147] (-) TimerEvent: {}
[0.833387] (ur5_minimal_moveit) StdoutLine: {'line': b'running egg_info\n'}
[0.834226] (ur5_minimal_moveit) StdoutLine: {'line': b'writing ur5_minimal_moveit.egg-info/PKG-INFO\n'}
[0.834760] (ur5_minimal_moveit) StdoutLine: {'line': b'writing dependency_links to ur5_minimal_moveit.egg-info/dependency_links.txt\n'}
[0.835359] (ur5_minimal_moveit) StdoutLine: {'line': b'writing entry points to ur5_minimal_moveit.egg-info/entry_points.txt\n'}
[0.835935] (ur5_minimal_moveit) StdoutLine: {'line': b'writing requirements to ur5_minimal_moveit.egg-info/requires.txt\n'}
[0.836386] (ur5_minimal_moveit) StdoutLine: {'line': b'writing top-level names to ur5_minimal_moveit.egg-info/top_level.txt\n'}
[0.839435] (ur5_minimal_moveit) StdoutLine: {'line': b"reading manifest file 'ur5_minimal_moveit.egg-info/SOURCES.txt'\n"}
[0.843634] (ur5_minimal_moveit) StdoutLine: {'line': b"writing manifest file 'ur5_minimal_moveit.egg-info/SOURCES.txt'\n"}
[0.845206] (ur5_minimal_moveit) StdoutLine: {'line': b'running build_ext\n'}
[0.846007] (ur5_minimal_moveit) StdoutLine: {'line': b'Creating /workspace/ur5_ws/install/ur5_minimal_moveit/lib/python3.10/site-packages/ur5-minimal-moveit.egg-link (link to .)\n'}
[0.849141] (ur5_minimal_moveit) StdoutLine: {'line': b'Installing fake_joint_trajectory_controller script to /workspace/ur5_ws/install/ur5_minimal_moveit/lib/ur5_minimal_moveit\n'}
[0.851326] (ur5_minimal_moveit) StdoutLine: {'line': b'\n'}
[0.852388] (ur5_minimal_moveit) StdoutLine: {'line': b'Installed /workspace/ur5_ws/build/ur5_minimal_moveit\n'}
[0.854128] (ur5_minimal_moveit) StdoutLine: {'line': b'running symlink_data\n'}
[0.875029] (ur5_minimal_moveit) CommandEnded: {'returncode': 0}
[0.895847] (ur5_minimal_moveit) JobEnded: {'identifier': 'ur5_minimal_moveit', 'rc': 0}
[0.900808] (ur5_motion_planning) JobStarted: {'identifier': 'ur5_motion_planning'}
[0.908425] (ur5_motion_planning) JobProgress: {'identifier': 'ur5_motion_planning', 'progress': 'cmake'}
[0.911279] (-) TimerEvent: {}
[0.912818] (ur5_motion_planning) Command: {'cmd': ['/usr/bin/cmake', '/workspace/ur5_ws/src/ur5_motion_planning', '-DAMENT_CMAKE_SYMLINK_INSTALL=1', '-DCMAKE_INSTALL_PREFIX=/workspace/ur5_ws/install/ur5_motion_planning'], 'cwd': '/workspace/ur5_ws/build/ur5_motion_planning', 'env': OrderedDict([('HOSTNAME', 'a0498151e0e9'), ('SHLVL', '1'), ('LD_LIBRARY_PATH', '/opt/ros/humble/lib/aarch64-linux-gnu:/opt/ros/humble/lib'), ('HOME', '/root'), ('OLDPWD', '/workspace'), ('ROS_PYTHON_VERSION', '3'), ('ROS_DISTRO', 'humble'), ('_', '/usr/bin/colcon'), ('ROS_VERSION', '2'), ('ROS_LOCALHOST_ONLY', '0'), ('PATH', '/opt/ros/humble/bin:/usr/local/sbin:/usr/local/bin:/usr/sbin:/usr/bin:/sbin:/bin'), ('LANG', 'C.UTF-8'), ('AMENT_PREFIX_PATH', '/workspace/ur5_ws/install/ur5_minimal_moveit:/workspace/ur5_ws/install/ur_moveit_config:/workspace/ur5_ws/install/ur_description:/opt/ros/humble'), ('PWD', '/workspace/ur5_ws/build/ur5_motion_planning'), ('LC_ALL', 'C.UTF-8'), ('PYTHONPATH', '/workspace/ur5_ws/build/ur5_minimal_moveit:/workspace/ur5_ws/install/ur5_minimal_moveit/lib/python3.10/site-packages:/opt/ros/humble/lib/python3.10/site-packages:/opt/ros/humble/local/lib/python3.10/dist-packages'), ('COLCON', '1'), ('CMAKE_PREFIX_PATH', '/workspace/ur5_ws/install/ur_moveit_config:/workspace/ur5_ws/install/ur_description:/opt/ros/humble')]), 'shell': False}
[0.927569] (ur5_motion_planning) StdoutLine: {'line': b'-- Found ament_cmake: 1.3.12 (/opt/ros/humble/share/ament_cmake/cmake)\n'}
[1.012247] (-) TimerEvent: {}
[1.017591] (ur5_motion_planning) StdoutLine: {'line': b'-- Override CMake install command with custom implementation using symlinks instead of copying resources\n'}
[1.028317] (ur5_motion_planning) StdoutLine: {'line': b'-- Found rclcpp: 16.0.17 (/opt/ros/humble/share/rclcpp/cmake)\n'}
[1.044694] (ur5_motion_planning) StdoutLine: {'line': b'-- Found rosidl_generator_c: 3.1.8 (/opt/ros/humble/share/rosidl_generator_c/cmake)\n'}
[1.048341] (ur5_motion_planning) StdoutLine: {'line': b'-- Found rosidl_adapter: 3.1.8 (/opt/ros/humble/share/rosidl_adapter/cmake)\n'}
[1.050332] (ur5_motion_planning) StdoutLine: {'line': b'-- Found rosidl_generator_cpp: 3.1.8 (/opt/ros/humble/share/rosidl_generator_cpp/cmake)\n'}
[1.057266] (ur5_motion_planning) StdoutLine: {'line': b'-- Using all available rosidl_typesupport_c: rosidl_typesupport_fastrtps_c;rosidl_typesupport_introspection_c\n'}
[1.065490] (ur5_motion_planning) StdoutLine: {'line': b'-- Using all available rosidl_typesupport_cpp: rosidl_typesupport_fastrtps_cpp;rosidl_typesupport_introspection_cpp\n'}
[1.086831] (ur5_motion_planning) StdoutLine: {'line': b'-- Found rmw_implementation_cmake: 6.1.2 (/opt/ros/humble/share/rmw_implementation_cmake/cmake)\n'}
[1.088145] (ur5_motion_planning) StdoutLine: {'line': b'-- Found rmw_fastrtps_cpp: 6.2.9 (/opt/ros/humble/share/rmw_fastrtps_cpp/cmake)\n'}
[1.113237] (-) TimerEvent: {}
[1.163688] (ur5_motion_planning) StdoutLine: {'line': b"-- Using RMW implementation 'rmw_fastrtps_cpp' as default\n"}
[1.198494] (ur5_motion_planning) StdoutLine: {'line': b'-- Found rclcpp_action: 16.0.17 (/opt/ros/humble/share/rclcpp_action/cmake)\n'}
[1.214269] (-) TimerEvent: {}
[1.219562] (ur5_motion_planning) StdoutLine: {'line': b'-- Found control_msgs: 4.8.0 (/opt/ros/humble/share/control_msgs/cmake)\n'}
[1.273836] (ur5_motion_planning) StdoutLine: {'line': b'-- Found tf2_geometry_msgs: 0.25.18 (/opt/ros/humble/share/tf2_geometry_msgs/cmake)\n'}
[1.276116] (ur5_motion_planning) StdoutLine: {'line': b'-- Found eigen3_cmake_module: 0.1.1 (/opt/ros/humble/share/eigen3_cmake_module/cmake)\n'}
[1.277076] (ur5_motion_planning) StdoutLine: {'line': b'-- Ensuring Eigen3 include directory is part of orocos-kdl CMake target\n'}
[1.314989] (ur5_motion_planning) StdoutLine: {'line': b'-- Found moveit_core: 2.5.9 (/opt/ros/humble/share/moveit_core/cmake)\n'}
[1.315375] (-) TimerEvent: {}
[1.325989] (ur5_motion_planning) StdoutLine: {'line': b'-- Found Boost: /usr/lib/aarch64-linux-gnu/cmake/Boost-1.74.0/BoostConfig.cmake (found version "1.74.0") found components: chrono date_time filesystem iostreams program_options regex serialization system thread \n'}
[1.344109] (ur5_motion_planning) StdoutLine: {'line': b'-- Found parameter_traits: 0.6.0 (/opt/ros/humble/share/parameter_traits/cmake)\n'}
[1.350356] (ur5_motion_planning) StdoutLine: {'line': b'-- Found rclcpp_lifecycle: 16.0.17 (/opt/ros/humble/share/rclcpp_lifecycle/cmake)\n'}
[1.362457] (ur5_motion_planning) StdoutLine: {'line': b'-- Found Boost: /usr/lib/aarch64-linux-gnu/cmake/Boost-1.74.0/BoostConfig.cmake (found version "1.74.0") found components: filesystem \n'}
[1.384592] (ur5_motion_planning) StdoutLine: {'line': b'-- library: /usr/lib/aarch64-linux-gnu/libcurl.so\n'}
[1.416252] (-) TimerEvent: {}
[1.501473] (ur5_motion_planning) StderrLine: {'line': b'CMake Error at CMakeLists.txt:18 (find_package):\n'}
[1.502246] (ur5_motion_planning) StderrLine: {'line': b'  By not providing "Findmoveit_ros_planning_interface.cmake" in\n'}
[1.502721] (ur5_motion_planning) StderrLine: {'line': b'  CMAKE_MODULE_PATH this project has asked CMake to find a package\n'}
[1.503148] (ur5_motion_planning) StderrLine: {'line': b'  configuration file provided by "moveit_ros_planning_interface", but CMake\n'}
[1.503625] (ur5_motion_planning) StderrLine: {'line': b'  did not find one.\n'}
[1.504433] (ur5_motion_planning) StderrLine: {'line': b'\n'}
[1.505021] (ur5_motion_planning) StderrLine: {'line': b'  Could not find a package configuration file provided by\n'}
[1.509277] (ur5_motion_planning) StderrLine: {'line': b'  "moveit_ros_planning_interface" with any of the following names:\n'}
[1.509563] (ur5_motion_planning) StderrLine: {'line': b'\n'}
[1.509738] (ur5_motion_planning) StderrLine: {'line': b'    moveit_ros_planning_interfaceConfig.cmake\n'}
[1.509905] (ur5_motion_planning) StderrLine: {'line': b'    moveit_ros_planning_interface-config.cmake\n'}
[1.510066] (ur5_motion_planning) StderrLine: {'line': b'\n'}
[1.510245] (ur5_motion_planning) StderrLine: {'line': b'  Add the installation prefix of "moveit_ros_planning_interface" to\n'}
[1.510402] (ur5_motion_planning) StderrLine: {'line': b'  CMAKE_PREFIX_PATH or set "moveit_ros_planning_interface_DIR" to a directory\n'}
[1.510558] (ur5_motion_planning) StderrLine: {'line': b'  containing one of the above files.  If "moveit_ros_planning_interface"\n'}
[1.510716] (ur5_motion_planning) StderrLine: {'line': b'  provides a separate development package or SDK, be sure it has been\n'}
[1.510874] (ur5_motion_planning) StderrLine: {'line': b'  installed.\n'}
[1.511091] (ur5_motion_planning) StderrLine: {'line': b'\n'}
[1.511319] (ur5_motion_planning) StderrLine: {'line': b'\n'}
[1.511484] (ur5_motion_planning) StdoutLine: {'line': b'-- Configuring incomplete, errors occurred!\n'}
[1.511640] (ur5_motion_planning) StdoutLine: {'line': b'See also "/workspace/ur5_ws/build/ur5_motion_planning/CMakeFiles/CMakeOutput.log".\n'}
[1.513019] (ur5_motion_planning) CommandEnded: {'returncode': 1}
[1.517235] (-) TimerEvent: {}
[1.529574] (ur5_motion_planning) JobEnded: {'identifier': 'ur5_motion_planning', 'rc': 1}
[1.540968] (-) EventReactorShutdown: {}
