[0.009s] Invoking command in '/workspace/ur5_ws/build/ur5_motion_planning': AMENT_PREFIX_PATH=/workspace/ur5_ws/install/ur5_minimal_moveit:/workspace/ur5_ws/install/ur_moveit_config:/workspace/ur5_ws/install/ur_description:${AMENT_PREFIX_PATH} CMAKE_PREFIX_PATH=/workspace/ur5_ws/install/ur_moveit_config:/workspace/ur5_ws/install/ur_description:/opt/ros/humble PYTHONPATH=/workspace/ur5_ws/build/ur5_minimal_moveit:/workspace/ur5_ws/install/ur5_minimal_moveit/lib/python3.10/site-packages:${PYTHONPATH} /usr/bin/cmake --build /workspace/ur5_ws/build/ur5_motion_planning -- -j11 -l11
[0.156s] Consolidate compiler generated dependencies of target ur5_plan_and_analyze_node
[0.174s] [100%] Built target ur5_plan_and_analyze_node
[0.181s] Invoked command in '/workspace/ur5_ws/build/ur5_motion_planning' returned '0': AMENT_PREFIX_PATH=/workspace/ur5_ws/install/ur5_minimal_moveit:/workspace/ur5_ws/install/ur_moveit_config:/workspace/ur5_ws/install/ur_description:${AMENT_PREFIX_PATH} CMAKE_PREFIX_PATH=/workspace/ur5_ws/install/ur_moveit_config:/workspace/ur5_ws/install/ur_description:/opt/ros/humble PYTHONPATH=/workspace/ur5_ws/build/ur5_minimal_moveit:/workspace/ur5_ws/install/ur5_minimal_moveit/lib/python3.10/site-packages:${PYTHONPATH} /usr/bin/cmake --build /workspace/ur5_ws/build/ur5_motion_planning -- -j11 -l11
[0.189s] Invoking command in '/workspace/ur5_ws/build/ur5_motion_planning': AMENT_PREFIX_PATH=/workspace/ur5_ws/install/ur5_minimal_moveit:/workspace/ur5_ws/install/ur_moveit_config:/workspace/ur5_ws/install/ur_description:${AMENT_PREFIX_PATH} CMAKE_PREFIX_PATH=/workspace/ur5_ws/install/ur_moveit_config:/workspace/ur5_ws/install/ur_description:/opt/ros/humble PYTHONPATH=/workspace/ur5_ws/build/ur5_minimal_moveit:/workspace/ur5_ws/install/ur5_minimal_moveit/lib/python3.10/site-packages:${PYTHONPATH} /usr/bin/cmake --install /workspace/ur5_ws/build/ur5_motion_planning
[0.216s] -- Install configuration: ""
[0.220s] -- Execute custom install script
[0.223s] -- Up-to-date symlink: /workspace/ur5_ws/install/ur5_motion_planning/lib/ur5_motion_planning/ur5_plan_and_analyze_node
[0.237s] -- Up-to-date symlink: /workspace/ur5_ws/install/ur5_motion_planning/share/ur5_motion_planning/launch/run_plan_and_analyze.launch.py
[0.237s] -- Up-to-date symlink: /workspace/ur5_ws/install/ur5_motion_planning/share/ur5_motion_planning/launch/run_plan_and_analyze_real_controllers_sim.launch.py
[0.238s] -- Up-to-date symlink: /workspace/ur5_ws/install/ur5_motion_planning/share/ament_index/resource_index/package_run_dependencies/ur5_motion_planning
[0.239s] -- Up-to-date symlink: /workspace/ur5_ws/install/ur5_motion_planning/share/ament_index/resource_index/parent_prefix_path/ur5_motion_planning
[0.239s] -- Up-to-date symlink: /workspace/ur5_ws/install/ur5_motion_planning/share/ur5_motion_planning/environment/ament_prefix_path.sh
[0.240s] -- Up-to-date symlink: /workspace/ur5_ws/install/ur5_motion_planning/share/ur5_motion_planning/environment/ament_prefix_path.dsv
[0.240s] -- Up-to-date symlink: /workspace/ur5_ws/install/ur5_motion_planning/share/ur5_motion_planning/environment/path.sh
[0.240s] -- Up-to-date symlink: /workspace/ur5_ws/install/ur5_motion_planning/share/ur5_motion_planning/environment/path.dsv
[0.241s] -- Up-to-date symlink: /workspace/ur5_ws/install/ur5_motion_planning/share/ur5_motion_planning/local_setup.bash
[0.241s] -- Up-to-date symlink: /workspace/ur5_ws/install/ur5_motion_planning/share/ur5_motion_planning/local_setup.sh
[0.242s] -- Up-to-date symlink: /workspace/ur5_ws/install/ur5_motion_planning/share/ur5_motion_planning/local_setup.zsh
[0.243s] -- Up-to-date symlink: /workspace/ur5_ws/install/ur5_motion_planning/share/ur5_motion_planning/local_setup.dsv
[0.243s] -- Symlinking: /workspace/ur5_ws/install/ur5_motion_planning/share/ur5_motion_planning/package.dsv
[0.254s] -- Up-to-date symlink: /workspace/ur5_ws/install/ur5_motion_planning/share/ament_index/resource_index/packages/ur5_motion_planning
[0.257s] -- Up-to-date symlink: /workspace/ur5_ws/install/ur5_motion_planning/share/ur5_motion_planning/cmake/ur5_motion_planningConfig.cmake
[0.258s] -- Up-to-date symlink: /workspace/ur5_ws/install/ur5_motion_planning/share/ur5_motion_planning/cmake/ur5_motion_planningConfig-version.cmake
[0.258s] -- Up-to-date symlink: /workspace/ur5_ws/install/ur5_motion_planning/share/ur5_motion_planning/package.xml
[0.260s] Invoked command in '/workspace/ur5_ws/build/ur5_motion_planning' returned '0': AMENT_PREFIX_PATH=/workspace/ur5_ws/install/ur5_minimal_moveit:/workspace/ur5_ws/install/ur_moveit_config:/workspace/ur5_ws/install/ur_description:${AMENT_PREFIX_PATH} CMAKE_PREFIX_PATH=/workspace/ur5_ws/install/ur_moveit_config:/workspace/ur5_ws/install/ur_description:/opt/ros/humble PYTHONPATH=/workspace/ur5_ws/build/ur5_minimal_moveit:/workspace/ur5_ws/install/ur5_minimal_moveit/lib/python3.10/site-packages:${PYTHONPATH} /usr/bin/cmake --install /workspace/ur5_ws/build/ur5_motion_planning
