[0.081s] Invoking command in '/workspace/ur5_ws/build/ur_moveit_config': CMAKE_PREFIX_PATH=/workspace/ur5_ws/install/ur_description:/workspace/ur5_ws/install/ur5_motion_planning:/workspace/ur5_ws/install/ur5_kdl_ik:/workspace/ur5_ws/install/ur_moveit_config:/workspace/ur5_ws/install/ur5_minimal_moveit:/opt/ros/humble /usr/bin/cmake --build /workspace/ur5_ws/build/ur_moveit_config -- -j11 -l11
[0.106s] Invoked command in '/workspace/ur5_ws/build/ur_moveit_config' returned '0': CMAKE_PREFIX_PATH=/workspace/ur5_ws/install/ur_description:/workspace/ur5_ws/install/ur5_motion_planning:/workspace/ur5_ws/install/ur5_kdl_ik:/workspace/ur5_ws/install/ur_moveit_config:/workspace/ur5_ws/install/ur5_minimal_moveit:/opt/ros/humble /usr/bin/cmake --build /workspace/ur5_ws/build/ur_moveit_config -- -j11 -l11
[0.109s] Invoking command in '/workspace/ur5_ws/build/ur_moveit_config': CMAKE_PREFIX_PATH=/workspace/ur5_ws/install/ur_description:/workspace/ur5_ws/install/ur5_motion_planning:/workspace/ur5_ws/install/ur5_kdl_ik:/workspace/ur5_ws/install/ur_moveit_config:/workspace/ur5_ws/install/ur5_minimal_moveit:/opt/ros/humble /usr/bin/cmake --install /workspace/ur5_ws/build/ur_moveit_config
[0.114s] -- Install configuration: ""
[0.115s] -- Execute custom install script
[0.116s] -- Up-to-date symlink: /workspace/ur5_ws/install/ur_moveit_config/share/ament_index/resource_index/package_run_dependencies/ur_moveit_config
[0.116s] -- Up-to-date symlink: /workspace/ur5_ws/install/ur_moveit_config/share/ament_index/resource_index/parent_prefix_path/ur_moveit_config
[0.117s] -- Up-to-date symlink: /workspace/ur5_ws/install/ur_moveit_config/share/ur_moveit_config/environment/ament_prefix_path.sh
[0.118s] -- Up-to-date symlink: /workspace/ur5_ws/install/ur_moveit_config/share/ur_moveit_config/environment/ament_prefix_path.dsv
[0.118s] -- Up-to-date symlink: /workspace/ur5_ws/install/ur_moveit_config/share/ur_moveit_config/environment/path.sh
[0.119s] -- Up-to-date symlink: /workspace/ur5_ws/install/ur_moveit_config/share/ur_moveit_config/environment/path.dsv
[0.119s] -- Up-to-date symlink: /workspace/ur5_ws/install/ur_moveit_config/share/ur_moveit_config/local_setup.bash
[0.120s] -- Up-to-date symlink: /workspace/ur5_ws/install/ur_moveit_config/share/ur_moveit_config/local_setup.sh
[0.120s] -- Up-to-date symlink: /workspace/ur5_ws/install/ur_moveit_config/share/ur_moveit_config/local_setup.zsh
[0.121s] -- Up-to-date symlink: /workspace/ur5_ws/install/ur_moveit_config/share/ur_moveit_config/local_setup.dsv
[0.121s] -- Symlinking: /workspace/ur5_ws/install/ur_moveit_config/share/ur_moveit_config/package.dsv
[0.127s] -- Up-to-date symlink: /workspace/ur5_ws/install/ur_moveit_config/share/ament_index/resource_index/packages/ur_moveit_config
[0.127s] -- Up-to-date symlink: /workspace/ur5_ws/install/ur_moveit_config/share/ur_moveit_config/cmake/ur_moveit_configConfig.cmake
[0.128s] -- Up-to-date symlink: /workspace/ur5_ws/install/ur_moveit_config/share/ur_moveit_config/cmake/ur_moveit_configConfig-version.cmake
[0.129s] -- Up-to-date symlink: /workspace/ur5_ws/install/ur_moveit_config/share/ur_moveit_config/package.xml
[0.130s] -- Up-to-date symlink: /workspace/ur5_ws/install/ur_moveit_config/share/ur_moveit_config/config/chomp_planning.yaml
[0.133s] -- Up-to-date symlink: /workspace/ur5_ws/install/ur_moveit_config/share/ur_moveit_config/config/joint_limits.yaml
[0.134s] -- Up-to-date symlink: /workspace/ur5_ws/install/ur_moveit_config/share/ur_moveit_config/config/kinematics.yaml
[0.134s] -- Up-to-date symlink: /workspace/ur5_ws/install/ur_moveit_config/share/ur_moveit_config/config/moveit.rviz
[0.135s] -- Up-to-date symlink: /workspace/ur5_ws/install/ur_moveit_config/share/ur_moveit_config/config/moveit_controllers.yaml
[0.135s] -- Up-to-date symlink: /workspace/ur5_ws/install/ur_moveit_config/share/ur_moveit_config/config/ompl_planning.yaml
[0.136s] -- Up-to-date symlink: /workspace/ur5_ws/install/ur_moveit_config/share/ur_moveit_config/config/pilz_cartesian_limits.yaml
[0.136s] -- Up-to-date symlink: /workspace/ur5_ws/install/ur_moveit_config/share/ur_moveit_config/config/pilz_industrial_motion_planner_planning.yaml
[0.138s] -- Up-to-date symlink: /workspace/ur5_ws/install/ur_moveit_config/share/ur_moveit_config/config/ur_servo.yaml
[0.139s] -- Up-to-date symlink: /workspace/ur5_ws/install/ur_moveit_config/share/ur_moveit_config/launch/ur_moveit.launch.py
[0.141s] -- Up-to-date symlink: /workspace/ur5_ws/install/ur_moveit_config/share/ur_moveit_config/srdf/ur.srdf.xacro
[0.142s] -- Up-to-date symlink: /workspace/ur5_ws/install/ur_moveit_config/share/ur_moveit_config/srdf/ur_macro.srdf.xacro
[0.143s] Invoked command in '/workspace/ur5_ws/build/ur_moveit_config' returned '0': CMAKE_PREFIX_PATH=/workspace/ur5_ws/install/ur_description:/workspace/ur5_ws/install/ur5_motion_planning:/workspace/ur5_ws/install/ur5_kdl_ik:/workspace/ur5_ws/install/ur_moveit_config:/workspace/ur5_ws/install/ur5_minimal_moveit:/opt/ros/humble /usr/bin/cmake --install /workspace/ur5_ws/build/ur_moveit_config
