[0.000000] (-) TimerEvent: {}
[0.000567] (-) JobUnselected: {'identifier': 'ur'}
[0.001127] (-) JobUnselected: {'identifier': 'ur5_kdl_ik'}
[0.001253] (-) JobUnselected: {'identifier': 'ur5_motion_planning'}
[0.001356] (-) JobUnselected: {'identifier': 'ur_calibration'}
[0.001462] (-) JobUnselected: {'identifier': 'ur_controllers'}
[0.001954] (-) JobUnselected: {'identifier': 'ur_dashboard_msgs'}
[0.002030] (-) JobUnselected: {'identifier': 'ur_description'}
[0.002092] (-) JobUnselected: {'identifier': 'ur_moveit_config'}
[0.002293] (-) JobUnselected: {'identifier': 'ur_robot_driver'}
[0.002403] (ur5_minimal_moveit) JobQueued: {'identifier': 'ur5_minimal_moveit', 'dependencies': OrderedDict([('ur_description', '/workspace/ur5_ws/install/ur_description'), ('ur_moveit_config', '/workspace/ur5_ws/install/ur_moveit_config')])}
[0.002622] (ur5_minimal_moveit) JobStarted: {'identifier': 'ur5_minimal_moveit'}
[0.098893] (-) TimerEvent: {}
[0.199838] (-) TimerEvent: {}
[0.306848] (-) TimerEvent: {}
[0.342967] (ur5_minimal_moveit) Command: {'cmd': ['/usr/bin/python3', '-W', 'ignore:setup.py install is deprecated', '-W', 'ignore:easy_install command is deprecated', 'setup.py', 'egg_info', '--egg-base', '../../build/ur5_minimal_moveit', 'build', '--build-base', '/workspace/ur5_ws/build/ur5_minimal_moveit/build', 'install', '--record', '/workspace/ur5_ws/build/ur5_minimal_moveit/install.log', '--single-version-externally-managed', 'install_data'], 'cwd': '/workspace/ur5_ws/src/ur5_minimal_moveit', 'env': {'HOSTNAME': '10a6f84be8b2', 'SHLVL': '0', 'LD_LIBRARY_PATH': '/opt/ros/humble/lib/aarch64-linux-gnu:/opt/ros/humble/lib', 'HOME': '/root', 'OLDPWD': '/', 'ROS_PYTHON_VERSION': '3', 'ROS_DISTRO': 'humble', '_': '/usr/bin/colcon', 'ROS_VERSION': '2', 'ROS_LOCALHOST_ONLY': '0', 'PATH': '/opt/ros/humble/bin:/usr/local/sbin:/usr/local/bin:/usr/sbin:/usr/bin:/sbin:/bin', 'LANG': 'C.UTF-8', 'AMENT_PREFIX_PATH': '/workspace/ur5_ws/install/ur_moveit_config:/workspace/ur5_ws/install/ur_description:/opt/ros/humble', 'PWD': '/workspace/ur5_ws/build/ur5_minimal_moveit', 'LC_ALL': 'C.UTF-8', 'PYTHONPATH': '/workspace/ur5_ws/build/ur5_minimal_moveit/prefix_override:/usr/lib/python3/dist-packages/colcon_core/task/python/colcon_distutils_commands:/workspace/ur5_ws/install/ur5_minimal_moveit/lib/python3.10/site-packages:/opt/ros/humble/lib/python3.10/site-packages:/opt/ros/humble/local/lib/python3.10/dist-packages', 'COLCON': '1', 'CMAKE_PREFIX_PATH': '/workspace/ur5_ws/install/ur_moveit_config:/workspace/ur5_ws/install/ur_description'}, 'shell': False}
[0.410840] (-) TimerEvent: {}
[0.453574] (ur5_minimal_moveit) StdoutLine: {'line': b'running egg_info\n'}
[0.455347] (ur5_minimal_moveit) StdoutLine: {'line': b'writing ../../build/ur5_minimal_moveit/ur5_minimal_moveit.egg-info/PKG-INFO\n'}
[0.456070] (ur5_minimal_moveit) StdoutLine: {'line': b'writing dependency_links to ../../build/ur5_minimal_moveit/ur5_minimal_moveit.egg-info/dependency_links.txt\n'}
[0.456799] (ur5_minimal_moveit) StdoutLine: {'line': b'writing entry points to ../../build/ur5_minimal_moveit/ur5_minimal_moveit.egg-info/entry_points.txt\n'}
[0.457559] (ur5_minimal_moveit) StdoutLine: {'line': b'writing requirements to ../../build/ur5_minimal_moveit/ur5_minimal_moveit.egg-info/requires.txt\n'}
[0.458003] (ur5_minimal_moveit) StdoutLine: {'line': b'writing top-level names to ../../build/ur5_minimal_moveit/ur5_minimal_moveit.egg-info/top_level.txt\n'}
[0.461304] (ur5_minimal_moveit) StdoutLine: {'line': b"reading manifest file '../../build/ur5_minimal_moveit/ur5_minimal_moveit.egg-info/SOURCES.txt'\n"}
[0.462497] (ur5_minimal_moveit) StdoutLine: {'line': b"writing manifest file '../../build/ur5_minimal_moveit/ur5_minimal_moveit.egg-info/SOURCES.txt'\n"}
[0.462863] (ur5_minimal_moveit) StdoutLine: {'line': b'running build\n'}
[0.463139] (ur5_minimal_moveit) StdoutLine: {'line': b'running build_py\n'}
[0.463555] (ur5_minimal_moveit) StdoutLine: {'line': b'copying ur5_minimal_moveit/fake_joint_trajectory_controller.py -> /workspace/ur5_ws/build/ur5_minimal_moveit/build/lib/ur5_minimal_moveit\n'}
[0.465040] (ur5_minimal_moveit) StdoutLine: {'line': b'running install\n'}
[0.465452] (ur5_minimal_moveit) StdoutLine: {'line': b'running install_lib\n'}
[0.466010] (ur5_minimal_moveit) StdoutLine: {'line': b'copying /workspace/ur5_ws/build/ur5_minimal_moveit/build/lib/ur5_minimal_moveit/fake_joint_trajectory_controller.py -> /workspace/ur5_ws/install/ur5_minimal_moveit/lib/python3.10/site-packages/ur5_minimal_moveit\n'}
[0.467819] (ur5_minimal_moveit) StdoutLine: {'line': b'byte-compiling /workspace/ur5_ws/install/ur5_minimal_moveit/lib/python3.10/site-packages/ur5_minimal_moveit/fake_joint_trajectory_controller.py to fake_joint_trajectory_controller.cpython-310.pyc\n'}
[0.470856] (ur5_minimal_moveit) StdoutLine: {'line': b'running install_data\n'}
[0.473801] (ur5_minimal_moveit) StdoutLine: {'line': b'running install_egg_info\n'}
[0.474586] (ur5_minimal_moveit) StdoutLine: {'line': b"removing '/workspace/ur5_ws/install/ur5_minimal_moveit/lib/python3.10/site-packages/ur5_minimal_moveit-0.0.0-py3.10.egg-info' (and everything under it)\n"}
[0.477564] (ur5_minimal_moveit) StdoutLine: {'line': b'Copying ../../build/ur5_minimal_moveit/ur5_minimal_moveit.egg-info to /workspace/ur5_ws/install/ur5_minimal_moveit/lib/python3.10/site-packages/ur5_minimal_moveit-0.0.0-py3.10.egg-info\n'}
[0.485596] (ur5_minimal_moveit) StdoutLine: {'line': b'running install_scripts\n'}
[0.500548] (ur5_minimal_moveit) StdoutLine: {'line': b'Installing fake_joint_trajectory_controller script to /workspace/ur5_ws/install/ur5_minimal_moveit/lib/ur5_minimal_moveit\n'}
[0.502188] (ur5_minimal_moveit) StdoutLine: {'line': b"writing list of installed files to '/workspace/ur5_ws/build/ur5_minimal_moveit/install.log'\n"}
[0.511827] (-) TimerEvent: {}
[0.523359] (ur5_minimal_moveit) CommandEnded: {'returncode': 0}
[0.542968] (ur5_minimal_moveit) JobEnded: {'identifier': 'ur5_minimal_moveit', 'rc': 0}
[0.544127] (-) EventReactorShutdown: {}
